{"Event":{"System":{"Provider":{"@Name":"PowerShell"},"EventID":{"@Qualifiers":"0","#text":"600"},"Version":"0","Level":"4","Task":"6","Opcode":"0","Keywords":"0x80000000000000","TimeCreated":{"@SystemTime":"2024-10-21 11:25:00.9418620"},"EventRecordID":"1067","Correlation":null,"Execution":{"@ProcessID":"0","@ThreadID":"0"},"Channel":"Windows PowerShell","Computer":"Server002","Security":null},"EventData":{"Data":"Registry, Started, \tProviderName=Registry\r\n\tNewProviderState=Started\r\n\r\n\tSequenceNumber=1\r\n\r\n\tHostName=ConsoleHost\r\n\tHostVersion=5.1.19041.5007\r\n\tHostId=bb6cac0a-46f5-4aad-9c14-28049a346862\r\n\tHostApplication=powershell.exe &amp; {copy c:\\windows\\system32\\calc.exe 'C:\\users\\admin\\AppData\\local\\Microsoft\\WindowsApps\\foxprow.exe'\r\n$com = [System.Activator]::CreateInstance([type]::GetTypeFromProgID(\"Excel.Application\",\"localhost\"))\r\n$com.ActivateMicrosoftApp(\"5\")}\r\n\tEngineVersion=\r\n\tRunspaceId=\r\n\tPipelineId=\r\n\tCommandName=\r\n\tCommandType=\r\n\tScriptName=\r\n\tCommandPath=\r\n\tCommandLine=","Binary":""}}}
{"Event":{"System":{"Provider":{"@Name":"PowerShell"},"EventID":{"@Qualifiers":"0","#text":"600"},"Version":"0","Level":"4","Task":"6","Opcode":"0","Keywords":"0x80000000000000","TimeCreated":{"@SystemTime":"2024-10-21 11:25:00.9418620"},"EventRecordID":"1068","Correlation":null,"Execution":{"@ProcessID":"0","@ThreadID":"0"},"Channel":"Windows PowerShell","Computer":"Server002","Security":null},"EventData":{"Data":"Alias, Started, \tProviderName=Alias\r\n\tNewProviderState=Started\r\n\r\n\tSequenceNumber=3\r\n\r\n\tHostName=ConsoleHost\r\n\tHostVersion=5.1.19041.5007\r\n\tHostId=bb6cac0a-46f5-4aad-9c14-28049a346862\r\n\tHostApplication=powershell.exe &amp; {copy c:\\windows\\system32\\calc.exe 'C:\\users\\admin\\AppData\\local\\Microsoft\\WindowsApps\\foxprow.exe'\r\n$com = [System.Activator]::CreateInstance([type]::GetTypeFromProgID(\"Excel.Application\",\"localhost\"))\r\n$com.ActivateMicrosoftApp(\"5\")}\r\n\tEngineVersion=\r\n\tRunspaceId=\r\n\tPipelineId=\r\n\tCommandName=\r\n\tCommandType=\r\n\tScriptName=\r\n\tCommandPath=\r\n\tCommandLine=","Binary":""}}}
{"Event":{"System":{"Provider":{"@Name":"PowerShell"},"EventID":{"@Qualifiers":"0","#text":"600"},"Version":"0","Level":"4","Task":"6","Opcode":"0","Keywords":"0x80000000000000","TimeCreated":{"@SystemTime":"2024-10-21 11:25:01.0004325"},"EventRecordID":"1069","Correlation":null,"Execution":{"@ProcessID":"0","@ThreadID":"0"},"Channel":"Windows PowerShell","Computer":"Server002","Security":null},"EventData":{"Data":"Environment, Started, \tProviderName=Environment\r\n\tNewProviderState=Started\r\n\r\n\tSequenceNumber=5\r\n\r\n\tHostName=ConsoleHost\r\n\tHostVersion=5.1.19041.5007\r\n\tHostId=bb6cac0a-46f5-4aad-9c14-28049a346862\r\n\tHostApplication=powershell.exe &amp; {copy c:\\windows\\system32\\calc.exe 'C:\\users\\admin\\AppData\\local\\Microsoft\\WindowsApps\\foxprow.exe'\r\n$com = [System.Activator]::CreateInstance([type]::GetTypeFromProgID(\"Excel.Application\",\"localhost\"))\r\n$com.ActivateMicrosoftApp(\"5\")}\r\n\tEngineVersion=\r\n\tRunspaceId=\r\n\tPipelineId=\r\n\tCommandName=\r\n\tCommandType=\r\n\tScriptName=\r\n\tCommandPath=\r\n\tCommandLine=","Binary":""}}}
{"Event":{"System":{"Provider":{"@Name":"PowerShell"},"EventID":{"@Qualifiers":"0","#text":"600"},"Version":"0","Level":"4","Task":"6","Opcode":"0","Keywords":"0x80000000000000","TimeCreated":{"@SystemTime":"2024-10-21 11:25:01.0004325"},"EventRecordID":"1070","Correlation":null,"Execution":{"@ProcessID":"0","@ThreadID":"0"},"Channel":"Windows PowerShell","Computer":"Server002","Security":null},"EventData":{"Data":"FileSystem, Started, \tProviderName=FileSystem\r\n\tNewProviderState=Started\r\n\r\n\tSequenceNumber=7\r\n\r\n\tHostName=ConsoleHost\r\n\tHostVersion=5.1.19041.5007\r\n\tHostId=bb6cac0a-46f5-4aad-9c14-28049a346862\r\n\tHostApplication=powershell.exe &amp; {copy c:\\windows\\system32\\calc.exe 'C:\\users\\admin\\AppData\\local\\Microsoft\\WindowsApps\\foxprow.exe'\r\n$com = [System.Activator]::CreateInstance([type]::GetTypeFromProgID(\"Excel.Application\",\"localhost\"))\r\n$com.ActivateMicrosoftApp(\"5\")}\r\n\tEngineVersion=\r\n\tRunspaceId=\r\n\tPipelineId=\r\n\tCommandName=\r\n\tCommandType=\r\n\tScriptName=\r\n\tCommandPath=\r\n\tCommandLine=","Binary":""}}}
{"Event":{"System":{"Provider":{"@Name":"PowerShell"},"EventID":{"@Qualifiers":"0","#text":"600"},"Version":"0","Level":"4","Task":"6","Opcode":"0","Keywords":"0x80000000000000","TimeCreated":{"@SystemTime":"2024-10-21 11:25:01.0004325"},"EventRecordID":"1071","Correlation":null,"Execution":{"@ProcessID":"0","@ThreadID":"0"},"Channel":"Windows PowerShell","Computer":"Server002","Security":null},"EventData":{"Data":"Function, Started, \tProviderName=Function\r\n\tNewProviderState=Started\r\n\r\n\tSequenceNumber=9\r\n\r\n\tHostName=ConsoleHost\r\n\tHostVersion=5.1.19041.5007\r\n\tHostId=bb6cac0a-46f5-4aad-9c14-28049a346862\r\n\tHostApplication=powershell.exe &amp; {copy c:\\windows\\system32\\calc.exe 'C:\\users\\admin\\AppData\\local\\Microsoft\\WindowsApps\\foxprow.exe'\r\n$com = [System.Activator]::CreateInstance([type]::GetTypeFromProgID(\"Excel.Application\",\"localhost\"))\r\n$com.ActivateMicrosoftApp(\"5\")}\r\n\tEngineVersion=\r\n\tRunspaceId=\r\n\tPipelineId=\r\n\tCommandName=\r\n\tCommandType=\r\n\tScriptName=\r\n\tCommandPath=\r\n\tCommandLine=","Binary":""}}}
{"Event":{"System":{"Provider":{"@Name":"PowerShell"},"EventID":{"@Qualifiers":"0","#text":"600"},"Version":"0","Level":"4","Task":"6","Opcode":"0","Keywords":"0x80000000000000","TimeCreated":{"@SystemTime":"2024-10-21 11:25:01.0004325"},"EventRecordID":"1072","Correlation":null,"Execution":{"@ProcessID":"0","@ThreadID":"0"},"Channel":"Windows PowerShell","Computer":"Server002","Security":null},"EventData":{"Data":"Variable, Started, \tProviderName=Variable\r\n\tNewProviderState=Started\r\n\r\n\tSequenceNumber=11\r\n\r\n\tHostName=ConsoleHost\r\n\tHostVersion=5.1.19041.5007\r\n\tHostId=bb6cac0a-46f5-4aad-9c14-28049a346862\r\n\tHostApplication=powershell.exe &amp; {copy c:\\windows\\system32\\calc.exe 'C:\\users\\admin\\AppData\\local\\Microsoft\\WindowsApps\\foxprow.exe'\r\n$com = [System.Activator]::CreateInstance([type]::GetTypeFromProgID(\"Excel.Application\",\"localhost\"))\r\n$com.ActivateMicrosoftApp(\"5\")}\r\n\tEngineVersion=\r\n\tRunspaceId=\r\n\tPipelineId=\r\n\tCommandName=\r\n\tCommandType=\r\n\tScriptName=\r\n\tCommandPath=\r\n\tCommandLine=","Binary":""}}}
{"Event":{"System":{"Provider":{"@Name":"PowerShell"},"EventID":{"@Qualifiers":"0","#text":"400"},"Version":"0","Level":"4","Task":"4","Opcode":"0","Keywords":"0x80000000000000","TimeCreated":{"@SystemTime":"2024-10-21 11:25:01.3198313"},"EventRecordID":"1073","Correlation":null,"Execution":{"@ProcessID":"0","@ThreadID":"0"},"Channel":"Windows PowerShell","Computer":"Server002","Security":null},"EventData":{"Data":"Available, None, \tNewEngineState=Available\r\n\tPreviousEngineState=None\r\n\r\n\tSequenceNumber=13\r\n\r\n\tHostName=ConsoleHost\r\n\tHostVersion=5.1.19041.5007\r\n\tHostId=bb6cac0a-46f5-4aad-9c14-28049a346862\r\n\tHostApplication=powershell.exe &amp; {copy c:\\windows\\system32\\calc.exe 'C:\\users\\admin\\AppData\\local\\Microsoft\\WindowsApps\\foxprow.exe'\r\n$com = [System.Activator]::CreateInstance([type]::GetTypeFromProgID(\"Excel.Application\",\"localhost\"))\r\n$com.ActivateMicrosoftApp(\"5\")}\r\n\tEngineVersion=5.1.19041.5007\r\n\tRunspaceId=bbf1a6fb-f587-4c21-9b3b-0c34e2768fa2\r\n\tPipelineId=\r\n\tCommandName=\r\n\tCommandType=\r\n\tScriptName=\r\n\tCommandPath=\r\n\tCommandLine=","Binary":""}}}
{"Event":{"System":{"Provider":{"@Name":"PowerShell"},"EventID":{"@Qualifiers":"0","#text":"300"},"Version":"0","Level":"3","Task":"3","Opcode":"0","Keywords":"0x80000000000000","TimeCreated":{"@SystemTime":"2024-10-21 11:25:02.6400626"},"EventRecordID":"1074","Correlation":null,"Execution":{"@ProcessID":"0","@ThreadID":"0"},"Channel":"Windows PowerShell","Computer":"Server002","Security":null},"EventData":{"Data":"Attempting to perform the CopyItem operation on the 'FileSystem' provider failed for path 'C:\\windows\\system32\\calc.exe'. Could not find a part of the path 'C:\\users\\admin\\AppData\\local\\Microsoft\\WindowsApps\\foxprow.exe'., \tProviderName=FileSystem\r\n\tExceptionClass=ProviderInvocationException\r\n\tErrorCategory=InvalidOperation\r\n\tErrorId=CopyItemProviderException\r\n\tErrorMessage=Attempting to perform the CopyItem operation on the 'FileSystem' provider failed for path 'C:\\windows\\system32\\calc.exe'. Could not find a part of the path 'C:\\users\\admin\\AppData\\local\\Microsoft\\WindowsApps\\foxprow.exe'.\r\n\r\n\tSeverity=Warning\r\n\r\n\tSequenceNumber=15\r\n\r\n\tHostName=ConsoleHost\r\n\tHostVersion=5.1.19041.5007\r\n\tHostId=bb6cac0a-46f5-4aad-9c14-28049a346862\r\n\tHostApplication=powershell.exe &amp; {copy c:\\windows\\system32\\calc.exe 'C:\\users\\admin\\AppData\\local\\Microsoft\\WindowsApps\\foxprow.exe'\r\n$com = [System.Activator]::CreateInstance([type]::GetTypeFromProgID(\"Excel.Application\",\"localhost\"))\r\n$com.ActivateMicrosoftApp(\"5\")}\r\n\tEngineVersion=5.1.19041.5007\r\n\tRunspaceId=bbf1a6fb-f587-4c21-9b3b-0c34e2768fa2\r\n\tPipelineId=1\r\n\tCommandName=\r\n\tCommandType=\r\n\tScriptName=\r\n\tCommandPath=\r\n\tCommandLine=","Binary":""}}}
{"Event":{"System":{"Provider":{"@Name":"PowerShell"},"EventID":{"@Qualifiers":"0","#text":"403"},"Version":"0","Level":"4","Task":"4","Opcode":"0","Keywords":"0x80000000000000","TimeCreated":{"@SystemTime":"2024-10-21 11:25:03.4205134"},"EventRecordID":"1075","Correlation":null,"Execution":{"@ProcessID":"0","@ThreadID":"0"},"Channel":"Windows PowerShell","Computer":"Server002","Security":null},"EventData":{"Data":"Stopped, Available, \tNewEngineState=Stopped\r\n\tPreviousEngineState=Available\r\n\r\n\tSequenceNumber=18\r\n\r\n\tHostName=ConsoleHost\r\n\tHostVersion=5.1.19041.5007\r\n\tHostId=bb6cac0a-46f5-4aad-9c14-28049a346862\r\n\tHostApplication=powershell.exe &amp; {copy c:\\windows\\system32\\calc.exe 'C:\\users\\admin\\AppData\\local\\Microsoft\\WindowsApps\\foxprow.exe'\r\n$com = [System.Activator]::CreateInstance([type]::GetTypeFromProgID(\"Excel.Application\",\"localhost\"))\r\n$com.ActivateMicrosoftApp(\"5\")}\r\n\tEngineVersion=5.1.19041.5007\r\n\tRunspaceId=bbf1a6fb-f587-4c21-9b3b-0c34e2768fa2\r\n\tPipelineId=\r\n\tCommandName=\r\n\tCommandType=\r\n\tScriptName=\r\n\tCommandPath=\r\n\tCommandLine=","Binary":""}}}
