{"PayloadData1":"HostApplication=C:\\Windows\\System32\\WindowsPowerShell\\v1.0\\powershell.exe\r","PayloadData2":"HostName=ConsoleHost\r","PayloadData3":"HostVersion=5.1.19041.5737\r","MapDescription":"Provider is Started","ChunkNumber":9,"Computer":"Server002","Payload":"{\"EventData\":{\"Data\":\"Variable, Started, \\tProviderName=Variable\\n\\tNewProviderState=Started\\n\\n\\tSequenceNumber=11\\n\\n\\tHostName=ConsoleHost\\n\\tHostVersion=5.1.19041.5737\\n\\tHostId=d892f233-7e11-48ab-bdfc-4da823de24de\\n\\tHostApplication=C:\\\\Windows\\\\System32\\\\WindowsPowerShell\\\\v1.0\\\\powershell.exe\\n\\tEngineVersion=\\n\\tRunspaceId=\\n\\tPipelineId=\\n\\tCommandName=\\n\\tCommandType=\\n\\tScriptName=\\n\\tCommandPath=\\n\\tCommandLine=\",\"Binary\":\"\"}}","Channel":"Windows PowerShell","Provider":"PowerShell","EventId":600,"EventRecordId":"1211","ProcessId":0,"ThreadId":0,"Level":"Info","Keywords":"0x80000000000000","SourceFile":"D:\\benign_log_combined_latest_used_actually\\new_benign\\powershell_820.evtx","ExtraDataOffset":0,"HiddenRecord":false,"TimeCreated":"2025-04-21T12:33:42.3150330+00:00","RecordNumber":483}
{"PayloadData1":"HostApplication=C:\\Windows\\System32\\WindowsPowerShell\\v1.0\\powershell.exe\r","PayloadData2":"HostName=ConsoleHost\r","PayloadData3":"HostVersion=5.1.19041.5737\r","MapDescription":"Engine state is changed from None to Available","ChunkNumber":9,"Computer":"Server002","Payload":"{\"EventData\":{\"Data\":\"Available, None, \\tNewEngineState=Available\\n\\tPreviousEngineState=None\\n\\n\\tSequenceNumber=13\\n\\n\\tHostName=ConsoleHost\\n\\tHostVersion=5.1.19041.5737\\n\\tHostId=d892f233-7e11-48ab-bdfc-4da823de24de\\n\\tHostApplication=C:\\\\Windows\\\\System32\\\\WindowsPowerShell\\\\v1.0\\\\powershell.exe\\n\\tEngineVersion=5.1.19041.5737\\n\\tRunspaceId=61d39ae6-5062-43a4-b65c-1f511d7d3f23\\n\\tPipelineId=\\n\\tCommandName=\\n\\tCommandType=\\n\\tScriptName=\\n\\tCommandPath=\\n\\tCommandLine=\",\"Binary\":\"\"}}","Channel":"Windows PowerShell","Provider":"PowerShell","EventId":400,"EventRecordId":"1212","ProcessId":0,"ThreadId":0,"Level":"Info","Keywords":"0x80000000000000","SourceFile":"D:\\benign_log_combined_latest_used_actually\\new_benign\\powershell_820.evtx","ExtraDataOffset":0,"HiddenRecord":false,"TimeCreated":"2025-04-21T12:33:42.3399628+00:00","RecordNumber":484}
{"PayloadData1":"HostApplication=powershell.exe -ExecutionPolicy Restricted -Command \r","PayloadData2":"HostName=ConsoleHost\r","PayloadData3":"HostVersion=5.1.19041.5737\r","MapDescription":"Provider is Started","ChunkNumber":9,"Computer":"Server002","Payload":"{\"EventData\":{\"Data\":\"Registry, Started, \\tProviderName=Registry\\n\\tNewProviderState=Started\\n\\n\\tSequenceNumber=1\\n\\n\\tHostName=ConsoleHost\\n\\tHostVersion=5.1.19041.5737\\n\\tHostId=f1108986-fd82-4ff6-993a-138269ea9765\\n\\tHostApplication=powershell.exe -ExecutionPolicy Restricted -Command \\n $Res = 0\\n [UInt64]$MinDiskSpaceThreshold = 25 * 1024 * 1024 * 1024\\n\\n try {\\n $SystemDrive = (Get-CimInstance Win32_OperatingSystem).SystemDrive\\n $SystemDriveLetter = $SystemDrive[0]\\n $SystemDriveSpace = (Get-Volume -DriveLetter $SystemDriveLetter).SizeRemaining\\n Write-Host 'Current system drive space:', $SystemDriveSpace.ToString('N0')\\n if ($SystemDriveSpace -lt $MinDiskSpaceThreshold) {\\n Write-Host 'System drive space is less than the threshold:', $MinDiskSpaceThreshold.ToString('N0'), 'Applying safeguard.'\\n $Res = 1\\n }\\n } catch {\\n # Do nothing\\n }\\n\\n Write-Host 'Final result:', $Res\\n\\n\\tEngineVersion=\\n\\tRunspaceId=\\n\\tPipelineId=\\n\\tCommandName=\\n\\tCommandType=\\n\\tScriptName=\\n\\tCommandPath=\\n\\tCommandLine=\",\"Binary\":\"\"}}","Channel":"Windows PowerShell","Provider":"PowerShell","EventId":600,"EventRecordId":"1213","ProcessId":0,"ThreadId":0,"Level":"Info","Keywords":"0x80000000000000","SourceFile":"D:\\benign_log_combined_latest_used_actually\\new_benign\\powershell_820.evtx","ExtraDataOffset":0,"HiddenRecord":false,"TimeCreated":"2025-04-22T13:57:10.0399480+00:00","RecordNumber":485}
{"PayloadData1":"HostApplication=powershell.exe -ExecutionPolicy Restricted -Command \r","PayloadData2":"HostName=ConsoleHost\r","PayloadData3":"HostVersion=5.1.19041.5737\r","MapDescription":"Provider is Started","ChunkNumber":9,"Computer":"Server002","Payload":"{\"EventData\":{\"Data\":\"Registry, Started, \\tProviderName=Registry\\n\\tNewProviderState=Started\\n\\n\\tSequenceNumber=1\\n\\n\\tHostName=ConsoleHost\\n\\tHostVersion=5.1.19041.5737\\n\\tHostId=cb2a54ae-625a-4abf-9539-792c93cbe823\\n\\tHostApplication=powershell.exe -ExecutionPolicy Restricted -Command \\n $Res = 0\\n [UInt64]$MinDiskSpaceThreshold = 20 * 1024 * 1024 * 1024\\n\\n try {\\n $SystemDrive = (Get-CimInstance Win32_OperatingSystem).SystemDrive\\n $SystemDriveLetter = $SystemDrive[0]\\n $SystemDriveSpace = (Get-Volume -DriveLetter $SystemDriveLetter).SizeRemaining\\n Write-Host 'Current system drive space:', $SystemDriveSpace.ToString('N0')\\n if ($SystemDriveSpace -lt $MinDiskSpaceThreshold) {\\n Write-Host 'System drive space is less than the threshold:', $MinDiskSpaceThreshold.ToString('N0'), 'Block Upgrade.'\\n $Res = 1\\n }\\n } catch {\\n # Do nothing\\n }\\n\\n Write-Host 'Final result:', $Res\\n\\n\\tEngineVersion=\\n\\tRunspaceId=\\n\\tPipelineId=\\n\\tCommandName=\\n\\tCommandType=\\n\\tScriptName=\\n\\tCommandPath=\\n\\tCommandLine=\",\"Binary\":\"\"}}","Channel":"Windows PowerShell","Provider":"PowerShell","EventId":600,"EventRecordId":"1214","ProcessId":0,"ThreadId":0,"Level":"Info","Keywords":"0x80000000000000","SourceFile":"D:\\benign_log_combined_latest_used_actually\\new_benign\\powershell_820.evtx","ExtraDataOffset":0,"HiddenRecord":false,"TimeCreated":"2025-04-22T13:57:10.0399480+00:00","RecordNumber":486}
{"PayloadData1":"HostApplication=powershell.exe -ExecutionPolicy Restricted -Command \r","PayloadData2":"HostName=ConsoleHost\r","PayloadData3":"HostVersion=5.1.19041.5737\r","MapDescription":"Provider is Started","ChunkNumber":9,"Computer":"Server002","Payload":"{\"EventData\":{\"Data\":\"Alias, Started, \\tProviderName=Alias\\n\\tNewProviderState=Started\\n\\n\\tSequenceNumber=3\\n\\n\\tHostName=ConsoleHost\\n\\tHostVersion=5.1.19041.5737\\n\\tHostId=f1108986-fd82-4ff6-993a-138269ea9765\\n\\tHostApplication=powershell.exe -ExecutionPolicy Restricted -Command \\n $Res = 0\\n [UInt64]$MinDiskSpaceThreshold = 25 * 1024 * 1024 * 1024\\n\\n try {\\n $SystemDrive = (Get-CimInstance Win32_OperatingSystem).SystemDrive\\n $SystemDriveLetter = $SystemDrive[0]\\n $SystemDriveSpace = (Get-Volume -DriveLetter $SystemDriveLetter).SizeRemaining\\n Write-Host 'Current system drive space:', $SystemDriveSpace.ToString('N0')\\n if ($SystemDriveSpace -lt $MinDiskSpaceThreshold) {\\n Write-Host 'System drive space is less than the threshold:', $MinDiskSpaceThreshold.ToString('N0'), 'Applying safeguard.'\\n $Res = 1\\n }\\n } catch {\\n # Do nothing\\n }\\n\\n Write-Host 'Final result:', $Res\\n\\n\\tEngineVersion=\\n\\tRunspaceId=\\n\\tPipelineId=\\n\\tCommandName=\\n\\tCommandType=\\n\\tScriptName=\\n\\tCommandPath=\\n\\tCommandLine=\",\"Binary\":\"\"}}","Channel":"Windows PowerShell","Provider":"PowerShell","EventId":600,"EventRecordId":"1215","ProcessId":0,"ThreadId":0,"Level":"Info","Keywords":"0x80000000000000","SourceFile":"D:\\benign_log_combined_latest_used_actually\\new_benign\\powershell_820.evtx","ExtraDataOffset":0,"HiddenRecord":false,"TimeCreated":"2025-04-22T13:57:10.1348812+00:00","RecordNumber":487}
{"PayloadData1":"HostApplication=powershell.exe -ExecutionPolicy Restricted -Command \r","PayloadData2":"HostName=ConsoleHost\r","PayloadData3":"HostVersion=5.1.19041.5737\r","MapDescription":"Provider is Started","ChunkNumber":9,"Computer":"Server002","Payload":"{\"EventData\":{\"Data\":\"Environment, Started, \\tProviderName=Environment\\n\\tNewProviderState=Started\\n\\n\\tSequenceNumber=5\\n\\n\\tHostName=ConsoleHost\\n\\tHostVersion=5.1.19041.5737\\n\\tHostId=f1108986-fd82-4ff6-993a-138269ea9765\\n\\tHostApplication=powershell.exe -ExecutionPolicy Restricted -Command \\n $Res = 0\\n [UInt64]$MinDiskSpaceThreshold = 25 * 1024 * 1024 * 1024\\n\\n try {\\n $SystemDrive = (Get-CimInstance Win32_OperatingSystem).SystemDrive\\n $SystemDriveLetter = $SystemDrive[0]\\n $SystemDriveSpace = (Get-Volume -DriveLetter $SystemDriveLetter).SizeRemaining\\n Write-Host 'Current system drive space:', $SystemDriveSpace.ToString('N0')\\n if ($SystemDriveSpace -lt $MinDiskSpaceThreshold) {\\n Write-Host 'System drive space is less than the threshold:', $MinDiskSpaceThreshold.ToString('N0'), 'Applying safeguard.'\\n $Res = 1\\n }\\n } catch {\\n # Do nothing\\n }\\n\\n Write-Host 'Final result:', $Res\\n\\n\\tEngineVersion=\\n\\tRunspaceId=\\n\\tPipelineId=\\n\\tCommandName=\\n\\tCommandType=\\n\\tScriptName=\\n\\tCommandPath=\\n\\tCommandLine=\",\"Binary\":\"\"}}","Channel":"Windows PowerShell","Provider":"PowerShell","EventId":600,"EventRecordId":"1216","ProcessId":0,"ThreadId":0,"Level":"Info","Keywords":"0x80000000000000","SourceFile":"D:\\benign_log_combined_latest_used_actually\\new_benign\\powershell_820.evtx","ExtraDataOffset":0,"HiddenRecord":false,"TimeCreated":"2025-04-22T13:57:10.1348812+00:00","RecordNumber":488}
{"PayloadData1":"HostApplication=powershell.exe -ExecutionPolicy Restricted -Command \r","PayloadData2":"HostName=ConsoleHost\r","PayloadData3":"HostVersion=5.1.19041.5737\r","MapDescription":"Provider is Started","ChunkNumber":9,"Computer":"Server002","Payload":"{\"EventData\":{\"Data\":\"FileSystem, Started, \\tProviderName=FileSystem\\n\\tNewProviderState=Started\\n\\n\\tSequenceNumber=7\\n\\n\\tHostName=ConsoleHost\\n\\tHostVersion=5.1.19041.5737\\n\\tHostId=f1108986-fd82-4ff6-993a-138269ea9765\\n\\tHostApplication=powershell.exe -ExecutionPolicy Restricted -Command \\n $Res = 0\\n [UInt64]$MinDiskSpaceThreshold = 25 * 1024 * 1024 * 1024\\n\\n try {\\n $SystemDrive = (Get-CimInstance Win32_OperatingSystem).SystemDrive\\n $SystemDriveLetter = $SystemDrive[0]\\n $SystemDriveSpace = (Get-Volume -DriveLetter $SystemDriveLetter).SizeRemaining\\n Write-Host 'Current system drive space:', $SystemDriveSpace.ToString('N0')\\n if ($SystemDriveSpace -lt $MinDiskSpaceThreshold) {\\n Write-Host 'System drive space is less than the threshold:', $MinDiskSpaceThreshold.ToString('N0'), 'Applying safeguard.'\\n $Res = 1\\n }\\n } catch {\\n # Do nothing\\n }\\n\\n Write-Host 'Final result:', $Res\\n\\n\\tEngineVersion=\\n\\tRunspaceId=\\n\\tPipelineId=\\n\\tCommandName=\\n\\tCommandType=\\n\\tScriptName=\\n\\tCommandPath=\\n\\tCommandLine=\",\"Binary\":\"\"}}","Channel":"Windows PowerShell","Provider":"PowerShell","EventId":600,"EventRecordId":"1217","ProcessId":0,"ThreadId":0,"Level":"Info","Keywords":"0x80000000000000","SourceFile":"D:\\benign_log_combined_latest_used_actually\\new_benign\\powershell_820.evtx","ExtraDataOffset":0,"HiddenRecord":false,"TimeCreated":"2025-04-22T13:57:10.1569576+00:00","RecordNumber":489}
{"PayloadData1":"HostApplication=powershell.exe -ExecutionPolicy Restricted -Command \r","PayloadData2":"HostName=ConsoleHost\r","PayloadData3":"HostVersion=5.1.19041.5737\r","MapDescription":"Provider is Started","ChunkNumber":9,"Computer":"Server002","Payload":"{\"EventData\":{\"Data\":\"Function, Started, \\tProviderName=Function\\n\\tNewProviderState=Started\\n\\n\\tSequenceNumber=9\\n\\n\\tHostName=ConsoleHost\\n\\tHostVersion=5.1.19041.5737\\n\\tHostId=f1108986-fd82-4ff6-993a-138269ea9765\\n\\tHostApplication=powershell.exe -ExecutionPolicy Restricted -Command \\n $Res = 0\\n [UInt64]$MinDiskSpaceThreshold = 25 * 1024 * 1024 * 1024\\n\\n try {\\n $SystemDrive = (Get-CimInstance Win32_OperatingSystem).SystemDrive\\n $SystemDriveLetter = $SystemDrive[0]\\n $SystemDriveSpace = (Get-Volume -DriveLetter $SystemDriveLetter).SizeRemaining\\n Write-Host 'Current system drive space:', $SystemDriveSpace.ToString('N0')\\n if ($SystemDriveSpace -lt $MinDiskSpaceThreshold) {\\n Write-Host 'System drive space is less than the threshold:', $MinDiskSpaceThreshold.ToString('N0'), 'Applying safeguard.'\\n $Res = 1\\n }\\n } catch {\\n # Do nothing\\n }\\n\\n Write-Host 'Final result:', $Res\\n\\n\\tEngineVersion=\\n\\tRunspaceId=\\n\\tPipelineId=\\n\\tCommandName=\\n\\tCommandType=\\n\\tScriptName=\\n\\tCommandPath=\\n\\tCommandLine=\",\"Binary\":\"\"}}","Channel":"Windows PowerShell","Provider":"PowerShell","EventId":600,"EventRecordId":"1218","ProcessId":0,"ThreadId":0,"Level":"Info","Keywords":"0x80000000000000","SourceFile":"D:\\benign_log_combined_latest_used_actually\\new_benign\\powershell_820.evtx","ExtraDataOffset":0,"HiddenRecord":false,"TimeCreated":"2025-04-22T13:57:10.1758269+00:00","RecordNumber":490}
{"PayloadData1":"HostApplication=powershell.exe -ExecutionPolicy Restricted -Command \r","PayloadData2":"HostName=ConsoleHost\r","PayloadData3":"HostVersion=5.1.19041.5737\r","MapDescription":"Provider is Started","ChunkNumber":9,"Computer":"Server002","Payload":"{\"EventData\":{\"Data\":\"Variable, Started, \\tProviderName=Variable\\n\\tNewProviderState=Started\\n\\n\\tSequenceNumber=11\\n\\n\\tHostName=ConsoleHost\\n\\tHostVersion=5.1.19041.5737\\n\\tHostId=f1108986-fd82-4ff6-993a-138269ea9765\\n\\tHostApplication=powershell.exe -ExecutionPolicy Restricted -Command \\n $Res = 0\\n [UInt64]$MinDiskSpaceThreshold = 25 * 1024 * 1024 * 1024\\n\\n try {\\n $SystemDrive = (Get-CimInstance Win32_OperatingSystem).SystemDrive\\n $SystemDriveLetter = $SystemDrive[0]\\n $SystemDriveSpace = (Get-Volume -DriveLetter $SystemDriveLetter).SizeRemaining\\n Write-Host 'Current system drive space:', $SystemDriveSpace.ToString('N0')\\n if ($SystemDriveSpace -lt $MinDiskSpaceThreshold) {\\n Write-Host 'System drive space is less than the threshold:', $MinDiskSpaceThreshold.ToString('N0'), 'Applying safeguard.'\\n $Res = 1\\n }\\n } catch {\\n # Do nothing\\n }\\n\\n Write-Host 'Final result:', $Res\\n\\n\\tEngineVersion=\\n\\tRunspaceId=\\n\\tPipelineId=\\n\\tCommandName=\\n\\tCommandType=\\n\\tScriptName=\\n\\tCommandPath=\\n\\tCommandLine=\",\"Binary\":\"\"}}","Channel":"Windows PowerShell","Provider":"PowerShell","EventId":600,"EventRecordId":"1219","ProcessId":0,"ThreadId":0,"Level":"Info","Keywords":"0x80000000000000","SourceFile":"D:\\benign_log_combined_latest_used_actually\\new_benign\\powershell_820.evtx","ExtraDataOffset":0,"HiddenRecord":false,"TimeCreated":"2025-04-22T13:57:10.2067372+00:00","RecordNumber":491}
{"PayloadData1":"HostApplication=powershell.exe -ExecutionPolicy Restricted -Command \r","PayloadData2":"HostName=ConsoleHost\r","PayloadData3":"HostVersion=5.1.19041.5737\r","MapDescription":"Provider is Started","ChunkNumber":9,"Computer":"Server002","Payload":"{\"EventData\":{\"Data\":\"Alias, Started, \\tProviderName=Alias\\n\\tNewProviderState=Started\\n\\n\\tSequenceNumber=3\\n\\n\\tHostName=ConsoleHost\\n\\tHostVersion=5.1.19041.5737\\n\\tHostId=cb2a54ae-625a-4abf-9539-792c93cbe823\\n\\tHostApplication=powershell.exe -ExecutionPolicy Restricted -Command \\n $Res = 0\\n [UInt64]$MinDiskSpaceThreshold = 20 * 1024 * 1024 * 1024\\n\\n try {\\n $SystemDrive = (Get-CimInstance Win32_OperatingSystem).SystemDrive\\n $SystemDriveLetter = $SystemDrive[0]\\n $SystemDriveSpace = (Get-Volume -DriveLetter $SystemDriveLetter).SizeRemaining\\n Write-Host 'Current system drive space:', $SystemDriveSpace.ToString('N0')\\n if ($SystemDriveSpace -lt $MinDiskSpaceThreshold) {\\n Write-Host 'System drive space is less than the threshold:', $MinDiskSpaceThreshold.ToString('N0'), 'Block Upgrade.'\\n $Res = 1\\n }\\n } catch {\\n # Do nothing\\n }\\n\\n Write-Host 'Final result:', $Res\\n\\n\\tEngineVersion=\\n\\tRunspaceId=\\n\\tPipelineId=\\n\\tCommandName=\\n\\tCommandType=\\n\\tScriptName=\\n\\tCommandPath=\\n\\tCommandLine=\",\"Binary\":\"\"}}","Channel":"Windows PowerShell","Provider":"PowerShell","EventId":600,"EventRecordId":"1220","ProcessId":0,"ThreadId":0,"Level":"Info","Keywords":"0x80000000000000","SourceFile":"D:\\benign_log_combined_latest_used_actually\\new_benign\\powershell_820.evtx","ExtraDataOffset":0,"HiddenRecord":false,"TimeCreated":"2025-04-22T13:57:10.2067372+00:00","RecordNumber":492}
{"PayloadData1":"HostApplication=powershell.exe -ExecutionPolicy Restricted -Command \r","PayloadData2":"HostName=ConsoleHost\r","PayloadData3":"HostVersion=5.1.19041.5737\r","MapDescription":"Provider is Started","ChunkNumber":9,"Computer":"Server002","Payload":"{\"EventData\":{\"Data\":\"Environment, Started, \\tProviderName=Environment\\n\\tNewProviderState=Started\\n\\n\\tSequenceNumber=5\\n\\n\\tHostName=ConsoleHost\\n\\tHostVersion=5.1.19041.5737\\n\\tHostId=cb2a54ae-625a-4abf-9539-792c93cbe823\\n\\tHostApplication=powershell.exe -ExecutionPolicy Restricted -Command \\n $Res = 0\\n [UInt64]$MinDiskSpaceThreshold = 20 * 1024 * 1024 * 1024\\n\\n try {\\n $SystemDrive = (Get-CimInstance Win32_OperatingSystem).SystemDrive\\n $SystemDriveLetter = $SystemDrive[0]\\n $SystemDriveSpace = (Get-Volume -DriveLetter $SystemDriveLetter).SizeRemaining\\n Write-Host 'Current system drive space:', $SystemDriveSpace.ToString('N0')\\n if ($SystemDriveSpace -lt $MinDiskSpaceThreshold) {\\n Write-Host 'System drive space is less than the threshold:', $MinDiskSpaceThreshold.ToString('N0'), 'Block Upgrade.'\\n $Res = 1\\n }\\n } catch {\\n # Do nothing\\n }\\n\\n Write-Host 'Final result:', $Res\\n\\n\\tEngineVersion=\\n\\tRunspaceId=\\n\\tPipelineId=\\n\\tCommandName=\\n\\tCommandType=\\n\\tScriptName=\\n\\tCommandPath=\\n\\tCommandLine=\",\"Binary\":\"\"}}","Channel":"Windows PowerShell","Provider":"PowerShell","EventId":600,"EventRecordId":"1221","ProcessId":0,"ThreadId":0,"Level":"Info","Keywords":"0x80000000000000","SourceFile":"D:\\benign_log_combined_latest_used_actually\\new_benign\\powershell_820.evtx","ExtraDataOffset":0,"HiddenRecord":false,"TimeCreated":"2025-04-22T13:57:10.2067372+00:00","RecordNumber":493}
{"PayloadData1":"HostApplication=powershell.exe -ExecutionPolicy Restricted -Command \r","PayloadData2":"HostName=ConsoleHost\r","PayloadData3":"HostVersion=5.1.19041.5737\r","MapDescription":"Provider is Started","ChunkNumber":9,"Computer":"Server002","Payload":"{\"EventData\":{\"Data\":\"FileSystem, Started, \\tProviderName=FileSystem\\n\\tNewProviderState=Started\\n\\n\\tSequenceNumber=7\\n\\n\\tHostName=ConsoleHost\\n\\tHostVersion=5.1.19041.5737\\n\\tHostId=cb2a54ae-625a-4abf-9539-792c93cbe823\\n\\tHostApplication=powershell.exe -ExecutionPolicy Restricted -Command \\n $Res = 0\\n [UInt64]$MinDiskSpaceThreshold = 20 * 1024 * 1024 * 1024\\n\\n try {\\n $SystemDrive = (Get-CimInstance Win32_OperatingSystem).SystemDrive\\n $SystemDriveLetter = $SystemDrive[0]\\n $SystemDriveSpace = (Get-Volume -DriveLetter $SystemDriveLetter).SizeRemaining\\n Write-Host 'Current system drive space:', $SystemDriveSpace.ToString('N0')\\n if ($SystemDriveSpace -lt $MinDiskSpaceThreshold) {\\n Write-Host 'System drive space is less than the threshold:', $MinDiskSpaceThreshold.ToString('N0'), 'Block Upgrade.'\\n $Res = 1\\n }\\n } catch {\\n # Do nothing\\n }\\n\\n Write-Host 'Final result:', $Res\\n\\n\\tEngineVersion=\\n\\tRunspaceId=\\n\\tPipelineId=\\n\\tCommandName=\\n\\tCommandType=\\n\\tScriptName=\\n\\tCommandPath=\\n\\tCommandLine=\",\"Binary\":\"\"}}","Channel":"Windows PowerShell","Provider":"PowerShell","EventId":600,"EventRecordId":"1222","ProcessId":0,"ThreadId":0,"Level":"Info","Keywords":"0x80000000000000","SourceFile":"D:\\benign_log_combined_latest_used_actually\\new_benign\\powershell_820.evtx","ExtraDataOffset":0,"HiddenRecord":false,"TimeCreated":"2025-04-22T13:57:10.2164773+00:00","RecordNumber":494}
{"PayloadData1":"HostApplication=powershell.exe -ExecutionPolicy Restricted -Command \r","PayloadData2":"HostName=ConsoleHost\r","PayloadData3":"HostVersion=5.1.19041.5737\r","MapDescription":"Provider is Started","ChunkNumber":9,"Computer":"Server002","Payload":"{\"EventData\":{\"Data\":\"Function, Started, \\tProviderName=Function\\n\\tNewProviderState=Started\\n\\n\\tSequenceNumber=9\\n\\n\\tHostName=ConsoleHost\\n\\tHostVersion=5.1.19041.5737\\n\\tHostId=cb2a54ae-625a-4abf-9539-792c93cbe823\\n\\tHostApplication=powershell.exe -ExecutionPolicy Restricted -Command \\n $Res = 0\\n [UInt64]$MinDiskSpaceThreshold = 20 * 1024 * 1024 * 1024\\n\\n try {\\n $SystemDrive = (Get-CimInstance Win32_OperatingSystem).SystemDrive\\n $SystemDriveLetter = $SystemDrive[0]\\n $SystemDriveSpace = (Get-Volume -DriveLetter $SystemDriveLetter).SizeRemaining\\n Write-Host 'Current system drive space:', $SystemDriveSpace.ToString('N0')\\n if ($SystemDriveSpace -lt $MinDiskSpaceThreshold) {\\n Write-Host 'System drive space is less than the threshold:', $MinDiskSpaceThreshold.ToString('N0'), 'Block Upgrade.'\\n $Res = 1\\n }\\n } catch {\\n # Do nothing\\n }\\n\\n Write-Host 'Final result:', $Res\\n\\n\\tEngineVersion=\\n\\tRunspaceId=\\n\\tPipelineId=\\n\\tCommandName=\\n\\tCommandType=\\n\\tScriptName=\\n\\tCommandPath=\\n\\tCommandLine=\",\"Binary\":\"\"}}","Channel":"Windows PowerShell","Provider":"PowerShell","EventId":600,"EventRecordId":"1223","ProcessId":0,"ThreadId":0,"Level":"Info","Keywords":"0x80000000000000","SourceFile":"D:\\benign_log_combined_latest_used_actually\\new_benign\\powershell_820.evtx","ExtraDataOffset":0,"HiddenRecord":false,"TimeCreated":"2025-04-22T13:57:10.2164773+00:00","RecordNumber":495}
{"PayloadData1":"HostApplication=powershell.exe -ExecutionPolicy Restricted -Command \r","PayloadData2":"HostName=ConsoleHost\r","PayloadData3":"HostVersion=5.1.19041.5737\r","MapDescription":"Provider is Started","ChunkNumber":9,"Computer":"Server002","Payload":"{\"EventData\":{\"Data\":\"Variable, Started, \\tProviderName=Variable\\n\\tNewProviderState=Started\\n\\n\\tSequenceNumber=11\\n\\n\\tHostName=ConsoleHost\\n\\tHostVersion=5.1.19041.5737\\n\\tHostId=cb2a54ae-625a-4abf-9539-792c93cbe823\\n\\tHostApplication=powershell.exe -ExecutionPolicy Restricted -Command \\n $Res = 0\\n [UInt64]$MinDiskSpaceThreshold = 20 * 1024 * 1024 * 1024\\n\\n try {\\n $SystemDrive = (Get-CimInstance Win32_OperatingSystem).SystemDrive\\n $SystemDriveLetter = $SystemDrive[0]\\n $SystemDriveSpace = (Get-Volume -DriveLetter $SystemDriveLetter).SizeRemaining\\n Write-Host 'Current system drive space:', $SystemDriveSpace.ToString('N0')\\n if ($SystemDriveSpace -lt $MinDiskSpaceThreshold) {\\n Write-Host 'System drive space is less than the threshold:', $MinDiskSpaceThreshold.ToString('N0'), 'Block Upgrade.'\\n $Res = 1\\n }\\n } catch {\\n # Do nothing\\n }\\n\\n Write-Host 'Final result:', $Res\\n\\n\\tEngineVersion=\\n\\tRunspaceId=\\n\\tPipelineId=\\n\\tCommandName=\\n\\tCommandType=\\n\\tScriptName=\\n\\tCommandPath=\\n\\tCommandLine=\",\"Binary\":\"\"}}","Channel":"Windows PowerShell","Provider":"PowerShell","EventId":600,"EventRecordId":"1224","ProcessId":0,"ThreadId":0,"Level":"Info","Keywords":"0x80000000000000","SourceFile":"D:\\benign_log_combined_latest_used_actually\\new_benign\\powershell_820.evtx","ExtraDataOffset":0,"HiddenRecord":false,"TimeCreated":"2025-04-22T13:57:10.2164773+00:00","RecordNumber":496}
{"PayloadData1":"HostApplication=powershell.exe -ExecutionPolicy Restricted -Command \r","PayloadData2":"HostName=ConsoleHost\r","PayloadData3":"HostVersion=5.1.19041.5737\r","MapDescription":"Engine state is changed from None to Available","ChunkNumber":10,"Computer":"Server002","Payload":"{\"EventData\":{\"Data\":\"Available, None, \\tNewEngineState=Available\\n\\tPreviousEngineState=None\\n\\n\\tSequenceNumber=13\\n\\n\\tHostName=ConsoleHost\\n\\tHostVersion=5.1.19041.5737\\n\\tHostId=cb2a54ae-625a-4abf-9539-792c93cbe823\\n\\tHostApplication=powershell.exe -ExecutionPolicy Restricted -Command \\n $Res = 0\\n [UInt64]$MinDiskSpaceThreshold = 20 * 1024 * 1024 * 1024\\n\\n try {\\n $SystemDrive = (Get-CimInstance Win32_OperatingSystem).SystemDrive\\n $SystemDriveLetter = $SystemDrive[0]\\n $SystemDriveSpace = (Get-Volume -DriveLetter $SystemDriveLetter).SizeRemaining\\n Write-Host 'Current system drive space:', $SystemDriveSpace.ToString('N0')\\n if ($SystemDriveSpace -lt $MinDiskSpaceThreshold) {\\n Write-Host 'System drive space is less than the threshold:', $MinDiskSpaceThreshold.ToString('N0'), 'Block Upgrade.'\\n $Res = 1\\n }\\n } catch {\\n # Do nothing\\n }\\n\\n Write-Host 'Final result:', $Res\\n\\n\\tEngineVersion=5.1.19041.5737\\n\\tRunspaceId=a85738e0-48c1-4400-8c63-b31345ba6aad\\n\\tPipelineId=\\n\\tCommandName=\\n\\tCommandType=\\n\\tScriptName=\\n\\tCommandPath=\\n\\tCommandLine=\",\"Binary\":\"\"}}","Channel":"Windows PowerShell","Provider":"PowerShell","EventId":400,"EventRecordId":"1225","ProcessId":0,"ThreadId":0,"Level":"Info","Keywords":"0x80000000000000","SourceFile":"D:\\benign_log_combined_latest_used_actually\\new_benign\\powershell_820.evtx","ExtraDataOffset":0,"HiddenRecord":false,"TimeCreated":"2025-04-22T13:57:10.4619270+00:00","RecordNumber":497}
{"PayloadData1":"HostApplication=powershell.exe -ExecutionPolicy Restricted -Command \r","PayloadData2":"HostName=ConsoleHost\r","PayloadData3":"HostVersion=5.1.19041.5737\r","MapDescription":"Engine state is changed from None to Available","ChunkNumber":10,"Computer":"Server002","Payload":"{\"EventData\":{\"Data\":\"Available, None, \\tNewEngineState=Available\\n\\tPreviousEngineState=None\\n\\n\\tSequenceNumber=13\\n\\n\\tHostName=ConsoleHost\\n\\tHostVersion=5.1.19041.5737\\n\\tHostId=f1108986-fd82-4ff6-993a-138269ea9765\\n\\tHostApplication=powershell.exe -ExecutionPolicy Restricted -Command \\n $Res = 0\\n [UInt64]$MinDiskSpaceThreshold = 25 * 1024 * 1024 * 1024\\n\\n try {\\n $SystemDrive = (Get-CimInstance Win32_OperatingSystem).SystemDrive\\n $SystemDriveLetter = $SystemDrive[0]\\n $SystemDriveSpace = (Get-Volume -DriveLetter $SystemDriveLetter).SizeRemaining\\n Write-Host 'Current system drive space:', $SystemDriveSpace.ToString('N0')\\n if ($SystemDriveSpace -lt $MinDiskSpaceThreshold) {\\n Write-Host 'System drive space is less than the threshold:', $MinDiskSpaceThreshold.ToString('N0'), 'Applying safeguard.'\\n $Res = 1\\n }\\n } catch {\\n # Do nothing\\n }\\n\\n Write-Host 'Final result:', $Res\\n\\n\\tEngineVersion=5.1.19041.5737\\n\\tRunspaceId=5ace530f-a9f9-4af1-8bc8-b1ba5d209bc6\\n\\tPipelineId=\\n\\tCommandName=\\n\\tCommandType=\\n\\tScriptName=\\n\\tCommandPath=\\n\\tCommandLine=\",\"Binary\":\"\"}}","Channel":"Windows PowerShell","Provider":"PowerShell","EventId":400,"EventRecordId":"1226","ProcessId":0,"ThreadId":0,"Level":"Info","Keywords":"0x80000000000000","SourceFile":"D:\\benign_log_combined_latest_used_actually\\new_benign\\powershell_820.evtx","ExtraDataOffset":0,"HiddenRecord":false,"TimeCreated":"2025-04-22T13:57:10.5218564+00:00","RecordNumber":498}
{"PayloadData1":"HostApplication=powershell.exe -ExecutionPolicy Restricted -Command Write-Host 'Final result: 1';\r","PayloadData2":"HostName=ConsoleHost\r","PayloadData3":"HostVersion=5.1.19041.5737\r","MapDescription":"Provider is Started","ChunkNumber":10,"Computer":"Server002","Payload":"{\"EventData\":{\"Data\":\"Registry, Started, \\tProviderName=Registry\\n\\tNewProviderState=Started\\n\\n\\tSequenceNumber=1\\n\\n\\tHostName=ConsoleHost\\n\\tHostVersion=5.1.19041.5737\\n\\tHostId=94298e17-b97c-4a65-a364-5b4c3a6fe20d\\n\\tHostApplication=powershell.exe -ExecutionPolicy Restricted -Command Write-Host 'Final result: 1';\\n\\tEngineVersion=\\n\\tRunspaceId=\\n\\tPipelineId=\\n\\tCommandName=\\n\\tCommandType=\\n\\tScriptName=\\n\\tCommandPath=\\n\\tCommandLine=\",\"Binary\":\"\"}}","Channel":"Windows PowerShell","Provider":"PowerShell","EventId":600,"EventRecordId":"1227","ProcessId":0,"ThreadId":0,"Level":"Info","Keywords":"0x80000000000000","SourceFile":"D:\\benign_log_combined_latest_used_actually\\new_benign\\powershell_820.evtx","ExtraDataOffset":0,"HiddenRecord":false,"TimeCreated":"2025-04-22T13:57:11.9038026+00:00","RecordNumber":499}
{"PayloadData1":"HostApplication=powershell.exe -ExecutionPolicy Restricted -Command Write-Host 'Final result: 1';\r","PayloadData2":"HostName=ConsoleHost\r","PayloadData3":"HostVersion=5.1.19041.5737\r","MapDescription":"Provider is Started","ChunkNumber":10,"Computer":"Server002","Payload":"{\"EventData\":{\"Data\":\"Alias, Started, \\tProviderName=Alias\\n\\tNewProviderState=Started\\n\\n\\tSequenceNumber=3\\n\\n\\tHostName=ConsoleHost\\n\\tHostVersion=5.1.19041.5737\\n\\tHostId=94298e17-b97c-4a65-a364-5b4c3a6fe20d\\n\\tHostApplication=powershell.exe -ExecutionPolicy Restricted -Command Write-Host 'Final result: 1';\\n\\tEngineVersion=\\n\\tRunspaceId=\\n\\tPipelineId=\\n\\tCommandName=\\n\\tCommandType=\\n\\tScriptName=\\n\\tCommandPath=\\n\\tCommandLine=\",\"Binary\":\"\"}}","Channel":"Windows PowerShell","Provider":"PowerShell","EventId":600,"EventRecordId":"1228","ProcessId":0,"ThreadId":0,"Level":"Info","Keywords":"0x80000000000000","SourceFile":"D:\\benign_log_combined_latest_used_actually\\new_benign\\powershell_820.evtx","ExtraDataOffset":0,"HiddenRecord":false,"TimeCreated":"2025-04-22T13:57:11.9038026+00:00","RecordNumber":500}
{"PayloadData1":"HostApplication=powershell.exe -ExecutionPolicy Restricted -Command Write-Host 'Final result: 1';\r","PayloadData2":"HostName=ConsoleHost\r","PayloadData3":"HostVersion=5.1.19041.5737\r","MapDescription":"Provider is Started","ChunkNumber":10,"Computer":"Server002","Payload":"{\"EventData\":{\"Data\":\"Environment, Started, \\tProviderName=Environment\\n\\tNewProviderState=Started\\n\\n\\tSequenceNumber=5\\n\\n\\tHostName=ConsoleHost\\n\\tHostVersion=5.1.19041.5737\\n\\tHostId=94298e17-b97c-4a65-a364-5b4c3a6fe20d\\n\\tHostApplication=powershell.exe -ExecutionPolicy Restricted -Command Write-Host 'Final result: 1';\\n\\tEngineVersion=\\n\\tRunspaceId=\\n\\tPipelineId=\\n\\tCommandName=\\n\\tCommandType=\\n\\tScriptName=\\n\\tCommandPath=\\n\\tCommandLine=\",\"Binary\":\"\"}}","Channel":"Windows PowerShell","Provider":"PowerShell","EventId":600,"EventRecordId":"1229","ProcessId":0,"ThreadId":0,"Level":"Info","Keywords":"0x80000000000000","SourceFile":"D:\\benign_log_combined_latest_used_actually\\new_benign\\powershell_820.evtx","ExtraDataOffset":0,"HiddenRecord":false,"TimeCreated":"2025-04-22T13:57:11.9038026+00:00","RecordNumber":501}
{"PayloadData1":"HostApplication=powershell.exe -ExecutionPolicy Restricted -Command Write-Host 'Final result: 1';\r","PayloadData2":"HostName=ConsoleHost\r","PayloadData3":"HostVersion=5.1.19041.5737\r","MapDescription":"Provider is Started","ChunkNumber":10,"Computer":"Server002","Payload":"{\"EventData\":{\"Data\":\"FileSystem, Started, \\tProviderName=FileSystem\\n\\tNewProviderState=Started\\n\\n\\tSequenceNumber=7\\n\\n\\tHostName=ConsoleHost\\n\\tHostVersion=5.1.19041.5737\\n\\tHostId=94298e17-b97c-4a65-a364-5b4c3a6fe20d\\n\\tHostApplication=powershell.exe -ExecutionPolicy Restricted -Command Write-Host 'Final result: 1';\\n\\tEngineVersion=\\n\\tRunspaceId=\\n\\tPipelineId=\\n\\tCommandName=\\n\\tCommandType=\\n\\tScriptName=\\n\\tCommandPath=\\n\\tCommandLine=\",\"Binary\":\"\"}}","Channel":"Windows PowerShell","Provider":"PowerShell","EventId":600,"EventRecordId":"1230","ProcessId":0,"ThreadId":0,"Level":"Info","Keywords":"0x80000000000000","SourceFile":"D:\\benign_log_combined_latest_used_actually\\new_benign\\powershell_820.evtx","ExtraDataOffset":0,"HiddenRecord":false,"TimeCreated":"2025-04-22T13:57:11.9548200+00:00","RecordNumber":502}
{"PayloadData1":"HostApplication=powershell.exe -ExecutionPolicy Restricted -Command Write-Host 'Final result: 1';\r","PayloadData2":"HostName=ConsoleHost\r","PayloadData3":"HostVersion=5.1.19041.5737\r","MapDescription":"Provider is Started","ChunkNumber":10,"Computer":"Server002","Payload":"{\"EventData\":{\"Data\":\"Function, Started, \\tProviderName=Function\\n\\tNewProviderState=Started\\n\\n\\tSequenceNumber=9\\n\\n\\tHostName=ConsoleHost\\n\\tHostVersion=5.1.19041.5737\\n\\tHostId=94298e17-b97c-4a65-a364-5b4c3a6fe20d\\n\\tHostApplication=powershell.exe -ExecutionPolicy Restricted -Command Write-Host 'Final result: 1';\\n\\tEngineVersion=\\n\\tRunspaceId=\\n\\tPipelineId=\\n\\tCommandName=\\n\\tCommandType=\\n\\tScriptName=\\n\\tCommandPath=\\n\\tCommandLine=\",\"Binary\":\"\"}}","Channel":"Windows PowerShell","Provider":"PowerShell","EventId":600,"EventRecordId":"1231","ProcessId":0,"ThreadId":0,"Level":"Info","Keywords":"0x80000000000000","SourceFile":"D:\\benign_log_combined_latest_used_actually\\new_benign\\powershell_820.evtx","ExtraDataOffset":0,"HiddenRecord":false,"TimeCreated":"2025-04-22T13:57:11.9548200+00:00","RecordNumber":503}
{"PayloadData1":"HostApplication=powershell.exe -ExecutionPolicy Restricted -Command Write-Host 'Final result: 1';\r","PayloadData2":"HostName=ConsoleHost\r","PayloadData3":"HostVersion=5.1.19041.5737\r","MapDescription":"Provider is Started","ChunkNumber":10,"Computer":"Server002","Payload":"{\"EventData\":{\"Data\":\"Variable, Started, \\tProviderName=Variable\\n\\tNewProviderState=Started\\n\\n\\tSequenceNumber=11\\n\\n\\tHostName=ConsoleHost\\n\\tHostVersion=5.1.19041.5737\\n\\tHostId=94298e17-b97c-4a65-a364-5b4c3a6fe20d\\n\\tHostApplication=powershell.exe -ExecutionPolicy Restricted -Command Write-Host 'Final result: 1';\\n\\tEngineVersion=\\n\\tRunspaceId=\\n\\tPipelineId=\\n\\tCommandName=\\n\\tCommandType=\\n\\tScriptName=\\n\\tCommandPath=\\n\\tCommandLine=\",\"Binary\":\"\"}}","Channel":"Windows PowerShell","Provider":"PowerShell","EventId":600,"EventRecordId":"1232","ProcessId":0,"ThreadId":0,"Level":"Info","Keywords":"0x80000000000000","SourceFile":"D:\\benign_log_combined_latest_used_actually\\new_benign\\powershell_820.evtx","ExtraDataOffset":0,"HiddenRecord":false,"TimeCreated":"2025-04-22T13:57:12.0321806+00:00","RecordNumber":504}
{"PayloadData1":"HostApplication=powershell.exe -ExecutionPolicy Restricted -Command Write-Host 'Final result: 1';\r","PayloadData2":"HostName=ConsoleHost\r","PayloadData3":"HostVersion=5.1.19041.5737\r","MapDescription":"Engine state is changed from None to Available","ChunkNumber":10,"Computer":"Server002","Payload":"{\"EventData\":{\"Data\":\"Available, None, \\tNewEngineState=Available\\n\\tPreviousEngineState=None\\n\\n\\tSequenceNumber=13\\n\\n\\tHostName=ConsoleHost\\n\\tHostVersion=5.1.19041.5737\\n\\tHostId=94298e17-b97c-4a65-a364-5b4c3a6fe20d\\n\\tHostApplication=powershell.exe -ExecutionPolicy Restricted -Command Write-Host 'Final result: 1';\\n\\tEngineVersion=5.1.19041.5737\\n\\tRunspaceId=8a884b4f-7ec6-44a7-ac2b-b010ee98e9d1\\n\\tPipelineId=\\n\\tCommandName=\\n\\tCommandType=\\n\\tScriptName=\\n\\tCommandPath=\\n\\tCommandLine=\",\"Binary\":\"\"}}","Channel":"Windows PowerShell","Provider":"PowerShell","EventId":400,"EventRecordId":"1233","ProcessId":0,"ThreadId":0,"Level":"Info","Keywords":"0x80000000000000","SourceFile":"D:\\benign_log_combined_latest_used_actually\\new_benign\\powershell_820.evtx","ExtraDataOffset":0,"HiddenRecord":false,"TimeCreated":"2025-04-22T13:57:12.1364406+00:00","RecordNumber":505}
{"PayloadData1":"HostApplication=powershell.exe -ExecutionPolicy Restricted -Command Write-Host 'Final result: 1';\r","PayloadData2":"HostName=ConsoleHost\r","PayloadData3":"HostVersion=5.1.19041.5737\r","MapDescription":"Engine state is changed from Available to Stopped","ChunkNumber":10,"Computer":"Server002","Payload":"{\"EventData\":{\"Data\":\"Stopped, Available, \\tNewEngineState=Stopped\\n\\tPreviousEngineState=Available\\n\\n\\tSequenceNumber=15\\n\\n\\tHostName=ConsoleHost\\n\\tHostVersion=5.1.19041.5737\\n\\tHostId=94298e17-b97c-4a65-a364-5b4c3a6fe20d\\n\\tHostApplication=powershell.exe -ExecutionPolicy Restricted -Command Write-Host 'Final result: 1';\\n\\tEngineVersion=5.1.19041.5737\\n\\tRunspaceId=8a884b4f-7ec6-44a7-ac2b-b010ee98e9d1\\n\\tPipelineId=\\n\\tCommandName=\\n\\tCommandType=\\n\\tScriptName=\\n\\tCommandPath=\\n\\tCommandLine=\",\"Binary\":\"\"}}","Channel":"Windows PowerShell","Provider":"PowerShell","EventId":403,"EventRecordId":"1234","ProcessId":0,"ThreadId":0,"Level":"Info","Keywords":"0x80000000000000","SourceFile":"D:\\benign_log_combined_latest_used_actually\\new_benign\\powershell_820.evtx","ExtraDataOffset":0,"HiddenRecord":false,"TimeCreated":"2025-04-22T13:57:14.9854919+00:00","RecordNumber":506}
{"PayloadData1":"HostApplication=powershell.exe -ExecutionPolicy Restricted -Command $Res = 0; $Infs = Get-Item -Path ($env:WinDir + '\\inf\\*.inf'); foreach ($Inf in $Infs) { $Data = Get-Content $Inf.FullName; if ($Data -match '\\[defaultinstall.nt(amd64|arm|arm64|x86)\\]') { $Res = 1; break; } } Write-Host 'Final result:', $Res;\r","PayloadData2":"HostName=ConsoleHost\r","PayloadData3":"HostVersion=5.1.19041.5737\r","MapDescription":"Provider is Started","ChunkNumber":10,"Computer":"Server002","Payload":"{\"EventData\":{\"Data\":\"Registry, Started, \\tProviderName=Registry\\n\\tNewProviderState=Started\\n\\n\\tSequenceNumber=1\\n\\n\\tHostName=ConsoleHost\\n\\tHostVersion=5.1.19041.5737\\n\\tHostId=5ccb4ebe-f203-4340-993e-5040414fa0b2\\n\\tHostApplication=powershell.exe -ExecutionPolicy Restricted -Command $Res = 0; $Infs = Get-Item -Path ($env:WinDir + '\\\\inf\\\\*.inf'); foreach ($Inf in $Infs) { $Data = Get-Content $Inf.FullName; if ($Data -match '\\\\[defaultinstall.nt(amd64|arm|arm64|x86)\\\\]') { $Res = 1; break; } } Write-Host 'Final result:', $Res;\\n\\tEngineVersion=\\n\\tRunspaceId=\\n\\tPipelineId=\\n\\tCommandName=\\n\\tCommandType=\\n\\tScriptName=\\n\\tCommandPath=\\n\\tCommandLine=\",\"Binary\":\"\"}}","Channel":"Windows PowerShell","Provider":"PowerShell","EventId":600,"EventRecordId":"1235","ProcessId":0,"ThreadId":0,"Level":"Info","Keywords":"0x80000000000000","SourceFile":"D:\\benign_log_combined_latest_used_actually\\new_benign\\powershell_820.evtx","ExtraDataOffset":0,"HiddenRecord":false,"TimeCreated":"2025-04-22T13:57:17.8921999+00:00","RecordNumber":507}
{"PayloadData1":"HostApplication=powershell.exe -ExecutionPolicy Restricted -Command $Res = 0; $Infs = Get-Item -Path ($env:WinDir + '\\inf\\*.inf'); foreach ($Inf in $Infs) { $Data = Get-Content $Inf.FullName; if ($Data -match '\\[defaultinstall.nt(amd64|arm|arm64|x86)\\]') { $Res = 1; break; } } Write-Host 'Final result:', $Res;\r","PayloadData2":"HostName=ConsoleHost\r","PayloadData3":"HostVersion=5.1.19041.5737\r","MapDescription":"Provider is Started","ChunkNumber":10,"Computer":"Server002","Payload":"{\"EventData\":{\"Data\":\"Alias, Started, \\tProviderName=Alias\\n\\tNewProviderState=Started\\n\\n\\tSequenceNumber=3\\n\\n\\tHostName=ConsoleHost\\n\\tHostVersion=5.1.19041.5737\\n\\tHostId=5ccb4ebe-f203-4340-993e-5040414fa0b2\\n\\tHostApplication=powershell.exe -ExecutionPolicy Restricted -Command $Res = 0; $Infs = Get-Item -Path ($env:WinDir + '\\\\inf\\\\*.inf'); foreach ($Inf in $Infs) { $Data = Get-Content $Inf.FullName; if ($Data -match '\\\\[defaultinstall.nt(amd64|arm|arm64|x86)\\\\]') { $Res = 1; break; } } Write-Host 'Final result:', $Res;\\n\\tEngineVersion=\\n\\tRunspaceId=\\n\\tPipelineId=\\n\\tCommandName=\\n\\tCommandType=\\n\\tScriptName=\\n\\tCommandPath=\\n\\tCommandLine=\",\"Binary\":\"\"}}","Channel":"Windows PowerShell","Provider":"PowerShell","EventId":600,"EventRecordId":"1236","ProcessId":0,"ThreadId":0,"Level":"Info","Keywords":"0x80000000000000","SourceFile":"D:\\benign_log_combined_latest_used_actually\\new_benign\\powershell_820.evtx","ExtraDataOffset":0,"HiddenRecord":false,"TimeCreated":"2025-04-22T13:57:17.8921999+00:00","RecordNumber":508}
{"PayloadData1":"HostApplication=powershell.exe -ExecutionPolicy Restricted -Command $Res = 0; $Infs = Get-Item -Path ($env:WinDir + '\\inf\\*.inf'); foreach ($Inf in $Infs) { $Data = Get-Content $Inf.FullName; if ($Data -match '\\[defaultinstall.nt(amd64|arm|arm64|x86)\\]') { $Res = 1; break; } } Write-Host 'Final result:', $Res;\r","PayloadData2":"HostName=ConsoleHost\r","PayloadData3":"HostVersion=5.1.19041.5737\r","MapDescription":"Provider is Started","ChunkNumber":10,"Computer":"Server002","Payload":"{\"EventData\":{\"Data\":\"Environment, Started, \\tProviderName=Environment\\n\\tNewProviderState=Started\\n\\n\\tSequenceNumber=5\\n\\n\\tHostName=ConsoleHost\\n\\tHostVersion=5.1.19041.5737\\n\\tHostId=5ccb4ebe-f203-4340-993e-5040414fa0b2\\n\\tHostApplication=powershell.exe -ExecutionPolicy Restricted -Command $Res = 0; $Infs = Get-Item -Path ($env:WinDir + '\\\\inf\\\\*.inf'); foreach ($Inf in $Infs) { $Data = Get-Content $Inf.FullName; if ($Data -match '\\\\[defaultinstall.nt(amd64|arm|arm64|x86)\\\\]') { $Res = 1; break; } } Write-Host 'Final result:', $Res;\\n\\tEngineVersion=\\n\\tRunspaceId=\\n\\tPipelineId=\\n\\tCommandName=\\n\\tCommandType=\\n\\tScriptName=\\n\\tCommandPath=\\n\\tCommandLine=\",\"Binary\":\"\"}}","Channel":"Windows PowerShell","Provider":"PowerShell","EventId":600,"EventRecordId":"1237","ProcessId":0,"ThreadId":0,"Level":"Info","Keywords":"0x80000000000000","SourceFile":"D:\\benign_log_combined_latest_used_actually\\new_benign\\powershell_820.evtx","ExtraDataOffset":0,"HiddenRecord":false,"TimeCreated":"2025-04-22T13:57:17.8921999+00:00","RecordNumber":509}
{"PayloadData1":"HostApplication=powershell.exe -ExecutionPolicy Restricted -Command $Res = 0; $Infs = Get-Item -Path ($env:WinDir + '\\inf\\*.inf'); foreach ($Inf in $Infs) { $Data = Get-Content $Inf.FullName; if ($Data -match '\\[defaultinstall.nt(amd64|arm|arm64|x86)\\]') { $Res = 1; break; } } Write-Host 'Final result:', $Res;\r","PayloadData2":"HostName=ConsoleHost\r","PayloadData3":"HostVersion=5.1.19041.5737\r","MapDescription":"Provider is Started","ChunkNumber":10,"Computer":"Server002","Payload":"{\"EventData\":{\"Data\":\"FileSystem, Started, \\tProviderName=FileSystem\\n\\tNewProviderState=Started\\n\\n\\tSequenceNumber=7\\n\\n\\tHostName=ConsoleHost\\n\\tHostVersion=5.1.19041.5737\\n\\tHostId=5ccb4ebe-f203-4340-993e-5040414fa0b2\\n\\tHostApplication=powershell.exe -ExecutionPolicy Restricted -Command $Res = 0; $Infs = Get-Item -Path ($env:WinDir + '\\\\inf\\\\*.inf'); foreach ($Inf in $Infs) { $Data = Get-Content $Inf.FullName; if ($Data -match '\\\\[defaultinstall.nt(amd64|arm|arm64|x86)\\\\]') { $Res = 1; break; } } Write-Host 'Final result:', $Res;\\n\\tEngineVersion=\\n\\tRunspaceId=\\n\\tPipelineId=\\n\\tCommandName=\\n\\tCommandType=\\n\\tScriptName=\\n\\tCommandPath=\\n\\tCommandLine=\",\"Binary\":\"\"}}","Channel":"Windows PowerShell","Provider":"PowerShell","EventId":600,"EventRecordId":"1238","ProcessId":0,"ThreadId":0,"Level":"Info","Keywords":"0x80000000000000","SourceFile":"D:\\benign_log_combined_latest_used_actually\\new_benign\\powershell_820.evtx","ExtraDataOffset":0,"HiddenRecord":false,"TimeCreated":"2025-04-22T13:57:17.9852432+00:00","RecordNumber":510}
{"PayloadData1":"HostApplication=powershell.exe -ExecutionPolicy Restricted -Command $Res = 0; $Infs = Get-Item -Path ($env:WinDir + '\\inf\\*.inf'); foreach ($Inf in $Infs) { $Data = Get-Content $Inf.FullName; if ($Data -match '\\[defaultinstall.nt(amd64|arm|arm64|x86)\\]') { $Res = 1; break; } } Write-Host 'Final result:', $Res;\r","PayloadData2":"HostName=ConsoleHost\r","PayloadData3":"HostVersion=5.1.19041.5737\r","MapDescription":"Provider is Started","ChunkNumber":10,"Computer":"Server002","Payload":"{\"EventData\":{\"Data\":\"Function, Started, \\tProviderName=Function\\n\\tNewProviderState=Started\\n\\n\\tSequenceNumber=9\\n\\n\\tHostName=ConsoleHost\\n\\tHostVersion=5.1.19041.5737\\n\\tHostId=5ccb4ebe-f203-4340-993e-5040414fa0b2\\n\\tHostApplication=powershell.exe -ExecutionPolicy Restricted -Command $Res = 0; $Infs = Get-Item -Path ($env:WinDir + '\\\\inf\\\\*.inf'); foreach ($Inf in $Infs) { $Data = Get-Content $Inf.FullName; if ($Data -match '\\\\[defaultinstall.nt(amd64|arm|arm64|x86)\\\\]') { $Res = 1; break; } } Write-Host 'Final result:', $Res;\\n\\tEngineVersion=\\n\\tRunspaceId=\\n\\tPipelineId=\\n\\tCommandName=\\n\\tCommandType=\\n\\tScriptName=\\n\\tCommandPath=\\n\\tCommandLine=\",\"Binary\":\"\"}}","Channel":"Windows PowerShell","Provider":"PowerShell","EventId":600,"EventRecordId":"1239","ProcessId":0,"ThreadId":0,"Level":"Info","Keywords":"0x80000000000000","SourceFile":"D:\\benign_log_combined_latest_used_actually\\new_benign\\powershell_820.evtx","ExtraDataOffset":0,"HiddenRecord":false,"TimeCreated":"2025-04-22T13:57:17.9852432+00:00","RecordNumber":511}
{"PayloadData1":"HostApplication=powershell.exe -ExecutionPolicy Restricted -Command $Res = 0; $Infs = Get-Item -Path ($env:WinDir + '\\inf\\*.inf'); foreach ($Inf in $Infs) { $Data = Get-Content $Inf.FullName; if ($Data -match '\\[defaultinstall.nt(amd64|arm|arm64|x86)\\]') { $Res = 1; break; } } Write-Host 'Final result:', $Res;\r","PayloadData2":"HostName=ConsoleHost\r","PayloadData3":"HostVersion=5.1.19041.5737\r","MapDescription":"Provider is Started","ChunkNumber":10,"Computer":"Server002","Payload":"{\"EventData\":{\"Data\":\"Variable, Started, \\tProviderName=Variable\\n\\tNewProviderState=Started\\n\\n\\tSequenceNumber=11\\n\\n\\tHostName=ConsoleHost\\n\\tHostVersion=5.1.19041.5737\\n\\tHostId=5ccb4ebe-f203-4340-993e-5040414fa0b2\\n\\tHostApplication=powershell.exe -ExecutionPolicy Restricted -Command $Res = 0; $Infs = Get-Item -Path ($env:WinDir + '\\\\inf\\\\*.inf'); foreach ($Inf in $Infs) { $Data = Get-Content $Inf.FullName; if ($Data -match '\\\\[defaultinstall.nt(amd64|arm|arm64|x86)\\\\]') { $Res = 1; break; } } Write-Host 'Final result:', $Res;\\n\\tEngineVersion=\\n\\tRunspaceId=\\n\\tPipelineId=\\n\\tCommandName=\\n\\tCommandType=\\n\\tScriptName=\\n\\tCommandPath=\\n\\tCommandLine=\",\"Binary\":\"\"}}","Channel":"Windows PowerShell","Provider":"PowerShell","EventId":600,"EventRecordId":"1240","ProcessId":0,"ThreadId":0,"Level":"Info","Keywords":"0x80000000000000","SourceFile":"D:\\benign_log_combined_latest_used_actually\\new_benign\\powershell_820.evtx","ExtraDataOffset":0,"HiddenRecord":false,"TimeCreated":"2025-04-22T13:57:17.9852432+00:00","RecordNumber":512}
{"PayloadData1":"HostApplication=powershell.exe -ExecutionPolicy Restricted -Command $Res = 0; $Infs = Get-Item -Path ($env:WinDir + '\\inf\\*.inf'); foreach ($Inf in $Infs) { $Data = Get-Content $Inf.FullName; if ($Data -match '\\[defaultinstall.nt(amd64|arm|arm64|x86)\\]') { $Res = 1; break; } } Write-Host 'Final result:', $Res;\r","PayloadData2":"HostName=ConsoleHost\r","PayloadData3":"HostVersion=5.1.19041.5737\r","MapDescription":"Engine state is changed from None to Available","ChunkNumber":10,"Computer":"Server002","Payload":"{\"EventData\":{\"Data\":\"Available, None, \\tNewEngineState=Available\\n\\tPreviousEngineState=None\\n\\n\\tSequenceNumber=13\\n\\n\\tHostName=ConsoleHost\\n\\tHostVersion=5.1.19041.5737\\n\\tHostId=5ccb4ebe-f203-4340-993e-5040414fa0b2\\n\\tHostApplication=powershell.exe -ExecutionPolicy Restricted -Command $Res = 0; $Infs = Get-Item -Path ($env:WinDir + '\\\\inf\\\\*.inf'); foreach ($Inf in $Infs) { $Data = Get-Content $Inf.FullName; if ($Data -match '\\\\[defaultinstall.nt(amd64|arm|arm64|x86)\\\\]') { $Res = 1; break; } } Write-Host 'Final result:', $Res;\\n\\tEngineVersion=5.1.19041.5737\\n\\tRunspaceId=c8b065e8-56cd-4fc5-a8f6-9b102deb1f8d\\n\\tPipelineId=\\n\\tCommandName=\\n\\tCommandType=\\n\\tScriptName=\\n\\tCommandPath=\\n\\tCommandLine=\",\"Binary\":\"\"}}","Channel":"Windows PowerShell","Provider":"PowerShell","EventId":400,"EventRecordId":"1241","ProcessId":0,"ThreadId":0,"Level":"Info","Keywords":"0x80000000000000","SourceFile":"D:\\benign_log_combined_latest_used_actually\\new_benign\\powershell_820.evtx","ExtraDataOffset":0,"HiddenRecord":false,"TimeCreated":"2025-04-22T13:57:18.3528561+00:00","RecordNumber":513}
{"PayloadData1":"HostApplication=powershell.exe -ExecutionPolicy Restricted -Command \r","PayloadData2":"HostName=ConsoleHost\r","PayloadData3":"HostVersion=5.1.19041.5737\r","MapDescription":"Engine state is changed from Available to Stopped","ChunkNumber":10,"Computer":"Server002","Payload":"{\"EventData\":{\"Data\":\"Stopped, Available, \\tNewEngineState=Stopped\\n\\tPreviousEngineState=Available\\n\\n\\tSequenceNumber=15\\n\\n\\tHostName=ConsoleHost\\n\\tHostVersion=5.1.19041.5737\\n\\tHostId=cb2a54ae-625a-4abf-9539-792c93cbe823\\n\\tHostApplication=powershell.exe -ExecutionPolicy Restricted -Command \\n $Res = 0\\n [UInt64]$MinDiskSpaceThreshold = 20 * 1024 * 1024 * 1024\\n\\n try {\\n $SystemDrive = (Get-CimInstance Win32_OperatingSystem).SystemDrive\\n $SystemDriveLetter = $SystemDrive[0]\\n $SystemDriveSpace = (Get-Volume -DriveLetter $SystemDriveLetter).SizeRemaining\\n Write-Host 'Current system drive space:', $SystemDriveSpace.ToString('N0')\\n if ($SystemDriveSpace -lt $MinDiskSpaceThreshold) {\\n Write-Host 'System drive space is less than the threshold:', $MinDiskSpaceThreshold.ToString('N0'), 'Block Upgrade.'\\n $Res = 1\\n }\\n } catch {\\n # Do nothing\\n }\\n\\n Write-Host 'Final result:', $Res\\n\\n\\tEngineVersion=5.1.19041.5737\\n\\tRunspaceId=a85738e0-48c1-4400-8c63-b31345ba6aad\\n\\tPipelineId=\\n\\tCommandName=\\n\\tCommandType=\\n\\tScriptName=\\n\\tCommandPath=\\n\\tCommandLine=\",\"Binary\":\"\"}}","Channel":"Windows PowerShell","Provider":"PowerShell","EventId":403,"EventRecordId":"1242","ProcessId":0,"ThreadId":0,"Level":"Info","Keywords":"0x80000000000000","SourceFile":"D:\\benign_log_combined_latest_used_actually\\new_benign\\powershell_820.evtx","ExtraDataOffset":0,"HiddenRecord":false,"TimeCreated":"2025-04-22T13:57:32.4946462+00:00","RecordNumber":514}
