{"PayloadData1":"HostApplication=powershell.exe -ExecutionPolicy Restricted -Command $Res = 0; $Infs = Get-Item -Path ($env:WinDir + '\\inf\\*.inf'); foreach ($Inf in $Infs) { $Data = Get-Content $Inf.FullName; if ($Data -match '\\[defaultinstall.nt(amd64|arm|arm64|x86)\\]') { $Res = 1; break; } } Write-Host 'Final result:', $Res;\r","PayloadData2":"HostName=ConsoleHost\r","PayloadData3":"HostVersion=5.1.19041.5737\r","MapDescription":"Provider is Started","ChunkNumber":15,"Computer":"Server002","Payload":"{\"EventData\":{\"Data\":\"FileSystem, Started, \\tProviderName=FileSystem\\n\\tNewProviderState=Started\\n\\n\\tSequenceNumber=7\\n\\n\\tHostName=ConsoleHost\\n\\tHostVersion=5.1.19041.5737\\n\\tHostId=4496da9c-c73a-41cd-a421-7b39fe7e8f6b\\n\\tHostApplication=powershell.exe -ExecutionPolicy Restricted -Command $Res = 0; $Infs = Get-Item -Path ($env:WinDir + '\\\\inf\\\\*.inf'); foreach ($Inf in $Infs) { $Data = Get-Content $Inf.FullName; if ($Data -match '\\\\[defaultinstall.nt(amd64|arm|arm64|x86)\\\\]') { $Res = 1; break; } } Write-Host 'Final result:', $Res;\\n\\tEngineVersion=\\n\\tRunspaceId=\\n\\tPipelineId=\\n\\tCommandName=\\n\\tCommandType=\\n\\tScriptName=\\n\\tCommandPath=\\n\\tCommandLine=\",\"Binary\":\"\"}}","Channel":"Windows PowerShell","Provider":"PowerShell","EventId":600,"EventRecordId":"1442","ProcessId":0,"ThreadId":0,"Level":"Info","Keywords":"0x80000000000000","SourceFile":"D:\\benign_log_combined_latest_used_actually\\new_benign\\powershell_820.evtx","ExtraDataOffset":0,"HiddenRecord":false,"TimeCreated":"2025-05-01T04:20:57.0470703+00:00","RecordNumber":714}
{"PayloadData1":"HostApplication=powershell.exe -ExecutionPolicy Restricted -Command $Res = 0; $Infs = Get-Item -Path ($env:WinDir + '\\inf\\*.inf'); foreach ($Inf in $Infs) { $Data = Get-Content $Inf.FullName; if ($Data -match '\\[defaultinstall.nt(amd64|arm|arm64|x86)\\]') { $Res = 1; break; } } Write-Host 'Final result:', $Res;\r","PayloadData2":"HostName=ConsoleHost\r","PayloadData3":"HostVersion=5.1.19041.5737\r","MapDescription":"Provider is Started","ChunkNumber":15,"Computer":"Server002","Payload":"{\"EventData\":{\"Data\":\"Function, Started, \\tProviderName=Function\\n\\tNewProviderState=Started\\n\\n\\tSequenceNumber=9\\n\\n\\tHostName=ConsoleHost\\n\\tHostVersion=5.1.19041.5737\\n\\tHostId=4496da9c-c73a-41cd-a421-7b39fe7e8f6b\\n\\tHostApplication=powershell.exe -ExecutionPolicy Restricted -Command $Res = 0; $Infs = Get-Item -Path ($env:WinDir + '\\\\inf\\\\*.inf'); foreach ($Inf in $Infs) { $Data = Get-Content $Inf.FullName; if ($Data -match '\\\\[defaultinstall.nt(amd64|arm|arm64|x86)\\\\]') { $Res = 1; break; } } Write-Host 'Final result:', $Res;\\n\\tEngineVersion=\\n\\tRunspaceId=\\n\\tPipelineId=\\n\\tCommandName=\\n\\tCommandType=\\n\\tScriptName=\\n\\tCommandPath=\\n\\tCommandLine=\",\"Binary\":\"\"}}","Channel":"Windows PowerShell","Provider":"PowerShell","EventId":600,"EventRecordId":"1443","ProcessId":0,"ThreadId":0,"Level":"Info","Keywords":"0x80000000000000","SourceFile":"D:\\benign_log_combined_latest_used_actually\\new_benign\\powershell_820.evtx","ExtraDataOffset":0,"HiddenRecord":false,"TimeCreated":"2025-05-01T04:20:57.0481693+00:00","RecordNumber":715}
{"PayloadData1":"HostApplication=powershell.exe -ExecutionPolicy Restricted -Command $Res = 0; $Infs = Get-Item -Path ($env:WinDir + '\\inf\\*.inf'); foreach ($Inf in $Infs) { $Data = Get-Content $Inf.FullName; if ($Data -match '\\[defaultinstall.nt(amd64|arm|arm64|x86)\\]') { $Res = 1; break; } } Write-Host 'Final result:', $Res;\r","PayloadData2":"HostName=ConsoleHost\r","PayloadData3":"HostVersion=5.1.19041.5737\r","MapDescription":"Provider is Started","ChunkNumber":15,"Computer":"Server002","Payload":"{\"EventData\":{\"Data\":\"Variable, Started, \\tProviderName=Variable\\n\\tNewProviderState=Started\\n\\n\\tSequenceNumber=11\\n\\n\\tHostName=ConsoleHost\\n\\tHostVersion=5.1.19041.5737\\n\\tHostId=4496da9c-c73a-41cd-a421-7b39fe7e8f6b\\n\\tHostApplication=powershell.exe -ExecutionPolicy Restricted -Command $Res = 0; $Infs = Get-Item -Path ($env:WinDir + '\\\\inf\\\\*.inf'); foreach ($Inf in $Infs) { $Data = Get-Content $Inf.FullName; if ($Data -match '\\\\[defaultinstall.nt(amd64|arm|arm64|x86)\\\\]') { $Res = 1; break; } } Write-Host 'Final result:', $Res;\\n\\tEngineVersion=\\n\\tRunspaceId=\\n\\tPipelineId=\\n\\tCommandName=\\n\\tCommandType=\\n\\tScriptName=\\n\\tCommandPath=\\n\\tCommandLine=\",\"Binary\":\"\"}}","Channel":"Windows PowerShell","Provider":"PowerShell","EventId":600,"EventRecordId":"1444","ProcessId":0,"ThreadId":0,"Level":"Info","Keywords":"0x80000000000000","SourceFile":"D:\\benign_log_combined_latest_used_actually\\new_benign\\powershell_820.evtx","ExtraDataOffset":0,"HiddenRecord":false,"TimeCreated":"2025-05-01T04:20:57.0481693+00:00","RecordNumber":716}
{"PayloadData1":"HostApplication=powershell.exe -ExecutionPolicy Restricted -Command $Res = 0; $Infs = Get-Item -Path ($env:WinDir + '\\inf\\*.inf'); foreach ($Inf in $Infs) { $Data = Get-Content $Inf.FullName; if ($Data -match '\\[defaultinstall.nt(amd64|arm|arm64|x86)\\]') { $Res = 1; break; } } Write-Host 'Final result:', $Res;\r","PayloadData2":"HostName=ConsoleHost\r","PayloadData3":"HostVersion=5.1.19041.5737\r","MapDescription":"Engine state is changed from None to Available","ChunkNumber":15,"Computer":"Server002","Payload":"{\"EventData\":{\"Data\":\"Available, None, \\tNewEngineState=Available\\n\\tPreviousEngineState=None\\n\\n\\tSequenceNumber=13\\n\\n\\tHostName=ConsoleHost\\n\\tHostVersion=5.1.19041.5737\\n\\tHostId=4496da9c-c73a-41cd-a421-7b39fe7e8f6b\\n\\tHostApplication=powershell.exe -ExecutionPolicy Restricted -Command $Res = 0; $Infs = Get-Item -Path ($env:WinDir + '\\\\inf\\\\*.inf'); foreach ($Inf in $Infs) { $Data = Get-Content $Inf.FullName; if ($Data -match '\\\\[defaultinstall.nt(amd64|arm|arm64|x86)\\\\]') { $Res = 1; break; } } Write-Host 'Final result:', $Res;\\n\\tEngineVersion=5.1.19041.5737\\n\\tRunspaceId=edebf5e6-5aeb-4ccc-bd92-c409c487bf37\\n\\tPipelineId=\\n\\tCommandName=\\n\\tCommandType=\\n\\tScriptName=\\n\\tCommandPath=\\n\\tCommandLine=\",\"Binary\":\"\"}}","Channel":"Windows PowerShell","Provider":"PowerShell","EventId":400,"EventRecordId":"1445","ProcessId":0,"ThreadId":0,"Level":"Info","Keywords":"0x80000000000000","SourceFile":"D:\\benign_log_combined_latest_used_actually\\new_benign\\powershell_820.evtx","ExtraDataOffset":0,"HiddenRecord":false,"TimeCreated":"2025-05-01T04:20:57.0580989+00:00","RecordNumber":717}
{"PayloadData1":"HostApplication=powershell.exe -ExecutionPolicy Restricted -Command $Res = 0; $Infs = Get-Item -Path ($env:WinDir + '\\inf\\*.inf'); foreach ($Inf in $Infs) { $Data = Get-Content $Inf.FullName; if ($Data -match '\\[defaultinstall.nt(amd64|arm|arm64|x86)\\]') { $Res = 1; break; } } Write-Host 'Final result:', $Res;\r","PayloadData2":"HostName=ConsoleHost\r","PayloadData3":"HostVersion=5.1.19041.5737\r","MapDescription":"Engine state is changed from Available to Stopped","ChunkNumber":15,"Computer":"Server002","Payload":"{\"EventData\":{\"Data\":\"Stopped, Available, \\tNewEngineState=Stopped\\n\\tPreviousEngineState=Available\\n\\n\\tSequenceNumber=15\\n\\n\\tHostName=ConsoleHost\\n\\tHostVersion=5.1.19041.5737\\n\\tHostId=4496da9c-c73a-41cd-a421-7b39fe7e8f6b\\n\\tHostApplication=powershell.exe -ExecutionPolicy Restricted -Command $Res = 0; $Infs = Get-Item -Path ($env:WinDir + '\\\\inf\\\\*.inf'); foreach ($Inf in $Infs) { $Data = Get-Content $Inf.FullName; if ($Data -match '\\\\[defaultinstall.nt(amd64|arm|arm64|x86)\\\\]') { $Res = 1; break; } } Write-Host 'Final result:', $Res;\\n\\tEngineVersion=5.1.19041.5737\\n\\tRunspaceId=edebf5e6-5aeb-4ccc-bd92-c409c487bf37\\n\\tPipelineId=\\n\\tCommandName=\\n\\tCommandType=\\n\\tScriptName=\\n\\tCommandPath=\\n\\tCommandLine=\",\"Binary\":\"\"}}","Channel":"Windows PowerShell","Provider":"PowerShell","EventId":403,"EventRecordId":"1446","ProcessId":0,"ThreadId":0,"Level":"Info","Keywords":"0x80000000000000","SourceFile":"D:\\benign_log_combined_latest_used_actually\\new_benign\\powershell_820.evtx","ExtraDataOffset":0,"HiddenRecord":false,"TimeCreated":"2025-05-01T04:21:12.0969792+00:00","RecordNumber":718}
{"PayloadData1":"HostApplication=C:\\Windows\\System32\\WindowsPowerShell\\v1.0\\powershell.exe\r","PayloadData2":"HostName=ConsoleHost\r","PayloadData3":"HostVersion=5.1.19041.5737\r","MapDescription":"Provider is Started","ChunkNumber":15,"Computer":"Server002","Payload":"{\"EventData\":{\"Data\":\"Registry, Started, \\tProviderName=Registry\\n\\tNewProviderState=Started\\n\\n\\tSequenceNumber=1\\n\\n\\tHostName=ConsoleHost\\n\\tHostVersion=5.1.19041.5737\\n\\tHostId=759eb2c1-2cbc-4c0b-b3bc-2f9abe21cad1\\n\\tHostApplication=C:\\\\Windows\\\\System32\\\\WindowsPowerShell\\\\v1.0\\\\powershell.exe\\n\\tEngineVersion=\\n\\tRunspaceId=\\n\\tPipelineId=\\n\\tCommandName=\\n\\tCommandType=\\n\\tScriptName=\\n\\tCommandPath=\\n\\tCommandLine=\",\"Binary\":\"\"}}","Channel":"Windows PowerShell","Provider":"PowerShell","EventId":600,"EventRecordId":"1447","ProcessId":0,"ThreadId":0,"Level":"Info","Keywords":"0x80000000000000","SourceFile":"D:\\benign_log_combined_latest_used_actually\\new_benign\\powershell_820.evtx","ExtraDataOffset":0,"HiddenRecord":false,"TimeCreated":"2025-05-01T20:36:25.9020369+00:00","RecordNumber":719}
{"PayloadData1":"HostApplication=C:\\Windows\\System32\\WindowsPowerShell\\v1.0\\powershell.exe\r","PayloadData2":"HostName=ConsoleHost\r","PayloadData3":"HostVersion=5.1.19041.5737\r","MapDescription":"Provider is Started","ChunkNumber":15,"Computer":"Server002","Payload":"{\"EventData\":{\"Data\":\"Alias, Started, \\tProviderName=Alias\\n\\tNewProviderState=Started\\n\\n\\tSequenceNumber=3\\n\\n\\tHostName=ConsoleHost\\n\\tHostVersion=5.1.19041.5737\\n\\tHostId=759eb2c1-2cbc-4c0b-b3bc-2f9abe21cad1\\n\\tHostApplication=C:\\\\Windows\\\\System32\\\\WindowsPowerShell\\\\v1.0\\\\powershell.exe\\n\\tEngineVersion=\\n\\tRunspaceId=\\n\\tPipelineId=\\n\\tCommandName=\\n\\tCommandType=\\n\\tScriptName=\\n\\tCommandPath=\\n\\tCommandLine=\",\"Binary\":\"\"}}","Channel":"Windows PowerShell","Provider":"PowerShell","EventId":600,"EventRecordId":"1448","ProcessId":0,"ThreadId":0,"Level":"Info","Keywords":"0x80000000000000","SourceFile":"D:\\benign_log_combined_latest_used_actually\\new_benign\\powershell_820.evtx","ExtraDataOffset":0,"HiddenRecord":false,"TimeCreated":"2025-05-01T20:36:25.9263406+00:00","RecordNumber":720}
{"PayloadData1":"HostApplication=C:\\Windows\\System32\\WindowsPowerShell\\v1.0\\powershell.exe\r","PayloadData2":"HostName=ConsoleHost\r","PayloadData3":"HostVersion=5.1.19041.5737\r","MapDescription":"Provider is Started","ChunkNumber":15,"Computer":"Server002","Payload":"{\"EventData\":{\"Data\":\"Environment, Started, \\tProviderName=Environment\\n\\tNewProviderState=Started\\n\\n\\tSequenceNumber=5\\n\\n\\tHostName=ConsoleHost\\n\\tHostVersion=5.1.19041.5737\\n\\tHostId=759eb2c1-2cbc-4c0b-b3bc-2f9abe21cad1\\n\\tHostApplication=C:\\\\Windows\\\\System32\\\\WindowsPowerShell\\\\v1.0\\\\powershell.exe\\n\\tEngineVersion=\\n\\tRunspaceId=\\n\\tPipelineId=\\n\\tCommandName=\\n\\tCommandType=\\n\\tScriptName=\\n\\tCommandPath=\\n\\tCommandLine=\",\"Binary\":\"\"}}","Channel":"Windows PowerShell","Provider":"PowerShell","EventId":600,"EventRecordId":"1449","ProcessId":0,"ThreadId":0,"Level":"Info","Keywords":"0x80000000000000","SourceFile":"D:\\benign_log_combined_latest_used_actually\\new_benign\\powershell_820.evtx","ExtraDataOffset":0,"HiddenRecord":false,"TimeCreated":"2025-05-01T20:36:25.9332447+00:00","RecordNumber":721}
{"PayloadData1":"HostApplication=C:\\Windows\\System32\\WindowsPowerShell\\v1.0\\powershell.exe\r","PayloadData2":"HostName=ConsoleHost\r","PayloadData3":"HostVersion=5.1.19041.5737\r","MapDescription":"Provider is Started","ChunkNumber":15,"Computer":"Server002","Payload":"{\"EventData\":{\"Data\":\"FileSystem, Started, \\tProviderName=FileSystem\\n\\tNewProviderState=Started\\n\\n\\tSequenceNumber=7\\n\\n\\tHostName=ConsoleHost\\n\\tHostVersion=5.1.19041.5737\\n\\tHostId=759eb2c1-2cbc-4c0b-b3bc-2f9abe21cad1\\n\\tHostApplication=C:\\\\Windows\\\\System32\\\\WindowsPowerShell\\\\v1.0\\\\powershell.exe\\n\\tEngineVersion=\\n\\tRunspaceId=\\n\\tPipelineId=\\n\\tCommandName=\\n\\tCommandType=\\n\\tScriptName=\\n\\tCommandPath=\\n\\tCommandLine=\",\"Binary\":\"\"}}","Channel":"Windows PowerShell","Provider":"PowerShell","EventId":600,"EventRecordId":"1450","ProcessId":0,"ThreadId":0,"Level":"Info","Keywords":"0x80000000000000","SourceFile":"D:\\benign_log_combined_latest_used_actually\\new_benign\\powershell_820.evtx","ExtraDataOffset":0,"HiddenRecord":false,"TimeCreated":"2025-05-01T20:36:25.9409440+00:00","RecordNumber":722}
{"PayloadData1":"HostApplication=C:\\Windows\\System32\\WindowsPowerShell\\v1.0\\powershell.exe\r","PayloadData2":"HostName=ConsoleHost\r","PayloadData3":"HostVersion=5.1.19041.5737\r","MapDescription":"Provider is Started","ChunkNumber":15,"Computer":"Server002","Payload":"{\"EventData\":{\"Data\":\"Function, Started, \\tProviderName=Function\\n\\tNewProviderState=Started\\n\\n\\tSequenceNumber=9\\n\\n\\tHostName=ConsoleHost\\n\\tHostVersion=5.1.19041.5737\\n\\tHostId=759eb2c1-2cbc-4c0b-b3bc-2f9abe21cad1\\n\\tHostApplication=C:\\\\Windows\\\\System32\\\\WindowsPowerShell\\\\v1.0\\\\powershell.exe\\n\\tEngineVersion=\\n\\tRunspaceId=\\n\\tPipelineId=\\n\\tCommandName=\\n\\tCommandType=\\n\\tScriptName=\\n\\tCommandPath=\\n\\tCommandLine=\",\"Binary\":\"\"}}","Channel":"Windows PowerShell","Provider":"PowerShell","EventId":600,"EventRecordId":"1451","ProcessId":0,"ThreadId":0,"Level":"Info","Keywords":"0x80000000000000","SourceFile":"D:\\benign_log_combined_latest_used_actually\\new_benign\\powershell_820.evtx","ExtraDataOffset":0,"HiddenRecord":false,"TimeCreated":"2025-05-01T20:36:25.9422022+00:00","RecordNumber":723}
{"PayloadData1":"HostApplication=C:\\Windows\\System32\\WindowsPowerShell\\v1.0\\powershell.exe\r","PayloadData2":"HostName=ConsoleHost\r","PayloadData3":"HostVersion=5.1.19041.5737\r","MapDescription":"Provider is Started","ChunkNumber":15,"Computer":"Server002","Payload":"{\"EventData\":{\"Data\":\"Variable, Started, \\tProviderName=Variable\\n\\tNewProviderState=Started\\n\\n\\tSequenceNumber=11\\n\\n\\tHostName=ConsoleHost\\n\\tHostVersion=5.1.19041.5737\\n\\tHostId=759eb2c1-2cbc-4c0b-b3bc-2f9abe21cad1\\n\\tHostApplication=C:\\\\Windows\\\\System32\\\\WindowsPowerShell\\\\v1.0\\\\powershell.exe\\n\\tEngineVersion=\\n\\tRunspaceId=\\n\\tPipelineId=\\n\\tCommandName=\\n\\tCommandType=\\n\\tScriptName=\\n\\tCommandPath=\\n\\tCommandLine=\",\"Binary\":\"\"}}","Channel":"Windows PowerShell","Provider":"PowerShell","EventId":600,"EventRecordId":"1452","ProcessId":0,"ThreadId":0,"Level":"Info","Keywords":"0x80000000000000","SourceFile":"D:\\benign_log_combined_latest_used_actually\\new_benign\\powershell_820.evtx","ExtraDataOffset":0,"HiddenRecord":false,"TimeCreated":"2025-05-01T20:36:25.9429751+00:00","RecordNumber":724}
{"PayloadData1":"HostApplication=C:\\Windows\\System32\\WindowsPowerShell\\v1.0\\powershell.exe\r","PayloadData2":"HostName=ConsoleHost\r","PayloadData3":"HostVersion=5.1.19041.5737\r","MapDescription":"Engine state is changed from None to Available","ChunkNumber":15,"Computer":"Server002","Payload":"{\"EventData\":{\"Data\":\"Available, None, \\tNewEngineState=Available\\n\\tPreviousEngineState=None\\n\\n\\tSequenceNumber=13\\n\\n\\tHostName=ConsoleHost\\n\\tHostVersion=5.1.19041.5737\\n\\tHostId=759eb2c1-2cbc-4c0b-b3bc-2f9abe21cad1\\n\\tHostApplication=C:\\\\Windows\\\\System32\\\\WindowsPowerShell\\\\v1.0\\\\powershell.exe\\n\\tEngineVersion=5.1.19041.5737\\n\\tRunspaceId=13f631fd-a3ed-48af-92be-01a62316717d\\n\\tPipelineId=\\n\\tCommandName=\\n\\tCommandType=\\n\\tScriptName=\\n\\tCommandPath=\\n\\tCommandLine=\",\"Binary\":\"\"}}","Channel":"Windows PowerShell","Provider":"PowerShell","EventId":400,"EventRecordId":"1453","ProcessId":0,"ThreadId":0,"Level":"Info","Keywords":"0x80000000000000","SourceFile":"D:\\benign_log_combined_latest_used_actually\\new_benign\\powershell_820.evtx","ExtraDataOffset":0,"HiddenRecord":false,"TimeCreated":"2025-05-01T20:36:26.2004797+00:00","RecordNumber":725}
{"PayloadData1":"HostApplication=powershell.exe -ExecutionPolicy Restricted -Command \r","PayloadData2":"HostName=ConsoleHost\r","PayloadData3":"HostVersion=5.1.19041.5737\r","MapDescription":"Provider is Started","ChunkNumber":15,"Computer":"Server002","Payload":"{\"EventData\":{\"Data\":\"Registry, Started, \\tProviderName=Registry\\n\\tNewProviderState=Started\\n\\n\\tSequenceNumber=1\\n\\n\\tHostName=ConsoleHost\\n\\tHostVersion=5.1.19041.5737\\n\\tHostId=76a593c1-328c-4737-9982-f78c1dfca028\\n\\tHostApplication=powershell.exe -ExecutionPolicy Restricted -Command \\n $Res = 0\\n [UInt64]$MinDiskSpaceThreshold = 20 * 1024 * 1024 * 1024\\n\\n try {\\n $SystemDrive = (Get-CimInstance Win32_OperatingSystem).SystemDrive\\n $SystemDriveLetter = $SystemDrive[0]\\n $SystemDriveSpace = (Get-Volume -DriveLetter $SystemDriveLetter).SizeRemaining\\n Write-Host 'Current system drive space:', $SystemDriveSpace.ToString('N0')\\n if ($SystemDriveSpace -lt $MinDiskSpaceThreshold) {\\n Write-Host 'System drive space is less than the threshold:', $MinDiskSpaceThreshold.ToString('N0'), 'Block Upgrade.'\\n $Res = 1\\n }\\n } catch {\\n # Do nothing\\n }\\n\\n Write-Host 'Final result:', $Res\\n\\n\\tEngineVersion=\\n\\tRunspaceId=\\n\\tPipelineId=\\n\\tCommandName=\\n\\tCommandType=\\n\\tScriptName=\\n\\tCommandPath=\\n\\tCommandLine=\",\"Binary\":\"\"}}","Channel":"Windows PowerShell","Provider":"PowerShell","EventId":600,"EventRecordId":"1454","ProcessId":0,"ThreadId":0,"Level":"Info","Keywords":"0x80000000000000","SourceFile":"D:\\benign_log_combined_latest_used_actually\\new_benign\\powershell_820.evtx","ExtraDataOffset":0,"HiddenRecord":false,"TimeCreated":"2025-05-02T08:54:42.0614756+00:00","RecordNumber":726}
{"PayloadData1":"HostApplication=powershell.exe -ExecutionPolicy Restricted -Command \r","PayloadData2":"HostName=ConsoleHost\r","PayloadData3":"HostVersion=5.1.19041.5737\r","MapDescription":"Provider is Started","ChunkNumber":15,"Computer":"Server002","Payload":"{\"EventData\":{\"Data\":\"Alias, Started, \\tProviderName=Alias\\n\\tNewProviderState=Started\\n\\n\\tSequenceNumber=3\\n\\n\\tHostName=ConsoleHost\\n\\tHostVersion=5.1.19041.5737\\n\\tHostId=76a593c1-328c-4737-9982-f78c1dfca028\\n\\tHostApplication=powershell.exe -ExecutionPolicy Restricted -Command \\n $Res = 0\\n [UInt64]$MinDiskSpaceThreshold = 20 * 1024 * 1024 * 1024\\n\\n try {\\n $SystemDrive = (Get-CimInstance Win32_OperatingSystem).SystemDrive\\n $SystemDriveLetter = $SystemDrive[0]\\n $SystemDriveSpace = (Get-Volume -DriveLetter $SystemDriveLetter).SizeRemaining\\n Write-Host 'Current system drive space:', $SystemDriveSpace.ToString('N0')\\n if ($SystemDriveSpace -lt $MinDiskSpaceThreshold) {\\n Write-Host 'System drive space is less than the threshold:', $MinDiskSpaceThreshold.ToString('N0'), 'Block Upgrade.'\\n $Res = 1\\n }\\n } catch {\\n # Do nothing\\n }\\n\\n Write-Host 'Final result:', $Res\\n\\n\\tEngineVersion=\\n\\tRunspaceId=\\n\\tPipelineId=\\n\\tCommandName=\\n\\tCommandType=\\n\\tScriptName=\\n\\tCommandPath=\\n\\tCommandLine=\",\"Binary\":\"\"}}","Channel":"Windows PowerShell","Provider":"PowerShell","EventId":600,"EventRecordId":"1455","ProcessId":0,"ThreadId":0,"Level":"Info","Keywords":"0x80000000000000","SourceFile":"D:\\benign_log_combined_latest_used_actually\\new_benign\\powershell_820.evtx","ExtraDataOffset":0,"HiddenRecord":false,"TimeCreated":"2025-05-02T08:54:42.0614756+00:00","RecordNumber":727}
{"PayloadData1":"HostApplication=powershell.exe -ExecutionPolicy Restricted -Command \r","PayloadData2":"HostName=ConsoleHost\r","PayloadData3":"HostVersion=5.1.19041.5737\r","MapDescription":"Provider is Started","ChunkNumber":15,"Computer":"Server002","Payload":"{\"EventData\":{\"Data\":\"Environment, Started, \\tProviderName=Environment\\n\\tNewProviderState=Started\\n\\n\\tSequenceNumber=5\\n\\n\\tHostName=ConsoleHost\\n\\tHostVersion=5.1.19041.5737\\n\\tHostId=76a593c1-328c-4737-9982-f78c1dfca028\\n\\tHostApplication=powershell.exe -ExecutionPolicy Restricted -Command \\n $Res = 0\\n [UInt64]$MinDiskSpaceThreshold = 20 * 1024 * 1024 * 1024\\n\\n try {\\n $SystemDrive = (Get-CimInstance Win32_OperatingSystem).SystemDrive\\n $SystemDriveLetter = $SystemDrive[0]\\n $SystemDriveSpace = (Get-Volume -DriveLetter $SystemDriveLetter).SizeRemaining\\n Write-Host 'Current system drive space:', $SystemDriveSpace.ToString('N0')\\n if ($SystemDriveSpace -lt $MinDiskSpaceThreshold) {\\n Write-Host 'System drive space is less than the threshold:', $MinDiskSpaceThreshold.ToString('N0'), 'Block Upgrade.'\\n $Res = 1\\n }\\n } catch {\\n # Do nothing\\n }\\n\\n Write-Host 'Final result:', $Res\\n\\n\\tEngineVersion=\\n\\tRunspaceId=\\n\\tPipelineId=\\n\\tCommandName=\\n\\tCommandType=\\n\\tScriptName=\\n\\tCommandPath=\\n\\tCommandLine=\",\"Binary\":\"\"}}","Channel":"Windows PowerShell","Provider":"PowerShell","EventId":600,"EventRecordId":"1456","ProcessId":0,"ThreadId":0,"Level":"Info","Keywords":"0x80000000000000","SourceFile":"D:\\benign_log_combined_latest_used_actually\\new_benign\\powershell_820.evtx","ExtraDataOffset":0,"HiddenRecord":false,"TimeCreated":"2025-05-02T08:54:42.1122182+00:00","RecordNumber":728}
{"PayloadData1":"HostApplication=powershell.exe -ExecutionPolicy Restricted -Command \r","PayloadData2":"HostName=ConsoleHost\r","PayloadData3":"HostVersion=5.1.19041.5737\r","MapDescription":"Provider is Started","ChunkNumber":15,"Computer":"Server002","Payload":"{\"EventData\":{\"Data\":\"FileSystem, Started, \\tProviderName=FileSystem\\n\\tNewProviderState=Started\\n\\n\\tSequenceNumber=7\\n\\n\\tHostName=ConsoleHost\\n\\tHostVersion=5.1.19041.5737\\n\\tHostId=76a593c1-328c-4737-9982-f78c1dfca028\\n\\tHostApplication=powershell.exe -ExecutionPolicy Restricted -Command \\n $Res = 0\\n [UInt64]$MinDiskSpaceThreshold = 20 * 1024 * 1024 * 1024\\n\\n try {\\n $SystemDrive = (Get-CimInstance Win32_OperatingSystem).SystemDrive\\n $SystemDriveLetter = $SystemDrive[0]\\n $SystemDriveSpace = (Get-Volume -DriveLetter $SystemDriveLetter).SizeRemaining\\n Write-Host 'Current system drive space:', $SystemDriveSpace.ToString('N0')\\n if ($SystemDriveSpace -lt $MinDiskSpaceThreshold) {\\n Write-Host 'System drive space is less than the threshold:', $MinDiskSpaceThreshold.ToString('N0'), 'Block Upgrade.'\\n $Res = 1\\n }\\n } catch {\\n # Do nothing\\n }\\n\\n Write-Host 'Final result:', $Res\\n\\n\\tEngineVersion=\\n\\tRunspaceId=\\n\\tPipelineId=\\n\\tCommandName=\\n\\tCommandType=\\n\\tScriptName=\\n\\tCommandPath=\\n\\tCommandLine=\",\"Binary\":\"\"}}","Channel":"Windows PowerShell","Provider":"PowerShell","EventId":600,"EventRecordId":"1457","ProcessId":0,"ThreadId":0,"Level":"Info","Keywords":"0x80000000000000","SourceFile":"D:\\benign_log_combined_latest_used_actually\\new_benign\\powershell_820.evtx","ExtraDataOffset":0,"HiddenRecord":false,"TimeCreated":"2025-05-02T08:54:42.1196687+00:00","RecordNumber":729}
{"PayloadData1":"HostApplication=powershell.exe -ExecutionPolicy Restricted -Command \r","PayloadData2":"HostName=ConsoleHost\r","PayloadData3":"HostVersion=5.1.19041.5737\r","MapDescription":"Provider is Started","ChunkNumber":15,"Computer":"Server002","Payload":"{\"EventData\":{\"Data\":\"Function, Started, \\tProviderName=Function\\n\\tNewProviderState=Started\\n\\n\\tSequenceNumber=9\\n\\n\\tHostName=ConsoleHost\\n\\tHostVersion=5.1.19041.5737\\n\\tHostId=76a593c1-328c-4737-9982-f78c1dfca028\\n\\tHostApplication=powershell.exe -ExecutionPolicy Restricted -Command \\n $Res = 0\\n [UInt64]$MinDiskSpaceThreshold = 20 * 1024 * 1024 * 1024\\n\\n try {\\n $SystemDrive = (Get-CimInstance Win32_OperatingSystem).SystemDrive\\n $SystemDriveLetter = $SystemDrive[0]\\n $SystemDriveSpace = (Get-Volume -DriveLetter $SystemDriveLetter).SizeRemaining\\n Write-Host 'Current system drive space:', $SystemDriveSpace.ToString('N0')\\n if ($SystemDriveSpace -lt $MinDiskSpaceThreshold) {\\n Write-Host 'System drive space is less than the threshold:', $MinDiskSpaceThreshold.ToString('N0'), 'Block Upgrade.'\\n $Res = 1\\n }\\n } catch {\\n # Do nothing\\n }\\n\\n Write-Host 'Final result:', $Res\\n\\n\\tEngineVersion=\\n\\tRunspaceId=\\n\\tPipelineId=\\n\\tCommandName=\\n\\tCommandType=\\n\\tScriptName=\\n\\tCommandPath=\\n\\tCommandLine=\",\"Binary\":\"\"}}","Channel":"Windows PowerShell","Provider":"PowerShell","EventId":600,"EventRecordId":"1458","ProcessId":0,"ThreadId":0,"Level":"Info","Keywords":"0x80000000000000","SourceFile":"D:\\benign_log_combined_latest_used_actually\\new_benign\\powershell_820.evtx","ExtraDataOffset":0,"HiddenRecord":false,"TimeCreated":"2025-05-02T08:54:42.1196687+00:00","RecordNumber":730}
{"PayloadData1":"HostApplication=powershell.exe -ExecutionPolicy Restricted -Command \r","PayloadData2":"HostName=ConsoleHost\r","PayloadData3":"HostVersion=5.1.19041.5737\r","MapDescription":"Provider is Started","ChunkNumber":15,"Computer":"Server002","Payload":"{\"EventData\":{\"Data\":\"Variable, Started, \\tProviderName=Variable\\n\\tNewProviderState=Started\\n\\n\\tSequenceNumber=11\\n\\n\\tHostName=ConsoleHost\\n\\tHostVersion=5.1.19041.5737\\n\\tHostId=76a593c1-328c-4737-9982-f78c1dfca028\\n\\tHostApplication=powershell.exe -ExecutionPolicy Restricted -Command \\n $Res = 0\\n [UInt64]$MinDiskSpaceThreshold = 20 * 1024 * 1024 * 1024\\n\\n try {\\n $SystemDrive = (Get-CimInstance Win32_OperatingSystem).SystemDrive\\n $SystemDriveLetter = $SystemDrive[0]\\n $SystemDriveSpace = (Get-Volume -DriveLetter $SystemDriveLetter).SizeRemaining\\n Write-Host 'Current system drive space:', $SystemDriveSpace.ToString('N0')\\n if ($SystemDriveSpace -lt $MinDiskSpaceThreshold) {\\n Write-Host 'System drive space is less than the threshold:', $MinDiskSpaceThreshold.ToString('N0'), 'Block Upgrade.'\\n $Res = 1\\n }\\n } catch {\\n # Do nothing\\n }\\n\\n Write-Host 'Final result:', $Res\\n\\n\\tEngineVersion=\\n\\tRunspaceId=\\n\\tPipelineId=\\n\\tCommandName=\\n\\tCommandType=\\n\\tScriptName=\\n\\tCommandPath=\\n\\tCommandLine=\",\"Binary\":\"\"}}","Channel":"Windows PowerShell","Provider":"PowerShell","EventId":600,"EventRecordId":"1459","ProcessId":0,"ThreadId":0,"Level":"Info","Keywords":"0x80000000000000","SourceFile":"D:\\benign_log_combined_latest_used_actually\\new_benign\\powershell_820.evtx","ExtraDataOffset":0,"HiddenRecord":false,"TimeCreated":"2025-05-02T08:54:42.1196687+00:00","RecordNumber":731}
{"PayloadData1":"HostApplication=powershell.exe -ExecutionPolicy Restricted -Command \r","PayloadData2":"HostName=ConsoleHost\r","PayloadData3":"HostVersion=5.1.19041.5737\r","MapDescription":"Engine state is changed from None to Available","ChunkNumber":15,"Computer":"Server002","Payload":"{\"EventData\":{\"Data\":\"Available, None, \\tNewEngineState=Available\\n\\tPreviousEngineState=None\\n\\n\\tSequenceNumber=13\\n\\n\\tHostName=ConsoleHost\\n\\tHostVersion=5.1.19041.5737\\n\\tHostId=76a593c1-328c-4737-9982-f78c1dfca028\\n\\tHostApplication=powershell.exe -ExecutionPolicy Restricted -Command \\n $Res = 0\\n [UInt64]$MinDiskSpaceThreshold = 20 * 1024 * 1024 * 1024\\n\\n try {\\n $SystemDrive = (Get-CimInstance Win32_OperatingSystem).SystemDrive\\n $SystemDriveLetter = $SystemDrive[0]\\n $SystemDriveSpace = (Get-Volume -DriveLetter $SystemDriveLetter).SizeRemaining\\n Write-Host 'Current system drive space:', $SystemDriveSpace.ToString('N0')\\n if ($SystemDriveSpace -lt $MinDiskSpaceThreshold) {\\n Write-Host 'System drive space is less than the threshold:', $MinDiskSpaceThreshold.ToString('N0'), 'Block Upgrade.'\\n $Res = 1\\n }\\n } catch {\\n # Do nothing\\n }\\n\\n Write-Host 'Final result:', $Res\\n\\n\\tEngineVersion=5.1.19041.5737\\n\\tRunspaceId=35047418-8d5c-4b1d-9493-2eb8d1a30acf\\n\\tPipelineId=\\n\\tCommandName=\\n\\tCommandType=\\n\\tScriptName=\\n\\tCommandPath=\\n\\tCommandLine=\",\"Binary\":\"\"}}","Channel":"Windows PowerShell","Provider":"PowerShell","EventId":400,"EventRecordId":"1460","ProcessId":0,"ThreadId":0,"Level":"Info","Keywords":"0x80000000000000","SourceFile":"D:\\benign_log_combined_latest_used_actually\\new_benign\\powershell_820.evtx","ExtraDataOffset":0,"HiddenRecord":false,"TimeCreated":"2025-05-02T08:54:42.1895888+00:00","RecordNumber":732}
{"PayloadData1":"HostApplication=powershell.exe -ExecutionPolicy Restricted -Command \r","PayloadData2":"HostName=ConsoleHost\r","PayloadData3":"HostVersion=5.1.19041.5737\r","MapDescription":"Provider is Started","ChunkNumber":15,"Computer":"Server002","Payload":"{\"EventData\":{\"Data\":\"Registry, Started, \\tProviderName=Registry\\n\\tNewProviderState=Started\\n\\n\\tSequenceNumber=1\\n\\n\\tHostName=ConsoleHost\\n\\tHostVersion=5.1.19041.5737\\n\\tHostId=b62ef28d-5d1b-4004-96f1-fb00fc8f4cfa\\n\\tHostApplication=powershell.exe -ExecutionPolicy Restricted -Command \\n $Res = 0\\n [UInt64]$MinDiskSpaceThreshold = 25 * 1024 * 1024 * 1024\\n\\n try {\\n $SystemDrive = (Get-CimInstance Win32_OperatingSystem).SystemDrive\\n $SystemDriveLetter = $SystemDrive[0]\\n $SystemDriveSpace = (Get-Volume -DriveLetter $SystemDriveLetter).SizeRemaining\\n Write-Host 'Current system drive space:', $SystemDriveSpace.ToString('N0')\\n if ($SystemDriveSpace -lt $MinDiskSpaceThreshold) {\\n Write-Host 'System drive space is less than the threshold:', $MinDiskSpaceThreshold.ToString('N0'), 'Applying safeguard.'\\n $Res = 1\\n }\\n } catch {\\n # Do nothing\\n }\\n\\n Write-Host 'Final result:', $Res\\n\\n\\tEngineVersion=\\n\\tRunspaceId=\\n\\tPipelineId=\\n\\tCommandName=\\n\\tCommandType=\\n\\tScriptName=\\n\\tCommandPath=\\n\\tCommandLine=\",\"Binary\":\"\"}}","Channel":"Windows PowerShell","Provider":"PowerShell","EventId":600,"EventRecordId":"1461","ProcessId":0,"ThreadId":0,"Level":"Info","Keywords":"0x80000000000000","SourceFile":"D:\\benign_log_combined_latest_used_actually\\new_benign\\powershell_820.evtx","ExtraDataOffset":0,"HiddenRecord":false,"TimeCreated":"2025-05-02T08:54:43.0224186+00:00","RecordNumber":733}
{"PayloadData1":"HostApplication=powershell.exe -ExecutionPolicy Restricted -Command \r","PayloadData2":"HostName=ConsoleHost\r","PayloadData3":"HostVersion=5.1.19041.5737\r","MapDescription":"Provider is Started","ChunkNumber":15,"Computer":"Server002","Payload":"{\"EventData\":{\"Data\":\"Alias, Started, \\tProviderName=Alias\\n\\tNewProviderState=Started\\n\\n\\tSequenceNumber=3\\n\\n\\tHostName=ConsoleHost\\n\\tHostVersion=5.1.19041.5737\\n\\tHostId=b62ef28d-5d1b-4004-96f1-fb00fc8f4cfa\\n\\tHostApplication=powershell.exe -ExecutionPolicy Restricted -Command \\n $Res = 0\\n [UInt64]$MinDiskSpaceThreshold = 25 * 1024 * 1024 * 1024\\n\\n try {\\n $SystemDrive = (Get-CimInstance Win32_OperatingSystem).SystemDrive\\n $SystemDriveLetter = $SystemDrive[0]\\n $SystemDriveSpace = (Get-Volume -DriveLetter $SystemDriveLetter).SizeRemaining\\n Write-Host 'Current system drive space:', $SystemDriveSpace.ToString('N0')\\n if ($SystemDriveSpace -lt $MinDiskSpaceThreshold) {\\n Write-Host 'System drive space is less than the threshold:', $MinDiskSpaceThreshold.ToString('N0'), 'Applying safeguard.'\\n $Res = 1\\n }\\n } catch {\\n # Do nothing\\n }\\n\\n Write-Host 'Final result:', $Res\\n\\n\\tEngineVersion=\\n\\tRunspaceId=\\n\\tPipelineId=\\n\\tCommandName=\\n\\tCommandType=\\n\\tScriptName=\\n\\tCommandPath=\\n\\tCommandLine=\",\"Binary\":\"\"}}","Channel":"Windows PowerShell","Provider":"PowerShell","EventId":600,"EventRecordId":"1462","ProcessId":0,"ThreadId":0,"Level":"Info","Keywords":"0x80000000000000","SourceFile":"D:\\benign_log_combined_latest_used_actually\\new_benign\\powershell_820.evtx","ExtraDataOffset":0,"HiddenRecord":false,"TimeCreated":"2025-05-02T08:54:43.0224186+00:00","RecordNumber":734}
{"PayloadData1":"HostApplication=powershell.exe -ExecutionPolicy Restricted -Command \r","PayloadData2":"HostName=ConsoleHost\r","PayloadData3":"HostVersion=5.1.19041.5737\r","MapDescription":"Provider is Started","ChunkNumber":15,"Computer":"Server002","Payload":"{\"EventData\":{\"Data\":\"Environment, Started, \\tProviderName=Environment\\n\\tNewProviderState=Started\\n\\n\\tSequenceNumber=5\\n\\n\\tHostName=ConsoleHost\\n\\tHostVersion=5.1.19041.5737\\n\\tHostId=b62ef28d-5d1b-4004-96f1-fb00fc8f4cfa\\n\\tHostApplication=powershell.exe -ExecutionPolicy Restricted -Command \\n $Res = 0\\n [UInt64]$MinDiskSpaceThreshold = 25 * 1024 * 1024 * 1024\\n\\n try {\\n $SystemDrive = (Get-CimInstance Win32_OperatingSystem).SystemDrive\\n $SystemDriveLetter = $SystemDrive[0]\\n $SystemDriveSpace = (Get-Volume -DriveLetter $SystemDriveLetter).SizeRemaining\\n Write-Host 'Current system drive space:', $SystemDriveSpace.ToString('N0')\\n if ($SystemDriveSpace -lt $MinDiskSpaceThreshold) {\\n Write-Host 'System drive space is less than the threshold:', $MinDiskSpaceThreshold.ToString('N0'), 'Applying safeguard.'\\n $Res = 1\\n }\\n } catch {\\n # Do nothing\\n }\\n\\n Write-Host 'Final result:', $Res\\n\\n\\tEngineVersion=\\n\\tRunspaceId=\\n\\tPipelineId=\\n\\tCommandName=\\n\\tCommandType=\\n\\tScriptName=\\n\\tCommandPath=\\n\\tCommandLine=\",\"Binary\":\"\"}}","Channel":"Windows PowerShell","Provider":"PowerShell","EventId":600,"EventRecordId":"1463","ProcessId":0,"ThreadId":0,"Level":"Info","Keywords":"0x80000000000000","SourceFile":"D:\\benign_log_combined_latest_used_actually\\new_benign\\powershell_820.evtx","ExtraDataOffset":0,"HiddenRecord":false,"TimeCreated":"2025-05-02T08:54:43.0224186+00:00","RecordNumber":735}
{"PayloadData1":"HostApplication=powershell.exe -ExecutionPolicy Restricted -Command \r","PayloadData2":"HostName=ConsoleHost\r","PayloadData3":"HostVersion=5.1.19041.5737\r","MapDescription":"Provider is Started","ChunkNumber":15,"Computer":"Server002","Payload":"{\"EventData\":{\"Data\":\"FileSystem, Started, \\tProviderName=FileSystem\\n\\tNewProviderState=Started\\n\\n\\tSequenceNumber=7\\n\\n\\tHostName=ConsoleHost\\n\\tHostVersion=5.1.19041.5737\\n\\tHostId=b62ef28d-5d1b-4004-96f1-fb00fc8f4cfa\\n\\tHostApplication=powershell.exe -ExecutionPolicy Restricted -Command \\n $Res = 0\\n [UInt64]$MinDiskSpaceThreshold = 25 * 1024 * 1024 * 1024\\n\\n try {\\n $SystemDrive = (Get-CimInstance Win32_OperatingSystem).SystemDrive\\n $SystemDriveLetter = $SystemDrive[0]\\n $SystemDriveSpace = (Get-Volume -DriveLetter $SystemDriveLetter).SizeRemaining\\n Write-Host 'Current system drive space:', $SystemDriveSpace.ToString('N0')\\n if ($SystemDriveSpace -lt $MinDiskSpaceThreshold) {\\n Write-Host 'System drive space is less than the threshold:', $MinDiskSpaceThreshold.ToString('N0'), 'Applying safeguard.'\\n $Res = 1\\n }\\n } catch {\\n # Do nothing\\n }\\n\\n Write-Host 'Final result:', $Res\\n\\n\\tEngineVersion=\\n\\tRunspaceId=\\n\\tPipelineId=\\n\\tCommandName=\\n\\tCommandType=\\n\\tScriptName=\\n\\tCommandPath=\\n\\tCommandLine=\",\"Binary\":\"\"}}","Channel":"Windows PowerShell","Provider":"PowerShell","EventId":600,"EventRecordId":"1464","ProcessId":0,"ThreadId":0,"Level":"Info","Keywords":"0x80000000000000","SourceFile":"D:\\benign_log_combined_latest_used_actually\\new_benign\\powershell_820.evtx","ExtraDataOffset":0,"HiddenRecord":false,"TimeCreated":"2025-05-02T08:54:43.0224186+00:00","RecordNumber":736}
{"PayloadData1":"HostApplication=powershell.exe -ExecutionPolicy Restricted -Command \r","PayloadData2":"HostName=ConsoleHost\r","PayloadData3":"HostVersion=5.1.19041.5737\r","MapDescription":"Provider is Started","ChunkNumber":16,"Computer":"Server002","Payload":"{\"EventData\":{\"Data\":\"Function, Started, \\tProviderName=Function\\n\\tNewProviderState=Started\\n\\n\\tSequenceNumber=9\\n\\n\\tHostName=ConsoleHost\\n\\tHostVersion=5.1.19041.5737\\n\\tHostId=b62ef28d-5d1b-4004-96f1-fb00fc8f4cfa\\n\\tHostApplication=powershell.exe -ExecutionPolicy Restricted -Command \\n $Res = 0\\n [UInt64]$MinDiskSpaceThreshold = 25 * 1024 * 1024 * 1024\\n\\n try {\\n $SystemDrive = (Get-CimInstance Win32_OperatingSystem).SystemDrive\\n $SystemDriveLetter = $SystemDrive[0]\\n $SystemDriveSpace = (Get-Volume -DriveLetter $SystemDriveLetter).SizeRemaining\\n Write-Host 'Current system drive space:', $SystemDriveSpace.ToString('N0')\\n if ($SystemDriveSpace -lt $MinDiskSpaceThreshold) {\\n Write-Host 'System drive space is less than the threshold:', $MinDiskSpaceThreshold.ToString('N0'), 'Applying safeguard.'\\n $Res = 1\\n }\\n } catch {\\n # Do nothing\\n }\\n\\n Write-Host 'Final result:', $Res\\n\\n\\tEngineVersion=\\n\\tRunspaceId=\\n\\tPipelineId=\\n\\tCommandName=\\n\\tCommandType=\\n\\tScriptName=\\n\\tCommandPath=\\n\\tCommandLine=\",\"Binary\":\"\"}}","Channel":"Windows PowerShell","Provider":"PowerShell","EventId":600,"EventRecordId":"1465","ProcessId":0,"ThreadId":0,"Level":"Info","Keywords":"0x80000000000000","SourceFile":"D:\\benign_log_combined_latest_used_actually\\new_benign\\powershell_820.evtx","ExtraDataOffset":0,"HiddenRecord":false,"TimeCreated":"2025-05-02T08:54:43.0224186+00:00","RecordNumber":737}
{"PayloadData1":"HostApplication=powershell.exe -ExecutionPolicy Restricted -Command \r","PayloadData2":"HostName=ConsoleHost\r","PayloadData3":"HostVersion=5.1.19041.5737\r","MapDescription":"Provider is Started","ChunkNumber":16,"Computer":"Server002","Payload":"{\"EventData\":{\"Data\":\"Variable, Started, \\tProviderName=Variable\\n\\tNewProviderState=Started\\n\\n\\tSequenceNumber=11\\n\\n\\tHostName=ConsoleHost\\n\\tHostVersion=5.1.19041.5737\\n\\tHostId=b62ef28d-5d1b-4004-96f1-fb00fc8f4cfa\\n\\tHostApplication=powershell.exe -ExecutionPolicy Restricted -Command \\n $Res = 0\\n [UInt64]$MinDiskSpaceThreshold = 25 * 1024 * 1024 * 1024\\n\\n try {\\n $SystemDrive = (Get-CimInstance Win32_OperatingSystem).SystemDrive\\n $SystemDriveLetter = $SystemDrive[0]\\n $SystemDriveSpace = (Get-Volume -DriveLetter $SystemDriveLetter).SizeRemaining\\n Write-Host 'Current system drive space:', $SystemDriveSpace.ToString('N0')\\n if ($SystemDriveSpace -lt $MinDiskSpaceThreshold) {\\n Write-Host 'System drive space is less than the threshold:', $MinDiskSpaceThreshold.ToString('N0'), 'Applying safeguard.'\\n $Res = 1\\n }\\n } catch {\\n # Do nothing\\n }\\n\\n Write-Host 'Final result:', $Res\\n\\n\\tEngineVersion=\\n\\tRunspaceId=\\n\\tPipelineId=\\n\\tCommandName=\\n\\tCommandType=\\n\\tScriptName=\\n\\tCommandPath=\\n\\tCommandLine=\",\"Binary\":\"\"}}","Channel":"Windows PowerShell","Provider":"PowerShell","EventId":600,"EventRecordId":"1466","ProcessId":0,"ThreadId":0,"Level":"Info","Keywords":"0x80000000000000","SourceFile":"D:\\benign_log_combined_latest_used_actually\\new_benign\\powershell_820.evtx","ExtraDataOffset":0,"HiddenRecord":false,"TimeCreated":"2025-05-02T08:54:43.0318671+00:00","RecordNumber":738}
{"PayloadData1":"HostApplication=powershell.exe -ExecutionPolicy Restricted -Command \r","PayloadData2":"HostName=ConsoleHost\r","PayloadData3":"HostVersion=5.1.19041.5737\r","MapDescription":"Engine state is changed from None to Available","ChunkNumber":16,"Computer":"Server002","Payload":"{\"EventData\":{\"Data\":\"Available, None, \\tNewEngineState=Available\\n\\tPreviousEngineState=None\\n\\n\\tSequenceNumber=13\\n\\n\\tHostName=ConsoleHost\\n\\tHostVersion=5.1.19041.5737\\n\\tHostId=b62ef28d-5d1b-4004-96f1-fb00fc8f4cfa\\n\\tHostApplication=powershell.exe -ExecutionPolicy Restricted -Command \\n $Res = 0\\n [UInt64]$MinDiskSpaceThreshold = 25 * 1024 * 1024 * 1024\\n\\n try {\\n $SystemDrive = (Get-CimInstance Win32_OperatingSystem).SystemDrive\\n $SystemDriveLetter = $SystemDrive[0]\\n $SystemDriveSpace = (Get-Volume -DriveLetter $SystemDriveLetter).SizeRemaining\\n Write-Host 'Current system drive space:', $SystemDriveSpace.ToString('N0')\\n if ($SystemDriveSpace -lt $MinDiskSpaceThreshold) {\\n Write-Host 'System drive space is less than the threshold:', $MinDiskSpaceThreshold.ToString('N0'), 'Applying safeguard.'\\n $Res = 1\\n }\\n } catch {\\n # Do nothing\\n }\\n\\n Write-Host 'Final result:', $Res\\n\\n\\tEngineVersion=5.1.19041.5737\\n\\tRunspaceId=16593f25-52a7-46b2-9a50-4e9f48eb27e0\\n\\tPipelineId=\\n\\tCommandName=\\n\\tCommandType=\\n\\tScriptName=\\n\\tCommandPath=\\n\\tCommandLine=\",\"Binary\":\"\"}}","Channel":"Windows PowerShell","Provider":"PowerShell","EventId":400,"EventRecordId":"1467","ProcessId":0,"ThreadId":0,"Level":"Info","Keywords":"0x80000000000000","SourceFile":"D:\\benign_log_combined_latest_used_actually\\new_benign\\powershell_820.evtx","ExtraDataOffset":0,"HiddenRecord":false,"TimeCreated":"2025-05-02T08:54:43.0318671+00:00","RecordNumber":739}
{"PayloadData1":"HostApplication=powershell.exe -ExecutionPolicy Restricted -Command Write-Host 'Final result: 1';\r","PayloadData2":"HostName=ConsoleHost\r","PayloadData3":"HostVersion=5.1.19041.5737\r","MapDescription":"Provider is Started","ChunkNumber":16,"Computer":"Server002","Payload":"{\"EventData\":{\"Data\":\"Registry, Started, \\tProviderName=Registry\\n\\tNewProviderState=Started\\n\\n\\tSequenceNumber=1\\n\\n\\tHostName=ConsoleHost\\n\\tHostVersion=5.1.19041.5737\\n\\tHostId=981f5657-811f-4fa9-845d-1a3f35f206c8\\n\\tHostApplication=powershell.exe -ExecutionPolicy Restricted -Command Write-Host 'Final result: 1';\\n\\tEngineVersion=\\n\\tRunspaceId=\\n\\tPipelineId=\\n\\tCommandName=\\n\\tCommandType=\\n\\tScriptName=\\n\\tCommandPath=\\n\\tCommandLine=\",\"Binary\":\"\"}}","Channel":"Windows PowerShell","Provider":"PowerShell","EventId":600,"EventRecordId":"1468","ProcessId":0,"ThreadId":0,"Level":"Info","Keywords":"0x80000000000000","SourceFile":"D:\\benign_log_combined_latest_used_actually\\new_benign\\powershell_820.evtx","ExtraDataOffset":0,"HiddenRecord":false,"TimeCreated":"2025-05-02T08:54:47.5410010+00:00","RecordNumber":740}
{"PayloadData1":"HostApplication=powershell.exe -ExecutionPolicy Restricted -Command Write-Host 'Final result: 1';\r","PayloadData2":"HostName=ConsoleHost\r","PayloadData3":"HostVersion=5.1.19041.5737\r","MapDescription":"Provider is Started","ChunkNumber":16,"Computer":"Server002","Payload":"{\"EventData\":{\"Data\":\"Alias, Started, \\tProviderName=Alias\\n\\tNewProviderState=Started\\n\\n\\tSequenceNumber=3\\n\\n\\tHostName=ConsoleHost\\n\\tHostVersion=5.1.19041.5737\\n\\tHostId=981f5657-811f-4fa9-845d-1a3f35f206c8\\n\\tHostApplication=powershell.exe -ExecutionPolicy Restricted -Command Write-Host 'Final result: 1';\\n\\tEngineVersion=\\n\\tRunspaceId=\\n\\tPipelineId=\\n\\tCommandName=\\n\\tCommandType=\\n\\tScriptName=\\n\\tCommandPath=\\n\\tCommandLine=\",\"Binary\":\"\"}}","Channel":"Windows PowerShell","Provider":"PowerShell","EventId":600,"EventRecordId":"1469","ProcessId":0,"ThreadId":0,"Level":"Info","Keywords":"0x80000000000000","SourceFile":"D:\\benign_log_combined_latest_used_actually\\new_benign\\powershell_820.evtx","ExtraDataOffset":0,"HiddenRecord":false,"TimeCreated":"2025-05-02T08:54:47.5410010+00:00","RecordNumber":741}
{"PayloadData1":"HostApplication=powershell.exe -ExecutionPolicy Restricted -Command Write-Host 'Final result: 1';\r","PayloadData2":"HostName=ConsoleHost\r","PayloadData3":"HostVersion=5.1.19041.5737\r","MapDescription":"Provider is Started","ChunkNumber":16,"Computer":"Server002","Payload":"{\"EventData\":{\"Data\":\"Environment, Started, \\tProviderName=Environment\\n\\tNewProviderState=Started\\n\\n\\tSequenceNumber=5\\n\\n\\tHostName=ConsoleHost\\n\\tHostVersion=5.1.19041.5737\\n\\tHostId=981f5657-811f-4fa9-845d-1a3f35f206c8\\n\\tHostApplication=powershell.exe -ExecutionPolicy Restricted -Command Write-Host 'Final result: 1';\\n\\tEngineVersion=\\n\\tRunspaceId=\\n\\tPipelineId=\\n\\tCommandName=\\n\\tCommandType=\\n\\tScriptName=\\n\\tCommandPath=\\n\\tCommandLine=\",\"Binary\":\"\"}}","Channel":"Windows PowerShell","Provider":"PowerShell","EventId":600,"EventRecordId":"1470","ProcessId":0,"ThreadId":0,"Level":"Info","Keywords":"0x80000000000000","SourceFile":"D:\\benign_log_combined_latest_used_actually\\new_benign\\powershell_820.evtx","ExtraDataOffset":0,"HiddenRecord":false,"TimeCreated":"2025-05-02T08:54:47.5410010+00:00","RecordNumber":742}
{"PayloadData1":"HostApplication=powershell.exe -ExecutionPolicy Restricted -Command Write-Host 'Final result: 1';\r","PayloadData2":"HostName=ConsoleHost\r","PayloadData3":"HostVersion=5.1.19041.5737\r","MapDescription":"Provider is Started","ChunkNumber":16,"Computer":"Server002","Payload":"{\"EventData\":{\"Data\":\"FileSystem, Started, \\tProviderName=FileSystem\\n\\tNewProviderState=Started\\n\\n\\tSequenceNumber=7\\n\\n\\tHostName=ConsoleHost\\n\\tHostVersion=5.1.19041.5737\\n\\tHostId=981f5657-811f-4fa9-845d-1a3f35f206c8\\n\\tHostApplication=powershell.exe -ExecutionPolicy Restricted -Command Write-Host 'Final result: 1';\\n\\tEngineVersion=\\n\\tRunspaceId=\\n\\tPipelineId=\\n\\tCommandName=\\n\\tCommandType=\\n\\tScriptName=\\n\\tCommandPath=\\n\\tCommandLine=\",\"Binary\":\"\"}}","Channel":"Windows PowerShell","Provider":"PowerShell","EventId":600,"EventRecordId":"1471","ProcessId":0,"ThreadId":0,"Level":"Info","Keywords":"0x80000000000000","SourceFile":"D:\\benign_log_combined_latest_used_actually\\new_benign\\powershell_820.evtx","ExtraDataOffset":0,"HiddenRecord":false,"TimeCreated":"2025-05-02T08:54:47.5410010+00:00","RecordNumber":743}
{"PayloadData1":"HostApplication=powershell.exe -ExecutionPolicy Restricted -Command Write-Host 'Final result: 1';\r","PayloadData2":"HostName=ConsoleHost\r","PayloadData3":"HostVersion=5.1.19041.5737\r","MapDescription":"Provider is Started","ChunkNumber":16,"Computer":"Server002","Payload":"{\"EventData\":{\"Data\":\"Function, Started, \\tProviderName=Function\\n\\tNewProviderState=Started\\n\\n\\tSequenceNumber=9\\n\\n\\tHostName=ConsoleHost\\n\\tHostVersion=5.1.19041.5737\\n\\tHostId=981f5657-811f-4fa9-845d-1a3f35f206c8\\n\\tHostApplication=powershell.exe -ExecutionPolicy Restricted -Command Write-Host 'Final result: 1';\\n\\tEngineVersion=\\n\\tRunspaceId=\\n\\tPipelineId=\\n\\tCommandName=\\n\\tCommandType=\\n\\tScriptName=\\n\\tCommandPath=\\n\\tCommandLine=\",\"Binary\":\"\"}}","Channel":"Windows PowerShell","Provider":"PowerShell","EventId":600,"EventRecordId":"1472","ProcessId":0,"ThreadId":0,"Level":"Info","Keywords":"0x80000000000000","SourceFile":"D:\\benign_log_combined_latest_used_actually\\new_benign\\powershell_820.evtx","ExtraDataOffset":0,"HiddenRecord":false,"TimeCreated":"2025-05-02T08:54:47.5410010+00:00","RecordNumber":744}
{"PayloadData1":"HostApplication=powershell.exe -ExecutionPolicy Restricted -Command Write-Host 'Final result: 1';\r","PayloadData2":"HostName=ConsoleHost\r","PayloadData3":"HostVersion=5.1.19041.5737\r","MapDescription":"Provider is Started","ChunkNumber":16,"Computer":"Server002","Payload":"{\"EventData\":{\"Data\":\"Variable, Started, \\tProviderName=Variable\\n\\tNewProviderState=Started\\n\\n\\tSequenceNumber=11\\n\\n\\tHostName=ConsoleHost\\n\\tHostVersion=5.1.19041.5737\\n\\tHostId=981f5657-811f-4fa9-845d-1a3f35f206c8\\n\\tHostApplication=powershell.exe -ExecutionPolicy Restricted -Command Write-Host 'Final result: 1';\\n\\tEngineVersion=\\n\\tRunspaceId=\\n\\tPipelineId=\\n\\tCommandName=\\n\\tCommandType=\\n\\tScriptName=\\n\\tCommandPath=\\n\\tCommandLine=\",\"Binary\":\"\"}}","Channel":"Windows PowerShell","Provider":"PowerShell","EventId":600,"EventRecordId":"1473","ProcessId":0,"ThreadId":0,"Level":"Info","Keywords":"0x80000000000000","SourceFile":"D:\\benign_log_combined_latest_used_actually\\new_benign\\powershell_820.evtx","ExtraDataOffset":0,"HiddenRecord":false,"TimeCreated":"2025-05-02T08:54:47.5410010+00:00","RecordNumber":745}
{"PayloadData1":"HostApplication=powershell.exe -ExecutionPolicy Restricted -Command Write-Host 'Final result: 1';\r","PayloadData2":"HostName=ConsoleHost\r","PayloadData3":"HostVersion=5.1.19041.5737\r","MapDescription":"Engine state is changed from None to Available","ChunkNumber":16,"Computer":"Server002","Payload":"{\"EventData\":{\"Data\":\"Available, None, \\tNewEngineState=Available\\n\\tPreviousEngineState=None\\n\\n\\tSequenceNumber=13\\n\\n\\tHostName=ConsoleHost\\n\\tHostVersion=5.1.19041.5737\\n\\tHostId=981f5657-811f-4fa9-845d-1a3f35f206c8\\n\\tHostApplication=powershell.exe -ExecutionPolicy Restricted -Command Write-Host 'Final result: 1';\\n\\tEngineVersion=5.1.19041.5737\\n\\tRunspaceId=fb8032cb-f4fa-47b3-8235-4146b1711623\\n\\tPipelineId=\\n\\tCommandName=\\n\\tCommandType=\\n\\tScriptName=\\n\\tCommandPath=\\n\\tCommandLine=\",\"Binary\":\"\"}}","Channel":"Windows PowerShell","Provider":"PowerShell","EventId":400,"EventRecordId":"1474","ProcessId":0,"ThreadId":0,"Level":"Info","Keywords":"0x80000000000000","SourceFile":"D:\\benign_log_combined_latest_used_actually\\new_benign\\powershell_820.evtx","ExtraDataOffset":0,"HiddenRecord":false,"TimeCreated":"2025-05-02T08:54:47.5638431+00:00","RecordNumber":746}
