{"PayloadData1":"HostApplication=powershell.exe -ExecutionPolicy Restricted -Command $Res = 0; $Infs = Get-Item -Path ($env:WinDir + '\\inf\\*.inf'); foreach ($Inf in $Infs) { $Data = Get-Content $Inf.FullName; if ($Data -match '\\[defaultinstall.nt(amd64|arm|arm64|x86)\\]') { $Res = 1; break; } } Write-Host 'Final result:', $Res;\r","PayloadData2":"HostName=ConsoleHost\r","PayloadData3":"HostVersion=5.1.19041.2673\r","MapDescription":"Provider is Started","ChunkNumber":0,"Computer":"Server002","Payload":"{\"EventData\":{\"Data\":\"Alias, Started, \\tProviderName=Alias\\n\\tNewProviderState=Started\\n\\n\\tSequenceNumber=3\\n\\n\\tHostName=ConsoleHost\\n\\tHostVersion=5.1.19041.2673\\n\\tHostId=4fae054b-6c20-4585-aa12-8323987dfa0a\\n\\tHostApplication=powershell.exe -ExecutionPolicy Restricted -Command $Res = 0; $Infs = Get-Item -Path ($env:WinDir + '\\\\inf\\\\*.inf'); foreach ($Inf in $Infs) { $Data = Get-Content $Inf.FullName; if ($Data -match '\\\\[defaultinstall.nt(amd64|arm|arm64|x86)\\\\]') { $Res = 1; break; } } Write-Host 'Final result:', $Res;\\n\\tEngineVersion=\\n\\tRunspaceId=\\n\\tPipelineId=\\n\\tCommandName=\\n\\tCommandType=\\n\\tScriptName=\\n\\tCommandPath=\\n\\tCommandLine=\",\"Binary\":\"\"}}","Channel":"Windows PowerShell","Provider":"PowerShell","EventId":600,"EventRecordId":"769","ProcessId":0,"ThreadId":0,"Level":"Info","Keywords":"0x80000000000000","SourceFile":"D:\\benign_log_combined_latest_used_actually\\new_benign\\powershell_820.evtx","ExtraDataOffset":0,"HiddenRecord":false,"TimeCreated":"2024-10-03T14:01:39.8436809+00:00","RecordNumber":41}
{"PayloadData1":"HostApplication=powershell.exe -ExecutionPolicy Restricted -Command $Res = 0; $Infs = Get-Item -Path ($env:WinDir + '\\inf\\*.inf'); foreach ($Inf in $Infs) { $Data = Get-Content $Inf.FullName; if ($Data -match '\\[defaultinstall.nt(amd64|arm|arm64|x86)\\]') { $Res = 1; break; } } Write-Host 'Final result:', $Res;\r","PayloadData2":"HostName=ConsoleHost\r","PayloadData3":"HostVersion=5.1.19041.2673\r","MapDescription":"Provider is Started","ChunkNumber":0,"Computer":"Server002","Payload":"{\"EventData\":{\"Data\":\"Environment, Started, \\tProviderName=Environment\\n\\tNewProviderState=Started\\n\\n\\tSequenceNumber=5\\n\\n\\tHostName=ConsoleHost\\n\\tHostVersion=5.1.19041.2673\\n\\tHostId=4fae054b-6c20-4585-aa12-8323987dfa0a\\n\\tHostApplication=powershell.exe -ExecutionPolicy Restricted -Command $Res = 0; $Infs = Get-Item -Path ($env:WinDir + '\\\\inf\\\\*.inf'); foreach ($Inf in $Infs) { $Data = Get-Content $Inf.FullName; if ($Data -match '\\\\[defaultinstall.nt(amd64|arm|arm64|x86)\\\\]') { $Res = 1; break; } } Write-Host 'Final result:', $Res;\\n\\tEngineVersion=\\n\\tRunspaceId=\\n\\tPipelineId=\\n\\tCommandName=\\n\\tCommandType=\\n\\tScriptName=\\n\\tCommandPath=\\n\\tCommandLine=\",\"Binary\":\"\"}}","Channel":"Windows PowerShell","Provider":"PowerShell","EventId":600,"EventRecordId":"770","ProcessId":0,"ThreadId":0,"Level":"Info","Keywords":"0x80000000000000","SourceFile":"D:\\benign_log_combined_latest_used_actually\\new_benign\\powershell_820.evtx","ExtraDataOffset":0,"HiddenRecord":false,"TimeCreated":"2024-10-03T14:01:39.8436809+00:00","RecordNumber":42}
{"PayloadData1":"HostApplication=powershell.exe -ExecutionPolicy Restricted -Command $Res = 0; $Infs = Get-Item -Path ($env:WinDir + '\\inf\\*.inf'); foreach ($Inf in $Infs) { $Data = Get-Content $Inf.FullName; if ($Data -match '\\[defaultinstall.nt(amd64|arm|arm64|x86)\\]') { $Res = 1; break; } } Write-Host 'Final result:', $Res;\r","PayloadData2":"HostName=ConsoleHost\r","PayloadData3":"HostVersion=5.1.19041.2673\r","MapDescription":"Provider is Started","ChunkNumber":0,"Computer":"Server002","Payload":"{\"EventData\":{\"Data\":\"FileSystem, Started, \\tProviderName=FileSystem\\n\\tNewProviderState=Started\\n\\n\\tSequenceNumber=7\\n\\n\\tHostName=ConsoleHost\\n\\tHostVersion=5.1.19041.2673\\n\\tHostId=4fae054b-6c20-4585-aa12-8323987dfa0a\\n\\tHostApplication=powershell.exe -ExecutionPolicy Restricted -Command $Res = 0; $Infs = Get-Item -Path ($env:WinDir + '\\\\inf\\\\*.inf'); foreach ($Inf in $Infs) { $Data = Get-Content $Inf.FullName; if ($Data -match '\\\\[defaultinstall.nt(amd64|arm|arm64|x86)\\\\]') { $Res = 1; break; } } Write-Host 'Final result:', $Res;\\n\\tEngineVersion=\\n\\tRunspaceId=\\n\\tPipelineId=\\n\\tCommandName=\\n\\tCommandType=\\n\\tScriptName=\\n\\tCommandPath=\\n\\tCommandLine=\",\"Binary\":\"\"}}","Channel":"Windows PowerShell","Provider":"PowerShell","EventId":600,"EventRecordId":"771","ProcessId":0,"ThreadId":0,"Level":"Info","Keywords":"0x80000000000000","SourceFile":"D:\\benign_log_combined_latest_used_actually\\new_benign\\powershell_820.evtx","ExtraDataOffset":0,"HiddenRecord":false,"TimeCreated":"2024-10-03T14:01:39.8436809+00:00","RecordNumber":43}
{"PayloadData1":"HostApplication=powershell.exe -ExecutionPolicy Restricted -Command $Res = 0; $Infs = Get-Item -Path ($env:WinDir + '\\inf\\*.inf'); foreach ($Inf in $Infs) { $Data = Get-Content $Inf.FullName; if ($Data -match '\\[defaultinstall.nt(amd64|arm|arm64|x86)\\]') { $Res = 1; break; } } Write-Host 'Final result:', $Res;\r","PayloadData2":"HostName=ConsoleHost\r","PayloadData3":"HostVersion=5.1.19041.2673\r","MapDescription":"Provider is Started","ChunkNumber":0,"Computer":"Server002","Payload":"{\"EventData\":{\"Data\":\"Function, Started, \\tProviderName=Function\\n\\tNewProviderState=Started\\n\\n\\tSequenceNumber=9\\n\\n\\tHostName=ConsoleHost\\n\\tHostVersion=5.1.19041.2673\\n\\tHostId=4fae054b-6c20-4585-aa12-8323987dfa0a\\n\\tHostApplication=powershell.exe -ExecutionPolicy Restricted -Command $Res = 0; $Infs = Get-Item -Path ($env:WinDir + '\\\\inf\\\\*.inf'); foreach ($Inf in $Infs) { $Data = Get-Content $Inf.FullName; if ($Data -match '\\\\[defaultinstall.nt(amd64|arm|arm64|x86)\\\\]') { $Res = 1; break; } } Write-Host 'Final result:', $Res;\\n\\tEngineVersion=\\n\\tRunspaceId=\\n\\tPipelineId=\\n\\tCommandName=\\n\\tCommandType=\\n\\tScriptName=\\n\\tCommandPath=\\n\\tCommandLine=\",\"Binary\":\"\"}}","Channel":"Windows PowerShell","Provider":"PowerShell","EventId":600,"EventRecordId":"772","ProcessId":0,"ThreadId":0,"Level":"Info","Keywords":"0x80000000000000","SourceFile":"D:\\benign_log_combined_latest_used_actually\\new_benign\\powershell_820.evtx","ExtraDataOffset":0,"HiddenRecord":false,"TimeCreated":"2024-10-03T14:01:39.8517716+00:00","RecordNumber":44}
{"PayloadData1":"HostApplication=powershell.exe -ExecutionPolicy Restricted -Command $Res = 0; $Infs = Get-Item -Path ($env:WinDir + '\\inf\\*.inf'); foreach ($Inf in $Infs) { $Data = Get-Content $Inf.FullName; if ($Data -match '\\[defaultinstall.nt(amd64|arm|arm64|x86)\\]') { $Res = 1; break; } } Write-Host 'Final result:', $Res;\r","PayloadData2":"HostName=ConsoleHost\r","PayloadData3":"HostVersion=5.1.19041.2673\r","MapDescription":"Provider is Started","ChunkNumber":0,"Computer":"Server002","Payload":"{\"EventData\":{\"Data\":\"Variable, Started, \\tProviderName=Variable\\n\\tNewProviderState=Started\\n\\n\\tSequenceNumber=11\\n\\n\\tHostName=ConsoleHost\\n\\tHostVersion=5.1.19041.2673\\n\\tHostId=4fae054b-6c20-4585-aa12-8323987dfa0a\\n\\tHostApplication=powershell.exe -ExecutionPolicy Restricted -Command $Res = 0; $Infs = Get-Item -Path ($env:WinDir + '\\\\inf\\\\*.inf'); foreach ($Inf in $Infs) { $Data = Get-Content $Inf.FullName; if ($Data -match '\\\\[defaultinstall.nt(amd64|arm|arm64|x86)\\\\]') { $Res = 1; break; } } Write-Host 'Final result:', $Res;\\n\\tEngineVersion=\\n\\tRunspaceId=\\n\\tPipelineId=\\n\\tCommandName=\\n\\tCommandType=\\n\\tScriptName=\\n\\tCommandPath=\\n\\tCommandLine=\",\"Binary\":\"\"}}","Channel":"Windows PowerShell","Provider":"PowerShell","EventId":600,"EventRecordId":"773","ProcessId":0,"ThreadId":0,"Level":"Info","Keywords":"0x80000000000000","SourceFile":"D:\\benign_log_combined_latest_used_actually\\new_benign\\powershell_820.evtx","ExtraDataOffset":0,"HiddenRecord":false,"TimeCreated":"2024-10-03T14:01:39.8517716+00:00","RecordNumber":45}
{"PayloadData1":"HostApplication=powershell.exe -ExecutionPolicy Restricted -Command $Res = 0; $Infs = Get-Item -Path ($env:WinDir + '\\inf\\*.inf'); foreach ($Inf in $Infs) { $Data = Get-Content $Inf.FullName; if ($Data -match '\\[defaultinstall.nt(amd64|arm|arm64|x86)\\]') { $Res = 1; break; } } Write-Host 'Final result:', $Res;\r","PayloadData2":"HostName=ConsoleHost\r","PayloadData3":"HostVersion=5.1.19041.2673\r","MapDescription":"Engine state is changed from None to Available","ChunkNumber":0,"Computer":"Server002","Payload":"{\"EventData\":{\"Data\":\"Available, None, \\tNewEngineState=Available\\n\\tPreviousEngineState=None\\n\\n\\tSequenceNumber=13\\n\\n\\tHostName=ConsoleHost\\n\\tHostVersion=5.1.19041.2673\\n\\tHostId=4fae054b-6c20-4585-aa12-8323987dfa0a\\n\\tHostApplication=powershell.exe -ExecutionPolicy Restricted -Command $Res = 0; $Infs = Get-Item -Path ($env:WinDir + '\\\\inf\\\\*.inf'); foreach ($Inf in $Infs) { $Data = Get-Content $Inf.FullName; if ($Data -match '\\\\[defaultinstall.nt(amd64|arm|arm64|x86)\\\\]') { $Res = 1; break; } } Write-Host 'Final result:', $Res;\\n\\tEngineVersion=5.1.19041.2673\\n\\tRunspaceId=dd1fd7c4-e6fc-440d-95b6-60ff6bf6be4d\\n\\tPipelineId=\\n\\tCommandName=\\n\\tCommandType=\\n\\tScriptName=\\n\\tCommandPath=\\n\\tCommandLine=\",\"Binary\":\"\"}}","Channel":"Windows PowerShell","Provider":"PowerShell","EventId":400,"EventRecordId":"774","ProcessId":0,"ThreadId":0,"Level":"Info","Keywords":"0x80000000000000","SourceFile":"D:\\benign_log_combined_latest_used_actually\\new_benign\\powershell_820.evtx","ExtraDataOffset":0,"HiddenRecord":false,"TimeCreated":"2024-10-03T14:01:40.7638000+00:00","RecordNumber":46}
{"PayloadData1":"HostApplication=powershell.exe -ExecutionPolicy Restricted -Command $Res = 0; $Infs = Get-Item -Path ($env:WinDir + '\\inf\\*.inf'); foreach ($Inf in $Infs) { $Data = Get-Content $Inf.FullName; if ($Data -match '\\[defaultinstall.nt(amd64|arm|arm64|x86)\\]') { $Res = 1; break; } } Write-Host 'Final result:', $Res;\r","PayloadData2":"HostName=ConsoleHost\r","PayloadData3":"HostVersion=5.1.19041.2673\r","MapDescription":"Engine state is changed from Available to Stopped","ChunkNumber":0,"Computer":"Server002","Payload":"{\"EventData\":{\"Data\":\"Stopped, Available, \\tNewEngineState=Stopped\\n\\tPreviousEngineState=Available\\n\\n\\tSequenceNumber=15\\n\\n\\tHostName=ConsoleHost\\n\\tHostVersion=5.1.19041.2673\\n\\tHostId=4fae054b-6c20-4585-aa12-8323987dfa0a\\n\\tHostApplication=powershell.exe -ExecutionPolicy Restricted -Command $Res = 0; $Infs = Get-Item -Path ($env:WinDir + '\\\\inf\\\\*.inf'); foreach ($Inf in $Infs) { $Data = Get-Content $Inf.FullName; if ($Data -match '\\\\[defaultinstall.nt(amd64|arm|arm64|x86)\\\\]') { $Res = 1; break; } } Write-Host 'Final result:', $Res;\\n\\tEngineVersion=5.1.19041.2673\\n\\tRunspaceId=dd1fd7c4-e6fc-440d-95b6-60ff6bf6be4d\\n\\tPipelineId=\\n\\tCommandName=\\n\\tCommandType=\\n\\tScriptName=\\n\\tCommandPath=\\n\\tCommandLine=\",\"Binary\":\"\"}}","Channel":"Windows PowerShell","Provider":"PowerShell","EventId":403,"EventRecordId":"775","ProcessId":0,"ThreadId":0,"Level":"Info","Keywords":"0x80000000000000","SourceFile":"D:\\benign_log_combined_latest_used_actually\\new_benign\\powershell_820.evtx","ExtraDataOffset":0,"HiddenRecord":false,"TimeCreated":"2024-10-03T14:01:46.5388646+00:00","RecordNumber":47}
{"PayloadData1":"HostApplication=C:\\Windows\\System32\\WindowsPowerShell\\v1.0\\powershell.exe -Command ipconfig\r","PayloadData2":"HostName=ConsoleHost\r","PayloadData3":"HostVersion=5.1.19041.2673\r","MapDescription":"Provider is Started","ChunkNumber":0,"Computer":"Server002","Payload":"{\"EventData\":{\"Data\":\"Registry, Started, \\tProviderName=Registry\\n\\tNewProviderState=Started\\n\\n\\tSequenceNumber=1\\n\\n\\tHostName=ConsoleHost\\n\\tHostVersion=5.1.19041.2673\\n\\tHostId=13f77f91-182d-42e1-88d9-cec08938ab6a\\n\\tHostApplication=C:\\\\Windows\\\\System32\\\\WindowsPowerShell\\\\v1.0\\\\powershell.exe -Command ipconfig\\n\\tEngineVersion=\\n\\tRunspaceId=\\n\\tPipelineId=\\n\\tCommandName=\\n\\tCommandType=\\n\\tScriptName=\\n\\tCommandPath=\\n\\tCommandLine=\",\"Binary\":\"\"}}","Channel":"Windows PowerShell","Provider":"PowerShell","EventId":600,"EventRecordId":"776","ProcessId":0,"ThreadId":0,"Level":"Info","Keywords":"0x80000000000000","SourceFile":"D:\\benign_log_combined_latest_used_actually\\new_benign\\powershell_820.evtx","ExtraDataOffset":0,"HiddenRecord":false,"TimeCreated":"2024-10-03T14:07:48.7944401+00:00","RecordNumber":48}
{"PayloadData1":"HostApplication=C:\\Windows\\System32\\WindowsPowerShell\\v1.0\\powershell.exe -Command ipconfig\r","PayloadData2":"HostName=ConsoleHost\r","PayloadData3":"HostVersion=5.1.19041.2673\r","MapDescription":"Provider is Started","ChunkNumber":0,"Computer":"Server002","Payload":"{\"EventData\":{\"Data\":\"Alias, Started, \\tProviderName=Alias\\n\\tNewProviderState=Started\\n\\n\\tSequenceNumber=3\\n\\n\\tHostName=ConsoleHost\\n\\tHostVersion=5.1.19041.2673\\n\\tHostId=13f77f91-182d-42e1-88d9-cec08938ab6a\\n\\tHostApplication=C:\\\\Windows\\\\System32\\\\WindowsPowerShell\\\\v1.0\\\\powershell.exe -Command ipconfig\\n\\tEngineVersion=\\n\\tRunspaceId=\\n\\tPipelineId=\\n\\tCommandName=\\n\\tCommandType=\\n\\tScriptName=\\n\\tCommandPath=\\n\\tCommandLine=\",\"Binary\":\"\"}}","Channel":"Windows PowerShell","Provider":"PowerShell","EventId":600,"EventRecordId":"777","ProcessId":0,"ThreadId":0,"Level":"Info","Keywords":"0x80000000000000","SourceFile":"D:\\benign_log_combined_latest_used_actually\\new_benign\\powershell_820.evtx","ExtraDataOffset":0,"HiddenRecord":false,"TimeCreated":"2024-10-03T14:07:48.8264619+00:00","RecordNumber":49}
{"PayloadData1":"HostApplication=C:\\Windows\\System32\\WindowsPowerShell\\v1.0\\powershell.exe -Command ipconfig\r","PayloadData2":"HostName=ConsoleHost\r","PayloadData3":"HostVersion=5.1.19041.2673\r","MapDescription":"Provider is Started","ChunkNumber":0,"Computer":"Server002","Payload":"{\"EventData\":{\"Data\":\"Environment, Started, \\tProviderName=Environment\\n\\tNewProviderState=Started\\n\\n\\tSequenceNumber=5\\n\\n\\tHostName=ConsoleHost\\n\\tHostVersion=5.1.19041.2673\\n\\tHostId=13f77f91-182d-42e1-88d9-cec08938ab6a\\n\\tHostApplication=C:\\\\Windows\\\\System32\\\\WindowsPowerShell\\\\v1.0\\\\powershell.exe -Command ipconfig\\n\\tEngineVersion=\\n\\tRunspaceId=\\n\\tPipelineId=\\n\\tCommandName=\\n\\tCommandType=\\n\\tScriptName=\\n\\tCommandPath=\\n\\tCommandLine=\",\"Binary\":\"\"}}","Channel":"Windows PowerShell","Provider":"PowerShell","EventId":600,"EventRecordId":"778","ProcessId":0,"ThreadId":0,"Level":"Info","Keywords":"0x80000000000000","SourceFile":"D:\\benign_log_combined_latest_used_actually\\new_benign\\powershell_820.evtx","ExtraDataOffset":1016,"HiddenRecord":false,"TimeCreated":"2024-10-03T14:07:48.8264619+00:00","RecordNumber":50}
{"PayloadData1":"HostApplication=C:\\Windows\\System32\\WindowsPowerShell\\v1.0\\powershell.exe -Command ipconfig\r","PayloadData2":"HostName=ConsoleHost\r","PayloadData3":"HostVersion=5.1.19041.2673\r","MapDescription":"Provider is Started","ChunkNumber":0,"Computer":"Server002","Payload":"{\"EventData\":{\"Data\":\"FileSystem, Started, \\tProviderName=FileSystem\\n\\tNewProviderState=Started\\n\\n\\tSequenceNumber=7\\n\\n\\tHostName=ConsoleHost\\n\\tHostVersion=5.1.19041.2673\\n\\tHostId=13f77f91-182d-42e1-88d9-cec08938ab6a\\n\\tHostApplication=C:\\\\Windows\\\\System32\\\\WindowsPowerShell\\\\v1.0\\\\powershell.exe -Command ipconfig\\n\\tEngineVersion=\\n\\tRunspaceId=\\n\\tPipelineId=\\n\\tCommandName=\\n\\tCommandType=\\n\\tScriptName=\\n\\tCommandPath=\\n\\tCommandLine=\",\"Binary\":\"\"}}","Channel":"Windows PowerShell","Provider":"PowerShell","EventId":600,"EventRecordId":"779","ProcessId":0,"ThreadId":0,"Level":"Info","Keywords":"0x80000000000000","SourceFile":"D:\\benign_log_combined_latest_used_actually\\new_benign\\powershell_820.evtx","ExtraDataOffset":0,"HiddenRecord":false,"TimeCreated":"2024-10-03T14:07:48.8264619+00:00","RecordNumber":51}
{"PayloadData1":"HostApplication=C:\\Windows\\System32\\WindowsPowerShell\\v1.0\\powershell.exe -Command ipconfig\r","PayloadData2":"HostName=ConsoleHost\r","PayloadData3":"HostVersion=5.1.19041.2673\r","MapDescription":"Provider is Started","ChunkNumber":0,"Computer":"Server002","Payload":"{\"EventData\":{\"Data\":\"Function, Started, \\tProviderName=Function\\n\\tNewProviderState=Started\\n\\n\\tSequenceNumber=9\\n\\n\\tHostName=ConsoleHost\\n\\tHostVersion=5.1.19041.2673\\n\\tHostId=13f77f91-182d-42e1-88d9-cec08938ab6a\\n\\tHostApplication=C:\\\\Windows\\\\System32\\\\WindowsPowerShell\\\\v1.0\\\\powershell.exe -Command ipconfig\\n\\tEngineVersion=\\n\\tRunspaceId=\\n\\tPipelineId=\\n\\tCommandName=\\n\\tCommandType=\\n\\tScriptName=\\n\\tCommandPath=\\n\\tCommandLine=\",\"Binary\":\"\"}}","Channel":"Windows PowerShell","Provider":"PowerShell","EventId":600,"EventRecordId":"780","ProcessId":0,"ThreadId":0,"Level":"Info","Keywords":"0x80000000000000","SourceFile":"D:\\benign_log_combined_latest_used_actually\\new_benign\\powershell_820.evtx","ExtraDataOffset":0,"HiddenRecord":false,"TimeCreated":"2024-10-03T14:07:48.8344781+00:00","RecordNumber":52}
{"PayloadData1":"HostApplication=C:\\Windows\\System32\\WindowsPowerShell\\v1.0\\powershell.exe -Command ipconfig\r","PayloadData2":"HostName=ConsoleHost\r","PayloadData3":"HostVersion=5.1.19041.2673\r","MapDescription":"Provider is Started","ChunkNumber":0,"Computer":"Server002","Payload":"{\"EventData\":{\"Data\":\"Variable, Started, \\tProviderName=Variable\\n\\tNewProviderState=Started\\n\\n\\tSequenceNumber=11\\n\\n\\tHostName=ConsoleHost\\n\\tHostVersion=5.1.19041.2673\\n\\tHostId=13f77f91-182d-42e1-88d9-cec08938ab6a\\n\\tHostApplication=C:\\\\Windows\\\\System32\\\\WindowsPowerShell\\\\v1.0\\\\powershell.exe -Command ipconfig\\n\\tEngineVersion=\\n\\tRunspaceId=\\n\\tPipelineId=\\n\\tCommandName=\\n\\tCommandType=\\n\\tScriptName=\\n\\tCommandPath=\\n\\tCommandLine=\",\"Binary\":\"\"}}","Channel":"Windows PowerShell","Provider":"PowerShell","EventId":600,"EventRecordId":"781","ProcessId":0,"ThreadId":0,"Level":"Info","Keywords":"0x80000000000000","SourceFile":"D:\\benign_log_combined_latest_used_actually\\new_benign\\powershell_820.evtx","ExtraDataOffset":0,"HiddenRecord":false,"TimeCreated":"2024-10-03T14:07:48.8344781+00:00","RecordNumber":53}
{"PayloadData1":"HostApplication=C:\\Windows\\System32\\WindowsPowerShell\\v1.0\\powershell.exe -Command ipconfig\r","PayloadData2":"HostName=ConsoleHost\r","PayloadData3":"HostVersion=5.1.19041.2673\r","MapDescription":"Engine state is changed from None to Available","ChunkNumber":0,"Computer":"Server002","Payload":"{\"EventData\":{\"Data\":\"Available, None, \\tNewEngineState=Available\\n\\tPreviousEngineState=None\\n\\n\\tSequenceNumber=13\\n\\n\\tHostName=ConsoleHost\\n\\tHostVersion=5.1.19041.2673\\n\\tHostId=13f77f91-182d-42e1-88d9-cec08938ab6a\\n\\tHostApplication=C:\\\\Windows\\\\System32\\\\WindowsPowerShell\\\\v1.0\\\\powershell.exe -Command ipconfig\\n\\tEngineVersion=5.1.19041.2673\\n\\tRunspaceId=453c9c4f-a508-4805-b0e7-0d82e09c2d6f\\n\\tPipelineId=\\n\\tCommandName=\\n\\tCommandType=\\n\\tScriptName=\\n\\tCommandPath=\\n\\tCommandLine=\",\"Binary\":\"\"}}","Channel":"Windows PowerShell","Provider":"PowerShell","EventId":400,"EventRecordId":"782","ProcessId":0,"ThreadId":0,"Level":"Info","Keywords":"0x80000000000000","SourceFile":"D:\\benign_log_combined_latest_used_actually\\new_benign\\powershell_820.evtx","ExtraDataOffset":0,"HiddenRecord":false,"TimeCreated":"2024-10-03T14:07:49.1013093+00:00","RecordNumber":54}
{"PayloadData1":"HostApplication=C:\\Windows\\System32\\WindowsPowerShell\\v1.0\\powershell.exe -Command ipconfig\r","PayloadData2":"HostName=ConsoleHost\r","PayloadData3":"HostVersion=5.1.19041.2673\r","MapDescription":"Engine state is changed from Available to Stopped","ChunkNumber":0,"Computer":"Server002","Payload":"{\"EventData\":{\"Data\":\"Stopped, Available, \\tNewEngineState=Stopped\\n\\tPreviousEngineState=Available\\n\\n\\tSequenceNumber=15\\n\\n\\tHostName=ConsoleHost\\n\\tHostVersion=5.1.19041.2673\\n\\tHostId=13f77f91-182d-42e1-88d9-cec08938ab6a\\n\\tHostApplication=C:\\\\Windows\\\\System32\\\\WindowsPowerShell\\\\v1.0\\\\powershell.exe -Command ipconfig\\n\\tEngineVersion=5.1.19041.2673\\n\\tRunspaceId=453c9c4f-a508-4805-b0e7-0d82e09c2d6f\\n\\tPipelineId=\\n\\tCommandName=\\n\\tCommandType=\\n\\tScriptName=\\n\\tCommandPath=\\n\\tCommandLine=\",\"Binary\":\"\"}}","Channel":"Windows PowerShell","Provider":"PowerShell","EventId":403,"EventRecordId":"783","ProcessId":0,"ThreadId":0,"Level":"Info","Keywords":"0x80000000000000","SourceFile":"D:\\benign_log_combined_latest_used_actually\\new_benign\\powershell_820.evtx","ExtraDataOffset":0,"HiddenRecord":false,"TimeCreated":"2024-10-03T14:07:49.7239959+00:00","RecordNumber":55}
{"PayloadData1":"HostApplication=C:\\Windows\\System32\\WindowsPowerShell\\v1.0\\powershell.exe -Command ls ~/Desktop\r","PayloadData2":"HostName=ConsoleHost\r","PayloadData3":"HostVersion=5.1.19041.2673\r","MapDescription":"Provider is Started","ChunkNumber":0,"Computer":"Server002","Payload":"{\"EventData\":{\"Data\":\"Registry, Started, \\tProviderName=Registry\\n\\tNewProviderState=Started\\n\\n\\tSequenceNumber=1\\n\\n\\tHostName=ConsoleHost\\n\\tHostVersion=5.1.19041.2673\\n\\tHostId=51eb0eeb-34e8-4bd4-9b33-c777d1332638\\n\\tHostApplication=C:\\\\Windows\\\\System32\\\\WindowsPowerShell\\\\v1.0\\\\powershell.exe -Command ls ~/Desktop\\n\\tEngineVersion=\\n\\tRunspaceId=\\n\\tPipelineId=\\n\\tCommandName=\\n\\tCommandType=\\n\\tScriptName=\\n\\tCommandPath=\\n\\tCommandLine=\",\"Binary\":\"\"}}","Channel":"Windows PowerShell","Provider":"PowerShell","EventId":600,"EventRecordId":"784","ProcessId":0,"ThreadId":0,"Level":"Info","Keywords":"0x80000000000000","SourceFile":"D:\\benign_log_combined_latest_used_actually\\new_benign\\powershell_820.evtx","ExtraDataOffset":0,"HiddenRecord":false,"TimeCreated":"2024-10-03T15:18:09.7471210+00:00","RecordNumber":56}
{"PayloadData1":"HostApplication=C:\\Windows\\System32\\WindowsPowerShell\\v1.0\\powershell.exe -Command ls ~/Desktop\r","PayloadData2":"HostName=ConsoleHost\r","PayloadData3":"HostVersion=5.1.19041.2673\r","MapDescription":"Provider is Started","ChunkNumber":0,"Computer":"Server002","Payload":"{\"EventData\":{\"Data\":\"Alias, Started, \\tProviderName=Alias\\n\\tNewProviderState=Started\\n\\n\\tSequenceNumber=3\\n\\n\\tHostName=ConsoleHost\\n\\tHostVersion=5.1.19041.2673\\n\\tHostId=51eb0eeb-34e8-4bd4-9b33-c777d1332638\\n\\tHostApplication=C:\\\\Windows\\\\System32\\\\WindowsPowerShell\\\\v1.0\\\\powershell.exe -Command ls ~/Desktop\\n\\tEngineVersion=\\n\\tRunspaceId=\\n\\tPipelineId=\\n\\tCommandName=\\n\\tCommandType=\\n\\tScriptName=\\n\\tCommandPath=\\n\\tCommandLine=\",\"Binary\":\"\"}}","Channel":"Windows PowerShell","Provider":"PowerShell","EventId":600,"EventRecordId":"785","ProcessId":0,"ThreadId":0,"Level":"Info","Keywords":"0x80000000000000","SourceFile":"D:\\benign_log_combined_latest_used_actually\\new_benign\\powershell_820.evtx","ExtraDataOffset":0,"HiddenRecord":false,"TimeCreated":"2024-10-03T15:18:09.7487079+00:00","RecordNumber":57}
{"PayloadData1":"HostApplication=C:\\Windows\\System32\\WindowsPowerShell\\v1.0\\powershell.exe -Command ls ~/Desktop\r","PayloadData2":"HostName=ConsoleHost\r","PayloadData3":"HostVersion=5.1.19041.2673\r","MapDescription":"Provider is Started","ChunkNumber":1,"Computer":"Server002","Payload":"{\"EventData\":{\"Data\":\"Registry, Started, \\tProviderName=Registry\\n\\tNewProviderState=Started\\n\\n\\tSequenceNumber=1\\n\\n\\tHostName=ConsoleHost\\n\\tHostVersion=5.1.19041.2673\\n\\tHostId=82778675-39cd-4e43-b0b0-17ed127615ff\\n\\tHostApplication=C:\\\\Windows\\\\System32\\\\WindowsPowerShell\\\\v1.0\\\\powershell.exe -Command ls ~/Desktop\\n\\tEngineVersion=\\n\\tRunspaceId=\\n\\tPipelineId=\\n\\tCommandName=\\n\\tCommandType=\\n\\tScriptName=\\n\\tCommandPath=\\n\\tCommandLine=\",\"Binary\":\"\"}}","Channel":"Windows PowerShell","Provider":"PowerShell","EventId":600,"EventRecordId":"786","ProcessId":0,"ThreadId":0,"Level":"Info","Keywords":"0x80000000000000","SourceFile":"D:\\benign_log_combined_latest_used_actually\\new_benign\\powershell_820.evtx","ExtraDataOffset":0,"HiddenRecord":false,"TimeCreated":"2024-10-03T15:19:45.4920158+00:00","RecordNumber":58}
{"PayloadData1":"HostApplication=C:\\Windows\\System32\\WindowsPowerShell\\v1.0\\powershell.exe -Command ls ~/Desktop\r","PayloadData2":"HostName=ConsoleHost\r","PayloadData3":"HostVersion=5.1.19041.2673\r","MapDescription":"Provider is Started","ChunkNumber":1,"Computer":"Server002","Payload":"{\"EventData\":{\"Data\":\"Alias, Started, \\tProviderName=Alias\\n\\tNewProviderState=Started\\n\\n\\tSequenceNumber=3\\n\\n\\tHostName=ConsoleHost\\n\\tHostVersion=5.1.19041.2673\\n\\tHostId=82778675-39cd-4e43-b0b0-17ed127615ff\\n\\tHostApplication=C:\\\\Windows\\\\System32\\\\WindowsPowerShell\\\\v1.0\\\\powershell.exe -Command ls ~/Desktop\\n\\tEngineVersion=\\n\\tRunspaceId=\\n\\tPipelineId=\\n\\tCommandName=\\n\\tCommandType=\\n\\tScriptName=\\n\\tCommandPath=\\n\\tCommandLine=\",\"Binary\":\"\"}}","Channel":"Windows PowerShell","Provider":"PowerShell","EventId":600,"EventRecordId":"787","ProcessId":0,"ThreadId":0,"Level":"Info","Keywords":"0x80000000000000","SourceFile":"D:\\benign_log_combined_latest_used_actually\\new_benign\\powershell_820.evtx","ExtraDataOffset":0,"HiddenRecord":false,"TimeCreated":"2024-10-03T15:19:45.4920158+00:00","RecordNumber":59}
{"PayloadData1":"HostApplication=C:\\Windows\\System32\\WindowsPowerShell\\v1.0\\powershell.exe -Command ls ~/Desktop\r","PayloadData2":"HostName=ConsoleHost\r","PayloadData3":"HostVersion=5.1.19041.2673\r","MapDescription":"Provider is Started","ChunkNumber":1,"Computer":"Server002","Payload":"{\"EventData\":{\"Data\":\"Environment, Started, \\tProviderName=Environment\\n\\tNewProviderState=Started\\n\\n\\tSequenceNumber=5\\n\\n\\tHostName=ConsoleHost\\n\\tHostVersion=5.1.19041.2673\\n\\tHostId=82778675-39cd-4e43-b0b0-17ed127615ff\\n\\tHostApplication=C:\\\\Windows\\\\System32\\\\WindowsPowerShell\\\\v1.0\\\\powershell.exe -Command ls ~/Desktop\\n\\tEngineVersion=\\n\\tRunspaceId=\\n\\tPipelineId=\\n\\tCommandName=\\n\\tCommandType=\\n\\tScriptName=\\n\\tCommandPath=\\n\\tCommandLine=\",\"Binary\":\"\"}}","Channel":"Windows PowerShell","Provider":"PowerShell","EventId":600,"EventRecordId":"788","ProcessId":0,"ThreadId":0,"Level":"Info","Keywords":"0x80000000000000","SourceFile":"D:\\benign_log_combined_latest_used_actually\\new_benign\\powershell_820.evtx","ExtraDataOffset":0,"HiddenRecord":false,"TimeCreated":"2024-10-03T15:19:45.4920158+00:00","RecordNumber":60}
{"PayloadData1":"HostApplication=C:\\Windows\\System32\\WindowsPowerShell\\v1.0\\powershell.exe -Command ls ~/Desktop\r","PayloadData2":"HostName=ConsoleHost\r","PayloadData3":"HostVersion=5.1.19041.2673\r","MapDescription":"Provider is Started","ChunkNumber":1,"Computer":"Server002","Payload":"{\"EventData\":{\"Data\":\"FileSystem, Started, \\tProviderName=FileSystem\\n\\tNewProviderState=Started\\n\\n\\tSequenceNumber=7\\n\\n\\tHostName=ConsoleHost\\n\\tHostVersion=5.1.19041.2673\\n\\tHostId=82778675-39cd-4e43-b0b0-17ed127615ff\\n\\tHostApplication=C:\\\\Windows\\\\System32\\\\WindowsPowerShell\\\\v1.0\\\\powershell.exe -Command ls ~/Desktop\\n\\tEngineVersion=\\n\\tRunspaceId=\\n\\tPipelineId=\\n\\tCommandName=\\n\\tCommandType=\\n\\tScriptName=\\n\\tCommandPath=\\n\\tCommandLine=\",\"Binary\":\"\"}}","Channel":"Windows PowerShell","Provider":"PowerShell","EventId":600,"EventRecordId":"789","ProcessId":0,"ThreadId":0,"Level":"Info","Keywords":"0x80000000000000","SourceFile":"D:\\benign_log_combined_latest_used_actually\\new_benign\\powershell_820.evtx","ExtraDataOffset":0,"HiddenRecord":false,"TimeCreated":"2024-10-03T15:19:45.4920158+00:00","RecordNumber":61}
{"PayloadData1":"HostApplication=C:\\Windows\\System32\\WindowsPowerShell\\v1.0\\powershell.exe -Command ls ~/Desktop\r","PayloadData2":"HostName=ConsoleHost\r","PayloadData3":"HostVersion=5.1.19041.2673\r","MapDescription":"Provider is Started","ChunkNumber":1,"Computer":"Server002","Payload":"{\"EventData\":{\"Data\":\"Function, Started, \\tProviderName=Function\\n\\tNewProviderState=Started\\n\\n\\tSequenceNumber=9\\n\\n\\tHostName=ConsoleHost\\n\\tHostVersion=5.1.19041.2673\\n\\tHostId=82778675-39cd-4e43-b0b0-17ed127615ff\\n\\tHostApplication=C:\\\\Windows\\\\System32\\\\WindowsPowerShell\\\\v1.0\\\\powershell.exe -Command ls ~/Desktop\\n\\tEngineVersion=\\n\\tRunspaceId=\\n\\tPipelineId=\\n\\tCommandName=\\n\\tCommandType=\\n\\tScriptName=\\n\\tCommandPath=\\n\\tCommandLine=\",\"Binary\":\"\"}}","Channel":"Windows PowerShell","Provider":"PowerShell","EventId":600,"EventRecordId":"790","ProcessId":0,"ThreadId":0,"Level":"Info","Keywords":"0x80000000000000","SourceFile":"D:\\benign_log_combined_latest_used_actually\\new_benign\\powershell_820.evtx","ExtraDataOffset":0,"HiddenRecord":false,"TimeCreated":"2024-10-03T15:19:45.4920158+00:00","RecordNumber":62}
{"PayloadData1":"HostApplication=C:\\Windows\\System32\\WindowsPowerShell\\v1.0\\powershell.exe -Command ls ~/Desktop\r","PayloadData2":"HostName=ConsoleHost\r","PayloadData3":"HostVersion=5.1.19041.2673\r","MapDescription":"Provider is Started","ChunkNumber":1,"Computer":"Server002","Payload":"{\"EventData\":{\"Data\":\"Variable, Started, \\tProviderName=Variable\\n\\tNewProviderState=Started\\n\\n\\tSequenceNumber=11\\n\\n\\tHostName=ConsoleHost\\n\\tHostVersion=5.1.19041.2673\\n\\tHostId=82778675-39cd-4e43-b0b0-17ed127615ff\\n\\tHostApplication=C:\\\\Windows\\\\System32\\\\WindowsPowerShell\\\\v1.0\\\\powershell.exe -Command ls ~/Desktop\\n\\tEngineVersion=\\n\\tRunspaceId=\\n\\tPipelineId=\\n\\tCommandName=\\n\\tCommandType=\\n\\tScriptName=\\n\\tCommandPath=\\n\\tCommandLine=\",\"Binary\":\"\"}}","Channel":"Windows PowerShell","Provider":"PowerShell","EventId":600,"EventRecordId":"791","ProcessId":0,"ThreadId":0,"Level":"Info","Keywords":"0x80000000000000","SourceFile":"D:\\benign_log_combined_latest_used_actually\\new_benign\\powershell_820.evtx","ExtraDataOffset":0,"HiddenRecord":false,"TimeCreated":"2024-10-03T15:19:45.4920158+00:00","RecordNumber":63}
{"PayloadData1":"HostApplication=C:\\Windows\\System32\\WindowsPowerShell\\v1.0\\powershell.exe -Command ls ~/Desktop\r","PayloadData2":"HostName=ConsoleHost\r","PayloadData3":"HostVersion=5.1.19041.2673\r","MapDescription":"Engine state is changed from None to Available","ChunkNumber":1,"Computer":"Server002","Payload":"{\"EventData\":{\"Data\":\"Available, None, \\tNewEngineState=Available\\n\\tPreviousEngineState=None\\n\\n\\tSequenceNumber=13\\n\\n\\tHostName=ConsoleHost\\n\\tHostVersion=5.1.19041.2673\\n\\tHostId=82778675-39cd-4e43-b0b0-17ed127615ff\\n\\tHostApplication=C:\\\\Windows\\\\System32\\\\WindowsPowerShell\\\\v1.0\\\\powershell.exe -Command ls ~/Desktop\\n\\tEngineVersion=5.1.19041.2673\\n\\tRunspaceId=78b99bf5-5837-4831-8f37-9a30734076fc\\n\\tPipelineId=\\n\\tCommandName=\\n\\tCommandType=\\n\\tScriptName=\\n\\tCommandPath=\\n\\tCommandLine=\",\"Binary\":\"\"}}","Channel":"Windows PowerShell","Provider":"PowerShell","EventId":400,"EventRecordId":"792","ProcessId":0,"ThreadId":0,"Level":"Info","Keywords":"0x80000000000000","SourceFile":"D:\\benign_log_combined_latest_used_actually\\new_benign\\powershell_820.evtx","ExtraDataOffset":0,"HiddenRecord":false,"TimeCreated":"2024-10-03T15:19:45.5659727+00:00","RecordNumber":64}
{"PayloadData1":"HostApplication=C:\\Windows\\System32\\WindowsPowerShell\\v1.0\\powershell.exe -Command ls ~/Desktop\r","PayloadData2":"HostName=ConsoleHost\r","PayloadData3":"HostVersion=5.1.19041.2673\r","MapDescription":"Engine state is changed from Available to Stopped","ChunkNumber":1,"Computer":"Server002","Payload":"{\"EventData\":{\"Data\":\"Stopped, Available, \\tNewEngineState=Stopped\\n\\tPreviousEngineState=Available\\n\\n\\tSequenceNumber=15\\n\\n\\tHostName=ConsoleHost\\n\\tHostVersion=5.1.19041.2673\\n\\tHostId=82778675-39cd-4e43-b0b0-17ed127615ff\\n\\tHostApplication=C:\\\\Windows\\\\System32\\\\WindowsPowerShell\\\\v1.0\\\\powershell.exe -Command ls ~/Desktop\\n\\tEngineVersion=5.1.19041.2673\\n\\tRunspaceId=78b99bf5-5837-4831-8f37-9a30734076fc\\n\\tPipelineId=\\n\\tCommandName=\\n\\tCommandType=\\n\\tScriptName=\\n\\tCommandPath=\\n\\tCommandLine=\",\"Binary\":\"\"}}","Channel":"Windows PowerShell","Provider":"PowerShell","EventId":403,"EventRecordId":"793","ProcessId":0,"ThreadId":0,"Level":"Info","Keywords":"0x80000000000000","SourceFile":"D:\\benign_log_combined_latest_used_actually\\new_benign\\powershell_820.evtx","ExtraDataOffset":0,"HiddenRecord":false,"TimeCreated":"2024-10-03T15:19:47.1261569+00:00","RecordNumber":65}
{"PayloadData1":"HostApplication=C:\\Windows\\System32\\WindowsPowerShell\\v1.0\\powershell.exe -Command ls ~/Desktop\r","PayloadData2":"HostName=ConsoleHost\r","PayloadData3":"HostVersion=5.1.19041.2673\r","MapDescription":"Provider is Started","ChunkNumber":1,"Computer":"Server002","Payload":"{\"EventData\":{\"Data\":\"Registry, Started, \\tProviderName=Registry\\n\\tNewProviderState=Started\\n\\n\\tSequenceNumber=1\\n\\n\\tHostName=ConsoleHost\\n\\tHostVersion=5.1.19041.2673\\n\\tHostId=6e9cbb6d-f2e0-44fc-846f-284572759c74\\n\\tHostApplication=C:\\\\Windows\\\\System32\\\\WindowsPowerShell\\\\v1.0\\\\powershell.exe -Command ls ~/Desktop\\n\\tEngineVersion=\\n\\tRunspaceId=\\n\\tPipelineId=\\n\\tCommandName=\\n\\tCommandType=\\n\\tScriptName=\\n\\tCommandPath=\\n\\tCommandLine=\",\"Binary\":\"\"}}","Channel":"Windows PowerShell","Provider":"PowerShell","EventId":600,"EventRecordId":"794","ProcessId":0,"ThreadId":0,"Level":"Info","Keywords":"0x80000000000000","SourceFile":"D:\\benign_log_combined_latest_used_actually\\new_benign\\powershell_820.evtx","ExtraDataOffset":0,"HiddenRecord":false,"TimeCreated":"2024-10-03T15:19:55.6268178+00:00","RecordNumber":66}
{"PayloadData1":"HostApplication=C:\\Windows\\System32\\WindowsPowerShell\\v1.0\\powershell.exe -Command ls ~/Desktop\r","PayloadData2":"HostName=ConsoleHost\r","PayloadData3":"HostVersion=5.1.19041.2673\r","MapDescription":"Provider is Started","ChunkNumber":1,"Computer":"Server002","Payload":"{\"EventData\":{\"Data\":\"Alias, Started, \\tProviderName=Alias\\n\\tNewProviderState=Started\\n\\n\\tSequenceNumber=3\\n\\n\\tHostName=ConsoleHost\\n\\tHostVersion=5.1.19041.2673\\n\\tHostId=6e9cbb6d-f2e0-44fc-846f-284572759c74\\n\\tHostApplication=C:\\\\Windows\\\\System32\\\\WindowsPowerShell\\\\v1.0\\\\powershell.exe -Command ls ~/Desktop\\n\\tEngineVersion=\\n\\tRunspaceId=\\n\\tPipelineId=\\n\\tCommandName=\\n\\tCommandType=\\n\\tScriptName=\\n\\tCommandPath=\\n\\tCommandLine=\",\"Binary\":\"\"}}","Channel":"Windows PowerShell","Provider":"PowerShell","EventId":600,"EventRecordId":"795","ProcessId":0,"ThreadId":0,"Level":"Info","Keywords":"0x80000000000000","SourceFile":"D:\\benign_log_combined_latest_used_actually\\new_benign\\powershell_820.evtx","ExtraDataOffset":0,"HiddenRecord":false,"TimeCreated":"2024-10-03T15:19:55.6887760+00:00","RecordNumber":67}
{"PayloadData1":"HostApplication=C:\\Windows\\System32\\WindowsPowerShell\\v1.0\\powershell.exe -Command ls ~/Desktop\r","PayloadData2":"HostName=ConsoleHost\r","PayloadData3":"HostVersion=5.1.19041.2673\r","MapDescription":"Provider is Started","ChunkNumber":1,"Computer":"Server002","Payload":"{\"EventData\":{\"Data\":\"Environment, Started, \\tProviderName=Environment\\n\\tNewProviderState=Started\\n\\n\\tSequenceNumber=5\\n\\n\\tHostName=ConsoleHost\\n\\tHostVersion=5.1.19041.2673\\n\\tHostId=6e9cbb6d-f2e0-44fc-846f-284572759c74\\n\\tHostApplication=C:\\\\Windows\\\\System32\\\\WindowsPowerShell\\\\v1.0\\\\powershell.exe -Command ls ~/Desktop\\n\\tEngineVersion=\\n\\tRunspaceId=\\n\\tPipelineId=\\n\\tCommandName=\\n\\tCommandType=\\n\\tScriptName=\\n\\tCommandPath=\\n\\tCommandLine=\",\"Binary\":\"\"}}","Channel":"Windows PowerShell","Provider":"PowerShell","EventId":600,"EventRecordId":"796","ProcessId":0,"ThreadId":0,"Level":"Info","Keywords":"0x80000000000000","SourceFile":"D:\\benign_log_combined_latest_used_actually\\new_benign\\powershell_820.evtx","ExtraDataOffset":0,"HiddenRecord":false,"TimeCreated":"2024-10-03T15:19:55.6887760+00:00","RecordNumber":68}
{"PayloadData1":"HostApplication=C:\\Windows\\System32\\WindowsPowerShell\\v1.0\\powershell.exe -Command ls ~/Desktop\r","PayloadData2":"HostName=ConsoleHost\r","PayloadData3":"HostVersion=5.1.19041.2673\r","MapDescription":"Provider is Started","ChunkNumber":1,"Computer":"Server002","Payload":"{\"EventData\":{\"Data\":\"FileSystem, Started, \\tProviderName=FileSystem\\n\\tNewProviderState=Started\\n\\n\\tSequenceNumber=7\\n\\n\\tHostName=ConsoleHost\\n\\tHostVersion=5.1.19041.2673\\n\\tHostId=6e9cbb6d-f2e0-44fc-846f-284572759c74\\n\\tHostApplication=C:\\\\Windows\\\\System32\\\\WindowsPowerShell\\\\v1.0\\\\powershell.exe -Command ls ~/Desktop\\n\\tEngineVersion=\\n\\tRunspaceId=\\n\\tPipelineId=\\n\\tCommandName=\\n\\tCommandType=\\n\\tScriptName=\\n\\tCommandPath=\\n\\tCommandLine=\",\"Binary\":\"\"}}","Channel":"Windows PowerShell","Provider":"PowerShell","EventId":600,"EventRecordId":"797","ProcessId":0,"ThreadId":0,"Level":"Info","Keywords":"0x80000000000000","SourceFile":"D:\\benign_log_combined_latest_used_actually\\new_benign\\powershell_820.evtx","ExtraDataOffset":0,"HiddenRecord":false,"TimeCreated":"2024-10-03T15:19:55.6887760+00:00","RecordNumber":69}
{"PayloadData1":"HostApplication=C:\\Windows\\System32\\WindowsPowerShell\\v1.0\\powershell.exe -Command ls ~/Desktop\r","PayloadData2":"HostName=ConsoleHost\r","PayloadData3":"HostVersion=5.1.19041.2673\r","MapDescription":"Provider is Started","ChunkNumber":1,"Computer":"Server002","Payload":"{\"EventData\":{\"Data\":\"Function, Started, \\tProviderName=Function\\n\\tNewProviderState=Started\\n\\n\\tSequenceNumber=9\\n\\n\\tHostName=ConsoleHost\\n\\tHostVersion=5.1.19041.2673\\n\\tHostId=6e9cbb6d-f2e0-44fc-846f-284572759c74\\n\\tHostApplication=C:\\\\Windows\\\\System32\\\\WindowsPowerShell\\\\v1.0\\\\powershell.exe -Command ls ~/Desktop\\n\\tEngineVersion=\\n\\tRunspaceId=\\n\\tPipelineId=\\n\\tCommandName=\\n\\tCommandType=\\n\\tScriptName=\\n\\tCommandPath=\\n\\tCommandLine=\",\"Binary\":\"\"}}","Channel":"Windows PowerShell","Provider":"PowerShell","EventId":600,"EventRecordId":"798","ProcessId":0,"ThreadId":0,"Level":"Info","Keywords":"0x80000000000000","SourceFile":"D:\\benign_log_combined_latest_used_actually\\new_benign\\powershell_820.evtx","ExtraDataOffset":0,"HiddenRecord":false,"TimeCreated":"2024-10-03T15:19:55.6887760+00:00","RecordNumber":70}
{"PayloadData1":"HostApplication=C:\\Windows\\System32\\WindowsPowerShell\\v1.0\\powershell.exe -Command ls ~/Desktop\r","PayloadData2":"HostName=ConsoleHost\r","PayloadData3":"HostVersion=5.1.19041.2673\r","MapDescription":"Provider is Started","ChunkNumber":1,"Computer":"Server002","Payload":"{\"EventData\":{\"Data\":\"Variable, Started, \\tProviderName=Variable\\n\\tNewProviderState=Started\\n\\n\\tSequenceNumber=11\\n\\n\\tHostName=ConsoleHost\\n\\tHostVersion=5.1.19041.2673\\n\\tHostId=6e9cbb6d-f2e0-44fc-846f-284572759c74\\n\\tHostApplication=C:\\\\Windows\\\\System32\\\\WindowsPowerShell\\\\v1.0\\\\powershell.exe -Command ls ~/Desktop\\n\\tEngineVersion=\\n\\tRunspaceId=\\n\\tPipelineId=\\n\\tCommandName=\\n\\tCommandType=\\n\\tScriptName=\\n\\tCommandPath=\\n\\tCommandLine=\",\"Binary\":\"\"}}","Channel":"Windows PowerShell","Provider":"PowerShell","EventId":600,"EventRecordId":"799","ProcessId":0,"ThreadId":0,"Level":"Info","Keywords":"0x80000000000000","SourceFile":"D:\\benign_log_combined_latest_used_actually\\new_benign\\powershell_820.evtx","ExtraDataOffset":0,"HiddenRecord":false,"TimeCreated":"2024-10-03T15:19:55.6887760+00:00","RecordNumber":71}
{"PayloadData1":"HostApplication=C:\\Windows\\System32\\WindowsPowerShell\\v1.0\\powershell.exe -Command ls ~/Desktop\r","PayloadData2":"HostName=ConsoleHost\r","PayloadData3":"HostVersion=5.1.19041.2673\r","MapDescription":"Engine state is changed from None to Available","ChunkNumber":1,"Computer":"Server002","Payload":"{\"EventData\":{\"Data\":\"Available, None, \\tNewEngineState=Available\\n\\tPreviousEngineState=None\\n\\n\\tSequenceNumber=13\\n\\n\\tHostName=ConsoleHost\\n\\tHostVersion=5.1.19041.2673\\n\\tHostId=6e9cbb6d-f2e0-44fc-846f-284572759c74\\n\\tHostApplication=C:\\\\Windows\\\\System32\\\\WindowsPowerShell\\\\v1.0\\\\powershell.exe -Command ls ~/Desktop\\n\\tEngineVersion=5.1.19041.2673\\n\\tRunspaceId=8eb4e708-c165-436b-8733-e11241584548\\n\\tPipelineId=\\n\\tCommandName=\\n\\tCommandType=\\n\\tScriptName=\\n\\tCommandPath=\\n\\tCommandLine=\",\"Binary\":\"\"}}","Channel":"Windows PowerShell","Provider":"PowerShell","EventId":400,"EventRecordId":"800","ProcessId":0,"ThreadId":0,"Level":"Info","Keywords":"0x80000000000000","SourceFile":"D:\\benign_log_combined_latest_used_actually\\new_benign\\powershell_820.evtx","ExtraDataOffset":0,"HiddenRecord":false,"TimeCreated":"2024-10-03T15:19:55.9249836+00:00","RecordNumber":72}
{"PayloadData1":"HostApplication=C:\\Windows\\System32\\WindowsPowerShell\\v1.0\\powershell.exe -Command ls ~/Desktop\r","PayloadData2":"HostName=ConsoleHost\r","PayloadData3":"HostVersion=5.1.19041.2673\r","MapDescription":"Engine state is changed from Available to Stopped","ChunkNumber":1,"Computer":"Server002","Payload":"{\"EventData\":{\"Data\":\"Stopped, Available, \\tNewEngineState=Stopped\\n\\tPreviousEngineState=Available\\n\\n\\tSequenceNumber=15\\n\\n\\tHostName=ConsoleHost\\n\\tHostVersion=5.1.19041.2673\\n\\tHostId=6e9cbb6d-f2e0-44fc-846f-284572759c74\\n\\tHostApplication=C:\\\\Windows\\\\System32\\\\WindowsPowerShell\\\\v1.0\\\\powershell.exe -Command ls ~/Desktop\\n\\tEngineVersion=5.1.19041.2673\\n\\tRunspaceId=8eb4e708-c165-436b-8733-e11241584548\\n\\tPipelineId=\\n\\tCommandName=\\n\\tCommandType=\\n\\tScriptName=\\n\\tCommandPath=\\n\\tCommandLine=\",\"Binary\":\"\"}}","Channel":"Windows PowerShell","Provider":"PowerShell","EventId":403,"EventRecordId":"801","ProcessId":0,"ThreadId":0,"Level":"Info","Keywords":"0x80000000000000","SourceFile":"D:\\benign_log_combined_latest_used_actually\\new_benign\\powershell_820.evtx","ExtraDataOffset":0,"HiddenRecord":false,"TimeCreated":"2024-10-03T15:19:57.0706457+00:00","RecordNumber":73}
{"PayloadData1":"HostApplication=C:\\Windows\\System32\\WindowsPowerShell\\v1.0\\powershell.exe -Command ls ~/Desktop\r","PayloadData2":"HostName=ConsoleHost\r","PayloadData3":"HostVersion=5.1.19041.2673\r","MapDescription":"Provider is Started","ChunkNumber":1,"Computer":"Server002","Payload":"{\"EventData\":{\"Data\":\"Registry, Started, \\tProviderName=Registry\\n\\tNewProviderState=Started\\n\\n\\tSequenceNumber=1\\n\\n\\tHostName=ConsoleHost\\n\\tHostVersion=5.1.19041.2673\\n\\tHostId=77f71157-d028-435e-be3f-5c146fd3a95e\\n\\tHostApplication=C:\\\\Windows\\\\System32\\\\WindowsPowerShell\\\\v1.0\\\\powershell.exe -Command ls ~/Desktop\\n\\tEngineVersion=\\n\\tRunspaceId=\\n\\tPipelineId=\\n\\tCommandName=\\n\\tCommandType=\\n\\tScriptName=\\n\\tCommandPath=\\n\\tCommandLine=\",\"Binary\":\"\"}}","Channel":"Windows PowerShell","Provider":"PowerShell","EventId":600,"EventRecordId":"802","ProcessId":0,"ThreadId":0,"Level":"Info","Keywords":"0x80000000000000","SourceFile":"D:\\benign_log_combined_latest_used_actually\\new_benign\\powershell_820.evtx","ExtraDataOffset":0,"HiddenRecord":false,"TimeCreated":"2024-10-03T15:24:15.3159089+00:00","RecordNumber":74}
{"PayloadData1":"HostApplication=C:\\Windows\\System32\\WindowsPowerShell\\v1.0\\powershell.exe -Command ls ~/Desktop\r","PayloadData2":"HostName=ConsoleHost\r","PayloadData3":"HostVersion=5.1.19041.2673\r","MapDescription":"Provider is Started","ChunkNumber":1,"Computer":"Server002","Payload":"{\"EventData\":{\"Data\":\"Alias, Started, \\tProviderName=Alias\\n\\tNewProviderState=Started\\n\\n\\tSequenceNumber=3\\n\\n\\tHostName=ConsoleHost\\n\\tHostVersion=5.1.19041.2673\\n\\tHostId=77f71157-d028-435e-be3f-5c146fd3a95e\\n\\tHostApplication=C:\\\\Windows\\\\System32\\\\WindowsPowerShell\\\\v1.0\\\\powershell.exe -Command ls ~/Desktop\\n\\tEngineVersion=\\n\\tRunspaceId=\\n\\tPipelineId=\\n\\tCommandName=\\n\\tCommandType=\\n\\tScriptName=\\n\\tCommandPath=\\n\\tCommandLine=\",\"Binary\":\"\"}}","Channel":"Windows PowerShell","Provider":"PowerShell","EventId":600,"EventRecordId":"803","ProcessId":0,"ThreadId":0,"Level":"Info","Keywords":"0x80000000000000","SourceFile":"D:\\benign_log_combined_latest_used_actually\\new_benign\\powershell_820.evtx","ExtraDataOffset":0,"HiddenRecord":false,"TimeCreated":"2024-10-03T15:24:15.3288361+00:00","RecordNumber":75}
{"PayloadData1":"HostApplication=C:\\Windows\\System32\\WindowsPowerShell\\v1.0\\powershell.exe -Command ls ~/Desktop\r","PayloadData2":"HostName=ConsoleHost\r","PayloadData3":"HostVersion=5.1.19041.2673\r","MapDescription":"Provider is Started","ChunkNumber":1,"Computer":"Server002","Payload":"{\"EventData\":{\"Data\":\"Environment, Started, \\tProviderName=Environment\\n\\tNewProviderState=Started\\n\\n\\tSequenceNumber=5\\n\\n\\tHostName=ConsoleHost\\n\\tHostVersion=5.1.19041.2673\\n\\tHostId=77f71157-d028-435e-be3f-5c146fd3a95e\\n\\tHostApplication=C:\\\\Windows\\\\System32\\\\WindowsPowerShell\\\\v1.0\\\\powershell.exe -Command ls ~/Desktop\\n\\tEngineVersion=\\n\\tRunspaceId=\\n\\tPipelineId=\\n\\tCommandName=\\n\\tCommandType=\\n\\tScriptName=\\n\\tCommandPath=\\n\\tCommandLine=\",\"Binary\":\"\"}}","Channel":"Windows PowerShell","Provider":"PowerShell","EventId":600,"EventRecordId":"804","ProcessId":0,"ThreadId":0,"Level":"Info","Keywords":"0x80000000000000","SourceFile":"D:\\benign_log_combined_latest_used_actually\\new_benign\\powershell_820.evtx","ExtraDataOffset":0,"HiddenRecord":false,"TimeCreated":"2024-10-03T15:24:15.3288361+00:00","RecordNumber":76}
{"PayloadData1":"HostApplication=C:\\Windows\\System32\\WindowsPowerShell\\v1.0\\powershell.exe -Command ls ~/Desktop\r","PayloadData2":"HostName=ConsoleHost\r","PayloadData3":"HostVersion=5.1.19041.2673\r","MapDescription":"Provider is Started","ChunkNumber":1,"Computer":"Server002","Payload":"{\"EventData\":{\"Data\":\"FileSystem, Started, \\tProviderName=FileSystem\\n\\tNewProviderState=Started\\n\\n\\tSequenceNumber=7\\n\\n\\tHostName=ConsoleHost\\n\\tHostVersion=5.1.19041.2673\\n\\tHostId=77f71157-d028-435e-be3f-5c146fd3a95e\\n\\tHostApplication=C:\\\\Windows\\\\System32\\\\WindowsPowerShell\\\\v1.0\\\\powershell.exe -Command ls ~/Desktop\\n\\tEngineVersion=\\n\\tRunspaceId=\\n\\tPipelineId=\\n\\tCommandName=\\n\\tCommandType=\\n\\tScriptName=\\n\\tCommandPath=\\n\\tCommandLine=\",\"Binary\":\"\"}}","Channel":"Windows PowerShell","Provider":"PowerShell","EventId":600,"EventRecordId":"805","ProcessId":0,"ThreadId":0,"Level":"Info","Keywords":"0x80000000000000","SourceFile":"D:\\benign_log_combined_latest_used_actually\\new_benign\\powershell_820.evtx","ExtraDataOffset":0,"HiddenRecord":false,"TimeCreated":"2024-10-03T15:24:15.4391004+00:00","RecordNumber":77}
{"PayloadData1":"HostApplication=C:\\Windows\\System32\\WindowsPowerShell\\v1.0\\powershell.exe -Command ls ~/Desktop\r","PayloadData2":"HostName=ConsoleHost\r","PayloadData3":"HostVersion=5.1.19041.2673\r","MapDescription":"Provider is Started","ChunkNumber":1,"Computer":"Server002","Payload":"{\"EventData\":{\"Data\":\"Function, Started, \\tProviderName=Function\\n\\tNewProviderState=Started\\n\\n\\tSequenceNumber=9\\n\\n\\tHostName=ConsoleHost\\n\\tHostVersion=5.1.19041.2673\\n\\tHostId=77f71157-d028-435e-be3f-5c146fd3a95e\\n\\tHostApplication=C:\\\\Windows\\\\System32\\\\WindowsPowerShell\\\\v1.0\\\\powershell.exe -Command ls ~/Desktop\\n\\tEngineVersion=\\n\\tRunspaceId=\\n\\tPipelineId=\\n\\tCommandName=\\n\\tCommandType=\\n\\tScriptName=\\n\\tCommandPath=\\n\\tCommandLine=\",\"Binary\":\"\"}}","Channel":"Windows PowerShell","Provider":"PowerShell","EventId":600,"EventRecordId":"806","ProcessId":0,"ThreadId":0,"Level":"Info","Keywords":"0x80000000000000","SourceFile":"D:\\benign_log_combined_latest_used_actually\\new_benign\\powershell_820.evtx","ExtraDataOffset":0,"HiddenRecord":false,"TimeCreated":"2024-10-03T15:24:15.5216647+00:00","RecordNumber":78}
{"PayloadData1":"HostApplication=C:\\Windows\\System32\\WindowsPowerShell\\v1.0\\powershell.exe -Command ls ~/Desktop\r","PayloadData2":"HostName=ConsoleHost\r","PayloadData3":"HostVersion=5.1.19041.2673\r","MapDescription":"Provider is Started","ChunkNumber":1,"Computer":"Server002","Payload":"{\"EventData\":{\"Data\":\"Variable, Started, \\tProviderName=Variable\\n\\tNewProviderState=Started\\n\\n\\tSequenceNumber=11\\n\\n\\tHostName=ConsoleHost\\n\\tHostVersion=5.1.19041.2673\\n\\tHostId=77f71157-d028-435e-be3f-5c146fd3a95e\\n\\tHostApplication=C:\\\\Windows\\\\System32\\\\WindowsPowerShell\\\\v1.0\\\\powershell.exe -Command ls ~/Desktop\\n\\tEngineVersion=\\n\\tRunspaceId=\\n\\tPipelineId=\\n\\tCommandName=\\n\\tCommandType=\\n\\tScriptName=\\n\\tCommandPath=\\n\\tCommandLine=\",\"Binary\":\"\"}}","Channel":"Windows PowerShell","Provider":"PowerShell","EventId":600,"EventRecordId":"807","ProcessId":0,"ThreadId":0,"Level":"Info","Keywords":"0x80000000000000","SourceFile":"D:\\benign_log_combined_latest_used_actually\\new_benign\\powershell_820.evtx","ExtraDataOffset":0,"HiddenRecord":false,"TimeCreated":"2024-10-03T15:24:15.5216647+00:00","RecordNumber":79}
