{"PayloadData1":"HostApplication=C:\\Windows\\system32\\wsmprovhost.exe -Embedding\r","PayloadData2":"HostName=ServerRemoteHost\r","PayloadData3":"HostVersion=1.0.0.0\r","MapDescription":"Provider is Started","ChunkNumber":4,"Computer":"Server002","Payload":"{\"EventData\":{\"Data\":\"Registry, Started, \\tProviderName=Registry\\n\\tNewProviderState=Started\\n\\n\\tSequenceNumber=1\\n\\n\\tHostName=ServerRemoteHost\\n\\tHostVersion=1.0.0.0\\n\\tHostId=16915ec7-4d41-4810-814a-2a1c0a7bbbee\\n\\tHostApplication=C:\\\\Windows\\\\system32\\\\wsmprovhost.exe -Embedding\\n\\tEngineVersion=\\n\\tRunspaceId=\\n\\tPipelineId=\\n\\tCommandName=\\n\\tCommandType=\\n\\tScriptName=\\n\\tCommandPath=\\n\\tCommandLine=\",\"Binary\":\"\"}}","Channel":"Windows PowerShell","Provider":"PowerShell","EventId":600,"EventRecordId":"1006","ProcessId":0,"ThreadId":0,"Level":"Info","Keywords":"0x80000000000000","SourceFile":"D:\\benign_log_combined_latest_used_actually\\new_benign\\powershell_820.evtx","ExtraDataOffset":0,"HiddenRecord":false,"TimeCreated":"2024-10-13T17:22:03.8935350+00:00","RecordNumber":278}
{"PayloadData1":"HostApplication=C:\\Windows\\system32\\wsmprovhost.exe -Embedding\r","PayloadData2":"HostName=ServerRemoteHost\r","PayloadData3":"HostVersion=1.0.0.0\r","MapDescription":"Provider is Started","ChunkNumber":4,"Computer":"Server002","Payload":"{\"EventData\":{\"Data\":\"Alias, Started, \\tProviderName=Alias\\n\\tNewProviderState=Started\\n\\n\\tSequenceNumber=3\\n\\n\\tHostName=ServerRemoteHost\\n\\tHostVersion=1.0.0.0\\n\\tHostId=16915ec7-4d41-4810-814a-2a1c0a7bbbee\\n\\tHostApplication=C:\\\\Windows\\\\system32\\\\wsmprovhost.exe -Embedding\\n\\tEngineVersion=\\n\\tRunspaceId=\\n\\tPipelineId=\\n\\tCommandName=\\n\\tCommandType=\\n\\tScriptName=\\n\\tCommandPath=\\n\\tCommandLine=\",\"Binary\":\"\"}}","Channel":"Windows PowerShell","Provider":"PowerShell","EventId":600,"EventRecordId":"1007","ProcessId":0,"ThreadId":0,"Level":"Info","Keywords":"0x80000000000000","SourceFile":"D:\\benign_log_combined_latest_used_actually\\new_benign\\powershell_820.evtx","ExtraDataOffset":0,"HiddenRecord":false,"TimeCreated":"2024-10-13T17:22:03.9136750+00:00","RecordNumber":279}
{"PayloadData1":"HostApplication=C:\\Windows\\system32\\wsmprovhost.exe -Embedding\r","PayloadData2":"HostName=ServerRemoteHost\r","PayloadData3":"HostVersion=1.0.0.0\r","MapDescription":"Provider is Started","ChunkNumber":4,"Computer":"Server002","Payload":"{\"EventData\":{\"Data\":\"Environment, Started, \\tProviderName=Environment\\n\\tNewProviderState=Started\\n\\n\\tSequenceNumber=5\\n\\n\\tHostName=ServerRemoteHost\\n\\tHostVersion=1.0.0.0\\n\\tHostId=16915ec7-4d41-4810-814a-2a1c0a7bbbee\\n\\tHostApplication=C:\\\\Windows\\\\system32\\\\wsmprovhost.exe -Embedding\\n\\tEngineVersion=\\n\\tRunspaceId=\\n\\tPipelineId=\\n\\tCommandName=\\n\\tCommandType=\\n\\tScriptName=\\n\\tCommandPath=\\n\\tCommandLine=\",\"Binary\":\"\"}}","Channel":"Windows PowerShell","Provider":"PowerShell","EventId":600,"EventRecordId":"1008","ProcessId":0,"ThreadId":0,"Level":"Info","Keywords":"0x80000000000000","SourceFile":"D:\\benign_log_combined_latest_used_actually\\new_benign\\powershell_820.evtx","ExtraDataOffset":0,"HiddenRecord":false,"TimeCreated":"2024-10-13T17:22:03.9136750+00:00","RecordNumber":280}
{"PayloadData1":"HostApplication=C:\\Windows\\system32\\wsmprovhost.exe -Embedding\r","PayloadData2":"HostName=ServerRemoteHost\r","PayloadData3":"HostVersion=1.0.0.0\r","MapDescription":"Provider is Started","ChunkNumber":4,"Computer":"Server002","Payload":"{\"EventData\":{\"Data\":\"FileSystem, Started, \\tProviderName=FileSystem\\n\\tNewProviderState=Started\\n\\n\\tSequenceNumber=7\\n\\n\\tHostName=ServerRemoteHost\\n\\tHostVersion=1.0.0.0\\n\\tHostId=16915ec7-4d41-4810-814a-2a1c0a7bbbee\\n\\tHostApplication=C:\\\\Windows\\\\system32\\\\wsmprovhost.exe -Embedding\\n\\tEngineVersion=\\n\\tRunspaceId=\\n\\tPipelineId=\\n\\tCommandName=\\n\\tCommandType=\\n\\tScriptName=\\n\\tCommandPath=\\n\\tCommandLine=\",\"Binary\":\"\"}}","Channel":"Windows PowerShell","Provider":"PowerShell","EventId":600,"EventRecordId":"1009","ProcessId":0,"ThreadId":0,"Level":"Info","Keywords":"0x80000000000000","SourceFile":"D:\\benign_log_combined_latest_used_actually\\new_benign\\powershell_820.evtx","ExtraDataOffset":0,"HiddenRecord":false,"TimeCreated":"2024-10-13T17:22:03.9800363+00:00","RecordNumber":281}
{"PayloadData1":"HostApplication=C:\\Windows\\system32\\wsmprovhost.exe -Embedding\r","PayloadData2":"HostName=ServerRemoteHost\r","PayloadData3":"HostVersion=1.0.0.0\r","MapDescription":"Provider is Started","ChunkNumber":4,"Computer":"Server002","Payload":"{\"EventData\":{\"Data\":\"Function, Started, \\tProviderName=Function\\n\\tNewProviderState=Started\\n\\n\\tSequenceNumber=9\\n\\n\\tHostName=ServerRemoteHost\\n\\tHostVersion=1.0.0.0\\n\\tHostId=16915ec7-4d41-4810-814a-2a1c0a7bbbee\\n\\tHostApplication=C:\\\\Windows\\\\system32\\\\wsmprovhost.exe -Embedding\\n\\tEngineVersion=\\n\\tRunspaceId=\\n\\tPipelineId=\\n\\tCommandName=\\n\\tCommandType=\\n\\tScriptName=\\n\\tCommandPath=\\n\\tCommandLine=\",\"Binary\":\"\"}}","Channel":"Windows PowerShell","Provider":"PowerShell","EventId":600,"EventRecordId":"1010","ProcessId":0,"ThreadId":0,"Level":"Info","Keywords":"0x80000000000000","SourceFile":"D:\\benign_log_combined_latest_used_actually\\new_benign\\powershell_820.evtx","ExtraDataOffset":0,"HiddenRecord":false,"TimeCreated":"2024-10-13T17:22:03.9901715+00:00","RecordNumber":282}
{"PayloadData1":"HostApplication=C:\\Windows\\system32\\wsmprovhost.exe -Embedding\r","PayloadData2":"HostName=ServerRemoteHost\r","PayloadData3":"HostVersion=1.0.0.0\r","MapDescription":"Provider is Started","ChunkNumber":4,"Computer":"Server002","Payload":"{\"EventData\":{\"Data\":\"Variable, Started, \\tProviderName=Variable\\n\\tNewProviderState=Started\\n\\n\\tSequenceNumber=11\\n\\n\\tHostName=ServerRemoteHost\\n\\tHostVersion=1.0.0.0\\n\\tHostId=16915ec7-4d41-4810-814a-2a1c0a7bbbee\\n\\tHostApplication=C:\\\\Windows\\\\system32\\\\wsmprovhost.exe -Embedding\\n\\tEngineVersion=\\n\\tRunspaceId=\\n\\tPipelineId=\\n\\tCommandName=\\n\\tCommandType=\\n\\tScriptName=\\n\\tCommandPath=\\n\\tCommandLine=\",\"Binary\":\"\"}}","Channel":"Windows PowerShell","Provider":"PowerShell","EventId":600,"EventRecordId":"1011","ProcessId":0,"ThreadId":0,"Level":"Info","Keywords":"0x80000000000000","SourceFile":"D:\\benign_log_combined_latest_used_actually\\new_benign\\powershell_820.evtx","ExtraDataOffset":0,"HiddenRecord":false,"TimeCreated":"2024-10-13T17:22:03.9901715+00:00","RecordNumber":283}
{"PayloadData1":"HostApplication=C:\\Windows\\system32\\wsmprovhost.exe -Embedding\r","PayloadData2":"HostName=ServerRemoteHost\r","PayloadData3":"HostVersion=1.0.0.0\r","MapDescription":"Engine state is changed from None to Available","ChunkNumber":4,"Computer":"Server002","Payload":"{\"EventData\":{\"Data\":\"Available, None, \\tNewEngineState=Available\\n\\tPreviousEngineState=None\\n\\n\\tSequenceNumber=13\\n\\n\\tHostName=ServerRemoteHost\\n\\tHostVersion=1.0.0.0\\n\\tHostId=16915ec7-4d41-4810-814a-2a1c0a7bbbee\\n\\tHostApplication=C:\\\\Windows\\\\system32\\\\wsmprovhost.exe -Embedding\\n\\tEngineVersion=5.1.19041.5007\\n\\tRunspaceId=3ccde506-260e-41ef-b355-fc5528a487b1\\n\\tPipelineId=\\n\\tCommandName=\\n\\tCommandType=\\n\\tScriptName=\\n\\tCommandPath=\\n\\tCommandLine=\",\"Binary\":\"\"}}","Channel":"Windows PowerShell","Provider":"PowerShell","EventId":400,"EventRecordId":"1012","ProcessId":0,"ThreadId":0,"Level":"Info","Keywords":"0x80000000000000","SourceFile":"D:\\benign_log_combined_latest_used_actually\\new_benign\\powershell_820.evtx","ExtraDataOffset":0,"HiddenRecord":false,"TimeCreated":"2024-10-13T17:22:04.7577395+00:00","RecordNumber":284}
{"PayloadData1":"HostApplication=C:\\Windows\\System32\\WindowsPowerShell\\v1.0\\powershell.exe\r","PayloadData2":"HostName=ConsoleHost\r","PayloadData3":"HostVersion=5.1.19041.5007\r","MapDescription":"Provider is Started","ChunkNumber":4,"Computer":"Server002","Payload":"{\"EventData\":{\"Data\":\"Registry, Started, \\tProviderName=Registry\\n\\tNewProviderState=Started\\n\\n\\tSequenceNumber=1\\n\\n\\tHostName=ConsoleHost\\n\\tHostVersion=5.1.19041.5007\\n\\tHostId=5441ca86-34b8-45b0-9cf3-7ac5387bcf40\\n\\tHostApplication=C:\\\\Windows\\\\System32\\\\WindowsPowerShell\\\\v1.0\\\\powershell.exe\\n\\tEngineVersion=\\n\\tRunspaceId=\\n\\tPipelineId=\\n\\tCommandName=\\n\\tCommandType=\\n\\tScriptName=\\n\\tCommandPath=\\n\\tCommandLine=\",\"Binary\":\"\"}}","Channel":"Windows PowerShell","Provider":"PowerShell","EventId":600,"EventRecordId":"1013","ProcessId":0,"ThreadId":0,"Level":"Info","Keywords":"0x80000000000000","SourceFile":"D:\\benign_log_combined_latest_used_actually\\new_benign\\powershell_820.evtx","ExtraDataOffset":0,"HiddenRecord":false,"TimeCreated":"2024-10-16T18:09:55.2642426+00:00","RecordNumber":285}
{"PayloadData1":"HostApplication=C:\\Windows\\System32\\WindowsPowerShell\\v1.0\\powershell.exe\r","PayloadData2":"HostName=ConsoleHost\r","PayloadData3":"HostVersion=5.1.19041.5007\r","MapDescription":"Provider is Started","ChunkNumber":4,"Computer":"Server002","Payload":"{\"EventData\":{\"Data\":\"Alias, Started, \\tProviderName=Alias\\n\\tNewProviderState=Started\\n\\n\\tSequenceNumber=3\\n\\n\\tHostName=ConsoleHost\\n\\tHostVersion=5.1.19041.5007\\n\\tHostId=5441ca86-34b8-45b0-9cf3-7ac5387bcf40\\n\\tHostApplication=C:\\\\Windows\\\\System32\\\\WindowsPowerShell\\\\v1.0\\\\powershell.exe\\n\\tEngineVersion=\\n\\tRunspaceId=\\n\\tPipelineId=\\n\\tCommandName=\\n\\tCommandType=\\n\\tScriptName=\\n\\tCommandPath=\\n\\tCommandLine=\",\"Binary\":\"\"}}","Channel":"Windows PowerShell","Provider":"PowerShell","EventId":600,"EventRecordId":"1014","ProcessId":0,"ThreadId":0,"Level":"Info","Keywords":"0x80000000000000","SourceFile":"D:\\benign_log_combined_latest_used_actually\\new_benign\\powershell_820.evtx","ExtraDataOffset":0,"HiddenRecord":false,"TimeCreated":"2024-10-16T18:09:55.2642426+00:00","RecordNumber":286}
{"PayloadData1":"HostApplication=C:\\Windows\\System32\\WindowsPowerShell\\v1.0\\powershell.exe\r","PayloadData2":"HostName=ConsoleHost\r","PayloadData3":"HostVersion=5.1.19041.5007\r","MapDescription":"Provider is Started","ChunkNumber":4,"Computer":"Server002","Payload":"{\"EventData\":{\"Data\":\"Environment, Started, \\tProviderName=Environment\\n\\tNewProviderState=Started\\n\\n\\tSequenceNumber=5\\n\\n\\tHostName=ConsoleHost\\n\\tHostVersion=5.1.19041.5007\\n\\tHostId=5441ca86-34b8-45b0-9cf3-7ac5387bcf40\\n\\tHostApplication=C:\\\\Windows\\\\System32\\\\WindowsPowerShell\\\\v1.0\\\\powershell.exe\\n\\tEngineVersion=\\n\\tRunspaceId=\\n\\tPipelineId=\\n\\tCommandName=\\n\\tCommandType=\\n\\tScriptName=\\n\\tCommandPath=\\n\\tCommandLine=\",\"Binary\":\"\"}}","Channel":"Windows PowerShell","Provider":"PowerShell","EventId":600,"EventRecordId":"1015","ProcessId":0,"ThreadId":0,"Level":"Info","Keywords":"0x80000000000000","SourceFile":"D:\\benign_log_combined_latest_used_actually\\new_benign\\powershell_820.evtx","ExtraDataOffset":0,"HiddenRecord":false,"TimeCreated":"2024-10-16T18:09:55.2876623+00:00","RecordNumber":287}
{"PayloadData1":"HostApplication=C:\\Windows\\System32\\WindowsPowerShell\\v1.0\\powershell.exe\r","PayloadData2":"HostName=ConsoleHost\r","PayloadData3":"HostVersion=5.1.19041.5007\r","MapDescription":"Provider is Started","ChunkNumber":4,"Computer":"Server002","Payload":"{\"EventData\":{\"Data\":\"FileSystem, Started, \\tProviderName=FileSystem\\n\\tNewProviderState=Started\\n\\n\\tSequenceNumber=7\\n\\n\\tHostName=ConsoleHost\\n\\tHostVersion=5.1.19041.5007\\n\\tHostId=5441ca86-34b8-45b0-9cf3-7ac5387bcf40\\n\\tHostApplication=C:\\\\Windows\\\\System32\\\\WindowsPowerShell\\\\v1.0\\\\powershell.exe\\n\\tEngineVersion=\\n\\tRunspaceId=\\n\\tPipelineId=\\n\\tCommandName=\\n\\tCommandType=\\n\\tScriptName=\\n\\tCommandPath=\\n\\tCommandLine=\",\"Binary\":\"\"}}","Channel":"Windows PowerShell","Provider":"PowerShell","EventId":600,"EventRecordId":"1016","ProcessId":0,"ThreadId":0,"Level":"Info","Keywords":"0x80000000000000","SourceFile":"D:\\benign_log_combined_latest_used_actually\\new_benign\\powershell_820.evtx","ExtraDataOffset":0,"HiddenRecord":false,"TimeCreated":"2024-10-16T18:09:55.3048023+00:00","RecordNumber":288}
{"PayloadData1":"HostApplication=C:\\Windows\\System32\\WindowsPowerShell\\v1.0\\powershell.exe\r","PayloadData2":"HostName=ConsoleHost\r","PayloadData3":"HostVersion=5.1.19041.5007\r","MapDescription":"Provider is Started","ChunkNumber":4,"Computer":"Server002","Payload":"{\"EventData\":{\"Data\":\"Function, Started, \\tProviderName=Function\\n\\tNewProviderState=Started\\n\\n\\tSequenceNumber=9\\n\\n\\tHostName=ConsoleHost\\n\\tHostVersion=5.1.19041.5007\\n\\tHostId=5441ca86-34b8-45b0-9cf3-7ac5387bcf40\\n\\tHostApplication=C:\\\\Windows\\\\System32\\\\WindowsPowerShell\\\\v1.0\\\\powershell.exe\\n\\tEngineVersion=\\n\\tRunspaceId=\\n\\tPipelineId=\\n\\tCommandName=\\n\\tCommandType=\\n\\tScriptName=\\n\\tCommandPath=\\n\\tCommandLine=\",\"Binary\":\"\"}}","Channel":"Windows PowerShell","Provider":"PowerShell","EventId":600,"EventRecordId":"1017","ProcessId":0,"ThreadId":0,"Level":"Info","Keywords":"0x80000000000000","SourceFile":"D:\\benign_log_combined_latest_used_actually\\new_benign\\powershell_820.evtx","ExtraDataOffset":0,"HiddenRecord":false,"TimeCreated":"2024-10-16T18:09:55.3048023+00:00","RecordNumber":289}
{"PayloadData1":"HostApplication=C:\\Windows\\System32\\WindowsPowerShell\\v1.0\\powershell.exe\r","PayloadData2":"HostName=ConsoleHost\r","PayloadData3":"HostVersion=5.1.19041.5007\r","MapDescription":"Provider is Started","ChunkNumber":4,"Computer":"Server002","Payload":"{\"EventData\":{\"Data\":\"Variable, Started, \\tProviderName=Variable\\n\\tNewProviderState=Started\\n\\n\\tSequenceNumber=11\\n\\n\\tHostName=ConsoleHost\\n\\tHostVersion=5.1.19041.5007\\n\\tHostId=5441ca86-34b8-45b0-9cf3-7ac5387bcf40\\n\\tHostApplication=C:\\\\Windows\\\\System32\\\\WindowsPowerShell\\\\v1.0\\\\powershell.exe\\n\\tEngineVersion=\\n\\tRunspaceId=\\n\\tPipelineId=\\n\\tCommandName=\\n\\tCommandType=\\n\\tScriptName=\\n\\tCommandPath=\\n\\tCommandLine=\",\"Binary\":\"\"}}","Channel":"Windows PowerShell","Provider":"PowerShell","EventId":600,"EventRecordId":"1018","ProcessId":0,"ThreadId":0,"Level":"Info","Keywords":"0x80000000000000","SourceFile":"D:\\benign_log_combined_latest_used_actually\\new_benign\\powershell_820.evtx","ExtraDataOffset":0,"HiddenRecord":false,"TimeCreated":"2024-10-16T18:09:55.3233366+00:00","RecordNumber":290}
{"PayloadData1":"HostApplication=C:\\Windows\\System32\\WindowsPowerShell\\v1.0\\powershell.exe\r","PayloadData2":"HostName=ConsoleHost\r","PayloadData3":"HostVersion=5.1.19041.5007\r","MapDescription":"Engine state is changed from None to Available","ChunkNumber":4,"Computer":"Server002","Payload":"{\"EventData\":{\"Data\":\"Available, None, \\tNewEngineState=Available\\n\\tPreviousEngineState=None\\n\\n\\tSequenceNumber=13\\n\\n\\tHostName=ConsoleHost\\n\\tHostVersion=5.1.19041.5007\\n\\tHostId=5441ca86-34b8-45b0-9cf3-7ac5387bcf40\\n\\tHostApplication=C:\\\\Windows\\\\System32\\\\WindowsPowerShell\\\\v1.0\\\\powershell.exe\\n\\tEngineVersion=5.1.19041.5007\\n\\tRunspaceId=59774960-4672-4aae-b745-37d3251cac95\\n\\tPipelineId=\\n\\tCommandName=\\n\\tCommandType=\\n\\tScriptName=\\n\\tCommandPath=\\n\\tCommandLine=\",\"Binary\":\"\"}}","Channel":"Windows PowerShell","Provider":"PowerShell","EventId":400,"EventRecordId":"1019","ProcessId":0,"ThreadId":0,"Level":"Info","Keywords":"0x80000000000000","SourceFile":"D:\\benign_log_combined_latest_used_actually\\new_benign\\powershell_820.evtx","ExtraDataOffset":0,"HiddenRecord":false,"TimeCreated":"2024-10-16T18:09:55.8735816+00:00","RecordNumber":291}
{"PayloadData1":"HostApplication=powershell.exe -ExecutionPolicy Restricted -Command Write-Host 'Final result: 1';\r","PayloadData2":"HostName=ConsoleHost\r","PayloadData3":"HostVersion=5.1.19041.5007\r","MapDescription":"Provider is Started","ChunkNumber":5,"Computer":"Server002","Payload":"{\"EventData\":{\"Data\":\"Registry, Started, \\tProviderName=Registry\\n\\tNewProviderState=Started\\n\\n\\tSequenceNumber=1\\n\\n\\tHostName=ConsoleHost\\n\\tHostVersion=5.1.19041.5007\\n\\tHostId=de243184-ca1b-4b6a-ae28-64ba67111db5\\n\\tHostApplication=powershell.exe -ExecutionPolicy Restricted -Command Write-Host 'Final result: 1';\\n\\tEngineVersion=\\n\\tRunspaceId=\\n\\tPipelineId=\\n\\tCommandName=\\n\\tCommandType=\\n\\tScriptName=\\n\\tCommandPath=\\n\\tCommandLine=\",\"Binary\":\"\"}}","Channel":"Windows PowerShell","Provider":"PowerShell","EventId":600,"EventRecordId":"1020","ProcessId":0,"ThreadId":0,"Level":"Info","Keywords":"0x80000000000000","SourceFile":"D:\\benign_log_combined_latest_used_actually\\new_benign\\powershell_820.evtx","ExtraDataOffset":0,"HiddenRecord":false,"TimeCreated":"2024-10-16T18:17:16.0401491+00:00","RecordNumber":292}
{"PayloadData1":"HostApplication=powershell.exe -ExecutionPolicy Restricted -Command Write-Host 'Final result: 1';\r","PayloadData2":"HostName=ConsoleHost\r","PayloadData3":"HostVersion=5.1.19041.5007\r","MapDescription":"Provider is Started","ChunkNumber":5,"Computer":"Server002","Payload":"{\"EventData\":{\"Data\":\"Alias, Started, \\tProviderName=Alias\\n\\tNewProviderState=Started\\n\\n\\tSequenceNumber=3\\n\\n\\tHostName=ConsoleHost\\n\\tHostVersion=5.1.19041.5007\\n\\tHostId=de243184-ca1b-4b6a-ae28-64ba67111db5\\n\\tHostApplication=powershell.exe -ExecutionPolicy Restricted -Command Write-Host 'Final result: 1';\\n\\tEngineVersion=\\n\\tRunspaceId=\\n\\tPipelineId=\\n\\tCommandName=\\n\\tCommandType=\\n\\tScriptName=\\n\\tCommandPath=\\n\\tCommandLine=\",\"Binary\":\"\"}}","Channel":"Windows PowerShell","Provider":"PowerShell","EventId":600,"EventRecordId":"1021","ProcessId":0,"ThreadId":0,"Level":"Info","Keywords":"0x80000000000000","SourceFile":"D:\\benign_log_combined_latest_used_actually\\new_benign\\powershell_820.evtx","ExtraDataOffset":0,"HiddenRecord":false,"TimeCreated":"2024-10-16T18:17:16.0401491+00:00","RecordNumber":293}
{"PayloadData1":"HostApplication=powershell.exe -ExecutionPolicy Restricted -Command Write-Host 'Final result: 1';\r","PayloadData2":"HostName=ConsoleHost\r","PayloadData3":"HostVersion=5.1.19041.5007\r","MapDescription":"Provider is Started","ChunkNumber":5,"Computer":"Server002","Payload":"{\"EventData\":{\"Data\":\"Environment, Started, \\tProviderName=Environment\\n\\tNewProviderState=Started\\n\\n\\tSequenceNumber=5\\n\\n\\tHostName=ConsoleHost\\n\\tHostVersion=5.1.19041.5007\\n\\tHostId=de243184-ca1b-4b6a-ae28-64ba67111db5\\n\\tHostApplication=powershell.exe -ExecutionPolicy Restricted -Command Write-Host 'Final result: 1';\\n\\tEngineVersion=\\n\\tRunspaceId=\\n\\tPipelineId=\\n\\tCommandName=\\n\\tCommandType=\\n\\tScriptName=\\n\\tCommandPath=\\n\\tCommandLine=\",\"Binary\":\"\"}}","Channel":"Windows PowerShell","Provider":"PowerShell","EventId":600,"EventRecordId":"1022","ProcessId":0,"ThreadId":0,"Level":"Info","Keywords":"0x80000000000000","SourceFile":"D:\\benign_log_combined_latest_used_actually\\new_benign\\powershell_820.evtx","ExtraDataOffset":0,"HiddenRecord":false,"TimeCreated":"2024-10-16T18:17:16.0401491+00:00","RecordNumber":294}
{"PayloadData1":"HostApplication=powershell.exe -ExecutionPolicy Restricted -Command Write-Host 'Final result: 1';\r","PayloadData2":"HostName=ConsoleHost\r","PayloadData3":"HostVersion=5.1.19041.5007\r","MapDescription":"Provider is Started","ChunkNumber":5,"Computer":"Server002","Payload":"{\"EventData\":{\"Data\":\"FileSystem, Started, \\tProviderName=FileSystem\\n\\tNewProviderState=Started\\n\\n\\tSequenceNumber=7\\n\\n\\tHostName=ConsoleHost\\n\\tHostVersion=5.1.19041.5007\\n\\tHostId=de243184-ca1b-4b6a-ae28-64ba67111db5\\n\\tHostApplication=powershell.exe -ExecutionPolicy Restricted -Command Write-Host 'Final result: 1';\\n\\tEngineVersion=\\n\\tRunspaceId=\\n\\tPipelineId=\\n\\tCommandName=\\n\\tCommandType=\\n\\tScriptName=\\n\\tCommandPath=\\n\\tCommandLine=\",\"Binary\":\"\"}}","Channel":"Windows PowerShell","Provider":"PowerShell","EventId":600,"EventRecordId":"1023","ProcessId":0,"ThreadId":0,"Level":"Info","Keywords":"0x80000000000000","SourceFile":"D:\\benign_log_combined_latest_used_actually\\new_benign\\powershell_820.evtx","ExtraDataOffset":0,"HiddenRecord":false,"TimeCreated":"2024-10-16T18:17:16.0541254+00:00","RecordNumber":295}
{"PayloadData1":"HostApplication=powershell.exe -ExecutionPolicy Restricted -Command Write-Host 'Final result: 1';\r","PayloadData2":"HostName=ConsoleHost\r","PayloadData3":"HostVersion=5.1.19041.5007\r","MapDescription":"Provider is Started","ChunkNumber":5,"Computer":"Server002","Payload":"{\"EventData\":{\"Data\":\"Function, Started, \\tProviderName=Function\\n\\tNewProviderState=Started\\n\\n\\tSequenceNumber=9\\n\\n\\tHostName=ConsoleHost\\n\\tHostVersion=5.1.19041.5007\\n\\tHostId=de243184-ca1b-4b6a-ae28-64ba67111db5\\n\\tHostApplication=powershell.exe -ExecutionPolicy Restricted -Command Write-Host 'Final result: 1';\\n\\tEngineVersion=\\n\\tRunspaceId=\\n\\tPipelineId=\\n\\tCommandName=\\n\\tCommandType=\\n\\tScriptName=\\n\\tCommandPath=\\n\\tCommandLine=\",\"Binary\":\"\"}}","Channel":"Windows PowerShell","Provider":"PowerShell","EventId":600,"EventRecordId":"1024","ProcessId":0,"ThreadId":0,"Level":"Info","Keywords":"0x80000000000000","SourceFile":"D:\\benign_log_combined_latest_used_actually\\new_benign\\powershell_820.evtx","ExtraDataOffset":0,"HiddenRecord":false,"TimeCreated":"2024-10-16T18:17:16.0541254+00:00","RecordNumber":296}
{"PayloadData1":"HostApplication=powershell.exe -ExecutionPolicy Restricted -Command Write-Host 'Final result: 1';\r","PayloadData2":"HostName=ConsoleHost\r","PayloadData3":"HostVersion=5.1.19041.5007\r","MapDescription":"Provider is Started","ChunkNumber":5,"Computer":"Server002","Payload":"{\"EventData\":{\"Data\":\"Variable, Started, \\tProviderName=Variable\\n\\tNewProviderState=Started\\n\\n\\tSequenceNumber=11\\n\\n\\tHostName=ConsoleHost\\n\\tHostVersion=5.1.19041.5007\\n\\tHostId=de243184-ca1b-4b6a-ae28-64ba67111db5\\n\\tHostApplication=powershell.exe -ExecutionPolicy Restricted -Command Write-Host 'Final result: 1';\\n\\tEngineVersion=\\n\\tRunspaceId=\\n\\tPipelineId=\\n\\tCommandName=\\n\\tCommandType=\\n\\tScriptName=\\n\\tCommandPath=\\n\\tCommandLine=\",\"Binary\":\"\"}}","Channel":"Windows PowerShell","Provider":"PowerShell","EventId":600,"EventRecordId":"1025","ProcessId":0,"ThreadId":0,"Level":"Info","Keywords":"0x80000000000000","SourceFile":"D:\\benign_log_combined_latest_used_actually\\new_benign\\powershell_820.evtx","ExtraDataOffset":0,"HiddenRecord":false,"TimeCreated":"2024-10-16T18:17:16.0541254+00:00","RecordNumber":297}
{"PayloadData1":"HostApplication=powershell.exe -ExecutionPolicy Restricted -Command Write-Host 'Final result: 1';\r","PayloadData2":"HostName=ConsoleHost\r","PayloadData3":"HostVersion=5.1.19041.5007\r","MapDescription":"Engine state is changed from None to Available","ChunkNumber":5,"Computer":"Server002","Payload":"{\"EventData\":{\"Data\":\"Available, None, \\tNewEngineState=Available\\n\\tPreviousEngineState=None\\n\\n\\tSequenceNumber=13\\n\\n\\tHostName=ConsoleHost\\n\\tHostVersion=5.1.19041.5007\\n\\tHostId=de243184-ca1b-4b6a-ae28-64ba67111db5\\n\\tHostApplication=powershell.exe -ExecutionPolicy Restricted -Command Write-Host 'Final result: 1';\\n\\tEngineVersion=5.1.19041.5007\\n\\tRunspaceId=e8ea40b7-3f79-4649-86ad-093f8243f23c\\n\\tPipelineId=\\n\\tCommandName=\\n\\tCommandType=\\n\\tScriptName=\\n\\tCommandPath=\\n\\tCommandLine=\",\"Binary\":\"\"}}","Channel":"Windows PowerShell","Provider":"PowerShell","EventId":400,"EventRecordId":"1026","ProcessId":0,"ThreadId":0,"Level":"Info","Keywords":"0x80000000000000","SourceFile":"D:\\benign_log_combined_latest_used_actually\\new_benign\\powershell_820.evtx","ExtraDataOffset":0,"HiddenRecord":false,"TimeCreated":"2024-10-16T18:17:16.4429010+00:00","RecordNumber":298}
{"PayloadData1":"HostApplication=powershell.exe -ExecutionPolicy Restricted -Command Write-Host 'Final result: 1';\r","PayloadData2":"HostName=ConsoleHost\r","PayloadData3":"HostVersion=5.1.19041.5007\r","MapDescription":"Engine state is changed from Available to Stopped","ChunkNumber":5,"Computer":"Server002","Payload":"{\"EventData\":{\"Data\":\"Stopped, Available, \\tNewEngineState=Stopped\\n\\tPreviousEngineState=Available\\n\\n\\tSequenceNumber=15\\n\\n\\tHostName=ConsoleHost\\n\\tHostVersion=5.1.19041.5007\\n\\tHostId=de243184-ca1b-4b6a-ae28-64ba67111db5\\n\\tHostApplication=powershell.exe -ExecutionPolicy Restricted -Command Write-Host 'Final result: 1';\\n\\tEngineVersion=5.1.19041.5007\\n\\tRunspaceId=e8ea40b7-3f79-4649-86ad-093f8243f23c\\n\\tPipelineId=\\n\\tCommandName=\\n\\tCommandType=\\n\\tScriptName=\\n\\tCommandPath=\\n\\tCommandLine=\",\"Binary\":\"\"}}","Channel":"Windows PowerShell","Provider":"PowerShell","EventId":403,"EventRecordId":"1027","ProcessId":0,"ThreadId":0,"Level":"Info","Keywords":"0x80000000000000","SourceFile":"D:\\benign_log_combined_latest_used_actually\\new_benign\\powershell_820.evtx","ExtraDataOffset":0,"HiddenRecord":false,"TimeCreated":"2024-10-16T18:17:17.2253055+00:00","RecordNumber":299}
{"PayloadData1":"HostApplication=powershell.exe -ExecutionPolicy Restricted -Command $Res = 0; $Infs = Get-Item -Path ($env:WinDir + '\\inf\\*.inf'); foreach ($Inf in $Infs) { $Data = Get-Content $Inf.FullName; if ($Data -match '\\[defaultinstall.nt(amd64|arm|arm64|x86)\\]') { $Res = 1; break; } } Write-Host 'Final result:', $Res;\r","PayloadData2":"HostName=ConsoleHost\r","PayloadData3":"HostVersion=5.1.19041.5007\r","MapDescription":"Provider is Started","ChunkNumber":5,"Computer":"Server002","Payload":"{\"EventData\":{\"Data\":\"Registry, Started, \\tProviderName=Registry\\n\\tNewProviderState=Started\\n\\n\\tSequenceNumber=1\\n\\n\\tHostName=ConsoleHost\\n\\tHostVersion=5.1.19041.5007\\n\\tHostId=b63ef15b-c334-4300-a8e9-6f190eea3c05\\n\\tHostApplication=powershell.exe -ExecutionPolicy Restricted -Command $Res = 0; $Infs = Get-Item -Path ($env:WinDir + '\\\\inf\\\\*.inf'); foreach ($Inf in $Infs) { $Data = Get-Content $Inf.FullName; if ($Data -match '\\\\[defaultinstall.nt(amd64|arm|arm64|x86)\\\\]') { $Res = 1; break; } } Write-Host 'Final result:', $Res;\\n\\tEngineVersion=\\n\\tRunspaceId=\\n\\tPipelineId=\\n\\tCommandName=\\n\\tCommandType=\\n\\tScriptName=\\n\\tCommandPath=\\n\\tCommandLine=\",\"Binary\":\"\"}}","Channel":"Windows PowerShell","Provider":"PowerShell","EventId":600,"EventRecordId":"1028","ProcessId":0,"ThreadId":0,"Level":"Info","Keywords":"0x80000000000000","SourceFile":"D:\\benign_log_combined_latest_used_actually\\new_benign\\powershell_820.evtx","ExtraDataOffset":0,"HiddenRecord":false,"TimeCreated":"2024-10-16T18:17:17.9410794+00:00","RecordNumber":300}
{"PayloadData1":"HostApplication=powershell.exe -ExecutionPolicy Restricted -Command $Res = 0; $Infs = Get-Item -Path ($env:WinDir + '\\inf\\*.inf'); foreach ($Inf in $Infs) { $Data = Get-Content $Inf.FullName; if ($Data -match '\\[defaultinstall.nt(amd64|arm|arm64|x86)\\]') { $Res = 1; break; } } Write-Host 'Final result:', $Res;\r","PayloadData2":"HostName=ConsoleHost\r","PayloadData3":"HostVersion=5.1.19041.5007\r","MapDescription":"Provider is Started","ChunkNumber":5,"Computer":"Server002","Payload":"{\"EventData\":{\"Data\":\"Alias, Started, \\tProviderName=Alias\\n\\tNewProviderState=Started\\n\\n\\tSequenceNumber=3\\n\\n\\tHostName=ConsoleHost\\n\\tHostVersion=5.1.19041.5007\\n\\tHostId=b63ef15b-c334-4300-a8e9-6f190eea3c05\\n\\tHostApplication=powershell.exe -ExecutionPolicy Restricted -Command $Res = 0; $Infs = Get-Item -Path ($env:WinDir + '\\\\inf\\\\*.inf'); foreach ($Inf in $Infs) { $Data = Get-Content $Inf.FullName; if ($Data -match '\\\\[defaultinstall.nt(amd64|arm|arm64|x86)\\\\]') { $Res = 1; break; } } Write-Host 'Final result:', $Res;\\n\\tEngineVersion=\\n\\tRunspaceId=\\n\\tPipelineId=\\n\\tCommandName=\\n\\tCommandType=\\n\\tScriptName=\\n\\tCommandPath=\\n\\tCommandLine=\",\"Binary\":\"\"}}","Channel":"Windows PowerShell","Provider":"PowerShell","EventId":600,"EventRecordId":"1029","ProcessId":0,"ThreadId":0,"Level":"Info","Keywords":"0x80000000000000","SourceFile":"D:\\benign_log_combined_latest_used_actually\\new_benign\\powershell_820.evtx","ExtraDataOffset":0,"HiddenRecord":false,"TimeCreated":"2024-10-16T18:17:17.9410794+00:00","RecordNumber":301}
{"PayloadData1":"HostApplication=powershell.exe -ExecutionPolicy Restricted -Command $Res = 0; $Infs = Get-Item -Path ($env:WinDir + '\\inf\\*.inf'); foreach ($Inf in $Infs) { $Data = Get-Content $Inf.FullName; if ($Data -match '\\[defaultinstall.nt(amd64|arm|arm64|x86)\\]') { $Res = 1; break; } } Write-Host 'Final result:', $Res;\r","PayloadData2":"HostName=ConsoleHost\r","PayloadData3":"HostVersion=5.1.19041.5007\r","MapDescription":"Provider is Started","ChunkNumber":5,"Computer":"Server002","Payload":"{\"EventData\":{\"Data\":\"Environment, Started, \\tProviderName=Environment\\n\\tNewProviderState=Started\\n\\n\\tSequenceNumber=5\\n\\n\\tHostName=ConsoleHost\\n\\tHostVersion=5.1.19041.5007\\n\\tHostId=b63ef15b-c334-4300-a8e9-6f190eea3c05\\n\\tHostApplication=powershell.exe -ExecutionPolicy Restricted -Command $Res = 0; $Infs = Get-Item -Path ($env:WinDir + '\\\\inf\\\\*.inf'); foreach ($Inf in $Infs) { $Data = Get-Content $Inf.FullName; if ($Data -match '\\\\[defaultinstall.nt(amd64|arm|arm64|x86)\\\\]') { $Res = 1; break; } } Write-Host 'Final result:', $Res;\\n\\tEngineVersion=\\n\\tRunspaceId=\\n\\tPipelineId=\\n\\tCommandName=\\n\\tCommandType=\\n\\tScriptName=\\n\\tCommandPath=\\n\\tCommandLine=\",\"Binary\":\"\"}}","Channel":"Windows PowerShell","Provider":"PowerShell","EventId":600,"EventRecordId":"1030","ProcessId":0,"ThreadId":0,"Level":"Info","Keywords":"0x80000000000000","SourceFile":"D:\\benign_log_combined_latest_used_actually\\new_benign\\powershell_820.evtx","ExtraDataOffset":0,"HiddenRecord":false,"TimeCreated":"2024-10-16T18:17:17.9410794+00:00","RecordNumber":302}
{"PayloadData1":"HostApplication=powershell.exe -ExecutionPolicy Restricted -Command $Res = 0; $Infs = Get-Item -Path ($env:WinDir + '\\inf\\*.inf'); foreach ($Inf in $Infs) { $Data = Get-Content $Inf.FullName; if ($Data -match '\\[defaultinstall.nt(amd64|arm|arm64|x86)\\]') { $Res = 1; break; } } Write-Host 'Final result:', $Res;\r","PayloadData2":"HostName=ConsoleHost\r","PayloadData3":"HostVersion=5.1.19041.5007\r","MapDescription":"Provider is Started","ChunkNumber":5,"Computer":"Server002","Payload":"{\"EventData\":{\"Data\":\"FileSystem, Started, \\tProviderName=FileSystem\\n\\tNewProviderState=Started\\n\\n\\tSequenceNumber=7\\n\\n\\tHostName=ConsoleHost\\n\\tHostVersion=5.1.19041.5007\\n\\tHostId=b63ef15b-c334-4300-a8e9-6f190eea3c05\\n\\tHostApplication=powershell.exe -ExecutionPolicy Restricted -Command $Res = 0; $Infs = Get-Item -Path ($env:WinDir + '\\\\inf\\\\*.inf'); foreach ($Inf in $Infs) { $Data = Get-Content $Inf.FullName; if ($Data -match '\\\\[defaultinstall.nt(amd64|arm|arm64|x86)\\\\]') { $Res = 1; break; } } Write-Host 'Final result:', $Res;\\n\\tEngineVersion=\\n\\tRunspaceId=\\n\\tPipelineId=\\n\\tCommandName=\\n\\tCommandType=\\n\\tScriptName=\\n\\tCommandPath=\\n\\tCommandLine=\",\"Binary\":\"\"}}","Channel":"Windows PowerShell","Provider":"PowerShell","EventId":600,"EventRecordId":"1031","ProcessId":0,"ThreadId":0,"Level":"Info","Keywords":"0x80000000000000","SourceFile":"D:\\benign_log_combined_latest_used_actually\\new_benign\\powershell_820.evtx","ExtraDataOffset":0,"HiddenRecord":false,"TimeCreated":"2024-10-16T18:17:17.9410794+00:00","RecordNumber":303}
{"PayloadData1":"HostApplication=powershell.exe -ExecutionPolicy Restricted -Command $Res = 0; $Infs = Get-Item -Path ($env:WinDir + '\\inf\\*.inf'); foreach ($Inf in $Infs) { $Data = Get-Content $Inf.FullName; if ($Data -match '\\[defaultinstall.nt(amd64|arm|arm64|x86)\\]') { $Res = 1; break; } } Write-Host 'Final result:', $Res;\r","PayloadData2":"HostName=ConsoleHost\r","PayloadData3":"HostVersion=5.1.19041.5007\r","MapDescription":"Provider is Started","ChunkNumber":5,"Computer":"Server002","Payload":"{\"EventData\":{\"Data\":\"Function, Started, \\tProviderName=Function\\n\\tNewProviderState=Started\\n\\n\\tSequenceNumber=9\\n\\n\\tHostName=ConsoleHost\\n\\tHostVersion=5.1.19041.5007\\n\\tHostId=b63ef15b-c334-4300-a8e9-6f190eea3c05\\n\\tHostApplication=powershell.exe -ExecutionPolicy Restricted -Command $Res = 0; $Infs = Get-Item -Path ($env:WinDir + '\\\\inf\\\\*.inf'); foreach ($Inf in $Infs) { $Data = Get-Content $Inf.FullName; if ($Data -match '\\\\[defaultinstall.nt(amd64|arm|arm64|x86)\\\\]') { $Res = 1; break; } } Write-Host 'Final result:', $Res;\\n\\tEngineVersion=\\n\\tRunspaceId=\\n\\tPipelineId=\\n\\tCommandName=\\n\\tCommandType=\\n\\tScriptName=\\n\\tCommandPath=\\n\\tCommandLine=\",\"Binary\":\"\"}}","Channel":"Windows PowerShell","Provider":"PowerShell","EventId":600,"EventRecordId":"1032","ProcessId":0,"ThreadId":0,"Level":"Info","Keywords":"0x80000000000000","SourceFile":"D:\\benign_log_combined_latest_used_actually\\new_benign\\powershell_820.evtx","ExtraDataOffset":0,"HiddenRecord":false,"TimeCreated":"2024-10-16T18:17:17.9410794+00:00","RecordNumber":304}
{"PayloadData1":"HostApplication=powershell.exe -ExecutionPolicy Restricted -Command $Res = 0; $Infs = Get-Item -Path ($env:WinDir + '\\inf\\*.inf'); foreach ($Inf in $Infs) { $Data = Get-Content $Inf.FullName; if ($Data -match '\\[defaultinstall.nt(amd64|arm|arm64|x86)\\]') { $Res = 1; break; } } Write-Host 'Final result:', $Res;\r","PayloadData2":"HostName=ConsoleHost\r","PayloadData3":"HostVersion=5.1.19041.5007\r","MapDescription":"Provider is Started","ChunkNumber":5,"Computer":"Server002","Payload":"{\"EventData\":{\"Data\":\"Variable, Started, \\tProviderName=Variable\\n\\tNewProviderState=Started\\n\\n\\tSequenceNumber=11\\n\\n\\tHostName=ConsoleHost\\n\\tHostVersion=5.1.19041.5007\\n\\tHostId=b63ef15b-c334-4300-a8e9-6f190eea3c05\\n\\tHostApplication=powershell.exe -ExecutionPolicy Restricted -Command $Res = 0; $Infs = Get-Item -Path ($env:WinDir + '\\\\inf\\\\*.inf'); foreach ($Inf in $Infs) { $Data = Get-Content $Inf.FullName; if ($Data -match '\\\\[defaultinstall.nt(amd64|arm|arm64|x86)\\\\]') { $Res = 1; break; } } Write-Host 'Final result:', $Res;\\n\\tEngineVersion=\\n\\tRunspaceId=\\n\\tPipelineId=\\n\\tCommandName=\\n\\tCommandType=\\n\\tScriptName=\\n\\tCommandPath=\\n\\tCommandLine=\",\"Binary\":\"\"}}","Channel":"Windows PowerShell","Provider":"PowerShell","EventId":600,"EventRecordId":"1033","ProcessId":0,"ThreadId":0,"Level":"Info","Keywords":"0x80000000000000","SourceFile":"D:\\benign_log_combined_latest_used_actually\\new_benign\\powershell_820.evtx","ExtraDataOffset":0,"HiddenRecord":false,"TimeCreated":"2024-10-16T18:17:17.9410794+00:00","RecordNumber":305}
{"PayloadData1":"HostApplication=powershell.exe -ExecutionPolicy Restricted -Command $Res = 0; $Infs = Get-Item -Path ($env:WinDir + '\\inf\\*.inf'); foreach ($Inf in $Infs) { $Data = Get-Content $Inf.FullName; if ($Data -match '\\[defaultinstall.nt(amd64|arm|arm64|x86)\\]') { $Res = 1; break; } } Write-Host 'Final result:', $Res;\r","PayloadData2":"HostName=ConsoleHost\r","PayloadData3":"HostVersion=5.1.19041.5007\r","MapDescription":"Engine state is changed from None to Available","ChunkNumber":5,"Computer":"Server002","Payload":"{\"EventData\":{\"Data\":\"Available, None, \\tNewEngineState=Available\\n\\tPreviousEngineState=None\\n\\n\\tSequenceNumber=13\\n\\n\\tHostName=ConsoleHost\\n\\tHostVersion=5.1.19041.5007\\n\\tHostId=b63ef15b-c334-4300-a8e9-6f190eea3c05\\n\\tHostApplication=powershell.exe -ExecutionPolicy Restricted -Command $Res = 0; $Infs = Get-Item -Path ($env:WinDir + '\\\\inf\\\\*.inf'); foreach ($Inf in $Infs) { $Data = Get-Content $Inf.FullName; if ($Data -match '\\\\[defaultinstall.nt(amd64|arm|arm64|x86)\\\\]') { $Res = 1; break; } } Write-Host 'Final result:', $Res;\\n\\tEngineVersion=5.1.19041.5007\\n\\tRunspaceId=4130fbfa-0d4b-419a-828d-baf1e7e1a496\\n\\tPipelineId=\\n\\tCommandName=\\n\\tCommandType=\\n\\tScriptName=\\n\\tCommandPath=\\n\\tCommandLine=\",\"Binary\":\"\"}}","Channel":"Windows PowerShell","Provider":"PowerShell","EventId":400,"EventRecordId":"1034","ProcessId":0,"ThreadId":0,"Level":"Info","Keywords":"0x80000000000000","SourceFile":"D:\\benign_log_combined_latest_used_actually\\new_benign\\powershell_820.evtx","ExtraDataOffset":0,"HiddenRecord":false,"TimeCreated":"2024-10-16T18:17:18.3985371+00:00","RecordNumber":306}
{"PayloadData1":"HostApplication=powershell.exe -ExecutionPolicy Restricted -Command $Res = 0; $Infs = Get-Item -Path ($env:WinDir + '\\inf\\*.inf'); foreach ($Inf in $Infs) { $Data = Get-Content $Inf.FullName; if ($Data -match '\\[defaultinstall.nt(amd64|arm|arm64|x86)\\]') { $Res = 1; break; } } Write-Host 'Final result:', $Res;\r","PayloadData2":"HostName=ConsoleHost\r","PayloadData3":"HostVersion=5.1.19041.5007\r","MapDescription":"Engine state is changed from Available to Stopped","ChunkNumber":5,"Computer":"Server002","Payload":"{\"EventData\":{\"Data\":\"Stopped, Available, \\tNewEngineState=Stopped\\n\\tPreviousEngineState=Available\\n\\n\\tSequenceNumber=15\\n\\n\\tHostName=ConsoleHost\\n\\tHostVersion=5.1.19041.5007\\n\\tHostId=b63ef15b-c334-4300-a8e9-6f190eea3c05\\n\\tHostApplication=powershell.exe -ExecutionPolicy Restricted -Command $Res = 0; $Infs = Get-Item -Path ($env:WinDir + '\\\\inf\\\\*.inf'); foreach ($Inf in $Infs) { $Data = Get-Content $Inf.FullName; if ($Data -match '\\\\[defaultinstall.nt(amd64|arm|arm64|x86)\\\\]') { $Res = 1; break; } } Write-Host 'Final result:', $Res;\\n\\tEngineVersion=5.1.19041.5007\\n\\tRunspaceId=4130fbfa-0d4b-419a-828d-baf1e7e1a496\\n\\tPipelineId=\\n\\tCommandName=\\n\\tCommandType=\\n\\tScriptName=\\n\\tCommandPath=\\n\\tCommandLine=\",\"Binary\":\"\"}}","Channel":"Windows PowerShell","Provider":"PowerShell","EventId":403,"EventRecordId":"1035","ProcessId":0,"ThreadId":0,"Level":"Info","Keywords":"0x80000000000000","SourceFile":"D:\\benign_log_combined_latest_used_actually\\new_benign\\powershell_820.evtx","ExtraDataOffset":0,"HiddenRecord":false,"TimeCreated":"2024-10-16T18:17:37.5133856+00:00","RecordNumber":307}
{"PayloadData1":"HostApplication=powershell.exe -ExecutionPolicy Restricted -Command \r","PayloadData2":"HostName=ConsoleHost\r","PayloadData3":"HostVersion=5.1.19041.5007\r","MapDescription":"Provider is Started","ChunkNumber":5,"Computer":"Server002","Payload":"{\"EventData\":{\"Data\":\"Registry, Started, \\tProviderName=Registry\\n\\tNewProviderState=Started\\n\\n\\tSequenceNumber=1\\n\\n\\tHostName=ConsoleHost\\n\\tHostVersion=5.1.19041.5007\\n\\tHostId=71190939-e7e0-4c68-b7b3-87eb740e651d\\n\\tHostApplication=powershell.exe -ExecutionPolicy Restricted -Command \\n $Res = 0\\n [UInt64]$MinDiskSpaceThreshold = 20 * 1024 * 1024 * 1024\\n\\n try {\\n $SystemDrive = (Get-CimInstance Win32_OperatingSystem).SystemDrive\\n $SystemDriveLetter = $SystemDrive[0]\\n $SystemDriveSpace = (Get-Volume -DriveLetter $SystemDriveLetter).SizeRemaining\\n Write-Host 'Current system drive space:', $SystemDriveSpace.ToString('N0')\\n if ($SystemDriveSpace -lt $MinDiskSpaceThreshold) {\\n Write-Host 'System drive space is less than the threshold:', $MinDiskSpaceThreshold.ToString('N0'), 'Block Upgrade.'\\n $Res = 1\\n }\\n } catch {\\n # Do nothing\\n }\\n\\n Write-Host 'Final result:', $Res\\n\\n\\tEngineVersion=\\n\\tRunspaceId=\\n\\tPipelineId=\\n\\tCommandName=\\n\\tCommandType=\\n\\tScriptName=\\n\\tCommandPath=\\n\\tCommandLine=\",\"Binary\":\"\"}}","Channel":"Windows PowerShell","Provider":"PowerShell","EventId":600,"EventRecordId":"1036","ProcessId":0,"ThreadId":0,"Level":"Info","Keywords":"0x80000000000000","SourceFile":"D:\\benign_log_combined_latest_used_actually\\new_benign\\powershell_820.evtx","ExtraDataOffset":0,"HiddenRecord":false,"TimeCreated":"2025-04-16T15:41:45.9783828+00:00","RecordNumber":308}
{"PayloadData1":"HostApplication=powershell.exe -ExecutionPolicy Restricted -Command \r","PayloadData2":"HostName=ConsoleHost\r","PayloadData3":"HostVersion=5.1.19041.5007\r","MapDescription":"Provider is Started","ChunkNumber":5,"Computer":"Server002","Payload":"{\"EventData\":{\"Data\":\"Registry, Started, \\tProviderName=Registry\\n\\tNewProviderState=Started\\n\\n\\tSequenceNumber=1\\n\\n\\tHostName=ConsoleHost\\n\\tHostVersion=5.1.19041.5007\\n\\tHostId=58f5d768-b9aa-4139-95ae-13c1ce7972d4\\n\\tHostApplication=powershell.exe -ExecutionPolicy Restricted -Command \\n $Res = 0\\n [UInt64]$MinDiskSpaceThreshold = 25 * 1024 * 1024 * 1024\\n\\n try {\\n $SystemDrive = (Get-CimInstance Win32_OperatingSystem).SystemDrive\\n $SystemDriveLetter = $SystemDrive[0]\\n $SystemDriveSpace = (Get-Volume -DriveLetter $SystemDriveLetter).SizeRemaining\\n Write-Host 'Current system drive space:', $SystemDriveSpace.ToString('N0')\\n if ($SystemDriveSpace -lt $MinDiskSpaceThreshold) {\\n Write-Host 'System drive space is less than the threshold:', $MinDiskSpaceThreshold.ToString('N0'), 'Applying safeguard.'\\n $Res = 1\\n }\\n } catch {\\n # Do nothing\\n }\\n\\n Write-Host 'Final result:', $Res\\n\\n\\tEngineVersion=\\n\\tRunspaceId=\\n\\tPipelineId=\\n\\tCommandName=\\n\\tCommandType=\\n\\tScriptName=\\n\\tCommandPath=\\n\\tCommandLine=\",\"Binary\":\"\"}}","Channel":"Windows PowerShell","Provider":"PowerShell","EventId":600,"EventRecordId":"1037","ProcessId":0,"ThreadId":0,"Level":"Info","Keywords":"0x80000000000000","SourceFile":"D:\\benign_log_combined_latest_used_actually\\new_benign\\powershell_820.evtx","ExtraDataOffset":0,"HiddenRecord":false,"TimeCreated":"2025-04-16T15:41:46.8353086+00:00","RecordNumber":309}
{"PayloadData1":"HostApplication=powershell.exe -ExecutionPolicy Restricted -Command Write-Host 'Final result: 1';\r","PayloadData2":"HostName=ConsoleHost\r","PayloadData3":"HostVersion=5.1.19041.5007\r","MapDescription":"Provider is Started","ChunkNumber":5,"Computer":"Server002","Payload":"{\"EventData\":{\"Data\":\"Registry, Started, \\tProviderName=Registry\\n\\tNewProviderState=Started\\n\\n\\tSequenceNumber=1\\n\\n\\tHostName=ConsoleHost\\n\\tHostVersion=5.1.19041.5007\\n\\tHostId=0f7283a2-657c-4885-942b-0c22dbc562de\\n\\tHostApplication=powershell.exe -ExecutionPolicy Restricted -Command Write-Host 'Final result: 1';\\n\\tEngineVersion=\\n\\tRunspaceId=\\n\\tPipelineId=\\n\\tCommandName=\\n\\tCommandType=\\n\\tScriptName=\\n\\tCommandPath=\\n\\tCommandLine=\",\"Binary\":\"\"}}","Channel":"Windows PowerShell","Provider":"PowerShell","EventId":600,"EventRecordId":"1038","ProcessId":0,"ThreadId":0,"Level":"Info","Keywords":"0x80000000000000","SourceFile":"D:\\benign_log_combined_latest_used_actually\\new_benign\\powershell_820.evtx","ExtraDataOffset":0,"HiddenRecord":false,"TimeCreated":"2025-04-16T15:41:46.8353086+00:00","RecordNumber":310}
{"PayloadData1":"HostApplication=powershell.exe -ExecutionPolicy Restricted -Command $Res = 0; $Infs = Get-Item -Path ($env:WinDir + '\\inf\\*.inf'); foreach ($Inf in $Infs) { $Data = Get-Content $Inf.FullName; if ($Data -match '\\[defaultinstall.nt(amd64|arm|arm64|x86)\\]') { $Res = 1; break; } } Write-Host 'Final result:', $Res;\r","PayloadData2":"HostName=ConsoleHost\r","PayloadData3":"HostVersion=5.1.19041.5007\r","MapDescription":"Provider is Started","ChunkNumber":5,"Computer":"Server002","Payload":"{\"EventData\":{\"Data\":\"Registry, Started, \\tProviderName=Registry\\n\\tNewProviderState=Started\\n\\n\\tSequenceNumber=1\\n\\n\\tHostName=ConsoleHost\\n\\tHostVersion=5.1.19041.5007\\n\\tHostId=2dd51ec5-c003-46f6-9080-8aa12084afcf\\n\\tHostApplication=powershell.exe -ExecutionPolicy Restricted -Command $Res = 0; $Infs = Get-Item -Path ($env:WinDir + '\\\\inf\\\\*.inf'); foreach ($Inf in $Infs) { $Data = Get-Content $Inf.FullName; if ($Data -match '\\\\[defaultinstall.nt(amd64|arm|arm64|x86)\\\\]') { $Res = 1; break; } } Write-Host 'Final result:', $Res;\\n\\tEngineVersion=\\n\\tRunspaceId=\\n\\tPipelineId=\\n\\tCommandName=\\n\\tCommandType=\\n\\tScriptName=\\n\\tCommandPath=\\n\\tCommandLine=\",\"Binary\":\"\"}}","Channel":"Windows PowerShell","Provider":"PowerShell","EventId":600,"EventRecordId":"1039","ProcessId":0,"ThreadId":0,"Level":"Info","Keywords":"0x80000000000000","SourceFile":"D:\\benign_log_combined_latest_used_actually\\new_benign\\powershell_820.evtx","ExtraDataOffset":0,"HiddenRecord":false,"TimeCreated":"2025-04-16T15:41:46.9242246+00:00","RecordNumber":311}
{"PayloadData1":"HostApplication=powershell.exe -ExecutionPolicy Restricted -Command \r","PayloadData2":"HostName=ConsoleHost\r","PayloadData3":"HostVersion=5.1.19041.5007\r","MapDescription":"Provider is Started","ChunkNumber":5,"Computer":"Server002","Payload":"{\"EventData\":{\"Data\":\"Alias, Started, \\tProviderName=Alias\\n\\tNewProviderState=Started\\n\\n\\tSequenceNumber=3\\n\\n\\tHostName=ConsoleHost\\n\\tHostVersion=5.1.19041.5007\\n\\tHostId=71190939-e7e0-4c68-b7b3-87eb740e651d\\n\\tHostApplication=powershell.exe -ExecutionPolicy Restricted -Command \\n $Res = 0\\n [UInt64]$MinDiskSpaceThreshold = 20 * 1024 * 1024 * 1024\\n\\n try {\\n $SystemDrive = (Get-CimInstance Win32_OperatingSystem).SystemDrive\\n $SystemDriveLetter = $SystemDrive[0]\\n $SystemDriveSpace = (Get-Volume -DriveLetter $SystemDriveLetter).SizeRemaining\\n Write-Host 'Current system drive space:', $SystemDriveSpace.ToString('N0')\\n if ($SystemDriveSpace -lt $MinDiskSpaceThreshold) {\\n Write-Host 'System drive space is less than the threshold:', $MinDiskSpaceThreshold.ToString('N0'), 'Block Upgrade.'\\n $Res = 1\\n }\\n } catch {\\n # Do nothing\\n }\\n\\n Write-Host 'Final result:', $Res\\n\\n\\tEngineVersion=\\n\\tRunspaceId=\\n\\tPipelineId=\\n\\tCommandName=\\n\\tCommandType=\\n\\tScriptName=\\n\\tCommandPath=\\n\\tCommandLine=\",\"Binary\":\"\"}}","Channel":"Windows PowerShell","Provider":"PowerShell","EventId":600,"EventRecordId":"1040","ProcessId":0,"ThreadId":0,"Level":"Info","Keywords":"0x80000000000000","SourceFile":"D:\\benign_log_combined_latest_used_actually\\new_benign\\powershell_820.evtx","ExtraDataOffset":0,"HiddenRecord":false,"TimeCreated":"2025-04-16T15:41:46.9658465+00:00","RecordNumber":312}
{"PayloadData1":"HostApplication=powershell.exe -ExecutionPolicy Restricted -Command \r","PayloadData2":"HostName=ConsoleHost\r","PayloadData3":"HostVersion=5.1.19041.5007\r","MapDescription":"Provider is Started","ChunkNumber":5,"Computer":"Server002","Payload":"{\"EventData\":{\"Data\":\"Environment, Started, \\tProviderName=Environment\\n\\tNewProviderState=Started\\n\\n\\tSequenceNumber=5\\n\\n\\tHostName=ConsoleHost\\n\\tHostVersion=5.1.19041.5007\\n\\tHostId=71190939-e7e0-4c68-b7b3-87eb740e651d\\n\\tHostApplication=powershell.exe -ExecutionPolicy Restricted -Command \\n $Res = 0\\n [UInt64]$MinDiskSpaceThreshold = 20 * 1024 * 1024 * 1024\\n\\n try {\\n $SystemDrive = (Get-CimInstance Win32_OperatingSystem).SystemDrive\\n $SystemDriveLetter = $SystemDrive[0]\\n $SystemDriveSpace = (Get-Volume -DriveLetter $SystemDriveLetter).SizeRemaining\\n Write-Host 'Current system drive space:', $SystemDriveSpace.ToString('N0')\\n if ($SystemDriveSpace -lt $MinDiskSpaceThreshold) {\\n Write-Host 'System drive space is less than the threshold:', $MinDiskSpaceThreshold.ToString('N0'), 'Block Upgrade.'\\n $Res = 1\\n }\\n } catch {\\n # Do nothing\\n }\\n\\n Write-Host 'Final result:', $Res\\n\\n\\tEngineVersion=\\n\\tRunspaceId=\\n\\tPipelineId=\\n\\tCommandName=\\n\\tCommandType=\\n\\tScriptName=\\n\\tCommandPath=\\n\\tCommandLine=\",\"Binary\":\"\"}}","Channel":"Windows PowerShell","Provider":"PowerShell","EventId":600,"EventRecordId":"1041","ProcessId":0,"ThreadId":0,"Level":"Info","Keywords":"0x80000000000000","SourceFile":"D:\\benign_log_combined_latest_used_actually\\new_benign\\powershell_820.evtx","ExtraDataOffset":0,"HiddenRecord":false,"TimeCreated":"2025-04-16T15:41:46.9706931+00:00","RecordNumber":313}
{"PayloadData1":"HostApplication=powershell.exe -ExecutionPolicy Restricted -Command \r","PayloadData2":"HostName=ConsoleHost\r","PayloadData3":"HostVersion=5.1.19041.5007\r","MapDescription":"Provider is Started","ChunkNumber":5,"Computer":"Server002","Payload":"{\"EventData\":{\"Data\":\"FileSystem, Started, \\tProviderName=FileSystem\\n\\tNewProviderState=Started\\n\\n\\tSequenceNumber=7\\n\\n\\tHostName=ConsoleHost\\n\\tHostVersion=5.1.19041.5007\\n\\tHostId=71190939-e7e0-4c68-b7b3-87eb740e651d\\n\\tHostApplication=powershell.exe -ExecutionPolicy Restricted -Command \\n $Res = 0\\n [UInt64]$MinDiskSpaceThreshold = 20 * 1024 * 1024 * 1024\\n\\n try {\\n $SystemDrive = (Get-CimInstance Win32_OperatingSystem).SystemDrive\\n $SystemDriveLetter = $SystemDrive[0]\\n $SystemDriveSpace = (Get-Volume -DriveLetter $SystemDriveLetter).SizeRemaining\\n Write-Host 'Current system drive space:', $SystemDriveSpace.ToString('N0')\\n if ($SystemDriveSpace -lt $MinDiskSpaceThreshold) {\\n Write-Host 'System drive space is less than the threshold:', $MinDiskSpaceThreshold.ToString('N0'), 'Block Upgrade.'\\n $Res = 1\\n }\\n } catch {\\n # Do nothing\\n }\\n\\n Write-Host 'Final result:', $Res\\n\\n\\tEngineVersion=\\n\\tRunspaceId=\\n\\tPipelineId=\\n\\tCommandName=\\n\\tCommandType=\\n\\tScriptName=\\n\\tCommandPath=\\n\\tCommandLine=\",\"Binary\":\"\"}}","Channel":"Windows PowerShell","Provider":"PowerShell","EventId":600,"EventRecordId":"1042","ProcessId":0,"ThreadId":0,"Level":"Info","Keywords":"0x80000000000000","SourceFile":"D:\\benign_log_combined_latest_used_actually\\new_benign\\powershell_820.evtx","ExtraDataOffset":0,"HiddenRecord":false,"TimeCreated":"2025-04-16T15:41:47.0865000+00:00","RecordNumber":314}
