{"PayloadData1":"HostApplication=C:\\Windows\\System32\\WindowsPowerShell\\v1.0\\powershell.exe\r","PayloadData2":"HostName=ConsoleHost\r","PayloadData3":"HostVersion=5.1.19041.5737\r","MapDescription":"Provider is Started","ChunkNumber":13,"Computer":"Server002","Payload":"{\"EventData\":{\"Data\":\"Environment, Started, \\tProviderName=Environment\\n\\tNewProviderState=Started\\n\\n\\tSequenceNumber=5\\n\\n\\tHostName=ConsoleHost\\n\\tHostVersion=5.1.19041.5737\\n\\tHostId=6aead66f-86cd-4230-84f4-3029d17c5426\\n\\tHostApplication=C:\\\\Windows\\\\System32\\\\WindowsPowerShell\\\\v1.0\\\\powershell.exe\\n\\tEngineVersion=\\n\\tRunspaceId=\\n\\tPipelineId=\\n\\tCommandName=\\n\\tCommandType=\\n\\tScriptName=\\n\\tCommandPath=\\n\\tCommandLine=\",\"Binary\":\"\"}}","Channel":"Windows PowerShell","Provider":"PowerShell","EventId":600,"EventRecordId":"1378","ProcessId":0,"ThreadId":0,"Level":"Info","Keywords":"0x80000000000000","SourceFile":"D:\\benign_log_combined_latest_used_actually\\new_benign\\powershell_820.evtx","ExtraDataOffset":0,"HiddenRecord":false,"TimeCreated":"2025-04-30T08:12:31.5305901+00:00","RecordNumber":650}
{"PayloadData1":"HostApplication=C:\\Windows\\System32\\WindowsPowerShell\\v1.0\\powershell.exe\r","PayloadData2":"HostName=ConsoleHost\r","PayloadData3":"HostVersion=5.1.19041.5737\r","MapDescription":"Provider is Started","ChunkNumber":13,"Computer":"Server002","Payload":"{\"EventData\":{\"Data\":\"FileSystem, Started, \\tProviderName=FileSystem\\n\\tNewProviderState=Started\\n\\n\\tSequenceNumber=7\\n\\n\\tHostName=ConsoleHost\\n\\tHostVersion=5.1.19041.5737\\n\\tHostId=6aead66f-86cd-4230-84f4-3029d17c5426\\n\\tHostApplication=C:\\\\Windows\\\\System32\\\\WindowsPowerShell\\\\v1.0\\\\powershell.exe\\n\\tEngineVersion=\\n\\tRunspaceId=\\n\\tPipelineId=\\n\\tCommandName=\\n\\tCommandType=\\n\\tScriptName=\\n\\tCommandPath=\\n\\tCommandLine=\",\"Binary\":\"\"}}","Channel":"Windows PowerShell","Provider":"PowerShell","EventId":600,"EventRecordId":"1379","ProcessId":0,"ThreadId":0,"Level":"Info","Keywords":"0x80000000000000","SourceFile":"D:\\benign_log_combined_latest_used_actually\\new_benign\\powershell_820.evtx","ExtraDataOffset":0,"HiddenRecord":false,"TimeCreated":"2025-04-30T08:12:31.7048989+00:00","RecordNumber":651}
{"PayloadData1":"HostApplication=C:\\Windows\\System32\\WindowsPowerShell\\v1.0\\powershell.exe\r","PayloadData2":"HostName=ConsoleHost\r","PayloadData3":"HostVersion=5.1.19041.5737\r","MapDescription":"Provider is Started","ChunkNumber":13,"Computer":"Server002","Payload":"{\"EventData\":{\"Data\":\"Function, Started, \\tProviderName=Function\\n\\tNewProviderState=Started\\n\\n\\tSequenceNumber=9\\n\\n\\tHostName=ConsoleHost\\n\\tHostVersion=5.1.19041.5737\\n\\tHostId=6aead66f-86cd-4230-84f4-3029d17c5426\\n\\tHostApplication=C:\\\\Windows\\\\System32\\\\WindowsPowerShell\\\\v1.0\\\\powershell.exe\\n\\tEngineVersion=\\n\\tRunspaceId=\\n\\tPipelineId=\\n\\tCommandName=\\n\\tCommandType=\\n\\tScriptName=\\n\\tCommandPath=\\n\\tCommandLine=\",\"Binary\":\"\"}}","Channel":"Windows PowerShell","Provider":"PowerShell","EventId":600,"EventRecordId":"1380","ProcessId":0,"ThreadId":0,"Level":"Info","Keywords":"0x80000000000000","SourceFile":"D:\\benign_log_combined_latest_used_actually\\new_benign\\powershell_820.evtx","ExtraDataOffset":0,"HiddenRecord":false,"TimeCreated":"2025-04-30T08:12:31.7134270+00:00","RecordNumber":652}
{"PayloadData1":"HostApplication=C:\\Windows\\System32\\WindowsPowerShell\\v1.0\\powershell.exe\r","PayloadData2":"HostName=ConsoleHost\r","PayloadData3":"HostVersion=5.1.19041.5737\r","MapDescription":"Provider is Started","ChunkNumber":13,"Computer":"Server002","Payload":"{\"EventData\":{\"Data\":\"Variable, Started, \\tProviderName=Variable\\n\\tNewProviderState=Started\\n\\n\\tSequenceNumber=11\\n\\n\\tHostName=ConsoleHost\\n\\tHostVersion=5.1.19041.5737\\n\\tHostId=6aead66f-86cd-4230-84f4-3029d17c5426\\n\\tHostApplication=C:\\\\Windows\\\\System32\\\\WindowsPowerShell\\\\v1.0\\\\powershell.exe\\n\\tEngineVersion=\\n\\tRunspaceId=\\n\\tPipelineId=\\n\\tCommandName=\\n\\tCommandType=\\n\\tScriptName=\\n\\tCommandPath=\\n\\tCommandLine=\",\"Binary\":\"\"}}","Channel":"Windows PowerShell","Provider":"PowerShell","EventId":600,"EventRecordId":"1381","ProcessId":0,"ThreadId":0,"Level":"Info","Keywords":"0x80000000000000","SourceFile":"D:\\benign_log_combined_latest_used_actually\\new_benign\\powershell_820.evtx","ExtraDataOffset":0,"HiddenRecord":false,"TimeCreated":"2025-04-30T08:12:31.7134270+00:00","RecordNumber":653}
{"PayloadData1":"HostApplication=C:\\Windows\\System32\\WindowsPowerShell\\v1.0\\powershell.exe\r","PayloadData2":"HostName=ConsoleHost\r","PayloadData3":"HostVersion=5.1.19041.5737\r","MapDescription":"Engine state is changed from None to Available","ChunkNumber":13,"Computer":"Server002","Payload":"{\"EventData\":{\"Data\":\"Available, None, \\tNewEngineState=Available\\n\\tPreviousEngineState=None\\n\\n\\tSequenceNumber=13\\n\\n\\tHostName=ConsoleHost\\n\\tHostVersion=5.1.19041.5737\\n\\tHostId=6aead66f-86cd-4230-84f4-3029d17c5426\\n\\tHostApplication=C:\\\\Windows\\\\System32\\\\WindowsPowerShell\\\\v1.0\\\\powershell.exe\\n\\tEngineVersion=5.1.19041.5737\\n\\tRunspaceId=fccc3f55-2548-47c0-99c5-7f421d39886e\\n\\tPipelineId=\\n\\tCommandName=\\n\\tCommandType=\\n\\tScriptName=\\n\\tCommandPath=\\n\\tCommandLine=\",\"Binary\":\"\"}}","Channel":"Windows PowerShell","Provider":"PowerShell","EventId":400,"EventRecordId":"1382","ProcessId":0,"ThreadId":0,"Level":"Info","Keywords":"0x80000000000000","SourceFile":"D:\\benign_log_combined_latest_used_actually\\new_benign\\powershell_820.evtx","ExtraDataOffset":0,"HiddenRecord":false,"TimeCreated":"2025-04-30T08:12:31.8113949+00:00","RecordNumber":654}
{"PayloadData1":"HostApplication=powershell.exe -ExecutionPolicy Restricted -Command \r","PayloadData2":"HostName=ConsoleHost\r","PayloadData3":"HostVersion=5.1.19041.5737\r","MapDescription":"Provider is Started","ChunkNumber":13,"Computer":"Server002","Payload":"{\"EventData\":{\"Data\":\"Registry, Started, \\tProviderName=Registry\\n\\tNewProviderState=Started\\n\\n\\tSequenceNumber=1\\n\\n\\tHostName=ConsoleHost\\n\\tHostVersion=5.1.19041.5737\\n\\tHostId=d38f584f-769b-4d1e-9f43-1673448d50de\\n\\tHostApplication=powershell.exe -ExecutionPolicy Restricted -Command \\n $Res = 0\\n [UInt64]$MinDiskSpaceThreshold = 20 * 1024 * 1024 * 1024\\n\\n try {\\n $SystemDrive = (Get-CimInstance Win32_OperatingSystem).SystemDrive\\n $SystemDriveLetter = $SystemDrive[0]\\n $SystemDriveSpace = (Get-Volume -DriveLetter $SystemDriveLetter).SizeRemaining\\n Write-Host 'Current system drive space:', $SystemDriveSpace.ToString('N0')\\n if ($SystemDriveSpace -lt $MinDiskSpaceThreshold) {\\n Write-Host 'System drive space is less than the threshold:', $MinDiskSpaceThreshold.ToString('N0'), 'Block Upgrade.'\\n $Res = 1\\n }\\n } catch {\\n # Do nothing\\n }\\n\\n Write-Host 'Final result:', $Res\\n\\n\\tEngineVersion=\\n\\tRunspaceId=\\n\\tPipelineId=\\n\\tCommandName=\\n\\tCommandType=\\n\\tScriptName=\\n\\tCommandPath=\\n\\tCommandLine=\",\"Binary\":\"\"}}","Channel":"Windows PowerShell","Provider":"PowerShell","EventId":600,"EventRecordId":"1383","ProcessId":0,"ThreadId":0,"Level":"Info","Keywords":"0x80000000000000","SourceFile":"D:\\benign_log_combined_latest_used_actually\\new_benign\\powershell_820.evtx","ExtraDataOffset":0,"HiddenRecord":false,"TimeCreated":"2025-04-30T08:15:51.5287843+00:00","RecordNumber":655}
{"PayloadData1":"HostApplication=powershell.exe -ExecutionPolicy Restricted -Command \r","PayloadData2":"HostName=ConsoleHost\r","PayloadData3":"HostVersion=5.1.19041.5737\r","MapDescription":"Provider is Started","ChunkNumber":13,"Computer":"Server002","Payload":"{\"EventData\":{\"Data\":\"Alias, Started, \\tProviderName=Alias\\n\\tNewProviderState=Started\\n\\n\\tSequenceNumber=3\\n\\n\\tHostName=ConsoleHost\\n\\tHostVersion=5.1.19041.5737\\n\\tHostId=d38f584f-769b-4d1e-9f43-1673448d50de\\n\\tHostApplication=powershell.exe -ExecutionPolicy Restricted -Command \\n $Res = 0\\n [UInt64]$MinDiskSpaceThreshold = 20 * 1024 * 1024 * 1024\\n\\n try {\\n $SystemDrive = (Get-CimInstance Win32_OperatingSystem).SystemDrive\\n $SystemDriveLetter = $SystemDrive[0]\\n $SystemDriveSpace = (Get-Volume -DriveLetter $SystemDriveLetter).SizeRemaining\\n Write-Host 'Current system drive space:', $SystemDriveSpace.ToString('N0')\\n if ($SystemDriveSpace -lt $MinDiskSpaceThreshold) {\\n Write-Host 'System drive space is less than the threshold:', $MinDiskSpaceThreshold.ToString('N0'), 'Block Upgrade.'\\n $Res = 1\\n }\\n } catch {\\n # Do nothing\\n }\\n\\n Write-Host 'Final result:', $Res\\n\\n\\tEngineVersion=\\n\\tRunspaceId=\\n\\tPipelineId=\\n\\tCommandName=\\n\\tCommandType=\\n\\tScriptName=\\n\\tCommandPath=\\n\\tCommandLine=\",\"Binary\":\"\"}}","Channel":"Windows PowerShell","Provider":"PowerShell","EventId":600,"EventRecordId":"1384","ProcessId":0,"ThreadId":0,"Level":"Info","Keywords":"0x80000000000000","SourceFile":"D:\\benign_log_combined_latest_used_actually\\new_benign\\powershell_820.evtx","ExtraDataOffset":0,"HiddenRecord":false,"TimeCreated":"2025-04-30T08:15:51.5287843+00:00","RecordNumber":656}
{"PayloadData1":"HostApplication=powershell.exe -ExecutionPolicy Restricted -Command \r","PayloadData2":"HostName=ConsoleHost\r","PayloadData3":"HostVersion=5.1.19041.5737\r","MapDescription":"Provider is Started","ChunkNumber":13,"Computer":"Server002","Payload":"{\"EventData\":{\"Data\":\"Environment, Started, \\tProviderName=Environment\\n\\tNewProviderState=Started\\n\\n\\tSequenceNumber=5\\n\\n\\tHostName=ConsoleHost\\n\\tHostVersion=5.1.19041.5737\\n\\tHostId=d38f584f-769b-4d1e-9f43-1673448d50de\\n\\tHostApplication=powershell.exe -ExecutionPolicy Restricted -Command \\n $Res = 0\\n [UInt64]$MinDiskSpaceThreshold = 20 * 1024 * 1024 * 1024\\n\\n try {\\n $SystemDrive = (Get-CimInstance Win32_OperatingSystem).SystemDrive\\n $SystemDriveLetter = $SystemDrive[0]\\n $SystemDriveSpace = (Get-Volume -DriveLetter $SystemDriveLetter).SizeRemaining\\n Write-Host 'Current system drive space:', $SystemDriveSpace.ToString('N0')\\n if ($SystemDriveSpace -lt $MinDiskSpaceThreshold) {\\n Write-Host 'System drive space is less than the threshold:', $MinDiskSpaceThreshold.ToString('N0'), 'Block Upgrade.'\\n $Res = 1\\n }\\n } catch {\\n # Do nothing\\n }\\n\\n Write-Host 'Final result:', $Res\\n\\n\\tEngineVersion=\\n\\tRunspaceId=\\n\\tPipelineId=\\n\\tCommandName=\\n\\tCommandType=\\n\\tScriptName=\\n\\tCommandPath=\\n\\tCommandLine=\",\"Binary\":\"\"}}","Channel":"Windows PowerShell","Provider":"PowerShell","EventId":600,"EventRecordId":"1385","ProcessId":0,"ThreadId":0,"Level":"Info","Keywords":"0x80000000000000","SourceFile":"D:\\benign_log_combined_latest_used_actually\\new_benign\\powershell_820.evtx","ExtraDataOffset":0,"HiddenRecord":false,"TimeCreated":"2025-04-30T08:15:51.5287843+00:00","RecordNumber":657}
{"PayloadData1":"HostApplication=powershell.exe -ExecutionPolicy Restricted -Command \r","PayloadData2":"HostName=ConsoleHost\r","PayloadData3":"HostVersion=5.1.19041.5737\r","MapDescription":"Provider is Started","ChunkNumber":13,"Computer":"Server002","Payload":"{\"EventData\":{\"Data\":\"FileSystem, Started, \\tProviderName=FileSystem\\n\\tNewProviderState=Started\\n\\n\\tSequenceNumber=7\\n\\n\\tHostName=ConsoleHost\\n\\tHostVersion=5.1.19041.5737\\n\\tHostId=d38f584f-769b-4d1e-9f43-1673448d50de\\n\\tHostApplication=powershell.exe -ExecutionPolicy Restricted -Command \\n $Res = 0\\n [UInt64]$MinDiskSpaceThreshold = 20 * 1024 * 1024 * 1024\\n\\n try {\\n $SystemDrive = (Get-CimInstance Win32_OperatingSystem).SystemDrive\\n $SystemDriveLetter = $SystemDrive[0]\\n $SystemDriveSpace = (Get-Volume -DriveLetter $SystemDriveLetter).SizeRemaining\\n Write-Host 'Current system drive space:', $SystemDriveSpace.ToString('N0')\\n if ($SystemDriveSpace -lt $MinDiskSpaceThreshold) {\\n Write-Host 'System drive space is less than the threshold:', $MinDiskSpaceThreshold.ToString('N0'), 'Block Upgrade.'\\n $Res = 1\\n }\\n } catch {\\n # Do nothing\\n }\\n\\n Write-Host 'Final result:', $Res\\n\\n\\tEngineVersion=\\n\\tRunspaceId=\\n\\tPipelineId=\\n\\tCommandName=\\n\\tCommandType=\\n\\tScriptName=\\n\\tCommandPath=\\n\\tCommandLine=\",\"Binary\":\"\"}}","Channel":"Windows PowerShell","Provider":"PowerShell","EventId":600,"EventRecordId":"1386","ProcessId":0,"ThreadId":0,"Level":"Info","Keywords":"0x80000000000000","SourceFile":"D:\\benign_log_combined_latest_used_actually\\new_benign\\powershell_820.evtx","ExtraDataOffset":0,"HiddenRecord":false,"TimeCreated":"2025-04-30T08:15:51.5327033+00:00","RecordNumber":658}
{"PayloadData1":"HostApplication=powershell.exe -ExecutionPolicy Restricted -Command \r","PayloadData2":"HostName=ConsoleHost\r","PayloadData3":"HostVersion=5.1.19041.5737\r","MapDescription":"Provider is Started","ChunkNumber":13,"Computer":"Server002","Payload":"{\"EventData\":{\"Data\":\"Function, Started, \\tProviderName=Function\\n\\tNewProviderState=Started\\n\\n\\tSequenceNumber=9\\n\\n\\tHostName=ConsoleHost\\n\\tHostVersion=5.1.19041.5737\\n\\tHostId=d38f584f-769b-4d1e-9f43-1673448d50de\\n\\tHostApplication=powershell.exe -ExecutionPolicy Restricted -Command \\n $Res = 0\\n [UInt64]$MinDiskSpaceThreshold = 20 * 1024 * 1024 * 1024\\n\\n try {\\n $SystemDrive = (Get-CimInstance Win32_OperatingSystem).SystemDrive\\n $SystemDriveLetter = $SystemDrive[0]\\n $SystemDriveSpace = (Get-Volume -DriveLetter $SystemDriveLetter).SizeRemaining\\n Write-Host 'Current system drive space:', $SystemDriveSpace.ToString('N0')\\n if ($SystemDriveSpace -lt $MinDiskSpaceThreshold) {\\n Write-Host 'System drive space is less than the threshold:', $MinDiskSpaceThreshold.ToString('N0'), 'Block Upgrade.'\\n $Res = 1\\n }\\n } catch {\\n # Do nothing\\n }\\n\\n Write-Host 'Final result:', $Res\\n\\n\\tEngineVersion=\\n\\tRunspaceId=\\n\\tPipelineId=\\n\\tCommandName=\\n\\tCommandType=\\n\\tScriptName=\\n\\tCommandPath=\\n\\tCommandLine=\",\"Binary\":\"\"}}","Channel":"Windows PowerShell","Provider":"PowerShell","EventId":600,"EventRecordId":"1387","ProcessId":0,"ThreadId":0,"Level":"Info","Keywords":"0x80000000000000","SourceFile":"D:\\benign_log_combined_latest_used_actually\\new_benign\\powershell_820.evtx","ExtraDataOffset":0,"HiddenRecord":false,"TimeCreated":"2025-04-30T08:15:51.5327033+00:00","RecordNumber":659}
{"PayloadData1":"HostApplication=powershell.exe -ExecutionPolicy Restricted -Command \r","PayloadData2":"HostName=ConsoleHost\r","PayloadData3":"HostVersion=5.1.19041.5737\r","MapDescription":"Provider is Started","ChunkNumber":13,"Computer":"Server002","Payload":"{\"EventData\":{\"Data\":\"Variable, Started, \\tProviderName=Variable\\n\\tNewProviderState=Started\\n\\n\\tSequenceNumber=11\\n\\n\\tHostName=ConsoleHost\\n\\tHostVersion=5.1.19041.5737\\n\\tHostId=d38f584f-769b-4d1e-9f43-1673448d50de\\n\\tHostApplication=powershell.exe -ExecutionPolicy Restricted -Command \\n $Res = 0\\n [UInt64]$MinDiskSpaceThreshold = 20 * 1024 * 1024 * 1024\\n\\n try {\\n $SystemDrive = (Get-CimInstance Win32_OperatingSystem).SystemDrive\\n $SystemDriveLetter = $SystemDrive[0]\\n $SystemDriveSpace = (Get-Volume -DriveLetter $SystemDriveLetter).SizeRemaining\\n Write-Host 'Current system drive space:', $SystemDriveSpace.ToString('N0')\\n if ($SystemDriveSpace -lt $MinDiskSpaceThreshold) {\\n Write-Host 'System drive space is less than the threshold:', $MinDiskSpaceThreshold.ToString('N0'), 'Block Upgrade.'\\n $Res = 1\\n }\\n } catch {\\n # Do nothing\\n }\\n\\n Write-Host 'Final result:', $Res\\n\\n\\tEngineVersion=\\n\\tRunspaceId=\\n\\tPipelineId=\\n\\tCommandName=\\n\\tCommandType=\\n\\tScriptName=\\n\\tCommandPath=\\n\\tCommandLine=\",\"Binary\":\"\"}}","Channel":"Windows PowerShell","Provider":"PowerShell","EventId":600,"EventRecordId":"1388","ProcessId":0,"ThreadId":0,"Level":"Info","Keywords":"0x80000000000000","SourceFile":"D:\\benign_log_combined_latest_used_actually\\new_benign\\powershell_820.evtx","ExtraDataOffset":0,"HiddenRecord":false,"TimeCreated":"2025-04-30T08:15:51.5336949+00:00","RecordNumber":660}
{"PayloadData1":"HostApplication=powershell.exe -ExecutionPolicy Restricted -Command \r","PayloadData2":"HostName=ConsoleHost\r","PayloadData3":"HostVersion=5.1.19041.5737\r","MapDescription":"Engine state is changed from None to Available","ChunkNumber":13,"Computer":"Server002","Payload":"{\"EventData\":{\"Data\":\"Available, None, \\tNewEngineState=Available\\n\\tPreviousEngineState=None\\n\\n\\tSequenceNumber=13\\n\\n\\tHostName=ConsoleHost\\n\\tHostVersion=5.1.19041.5737\\n\\tHostId=d38f584f-769b-4d1e-9f43-1673448d50de\\n\\tHostApplication=powershell.exe -ExecutionPolicy Restricted -Command \\n $Res = 0\\n [UInt64]$MinDiskSpaceThreshold = 20 * 1024 * 1024 * 1024\\n\\n try {\\n $SystemDrive = (Get-CimInstance Win32_OperatingSystem).SystemDrive\\n $SystemDriveLetter = $SystemDrive[0]\\n $SystemDriveSpace = (Get-Volume -DriveLetter $SystemDriveLetter).SizeRemaining\\n Write-Host 'Current system drive space:', $SystemDriveSpace.ToString('N0')\\n if ($SystemDriveSpace -lt $MinDiskSpaceThreshold) {\\n Write-Host 'System drive space is less than the threshold:', $MinDiskSpaceThreshold.ToString('N0'), 'Block Upgrade.'\\n $Res = 1\\n }\\n } catch {\\n # Do nothing\\n }\\n\\n Write-Host 'Final result:', $Res\\n\\n\\tEngineVersion=5.1.19041.5737\\n\\tRunspaceId=2d37e0ac-0e31-457e-b547-f4995154401e\\n\\tPipelineId=\\n\\tCommandName=\\n\\tCommandType=\\n\\tScriptName=\\n\\tCommandPath=\\n\\tCommandLine=\",\"Binary\":\"\"}}","Channel":"Windows PowerShell","Provider":"PowerShell","EventId":400,"EventRecordId":"1389","ProcessId":0,"ThreadId":0,"Level":"Info","Keywords":"0x80000000000000","SourceFile":"D:\\benign_log_combined_latest_used_actually\\new_benign\\powershell_820.evtx","ExtraDataOffset":0,"HiddenRecord":false,"TimeCreated":"2025-04-30T08:15:51.6180469+00:00","RecordNumber":661}
{"PayloadData1":"HostApplication=powershell.exe -ExecutionPolicy Restricted -Command \r","PayloadData2":"HostName=ConsoleHost\r","PayloadData3":"HostVersion=5.1.19041.5737\r","MapDescription":"Provider is Started","ChunkNumber":14,"Computer":"Server002","Payload":"{\"EventData\":{\"Data\":\"Registry, Started, \\tProviderName=Registry\\n\\tNewProviderState=Started\\n\\n\\tSequenceNumber=1\\n\\n\\tHostName=ConsoleHost\\n\\tHostVersion=5.1.19041.5737\\n\\tHostId=fab5c96a-0e91-496b-8de4-cef6a5fc1173\\n\\tHostApplication=powershell.exe -ExecutionPolicy Restricted -Command \\n $Res = 0\\n [UInt64]$MinDiskSpaceThreshold = 25 * 1024 * 1024 * 1024\\n\\n try {\\n $SystemDrive = (Get-CimInstance Win32_OperatingSystem).SystemDrive\\n $SystemDriveLetter = $SystemDrive[0]\\n $SystemDriveSpace = (Get-Volume -DriveLetter $SystemDriveLetter).SizeRemaining\\n Write-Host 'Current system drive space:', $SystemDriveSpace.ToString('N0')\\n if ($SystemDriveSpace -lt $MinDiskSpaceThreshold) {\\n Write-Host 'System drive space is less than the threshold:', $MinDiskSpaceThreshold.ToString('N0'), 'Applying safeguard.'\\n $Res = 1\\n }\\n } catch {\\n # Do nothing\\n }\\n\\n Write-Host 'Final result:', $Res\\n\\n\\tEngineVersion=\\n\\tRunspaceId=\\n\\tPipelineId=\\n\\tCommandName=\\n\\tCommandType=\\n\\tScriptName=\\n\\tCommandPath=\\n\\tCommandLine=\",\"Binary\":\"\"}}","Channel":"Windows PowerShell","Provider":"PowerShell","EventId":600,"EventRecordId":"1390","ProcessId":0,"ThreadId":0,"Level":"Info","Keywords":"0x80000000000000","SourceFile":"D:\\benign_log_combined_latest_used_actually\\new_benign\\powershell_820.evtx","ExtraDataOffset":0,"HiddenRecord":false,"TimeCreated":"2025-04-30T08:15:59.1893385+00:00","RecordNumber":662}
{"PayloadData1":"HostApplication=powershell.exe -ExecutionPolicy Restricted -Command \r","PayloadData2":"HostName=ConsoleHost\r","PayloadData3":"HostVersion=5.1.19041.5737\r","MapDescription":"Provider is Started","ChunkNumber":14,"Computer":"Server002","Payload":"{\"EventData\":{\"Data\":\"Alias, Started, \\tProviderName=Alias\\n\\tNewProviderState=Started\\n\\n\\tSequenceNumber=3\\n\\n\\tHostName=ConsoleHost\\n\\tHostVersion=5.1.19041.5737\\n\\tHostId=fab5c96a-0e91-496b-8de4-cef6a5fc1173\\n\\tHostApplication=powershell.exe -ExecutionPolicy Restricted -Command \\n $Res = 0\\n [UInt64]$MinDiskSpaceThreshold = 25 * 1024 * 1024 * 1024\\n\\n try {\\n $SystemDrive = (Get-CimInstance Win32_OperatingSystem).SystemDrive\\n $SystemDriveLetter = $SystemDrive[0]\\n $SystemDriveSpace = (Get-Volume -DriveLetter $SystemDriveLetter).SizeRemaining\\n Write-Host 'Current system drive space:', $SystemDriveSpace.ToString('N0')\\n if ($SystemDriveSpace -lt $MinDiskSpaceThreshold) {\\n Write-Host 'System drive space is less than the threshold:', $MinDiskSpaceThreshold.ToString('N0'), 'Applying safeguard.'\\n $Res = 1\\n }\\n } catch {\\n # Do nothing\\n }\\n\\n Write-Host 'Final result:', $Res\\n\\n\\tEngineVersion=\\n\\tRunspaceId=\\n\\tPipelineId=\\n\\tCommandName=\\n\\tCommandType=\\n\\tScriptName=\\n\\tCommandPath=\\n\\tCommandLine=\",\"Binary\":\"\"}}","Channel":"Windows PowerShell","Provider":"PowerShell","EventId":600,"EventRecordId":"1391","ProcessId":0,"ThreadId":0,"Level":"Info","Keywords":"0x80000000000000","SourceFile":"D:\\benign_log_combined_latest_used_actually\\new_benign\\powershell_820.evtx","ExtraDataOffset":0,"HiddenRecord":false,"TimeCreated":"2025-04-30T08:15:59.1893385+00:00","RecordNumber":663}
{"PayloadData1":"HostApplication=powershell.exe -ExecutionPolicy Restricted -Command \r","PayloadData2":"HostName=ConsoleHost\r","PayloadData3":"HostVersion=5.1.19041.5737\r","MapDescription":"Provider is Started","ChunkNumber":14,"Computer":"Server002","Payload":"{\"EventData\":{\"Data\":\"Environment, Started, \\tProviderName=Environment\\n\\tNewProviderState=Started\\n\\n\\tSequenceNumber=5\\n\\n\\tHostName=ConsoleHost\\n\\tHostVersion=5.1.19041.5737\\n\\tHostId=fab5c96a-0e91-496b-8de4-cef6a5fc1173\\n\\tHostApplication=powershell.exe -ExecutionPolicy Restricted -Command \\n $Res = 0\\n [UInt64]$MinDiskSpaceThreshold = 25 * 1024 * 1024 * 1024\\n\\n try {\\n $SystemDrive = (Get-CimInstance Win32_OperatingSystem).SystemDrive\\n $SystemDriveLetter = $SystemDrive[0]\\n $SystemDriveSpace = (Get-Volume -DriveLetter $SystemDriveLetter).SizeRemaining\\n Write-Host 'Current system drive space:', $SystemDriveSpace.ToString('N0')\\n if ($SystemDriveSpace -lt $MinDiskSpaceThreshold) {\\n Write-Host 'System drive space is less than the threshold:', $MinDiskSpaceThreshold.ToString('N0'), 'Applying safeguard.'\\n $Res = 1\\n }\\n } catch {\\n # Do nothing\\n }\\n\\n Write-Host 'Final result:', $Res\\n\\n\\tEngineVersion=\\n\\tRunspaceId=\\n\\tPipelineId=\\n\\tCommandName=\\n\\tCommandType=\\n\\tScriptName=\\n\\tCommandPath=\\n\\tCommandLine=\",\"Binary\":\"\"}}","Channel":"Windows PowerShell","Provider":"PowerShell","EventId":600,"EventRecordId":"1392","ProcessId":0,"ThreadId":0,"Level":"Info","Keywords":"0x80000000000000","SourceFile":"D:\\benign_log_combined_latest_used_actually\\new_benign\\powershell_820.evtx","ExtraDataOffset":0,"HiddenRecord":false,"TimeCreated":"2025-04-30T08:15:59.1893385+00:00","RecordNumber":664}
{"PayloadData1":"HostApplication=powershell.exe -ExecutionPolicy Restricted -Command \r","PayloadData2":"HostName=ConsoleHost\r","PayloadData3":"HostVersion=5.1.19041.5737\r","MapDescription":"Provider is Started","ChunkNumber":14,"Computer":"Server002","Payload":"{\"EventData\":{\"Data\":\"FileSystem, Started, \\tProviderName=FileSystem\\n\\tNewProviderState=Started\\n\\n\\tSequenceNumber=7\\n\\n\\tHostName=ConsoleHost\\n\\tHostVersion=5.1.19041.5737\\n\\tHostId=fab5c96a-0e91-496b-8de4-cef6a5fc1173\\n\\tHostApplication=powershell.exe -ExecutionPolicy Restricted -Command \\n $Res = 0\\n [UInt64]$MinDiskSpaceThreshold = 25 * 1024 * 1024 * 1024\\n\\n try {\\n $SystemDrive = (Get-CimInstance Win32_OperatingSystem).SystemDrive\\n $SystemDriveLetter = $SystemDrive[0]\\n $SystemDriveSpace = (Get-Volume -DriveLetter $SystemDriveLetter).SizeRemaining\\n Write-Host 'Current system drive space:', $SystemDriveSpace.ToString('N0')\\n if ($SystemDriveSpace -lt $MinDiskSpaceThreshold) {\\n Write-Host 'System drive space is less than the threshold:', $MinDiskSpaceThreshold.ToString('N0'), 'Applying safeguard.'\\n $Res = 1\\n }\\n } catch {\\n # Do nothing\\n }\\n\\n Write-Host 'Final result:', $Res\\n\\n\\tEngineVersion=\\n\\tRunspaceId=\\n\\tPipelineId=\\n\\tCommandName=\\n\\tCommandType=\\n\\tScriptName=\\n\\tCommandPath=\\n\\tCommandLine=\",\"Binary\":\"\"}}","Channel":"Windows PowerShell","Provider":"PowerShell","EventId":600,"EventRecordId":"1393","ProcessId":0,"ThreadId":0,"Level":"Info","Keywords":"0x80000000000000","SourceFile":"D:\\benign_log_combined_latest_used_actually\\new_benign\\powershell_820.evtx","ExtraDataOffset":0,"HiddenRecord":false,"TimeCreated":"2025-04-30T08:15:59.1954321+00:00","RecordNumber":665}
{"PayloadData1":"HostApplication=powershell.exe -ExecutionPolicy Restricted -Command \r","PayloadData2":"HostName=ConsoleHost\r","PayloadData3":"HostVersion=5.1.19041.5737\r","MapDescription":"Provider is Started","ChunkNumber":14,"Computer":"Server002","Payload":"{\"EventData\":{\"Data\":\"Function, Started, \\tProviderName=Function\\n\\tNewProviderState=Started\\n\\n\\tSequenceNumber=9\\n\\n\\tHostName=ConsoleHost\\n\\tHostVersion=5.1.19041.5737\\n\\tHostId=fab5c96a-0e91-496b-8de4-cef6a5fc1173\\n\\tHostApplication=powershell.exe -ExecutionPolicy Restricted -Command \\n $Res = 0\\n [UInt64]$MinDiskSpaceThreshold = 25 * 1024 * 1024 * 1024\\n\\n try {\\n $SystemDrive = (Get-CimInstance Win32_OperatingSystem).SystemDrive\\n $SystemDriveLetter = $SystemDrive[0]\\n $SystemDriveSpace = (Get-Volume -DriveLetter $SystemDriveLetter).SizeRemaining\\n Write-Host 'Current system drive space:', $SystemDriveSpace.ToString('N0')\\n if ($SystemDriveSpace -lt $MinDiskSpaceThreshold) {\\n Write-Host 'System drive space is less than the threshold:', $MinDiskSpaceThreshold.ToString('N0'), 'Applying safeguard.'\\n $Res = 1\\n }\\n } catch {\\n # Do nothing\\n }\\n\\n Write-Host 'Final result:', $Res\\n\\n\\tEngineVersion=\\n\\tRunspaceId=\\n\\tPipelineId=\\n\\tCommandName=\\n\\tCommandType=\\n\\tScriptName=\\n\\tCommandPath=\\n\\tCommandLine=\",\"Binary\":\"\"}}","Channel":"Windows PowerShell","Provider":"PowerShell","EventId":600,"EventRecordId":"1394","ProcessId":0,"ThreadId":0,"Level":"Info","Keywords":"0x80000000000000","SourceFile":"D:\\benign_log_combined_latest_used_actually\\new_benign\\powershell_820.evtx","ExtraDataOffset":0,"HiddenRecord":false,"TimeCreated":"2025-04-30T08:15:59.1954321+00:00","RecordNumber":666}
{"PayloadData1":"HostApplication=powershell.exe -ExecutionPolicy Restricted -Command \r","PayloadData2":"HostName=ConsoleHost\r","PayloadData3":"HostVersion=5.1.19041.5737\r","MapDescription":"Provider is Started","ChunkNumber":14,"Computer":"Server002","Payload":"{\"EventData\":{\"Data\":\"Variable, Started, \\tProviderName=Variable\\n\\tNewProviderState=Started\\n\\n\\tSequenceNumber=11\\n\\n\\tHostName=ConsoleHost\\n\\tHostVersion=5.1.19041.5737\\n\\tHostId=fab5c96a-0e91-496b-8de4-cef6a5fc1173\\n\\tHostApplication=powershell.exe -ExecutionPolicy Restricted -Command \\n $Res = 0\\n [UInt64]$MinDiskSpaceThreshold = 25 * 1024 * 1024 * 1024\\n\\n try {\\n $SystemDrive = (Get-CimInstance Win32_OperatingSystem).SystemDrive\\n $SystemDriveLetter = $SystemDrive[0]\\n $SystemDriveSpace = (Get-Volume -DriveLetter $SystemDriveLetter).SizeRemaining\\n Write-Host 'Current system drive space:', $SystemDriveSpace.ToString('N0')\\n if ($SystemDriveSpace -lt $MinDiskSpaceThreshold) {\\n Write-Host 'System drive space is less than the threshold:', $MinDiskSpaceThreshold.ToString('N0'), 'Applying safeguard.'\\n $Res = 1\\n }\\n } catch {\\n # Do nothing\\n }\\n\\n Write-Host 'Final result:', $Res\\n\\n\\tEngineVersion=\\n\\tRunspaceId=\\n\\tPipelineId=\\n\\tCommandName=\\n\\tCommandType=\\n\\tScriptName=\\n\\tCommandPath=\\n\\tCommandLine=\",\"Binary\":\"\"}}","Channel":"Windows PowerShell","Provider":"PowerShell","EventId":600,"EventRecordId":"1395","ProcessId":0,"ThreadId":0,"Level":"Info","Keywords":"0x80000000000000","SourceFile":"D:\\benign_log_combined_latest_used_actually\\new_benign\\powershell_820.evtx","ExtraDataOffset":0,"HiddenRecord":false,"TimeCreated":"2025-04-30T08:15:59.1954321+00:00","RecordNumber":667}
{"PayloadData1":"HostApplication=powershell.exe -ExecutionPolicy Restricted -Command \r","PayloadData2":"HostName=ConsoleHost\r","PayloadData3":"HostVersion=5.1.19041.5737\r","MapDescription":"Engine state is changed from None to Available","ChunkNumber":14,"Computer":"Server002","Payload":"{\"EventData\":{\"Data\":\"Available, None, \\tNewEngineState=Available\\n\\tPreviousEngineState=None\\n\\n\\tSequenceNumber=13\\n\\n\\tHostName=ConsoleHost\\n\\tHostVersion=5.1.19041.5737\\n\\tHostId=fab5c96a-0e91-496b-8de4-cef6a5fc1173\\n\\tHostApplication=powershell.exe -ExecutionPolicy Restricted -Command \\n $Res = 0\\n [UInt64]$MinDiskSpaceThreshold = 25 * 1024 * 1024 * 1024\\n\\n try {\\n $SystemDrive = (Get-CimInstance Win32_OperatingSystem).SystemDrive\\n $SystemDriveLetter = $SystemDrive[0]\\n $SystemDriveSpace = (Get-Volume -DriveLetter $SystemDriveLetter).SizeRemaining\\n Write-Host 'Current system drive space:', $SystemDriveSpace.ToString('N0')\\n if ($SystemDriveSpace -lt $MinDiskSpaceThreshold) {\\n Write-Host 'System drive space is less than the threshold:', $MinDiskSpaceThreshold.ToString('N0'), 'Applying safeguard.'\\n $Res = 1\\n }\\n } catch {\\n # Do nothing\\n }\\n\\n Write-Host 'Final result:', $Res\\n\\n\\tEngineVersion=5.1.19041.5737\\n\\tRunspaceId=bcb935a7-57d1-4378-a30f-a6c9a9513daf\\n\\tPipelineId=\\n\\tCommandName=\\n\\tCommandType=\\n\\tScriptName=\\n\\tCommandPath=\\n\\tCommandLine=\",\"Binary\":\"\"}}","Channel":"Windows PowerShell","Provider":"PowerShell","EventId":400,"EventRecordId":"1396","ProcessId":0,"ThreadId":0,"Level":"Info","Keywords":"0x80000000000000","SourceFile":"D:\\benign_log_combined_latest_used_actually\\new_benign\\powershell_820.evtx","ExtraDataOffset":0,"HiddenRecord":false,"TimeCreated":"2025-04-30T08:15:59.2069055+00:00","RecordNumber":668}
{"PayloadData1":"HostApplication=powershell.exe -ExecutionPolicy Restricted -Command \r","PayloadData2":"HostName=ConsoleHost\r","PayloadData3":"HostVersion=5.1.19041.5737\r","MapDescription":"Engine state is changed from Available to Stopped","ChunkNumber":14,"Computer":"Server002","Payload":"{\"EventData\":{\"Data\":\"Stopped, Available, \\tNewEngineState=Stopped\\n\\tPreviousEngineState=Available\\n\\n\\tSequenceNumber=15\\n\\n\\tHostName=ConsoleHost\\n\\tHostVersion=5.1.19041.5737\\n\\tHostId=d38f584f-769b-4d1e-9f43-1673448d50de\\n\\tHostApplication=powershell.exe -ExecutionPolicy Restricted -Command \\n $Res = 0\\n [UInt64]$MinDiskSpaceThreshold = 20 * 1024 * 1024 * 1024\\n\\n try {\\n $SystemDrive = (Get-CimInstance Win32_OperatingSystem).SystemDrive\\n $SystemDriveLetter = $SystemDrive[0]\\n $SystemDriveSpace = (Get-Volume -DriveLetter $SystemDriveLetter).SizeRemaining\\n Write-Host 'Current system drive space:', $SystemDriveSpace.ToString('N0')\\n if ($SystemDriveSpace -lt $MinDiskSpaceThreshold) {\\n Write-Host 'System drive space is less than the threshold:', $MinDiskSpaceThreshold.ToString('N0'), 'Block Upgrade.'\\n $Res = 1\\n }\\n } catch {\\n # Do nothing\\n }\\n\\n Write-Host 'Final result:', $Res\\n\\n\\tEngineVersion=5.1.19041.5737\\n\\tRunspaceId=2d37e0ac-0e31-457e-b547-f4995154401e\\n\\tPipelineId=\\n\\tCommandName=\\n\\tCommandType=\\n\\tScriptName=\\n\\tCommandPath=\\n\\tCommandLine=\",\"Binary\":\"\"}}","Channel":"Windows PowerShell","Provider":"PowerShell","EventId":403,"EventRecordId":"1397","ProcessId":0,"ThreadId":0,"Level":"Info","Keywords":"0x80000000000000","SourceFile":"D:\\benign_log_combined_latest_used_actually\\new_benign\\powershell_820.evtx","ExtraDataOffset":0,"HiddenRecord":false,"TimeCreated":"2025-04-30T08:16:04.9916405+00:00","RecordNumber":669}
{"PayloadData1":"HostApplication=powershell.exe -ExecutionPolicy Restricted -Command Write-Host 'Final result: 1';\r","PayloadData2":"HostName=ConsoleHost\r","PayloadData3":"HostVersion=5.1.19041.5737\r","MapDescription":"Provider is Started","ChunkNumber":14,"Computer":"Server002","Payload":"{\"EventData\":{\"Data\":\"Registry, Started, \\tProviderName=Registry\\n\\tNewProviderState=Started\\n\\n\\tSequenceNumber=1\\n\\n\\tHostName=ConsoleHost\\n\\tHostVersion=5.1.19041.5737\\n\\tHostId=1803cb3f-7e45-4c85-a58a-aa765f878adc\\n\\tHostApplication=powershell.exe -ExecutionPolicy Restricted -Command Write-Host 'Final result: 1';\\n\\tEngineVersion=\\n\\tRunspaceId=\\n\\tPipelineId=\\n\\tCommandName=\\n\\tCommandType=\\n\\tScriptName=\\n\\tCommandPath=\\n\\tCommandLine=\",\"Binary\":\"\"}}","Channel":"Windows PowerShell","Provider":"PowerShell","EventId":600,"EventRecordId":"1398","ProcessId":0,"ThreadId":0,"Level":"Info","Keywords":"0x80000000000000","SourceFile":"D:\\benign_log_combined_latest_used_actually\\new_benign\\powershell_820.evtx","ExtraDataOffset":0,"HiddenRecord":false,"TimeCreated":"2025-04-30T08:16:07.2200436+00:00","RecordNumber":670}
{"PayloadData1":"HostApplication=powershell.exe -ExecutionPolicy Restricted -Command Write-Host 'Final result: 1';\r","PayloadData2":"HostName=ConsoleHost\r","PayloadData3":"HostVersion=5.1.19041.5737\r","MapDescription":"Provider is Started","ChunkNumber":14,"Computer":"Server002","Payload":"{\"EventData\":{\"Data\":\"Alias, Started, \\tProviderName=Alias\\n\\tNewProviderState=Started\\n\\n\\tSequenceNumber=3\\n\\n\\tHostName=ConsoleHost\\n\\tHostVersion=5.1.19041.5737\\n\\tHostId=1803cb3f-7e45-4c85-a58a-aa765f878adc\\n\\tHostApplication=powershell.exe -ExecutionPolicy Restricted -Command Write-Host 'Final result: 1';\\n\\tEngineVersion=\\n\\tRunspaceId=\\n\\tPipelineId=\\n\\tCommandName=\\n\\tCommandType=\\n\\tScriptName=\\n\\tCommandPath=\\n\\tCommandLine=\",\"Binary\":\"\"}}","Channel":"Windows PowerShell","Provider":"PowerShell","EventId":600,"EventRecordId":"1399","ProcessId":0,"ThreadId":0,"Level":"Info","Keywords":"0x80000000000000","SourceFile":"D:\\benign_log_combined_latest_used_actually\\new_benign\\powershell_820.evtx","ExtraDataOffset":0,"HiddenRecord":false,"TimeCreated":"2025-04-30T08:16:07.2200436+00:00","RecordNumber":671}
{"PayloadData1":"HostApplication=powershell.exe -ExecutionPolicy Restricted -Command Write-Host 'Final result: 1';\r","PayloadData2":"HostName=ConsoleHost\r","PayloadData3":"HostVersion=5.1.19041.5737\r","MapDescription":"Provider is Started","ChunkNumber":14,"Computer":"Server002","Payload":"{\"EventData\":{\"Data\":\"Environment, Started, \\tProviderName=Environment\\n\\tNewProviderState=Started\\n\\n\\tSequenceNumber=5\\n\\n\\tHostName=ConsoleHost\\n\\tHostVersion=5.1.19041.5737\\n\\tHostId=1803cb3f-7e45-4c85-a58a-aa765f878adc\\n\\tHostApplication=powershell.exe -ExecutionPolicy Restricted -Command Write-Host 'Final result: 1';\\n\\tEngineVersion=\\n\\tRunspaceId=\\n\\tPipelineId=\\n\\tCommandName=\\n\\tCommandType=\\n\\tScriptName=\\n\\tCommandPath=\\n\\tCommandLine=\",\"Binary\":\"\"}}","Channel":"Windows PowerShell","Provider":"PowerShell","EventId":600,"EventRecordId":"1400","ProcessId":0,"ThreadId":0,"Level":"Info","Keywords":"0x80000000000000","SourceFile":"D:\\benign_log_combined_latest_used_actually\\new_benign\\powershell_820.evtx","ExtraDataOffset":0,"HiddenRecord":false,"TimeCreated":"2025-04-30T08:16:07.2209145+00:00","RecordNumber":672}
{"PayloadData1":"HostApplication=powershell.exe -ExecutionPolicy Restricted -Command Write-Host 'Final result: 1';\r","PayloadData2":"HostName=ConsoleHost\r","PayloadData3":"HostVersion=5.1.19041.5737\r","MapDescription":"Provider is Started","ChunkNumber":14,"Computer":"Server002","Payload":"{\"EventData\":{\"Data\":\"FileSystem, Started, \\tProviderName=FileSystem\\n\\tNewProviderState=Started\\n\\n\\tSequenceNumber=7\\n\\n\\tHostName=ConsoleHost\\n\\tHostVersion=5.1.19041.5737\\n\\tHostId=1803cb3f-7e45-4c85-a58a-aa765f878adc\\n\\tHostApplication=powershell.exe -ExecutionPolicy Restricted -Command Write-Host 'Final result: 1';\\n\\tEngineVersion=\\n\\tRunspaceId=\\n\\tPipelineId=\\n\\tCommandName=\\n\\tCommandType=\\n\\tScriptName=\\n\\tCommandPath=\\n\\tCommandLine=\",\"Binary\":\"\"}}","Channel":"Windows PowerShell","Provider":"PowerShell","EventId":600,"EventRecordId":"1401","ProcessId":0,"ThreadId":0,"Level":"Info","Keywords":"0x80000000000000","SourceFile":"D:\\benign_log_combined_latest_used_actually\\new_benign\\powershell_820.evtx","ExtraDataOffset":0,"HiddenRecord":false,"TimeCreated":"2025-04-30T08:16:07.2287183+00:00","RecordNumber":673}
{"PayloadData1":"HostApplication=powershell.exe -ExecutionPolicy Restricted -Command Write-Host 'Final result: 1';\r","PayloadData2":"HostName=ConsoleHost\r","PayloadData3":"HostVersion=5.1.19041.5737\r","MapDescription":"Provider is Started","ChunkNumber":14,"Computer":"Server002","Payload":"{\"EventData\":{\"Data\":\"Function, Started, \\tProviderName=Function\\n\\tNewProviderState=Started\\n\\n\\tSequenceNumber=9\\n\\n\\tHostName=ConsoleHost\\n\\tHostVersion=5.1.19041.5737\\n\\tHostId=1803cb3f-7e45-4c85-a58a-aa765f878adc\\n\\tHostApplication=powershell.exe -ExecutionPolicy Restricted -Command Write-Host 'Final result: 1';\\n\\tEngineVersion=\\n\\tRunspaceId=\\n\\tPipelineId=\\n\\tCommandName=\\n\\tCommandType=\\n\\tScriptName=\\n\\tCommandPath=\\n\\tCommandLine=\",\"Binary\":\"\"}}","Channel":"Windows PowerShell","Provider":"PowerShell","EventId":600,"EventRecordId":"1402","ProcessId":0,"ThreadId":0,"Level":"Info","Keywords":"0x80000000000000","SourceFile":"D:\\benign_log_combined_latest_used_actually\\new_benign\\powershell_820.evtx","ExtraDataOffset":0,"HiddenRecord":false,"TimeCreated":"2025-04-30T08:16:07.2287183+00:00","RecordNumber":674}
{"PayloadData1":"HostApplication=powershell.exe -ExecutionPolicy Restricted -Command Write-Host 'Final result: 1';\r","PayloadData2":"HostName=ConsoleHost\r","PayloadData3":"HostVersion=5.1.19041.5737\r","MapDescription":"Provider is Started","ChunkNumber":14,"Computer":"Server002","Payload":"{\"EventData\":{\"Data\":\"Variable, Started, \\tProviderName=Variable\\n\\tNewProviderState=Started\\n\\n\\tSequenceNumber=11\\n\\n\\tHostName=ConsoleHost\\n\\tHostVersion=5.1.19041.5737\\n\\tHostId=1803cb3f-7e45-4c85-a58a-aa765f878adc\\n\\tHostApplication=powershell.exe -ExecutionPolicy Restricted -Command Write-Host 'Final result: 1';\\n\\tEngineVersion=\\n\\tRunspaceId=\\n\\tPipelineId=\\n\\tCommandName=\\n\\tCommandType=\\n\\tScriptName=\\n\\tCommandPath=\\n\\tCommandLine=\",\"Binary\":\"\"}}","Channel":"Windows PowerShell","Provider":"PowerShell","EventId":600,"EventRecordId":"1403","ProcessId":0,"ThreadId":0,"Level":"Info","Keywords":"0x80000000000000","SourceFile":"D:\\benign_log_combined_latest_used_actually\\new_benign\\powershell_820.evtx","ExtraDataOffset":0,"HiddenRecord":false,"TimeCreated":"2025-04-30T08:16:07.2298077+00:00","RecordNumber":675}
{"PayloadData1":"HostApplication=powershell.exe -ExecutionPolicy Restricted -Command Write-Host 'Final result: 1';\r","PayloadData2":"HostName=ConsoleHost\r","PayloadData3":"HostVersion=5.1.19041.5737\r","MapDescription":"Engine state is changed from None to Available","ChunkNumber":14,"Computer":"Server002","Payload":"{\"EventData\":{\"Data\":\"Available, None, \\tNewEngineState=Available\\n\\tPreviousEngineState=None\\n\\n\\tSequenceNumber=13\\n\\n\\tHostName=ConsoleHost\\n\\tHostVersion=5.1.19041.5737\\n\\tHostId=1803cb3f-7e45-4c85-a58a-aa765f878adc\\n\\tHostApplication=powershell.exe -ExecutionPolicy Restricted -Command Write-Host 'Final result: 1';\\n\\tEngineVersion=5.1.19041.5737\\n\\tRunspaceId=7b6d2051-73c2-4384-8c67-d3922566d13b\\n\\tPipelineId=\\n\\tCommandName=\\n\\tCommandType=\\n\\tScriptName=\\n\\tCommandPath=\\n\\tCommandLine=\",\"Binary\":\"\"}}","Channel":"Windows PowerShell","Provider":"PowerShell","EventId":400,"EventRecordId":"1404","ProcessId":0,"ThreadId":0,"Level":"Info","Keywords":"0x80000000000000","SourceFile":"D:\\benign_log_combined_latest_used_actually\\new_benign\\powershell_820.evtx","ExtraDataOffset":0,"HiddenRecord":false,"TimeCreated":"2025-04-30T08:16:07.2561337+00:00","RecordNumber":676}
{"PayloadData1":"HostApplication=powershell.exe -ExecutionPolicy Restricted -Command \r","PayloadData2":"HostName=ConsoleHost\r","PayloadData3":"HostVersion=5.1.19041.5737\r","MapDescription":"Engine state is changed from Available to Stopped","ChunkNumber":14,"Computer":"Server002","Payload":"{\"EventData\":{\"Data\":\"Stopped, Available, \\tNewEngineState=Stopped\\n\\tPreviousEngineState=Available\\n\\n\\tSequenceNumber=15\\n\\n\\tHostName=ConsoleHost\\n\\tHostVersion=5.1.19041.5737\\n\\tHostId=fab5c96a-0e91-496b-8de4-cef6a5fc1173\\n\\tHostApplication=powershell.exe -ExecutionPolicy Restricted -Command \\n $Res = 0\\n [UInt64]$MinDiskSpaceThreshold = 25 * 1024 * 1024 * 1024\\n\\n try {\\n $SystemDrive = (Get-CimInstance Win32_OperatingSystem).SystemDrive\\n $SystemDriveLetter = $SystemDrive[0]\\n $SystemDriveSpace = (Get-Volume -DriveLetter $SystemDriveLetter).SizeRemaining\\n Write-Host 'Current system drive space:', $SystemDriveSpace.ToString('N0')\\n if ($SystemDriveSpace -lt $MinDiskSpaceThreshold) {\\n Write-Host 'System drive space is less than the threshold:', $MinDiskSpaceThreshold.ToString('N0'), 'Applying safeguard.'\\n $Res = 1\\n }\\n } catch {\\n # Do nothing\\n }\\n\\n Write-Host 'Final result:', $Res\\n\\n\\tEngineVersion=5.1.19041.5737\\n\\tRunspaceId=bcb935a7-57d1-4378-a30f-a6c9a9513daf\\n\\tPipelineId=\\n\\tCommandName=\\n\\tCommandType=\\n\\tScriptName=\\n\\tCommandPath=\\n\\tCommandLine=\",\"Binary\":\"\"}}","Channel":"Windows PowerShell","Provider":"PowerShell","EventId":403,"EventRecordId":"1405","ProcessId":0,"ThreadId":0,"Level":"Info","Keywords":"0x80000000000000","SourceFile":"D:\\benign_log_combined_latest_used_actually\\new_benign\\powershell_820.evtx","ExtraDataOffset":0,"HiddenRecord":false,"TimeCreated":"2025-04-30T08:16:07.8081118+00:00","RecordNumber":677}
{"PayloadData1":"HostApplication=powershell.exe -ExecutionPolicy Restricted -Command Write-Host 'Final result: 1';\r","PayloadData2":"HostName=ConsoleHost\r","PayloadData3":"HostVersion=5.1.19041.5737\r","MapDescription":"Engine state is changed from Available to Stopped","ChunkNumber":14,"Computer":"Server002","Payload":"{\"EventData\":{\"Data\":\"Stopped, Available, \\tNewEngineState=Stopped\\n\\tPreviousEngineState=Available\\n\\n\\tSequenceNumber=15\\n\\n\\tHostName=ConsoleHost\\n\\tHostVersion=5.1.19041.5737\\n\\tHostId=1803cb3f-7e45-4c85-a58a-aa765f878adc\\n\\tHostApplication=powershell.exe -ExecutionPolicy Restricted -Command Write-Host 'Final result: 1';\\n\\tEngineVersion=5.1.19041.5737\\n\\tRunspaceId=7b6d2051-73c2-4384-8c67-d3922566d13b\\n\\tPipelineId=\\n\\tCommandName=\\n\\tCommandType=\\n\\tScriptName=\\n\\tCommandPath=\\n\\tCommandLine=\",\"Binary\":\"\"}}","Channel":"Windows PowerShell","Provider":"PowerShell","EventId":403,"EventRecordId":"1406","ProcessId":0,"ThreadId":0,"Level":"Info","Keywords":"0x80000000000000","SourceFile":"D:\\benign_log_combined_latest_used_actually\\new_benign\\powershell_820.evtx","ExtraDataOffset":0,"HiddenRecord":false,"TimeCreated":"2025-04-30T08:16:07.8614431+00:00","RecordNumber":678}
{"PayloadData1":"HostApplication=powershell.exe -ExecutionPolicy Restricted -Command $Res = 0; $Infs = Get-Item -Path ($env:WinDir + '\\inf\\*.inf'); foreach ($Inf in $Infs) { $Data = Get-Content $Inf.FullName; if ($Data -match '\\[defaultinstall.nt(amd64|arm|arm64|x86)\\]') { $Res = 1; break; } } Write-Host 'Final result:', $Res;\r","PayloadData2":"HostName=ConsoleHost\r","PayloadData3":"HostVersion=5.1.19041.5737\r","MapDescription":"Provider is Started","ChunkNumber":14,"Computer":"Server002","Payload":"{\"EventData\":{\"Data\":\"Registry, Started, \\tProviderName=Registry\\n\\tNewProviderState=Started\\n\\n\\tSequenceNumber=1\\n\\n\\tHostName=ConsoleHost\\n\\tHostVersion=5.1.19041.5737\\n\\tHostId=39c8f5ef-d83a-486a-b33c-e85f8faf460b\\n\\tHostApplication=powershell.exe -ExecutionPolicy Restricted -Command $Res = 0; $Infs = Get-Item -Path ($env:WinDir + '\\\\inf\\\\*.inf'); foreach ($Inf in $Infs) { $Data = Get-Content $Inf.FullName; if ($Data -match '\\\\[defaultinstall.nt(amd64|arm|arm64|x86)\\\\]') { $Res = 1; break; } } Write-Host 'Final result:', $Res;\\n\\tEngineVersion=\\n\\tRunspaceId=\\n\\tPipelineId=\\n\\tCommandName=\\n\\tCommandType=\\n\\tScriptName=\\n\\tCommandPath=\\n\\tCommandLine=\",\"Binary\":\"\"}}","Channel":"Windows PowerShell","Provider":"PowerShell","EventId":600,"EventRecordId":"1407","ProcessId":0,"ThreadId":0,"Level":"Info","Keywords":"0x80000000000000","SourceFile":"D:\\benign_log_combined_latest_used_actually\\new_benign\\powershell_820.evtx","ExtraDataOffset":0,"HiddenRecord":false,"TimeCreated":"2025-04-30T08:16:09.9372025+00:00","RecordNumber":679}
{"PayloadData1":"HostApplication=powershell.exe -ExecutionPolicy Restricted -Command $Res = 0; $Infs = Get-Item -Path ($env:WinDir + '\\inf\\*.inf'); foreach ($Inf in $Infs) { $Data = Get-Content $Inf.FullName; if ($Data -match '\\[defaultinstall.nt(amd64|arm|arm64|x86)\\]') { $Res = 1; break; } } Write-Host 'Final result:', $Res;\r","PayloadData2":"HostName=ConsoleHost\r","PayloadData3":"HostVersion=5.1.19041.5737\r","MapDescription":"Provider is Started","ChunkNumber":14,"Computer":"Server002","Payload":"{\"EventData\":{\"Data\":\"Alias, Started, \\tProviderName=Alias\\n\\tNewProviderState=Started\\n\\n\\tSequenceNumber=3\\n\\n\\tHostName=ConsoleHost\\n\\tHostVersion=5.1.19041.5737\\n\\tHostId=39c8f5ef-d83a-486a-b33c-e85f8faf460b\\n\\tHostApplication=powershell.exe -ExecutionPolicy Restricted -Command $Res = 0; $Infs = Get-Item -Path ($env:WinDir + '\\\\inf\\\\*.inf'); foreach ($Inf in $Infs) { $Data = Get-Content $Inf.FullName; if ($Data -match '\\\\[defaultinstall.nt(amd64|arm|arm64|x86)\\\\]') { $Res = 1; break; } } Write-Host 'Final result:', $Res;\\n\\tEngineVersion=\\n\\tRunspaceId=\\n\\tPipelineId=\\n\\tCommandName=\\n\\tCommandType=\\n\\tScriptName=\\n\\tCommandPath=\\n\\tCommandLine=\",\"Binary\":\"\"}}","Channel":"Windows PowerShell","Provider":"PowerShell","EventId":600,"EventRecordId":"1408","ProcessId":0,"ThreadId":0,"Level":"Info","Keywords":"0x80000000000000","SourceFile":"D:\\benign_log_combined_latest_used_actually\\new_benign\\powershell_820.evtx","ExtraDataOffset":0,"HiddenRecord":false,"TimeCreated":"2025-04-30T08:16:09.9372025+00:00","RecordNumber":680}
{"PayloadData1":"HostApplication=powershell.exe -ExecutionPolicy Restricted -Command $Res = 0; $Infs = Get-Item -Path ($env:WinDir + '\\inf\\*.inf'); foreach ($Inf in $Infs) { $Data = Get-Content $Inf.FullName; if ($Data -match '\\[defaultinstall.nt(amd64|arm|arm64|x86)\\]') { $Res = 1; break; } } Write-Host 'Final result:', $Res;\r","PayloadData2":"HostName=ConsoleHost\r","PayloadData3":"HostVersion=5.1.19041.5737\r","MapDescription":"Provider is Started","ChunkNumber":14,"Computer":"Server002","Payload":"{\"EventData\":{\"Data\":\"Environment, Started, \\tProviderName=Environment\\n\\tNewProviderState=Started\\n\\n\\tSequenceNumber=5\\n\\n\\tHostName=ConsoleHost\\n\\tHostVersion=5.1.19041.5737\\n\\tHostId=39c8f5ef-d83a-486a-b33c-e85f8faf460b\\n\\tHostApplication=powershell.exe -ExecutionPolicy Restricted -Command $Res = 0; $Infs = Get-Item -Path ($env:WinDir + '\\\\inf\\\\*.inf'); foreach ($Inf in $Infs) { $Data = Get-Content $Inf.FullName; if ($Data -match '\\\\[defaultinstall.nt(amd64|arm|arm64|x86)\\\\]') { $Res = 1; break; } } Write-Host 'Final result:', $Res;\\n\\tEngineVersion=\\n\\tRunspaceId=\\n\\tPipelineId=\\n\\tCommandName=\\n\\tCommandType=\\n\\tScriptName=\\n\\tCommandPath=\\n\\tCommandLine=\",\"Binary\":\"\"}}","Channel":"Windows PowerShell","Provider":"PowerShell","EventId":600,"EventRecordId":"1409","ProcessId":0,"ThreadId":0,"Level":"Info","Keywords":"0x80000000000000","SourceFile":"D:\\benign_log_combined_latest_used_actually\\new_benign\\powershell_820.evtx","ExtraDataOffset":0,"HiddenRecord":false,"TimeCreated":"2025-04-30T08:16:09.9372025+00:00","RecordNumber":681}
{"PayloadData1":"HostApplication=powershell.exe -ExecutionPolicy Restricted -Command $Res = 0; $Infs = Get-Item -Path ($env:WinDir + '\\inf\\*.inf'); foreach ($Inf in $Infs) { $Data = Get-Content $Inf.FullName; if ($Data -match '\\[defaultinstall.nt(amd64|arm|arm64|x86)\\]') { $Res = 1; break; } } Write-Host 'Final result:', $Res;\r","PayloadData2":"HostName=ConsoleHost\r","PayloadData3":"HostVersion=5.1.19041.5737\r","MapDescription":"Provider is Started","ChunkNumber":14,"Computer":"Server002","Payload":"{\"EventData\":{\"Data\":\"FileSystem, Started, \\tProviderName=FileSystem\\n\\tNewProviderState=Started\\n\\n\\tSequenceNumber=7\\n\\n\\tHostName=ConsoleHost\\n\\tHostVersion=5.1.19041.5737\\n\\tHostId=39c8f5ef-d83a-486a-b33c-e85f8faf460b\\n\\tHostApplication=powershell.exe -ExecutionPolicy Restricted -Command $Res = 0; $Infs = Get-Item -Path ($env:WinDir + '\\\\inf\\\\*.inf'); foreach ($Inf in $Infs) { $Data = Get-Content $Inf.FullName; if ($Data -match '\\\\[defaultinstall.nt(amd64|arm|arm64|x86)\\\\]') { $Res = 1; break; } } Write-Host 'Final result:', $Res;\\n\\tEngineVersion=\\n\\tRunspaceId=\\n\\tPipelineId=\\n\\tCommandName=\\n\\tCommandType=\\n\\tScriptName=\\n\\tCommandPath=\\n\\tCommandLine=\",\"Binary\":\"\"}}","Channel":"Windows PowerShell","Provider":"PowerShell","EventId":600,"EventRecordId":"1410","ProcessId":0,"ThreadId":0,"Level":"Info","Keywords":"0x80000000000000","SourceFile":"D:\\benign_log_combined_latest_used_actually\\new_benign\\powershell_820.evtx","ExtraDataOffset":0,"HiddenRecord":false,"TimeCreated":"2025-04-30T08:16:09.9403963+00:00","RecordNumber":682}
