{"PayloadData1":"HostApplication=C:\\Windows\\System32\\WindowsPowerShell\\v1.0\\powershell.exe -Command whoami\r","PayloadData2":"HostName=ConsoleHost\r","PayloadData3":"HostVersion=5.1.19041.2673\r","MapDescription":"Engine state is changed from Available to Stopped","ChunkNumber":2,"Computer":"Server002","Payload":"{\"EventData\":{\"Data\":\"Stopped, Available, \\tNewEngineState=Stopped\\n\\tPreviousEngineState=Available\\n\\n\\tSequenceNumber=15\\n\\n\\tHostName=ConsoleHost\\n\\tHostVersion=5.1.19041.2673\\n\\tHostId=8df8c3c6-8d62-47d7-8583-b1edaf8f1e3b\\n\\tHostApplication=C:\\\\Windows\\\\System32\\\\WindowsPowerShell\\\\v1.0\\\\powershell.exe -Command whoami\\n\\tEngineVersion=5.1.19041.2673\\n\\tRunspaceId=72a20c74-33ee-425f-a4e7-fa0c7e234cba\\n\\tPipelineId=\\n\\tCommandName=\\n\\tCommandType=\\n\\tScriptName=\\n\\tCommandPath=\\n\\tCommandLine=\",\"Binary\":\"\"}}","Channel":"Windows PowerShell","Provider":"PowerShell","EventId":403,"EventRecordId":"849","ProcessId":0,"ThreadId":0,"Level":"Info","Keywords":"0x80000000000000","SourceFile":"D:\\benign_log_combined_latest_used_actually\\new_benign\\powershell_820.evtx","ExtraDataOffset":0,"HiddenRecord":false,"TimeCreated":"2024-10-03T19:21:28.8725682+00:00","RecordNumber":121}
{"PayloadData1":"HostApplication=C:\\Windows\\System32\\WindowsPowerShell\\v1.0\\powershell.exe -Command hostname\r","PayloadData2":"HostName=ConsoleHost\r","PayloadData3":"HostVersion=5.1.19041.2673\r","MapDescription":"Provider is Started","ChunkNumber":2,"Computer":"Server002","Payload":"{\"EventData\":{\"Data\":\"Registry, Started, \\tProviderName=Registry\\n\\tNewProviderState=Started\\n\\n\\tSequenceNumber=1\\n\\n\\tHostName=ConsoleHost\\n\\tHostVersion=5.1.19041.2673\\n\\tHostId=eb790f13-daa5-4f75-803e-24b6904ee9b5\\n\\tHostApplication=C:\\\\Windows\\\\System32\\\\WindowsPowerShell\\\\v1.0\\\\powershell.exe -Command hostname\\n\\tEngineVersion=\\n\\tRunspaceId=\\n\\tPipelineId=\\n\\tCommandName=\\n\\tCommandType=\\n\\tScriptName=\\n\\tCommandPath=\\n\\tCommandLine=\",\"Binary\":\"\"}}","Channel":"Windows PowerShell","Provider":"PowerShell","EventId":600,"EventRecordId":"850","ProcessId":0,"ThreadId":0,"Level":"Info","Keywords":"0x80000000000000","SourceFile":"D:\\benign_log_combined_latest_used_actually\\new_benign\\powershell_820.evtx","ExtraDataOffset":0,"HiddenRecord":false,"TimeCreated":"2024-10-03T19:21:35.9365641+00:00","RecordNumber":122}
{"PayloadData1":"HostApplication=C:\\Windows\\System32\\WindowsPowerShell\\v1.0\\powershell.exe -Command hostname\r","PayloadData2":"HostName=ConsoleHost\r","PayloadData3":"HostVersion=5.1.19041.2673\r","MapDescription":"Provider is Started","ChunkNumber":2,"Computer":"Server002","Payload":"{\"EventData\":{\"Data\":\"Alias, Started, \\tProviderName=Alias\\n\\tNewProviderState=Started\\n\\n\\tSequenceNumber=3\\n\\n\\tHostName=ConsoleHost\\n\\tHostVersion=5.1.19041.2673\\n\\tHostId=eb790f13-daa5-4f75-803e-24b6904ee9b5\\n\\tHostApplication=C:\\\\Windows\\\\System32\\\\WindowsPowerShell\\\\v1.0\\\\powershell.exe -Command hostname\\n\\tEngineVersion=\\n\\tRunspaceId=\\n\\tPipelineId=\\n\\tCommandName=\\n\\tCommandType=\\n\\tScriptName=\\n\\tCommandPath=\\n\\tCommandLine=\",\"Binary\":\"\"}}","Channel":"Windows PowerShell","Provider":"PowerShell","EventId":600,"EventRecordId":"851","ProcessId":0,"ThreadId":0,"Level":"Info","Keywords":"0x80000000000000","SourceFile":"D:\\benign_log_combined_latest_used_actually\\new_benign\\powershell_820.evtx","ExtraDataOffset":0,"HiddenRecord":false,"TimeCreated":"2024-10-03T19:21:35.9612958+00:00","RecordNumber":123}
{"PayloadData1":"HostApplication=C:\\Windows\\System32\\WindowsPowerShell\\v1.0\\powershell.exe -Command hostname\r","PayloadData2":"HostName=ConsoleHost\r","PayloadData3":"HostVersion=5.1.19041.2673\r","MapDescription":"Provider is Started","ChunkNumber":2,"Computer":"Server002","Payload":"{\"EventData\":{\"Data\":\"Environment, Started, \\tProviderName=Environment\\n\\tNewProviderState=Started\\n\\n\\tSequenceNumber=5\\n\\n\\tHostName=ConsoleHost\\n\\tHostVersion=5.1.19041.2673\\n\\tHostId=eb790f13-daa5-4f75-803e-24b6904ee9b5\\n\\tHostApplication=C:\\\\Windows\\\\System32\\\\WindowsPowerShell\\\\v1.0\\\\powershell.exe -Command hostname\\n\\tEngineVersion=\\n\\tRunspaceId=\\n\\tPipelineId=\\n\\tCommandName=\\n\\tCommandType=\\n\\tScriptName=\\n\\tCommandPath=\\n\\tCommandLine=\",\"Binary\":\"\"}}","Channel":"Windows PowerShell","Provider":"PowerShell","EventId":600,"EventRecordId":"852","ProcessId":0,"ThreadId":0,"Level":"Info","Keywords":"0x80000000000000","SourceFile":"D:\\benign_log_combined_latest_used_actually\\new_benign\\powershell_820.evtx","ExtraDataOffset":0,"HiddenRecord":false,"TimeCreated":"2024-10-03T19:21:35.9677888+00:00","RecordNumber":124}
{"PayloadData1":"HostApplication=C:\\Windows\\System32\\WindowsPowerShell\\v1.0\\powershell.exe -Command hostname\r","PayloadData2":"HostName=ConsoleHost\r","PayloadData3":"HostVersion=5.1.19041.2673\r","MapDescription":"Provider is Started","ChunkNumber":2,"Computer":"Server002","Payload":"{\"EventData\":{\"Data\":\"FileSystem, Started, \\tProviderName=FileSystem\\n\\tNewProviderState=Started\\n\\n\\tSequenceNumber=7\\n\\n\\tHostName=ConsoleHost\\n\\tHostVersion=5.1.19041.2673\\n\\tHostId=eb790f13-daa5-4f75-803e-24b6904ee9b5\\n\\tHostApplication=C:\\\\Windows\\\\System32\\\\WindowsPowerShell\\\\v1.0\\\\powershell.exe -Command hostname\\n\\tEngineVersion=\\n\\tRunspaceId=\\n\\tPipelineId=\\n\\tCommandName=\\n\\tCommandType=\\n\\tScriptName=\\n\\tCommandPath=\\n\\tCommandLine=\",\"Binary\":\"\"}}","Channel":"Windows PowerShell","Provider":"PowerShell","EventId":600,"EventRecordId":"853","ProcessId":0,"ThreadId":0,"Level":"Info","Keywords":"0x80000000000000","SourceFile":"D:\\benign_log_combined_latest_used_actually\\new_benign\\powershell_820.evtx","ExtraDataOffset":0,"HiddenRecord":false,"TimeCreated":"2024-10-03T19:21:35.9862025+00:00","RecordNumber":125}
{"PayloadData1":"HostApplication=C:\\Windows\\System32\\WindowsPowerShell\\v1.0\\powershell.exe -Command hostname\r","PayloadData2":"HostName=ConsoleHost\r","PayloadData3":"HostVersion=5.1.19041.2673\r","MapDescription":"Provider is Started","ChunkNumber":2,"Computer":"Server002","Payload":"{\"EventData\":{\"Data\":\"Function, Started, \\tProviderName=Function\\n\\tNewProviderState=Started\\n\\n\\tSequenceNumber=9\\n\\n\\tHostName=ConsoleHost\\n\\tHostVersion=5.1.19041.2673\\n\\tHostId=eb790f13-daa5-4f75-803e-24b6904ee9b5\\n\\tHostApplication=C:\\\\Windows\\\\System32\\\\WindowsPowerShell\\\\v1.0\\\\powershell.exe -Command hostname\\n\\tEngineVersion=\\n\\tRunspaceId=\\n\\tPipelineId=\\n\\tCommandName=\\n\\tCommandType=\\n\\tScriptName=\\n\\tCommandPath=\\n\\tCommandLine=\",\"Binary\":\"\"}}","Channel":"Windows PowerShell","Provider":"PowerShell","EventId":600,"EventRecordId":"854","ProcessId":0,"ThreadId":0,"Level":"Info","Keywords":"0x80000000000000","SourceFile":"D:\\benign_log_combined_latest_used_actually\\new_benign\\powershell_820.evtx","ExtraDataOffset":0,"HiddenRecord":false,"TimeCreated":"2024-10-03T19:21:35.9902404+00:00","RecordNumber":126}
{"PayloadData1":"HostApplication=C:\\Windows\\System32\\WindowsPowerShell\\v1.0\\powershell.exe -Command hostname\r","PayloadData2":"HostName=ConsoleHost\r","PayloadData3":"HostVersion=5.1.19041.2673\r","MapDescription":"Provider is Started","ChunkNumber":2,"Computer":"Server002","Payload":"{\"EventData\":{\"Data\":\"Variable, Started, \\tProviderName=Variable\\n\\tNewProviderState=Started\\n\\n\\tSequenceNumber=11\\n\\n\\tHostName=ConsoleHost\\n\\tHostVersion=5.1.19041.2673\\n\\tHostId=eb790f13-daa5-4f75-803e-24b6904ee9b5\\n\\tHostApplication=C:\\\\Windows\\\\System32\\\\WindowsPowerShell\\\\v1.0\\\\powershell.exe -Command hostname\\n\\tEngineVersion=\\n\\tRunspaceId=\\n\\tPipelineId=\\n\\tCommandName=\\n\\tCommandType=\\n\\tScriptName=\\n\\tCommandPath=\\n\\tCommandLine=\",\"Binary\":\"\"}}","Channel":"Windows PowerShell","Provider":"PowerShell","EventId":600,"EventRecordId":"855","ProcessId":0,"ThreadId":0,"Level":"Info","Keywords":"0x80000000000000","SourceFile":"D:\\benign_log_combined_latest_used_actually\\new_benign\\powershell_820.evtx","ExtraDataOffset":0,"HiddenRecord":false,"TimeCreated":"2024-10-03T19:21:35.9902404+00:00","RecordNumber":127}
{"PayloadData1":"HostApplication=C:\\Windows\\System32\\WindowsPowerShell\\v1.0\\powershell.exe -Command hostname\r","PayloadData2":"HostName=ConsoleHost\r","PayloadData3":"HostVersion=5.1.19041.2673\r","MapDescription":"Engine state is changed from None to Available","ChunkNumber":2,"Computer":"Server002","Payload":"{\"EventData\":{\"Data\":\"Available, None, \\tNewEngineState=Available\\n\\tPreviousEngineState=None\\n\\n\\tSequenceNumber=13\\n\\n\\tHostName=ConsoleHost\\n\\tHostVersion=5.1.19041.2673\\n\\tHostId=eb790f13-daa5-4f75-803e-24b6904ee9b5\\n\\tHostApplication=C:\\\\Windows\\\\System32\\\\WindowsPowerShell\\\\v1.0\\\\powershell.exe -Command hostname\\n\\tEngineVersion=5.1.19041.2673\\n\\tRunspaceId=0a7ef49c-6838-49c2-a599-9608b6bb5fc2\\n\\tPipelineId=\\n\\tCommandName=\\n\\tCommandType=\\n\\tScriptName=\\n\\tCommandPath=\\n\\tCommandLine=\",\"Binary\":\"\"}}","Channel":"Windows PowerShell","Provider":"PowerShell","EventId":400,"EventRecordId":"856","ProcessId":0,"ThreadId":0,"Level":"Info","Keywords":"0x80000000000000","SourceFile":"D:\\benign_log_combined_latest_used_actually\\new_benign\\powershell_820.evtx","ExtraDataOffset":0,"HiddenRecord":false,"TimeCreated":"2024-10-03T19:21:36.2177333+00:00","RecordNumber":128}
{"PayloadData1":"HostApplication=C:\\Windows\\System32\\WindowsPowerShell\\v1.0\\powershell.exe -Command hostname\r","PayloadData2":"HostName=ConsoleHost\r","PayloadData3":"HostVersion=5.1.19041.2673\r","MapDescription":"Engine state is changed from Available to Stopped","ChunkNumber":2,"Computer":"Server002","Payload":"{\"EventData\":{\"Data\":\"Stopped, Available, \\tNewEngineState=Stopped\\n\\tPreviousEngineState=Available\\n\\n\\tSequenceNumber=15\\n\\n\\tHostName=ConsoleHost\\n\\tHostVersion=5.1.19041.2673\\n\\tHostId=eb790f13-daa5-4f75-803e-24b6904ee9b5\\n\\tHostApplication=C:\\\\Windows\\\\System32\\\\WindowsPowerShell\\\\v1.0\\\\powershell.exe -Command hostname\\n\\tEngineVersion=5.1.19041.2673\\n\\tRunspaceId=0a7ef49c-6838-49c2-a599-9608b6bb5fc2\\n\\tPipelineId=\\n\\tCommandName=\\n\\tCommandType=\\n\\tScriptName=\\n\\tCommandPath=\\n\\tCommandLine=\",\"Binary\":\"\"}}","Channel":"Windows PowerShell","Provider":"PowerShell","EventId":403,"EventRecordId":"857","ProcessId":0,"ThreadId":0,"Level":"Info","Keywords":"0x80000000000000","SourceFile":"D:\\benign_log_combined_latest_used_actually\\new_benign\\powershell_820.evtx","ExtraDataOffset":0,"HiddenRecord":false,"TimeCreated":"2024-10-03T19:21:36.5749993+00:00","RecordNumber":129}
{"PayloadData1":"HostApplication=C:\\Windows\\System32\\WindowsPowerShell\\v1.0\\powershell.exe -Command hostname\r","PayloadData2":"HostName=ConsoleHost\r","PayloadData3":"HostVersion=5.1.19041.2673\r","MapDescription":"Provider is Started","ChunkNumber":2,"Computer":"Server002","Payload":"{\"EventData\":{\"Data\":\"Registry, Started, \\tProviderName=Registry\\n\\tNewProviderState=Started\\n\\n\\tSequenceNumber=1\\n\\n\\tHostName=ConsoleHost\\n\\tHostVersion=5.1.19041.2673\\n\\tHostId=85707395-e58b-4ed8-a59c-259229565c74\\n\\tHostApplication=C:\\\\Windows\\\\System32\\\\WindowsPowerShell\\\\v1.0\\\\powershell.exe -Command hostname\\n\\tEngineVersion=\\n\\tRunspaceId=\\n\\tPipelineId=\\n\\tCommandName=\\n\\tCommandType=\\n\\tScriptName=\\n\\tCommandPath=\\n\\tCommandLine=\",\"Binary\":\"\"}}","Channel":"Windows PowerShell","Provider":"PowerShell","EventId":600,"EventRecordId":"858","ProcessId":0,"ThreadId":0,"Level":"Info","Keywords":"0x80000000000000","SourceFile":"D:\\benign_log_combined_latest_used_actually\\new_benign\\powershell_820.evtx","ExtraDataOffset":0,"HiddenRecord":false,"TimeCreated":"2024-10-03T19:49:05.7837884+00:00","RecordNumber":130}
{"PayloadData1":"HostApplication=C:\\Windows\\System32\\WindowsPowerShell\\v1.0\\powershell.exe -Command hostname\r","PayloadData2":"HostName=ConsoleHost\r","PayloadData3":"HostVersion=5.1.19041.2673\r","MapDescription":"Provider is Started","ChunkNumber":2,"Computer":"Server002","Payload":"{\"EventData\":{\"Data\":\"Alias, Started, \\tProviderName=Alias\\n\\tNewProviderState=Started\\n\\n\\tSequenceNumber=3\\n\\n\\tHostName=ConsoleHost\\n\\tHostVersion=5.1.19041.2673\\n\\tHostId=85707395-e58b-4ed8-a59c-259229565c74\\n\\tHostApplication=C:\\\\Windows\\\\System32\\\\WindowsPowerShell\\\\v1.0\\\\powershell.exe -Command hostname\\n\\tEngineVersion=\\n\\tRunspaceId=\\n\\tPipelineId=\\n\\tCommandName=\\n\\tCommandType=\\n\\tScriptName=\\n\\tCommandPath=\\n\\tCommandLine=\",\"Binary\":\"\"}}","Channel":"Windows PowerShell","Provider":"PowerShell","EventId":600,"EventRecordId":"859","ProcessId":0,"ThreadId":0,"Level":"Info","Keywords":"0x80000000000000","SourceFile":"D:\\benign_log_combined_latest_used_actually\\new_benign\\powershell_820.evtx","ExtraDataOffset":0,"HiddenRecord":false,"TimeCreated":"2024-10-03T19:49:05.7837884+00:00","RecordNumber":131}
{"PayloadData1":"HostApplication=C:\\Windows\\System32\\WindowsPowerShell\\v1.0\\powershell.exe -Command hostname\r","PayloadData2":"HostName=ConsoleHost\r","PayloadData3":"HostVersion=5.1.19041.2673\r","MapDescription":"Provider is Started","ChunkNumber":2,"Computer":"Server002","Payload":"{\"EventData\":{\"Data\":\"Environment, Started, \\tProviderName=Environment\\n\\tNewProviderState=Started\\n\\n\\tSequenceNumber=5\\n\\n\\tHostName=ConsoleHost\\n\\tHostVersion=5.1.19041.2673\\n\\tHostId=85707395-e58b-4ed8-a59c-259229565c74\\n\\tHostApplication=C:\\\\Windows\\\\System32\\\\WindowsPowerShell\\\\v1.0\\\\powershell.exe -Command hostname\\n\\tEngineVersion=\\n\\tRunspaceId=\\n\\tPipelineId=\\n\\tCommandName=\\n\\tCommandType=\\n\\tScriptName=\\n\\tCommandPath=\\n\\tCommandLine=\",\"Binary\":\"\"}}","Channel":"Windows PowerShell","Provider":"PowerShell","EventId":600,"EventRecordId":"860","ProcessId":0,"ThreadId":0,"Level":"Info","Keywords":"0x80000000000000","SourceFile":"D:\\benign_log_combined_latest_used_actually\\new_benign\\powershell_820.evtx","ExtraDataOffset":0,"HiddenRecord":false,"TimeCreated":"2024-10-03T19:49:05.7837884+00:00","RecordNumber":132}
{"PayloadData1":"HostApplication=C:\\Windows\\System32\\WindowsPowerShell\\v1.0\\powershell.exe -Command hostname\r","PayloadData2":"HostName=ConsoleHost\r","PayloadData3":"HostVersion=5.1.19041.2673\r","MapDescription":"Provider is Started","ChunkNumber":2,"Computer":"Server002","Payload":"{\"EventData\":{\"Data\":\"FileSystem, Started, \\tProviderName=FileSystem\\n\\tNewProviderState=Started\\n\\n\\tSequenceNumber=7\\n\\n\\tHostName=ConsoleHost\\n\\tHostVersion=5.1.19041.2673\\n\\tHostId=85707395-e58b-4ed8-a59c-259229565c74\\n\\tHostApplication=C:\\\\Windows\\\\System32\\\\WindowsPowerShell\\\\v1.0\\\\powershell.exe -Command hostname\\n\\tEngineVersion=\\n\\tRunspaceId=\\n\\tPipelineId=\\n\\tCommandName=\\n\\tCommandType=\\n\\tScriptName=\\n\\tCommandPath=\\n\\tCommandLine=\",\"Binary\":\"\"}}","Channel":"Windows PowerShell","Provider":"PowerShell","EventId":600,"EventRecordId":"861","ProcessId":0,"ThreadId":0,"Level":"Info","Keywords":"0x80000000000000","SourceFile":"D:\\benign_log_combined_latest_used_actually\\new_benign\\powershell_820.evtx","ExtraDataOffset":0,"HiddenRecord":false,"TimeCreated":"2024-10-03T19:49:05.8057094+00:00","RecordNumber":133}
{"PayloadData1":"HostApplication=C:\\Windows\\System32\\WindowsPowerShell\\v1.0\\powershell.exe -Command hostname\r","PayloadData2":"HostName=ConsoleHost\r","PayloadData3":"HostVersion=5.1.19041.2673\r","MapDescription":"Provider is Started","ChunkNumber":2,"Computer":"Server002","Payload":"{\"EventData\":{\"Data\":\"Function, Started, \\tProviderName=Function\\n\\tNewProviderState=Started\\n\\n\\tSequenceNumber=9\\n\\n\\tHostName=ConsoleHost\\n\\tHostVersion=5.1.19041.2673\\n\\tHostId=85707395-e58b-4ed8-a59c-259229565c74\\n\\tHostApplication=C:\\\\Windows\\\\System32\\\\WindowsPowerShell\\\\v1.0\\\\powershell.exe -Command hostname\\n\\tEngineVersion=\\n\\tRunspaceId=\\n\\tPipelineId=\\n\\tCommandName=\\n\\tCommandType=\\n\\tScriptName=\\n\\tCommandPath=\\n\\tCommandLine=\",\"Binary\":\"\"}}","Channel":"Windows PowerShell","Provider":"PowerShell","EventId":600,"EventRecordId":"862","ProcessId":0,"ThreadId":0,"Level":"Info","Keywords":"0x80000000000000","SourceFile":"D:\\benign_log_combined_latest_used_actually\\new_benign\\powershell_820.evtx","ExtraDataOffset":0,"HiddenRecord":false,"TimeCreated":"2024-10-03T19:49:05.8057094+00:00","RecordNumber":134}
{"PayloadData1":"HostApplication=C:\\Windows\\System32\\WindowsPowerShell\\v1.0\\powershell.exe -Command hostname\r","PayloadData2":"HostName=ConsoleHost\r","PayloadData3":"HostVersion=5.1.19041.2673\r","MapDescription":"Provider is Started","ChunkNumber":2,"Computer":"Server002","Payload":"{\"EventData\":{\"Data\":\"Variable, Started, \\tProviderName=Variable\\n\\tNewProviderState=Started\\n\\n\\tSequenceNumber=11\\n\\n\\tHostName=ConsoleHost\\n\\tHostVersion=5.1.19041.2673\\n\\tHostId=85707395-e58b-4ed8-a59c-259229565c74\\n\\tHostApplication=C:\\\\Windows\\\\System32\\\\WindowsPowerShell\\\\v1.0\\\\powershell.exe -Command hostname\\n\\tEngineVersion=\\n\\tRunspaceId=\\n\\tPipelineId=\\n\\tCommandName=\\n\\tCommandType=\\n\\tScriptName=\\n\\tCommandPath=\\n\\tCommandLine=\",\"Binary\":\"\"}}","Channel":"Windows PowerShell","Provider":"PowerShell","EventId":600,"EventRecordId":"863","ProcessId":0,"ThreadId":0,"Level":"Info","Keywords":"0x80000000000000","SourceFile":"D:\\benign_log_combined_latest_used_actually\\new_benign\\powershell_820.evtx","ExtraDataOffset":0,"HiddenRecord":false,"TimeCreated":"2024-10-03T19:49:05.8057094+00:00","RecordNumber":135}
{"PayloadData1":"HostApplication=C:\\Windows\\System32\\WindowsPowerShell\\v1.0\\powershell.exe -Command hostname\r","PayloadData2":"HostName=ConsoleHost\r","PayloadData3":"HostVersion=5.1.19041.2673\r","MapDescription":"Engine state is changed from None to Available","ChunkNumber":2,"Computer":"Server002","Payload":"{\"EventData\":{\"Data\":\"Available, None, \\tNewEngineState=Available\\n\\tPreviousEngineState=None\\n\\n\\tSequenceNumber=13\\n\\n\\tHostName=ConsoleHost\\n\\tHostVersion=5.1.19041.2673\\n\\tHostId=85707395-e58b-4ed8-a59c-259229565c74\\n\\tHostApplication=C:\\\\Windows\\\\System32\\\\WindowsPowerShell\\\\v1.0\\\\powershell.exe -Command hostname\\n\\tEngineVersion=5.1.19041.2673\\n\\tRunspaceId=55b35461-0e13-40a6-80bd-c8592eaeaeab\\n\\tPipelineId=\\n\\tCommandName=\\n\\tCommandType=\\n\\tScriptName=\\n\\tCommandPath=\\n\\tCommandLine=\",\"Binary\":\"\"}}","Channel":"Windows PowerShell","Provider":"PowerShell","EventId":400,"EventRecordId":"864","ProcessId":0,"ThreadId":0,"Level":"Info","Keywords":"0x80000000000000","SourceFile":"D:\\benign_log_combined_latest_used_actually\\new_benign\\powershell_820.evtx","ExtraDataOffset":0,"HiddenRecord":false,"TimeCreated":"2024-10-03T19:49:06.4265689+00:00","RecordNumber":136}
{"PayloadData1":"HostApplication=C:\\Windows\\System32\\WindowsPowerShell\\v1.0\\powershell.exe -Command hostname\r","PayloadData2":"HostName=ConsoleHost\r","PayloadData3":"HostVersion=5.1.19041.2673\r","MapDescription":"Engine state is changed from Available to Stopped","ChunkNumber":2,"Computer":"Server002","Payload":"{\"EventData\":{\"Data\":\"Stopped, Available, \\tNewEngineState=Stopped\\n\\tPreviousEngineState=Available\\n\\n\\tSequenceNumber=15\\n\\n\\tHostName=ConsoleHost\\n\\tHostVersion=5.1.19041.2673\\n\\tHostId=85707395-e58b-4ed8-a59c-259229565c74\\n\\tHostApplication=C:\\\\Windows\\\\System32\\\\WindowsPowerShell\\\\v1.0\\\\powershell.exe -Command hostname\\n\\tEngineVersion=5.1.19041.2673\\n\\tRunspaceId=55b35461-0e13-40a6-80bd-c8592eaeaeab\\n\\tPipelineId=\\n\\tCommandName=\\n\\tCommandType=\\n\\tScriptName=\\n\\tCommandPath=\\n\\tCommandLine=\",\"Binary\":\"\"}}","Channel":"Windows PowerShell","Provider":"PowerShell","EventId":403,"EventRecordId":"865","ProcessId":0,"ThreadId":0,"Level":"Info","Keywords":"0x80000000000000","SourceFile":"D:\\benign_log_combined_latest_used_actually\\new_benign\\powershell_820.evtx","ExtraDataOffset":0,"HiddenRecord":false,"TimeCreated":"2024-10-03T19:49:07.3310709+00:00","RecordNumber":137}
{"PayloadData1":"HostApplication=C:\\Windows\\System32\\WindowsPowerShell\\v1.0\\powershell.exe\r","PayloadData2":"HostName=ConsoleHost\r","PayloadData3":"HostVersion=5.1.19041.2673\r","MapDescription":"Provider is Started","ChunkNumber":2,"Computer":"Server002","Payload":"{\"EventData\":{\"Data\":\"Registry, Started, \\tProviderName=Registry\\n\\tNewProviderState=Started\\n\\n\\tSequenceNumber=1\\n\\n\\tHostName=ConsoleHost\\n\\tHostVersion=5.1.19041.2673\\n\\tHostId=84f614d2-2144-436b-ac5d-0bdc43f37db1\\n\\tHostApplication=C:\\\\Windows\\\\System32\\\\WindowsPowerShell\\\\v1.0\\\\powershell.exe\\n\\tEngineVersion=\\n\\tRunspaceId=\\n\\tPipelineId=\\n\\tCommandName=\\n\\tCommandType=\\n\\tScriptName=\\n\\tCommandPath=\\n\\tCommandLine=\",\"Binary\":\"\"}}","Channel":"Windows PowerShell","Provider":"PowerShell","EventId":600,"EventRecordId":"866","ProcessId":0,"ThreadId":0,"Level":"Info","Keywords":"0x80000000000000","SourceFile":"D:\\benign_log_combined_latest_used_actually\\new_benign\\powershell_820.evtx","ExtraDataOffset":968,"HiddenRecord":false,"TimeCreated":"2024-10-03T19:53:42.1782509+00:00","RecordNumber":138}
{"PayloadData1":"HostApplication=C:\\Windows\\System32\\WindowsPowerShell\\v1.0\\powershell.exe\r","PayloadData2":"HostName=ConsoleHost\r","PayloadData3":"HostVersion=5.1.19041.2673\r","MapDescription":"Provider is Started","ChunkNumber":2,"Computer":"Server002","Payload":"{\"EventData\":{\"Data\":\"Alias, Started, \\tProviderName=Alias\\n\\tNewProviderState=Started\\n\\n\\tSequenceNumber=3\\n\\n\\tHostName=ConsoleHost\\n\\tHostVersion=5.1.19041.2673\\n\\tHostId=84f614d2-2144-436b-ac5d-0bdc43f37db1\\n\\tHostApplication=C:\\\\Windows\\\\System32\\\\WindowsPowerShell\\\\v1.0\\\\powershell.exe\\n\\tEngineVersion=\\n\\tRunspaceId=\\n\\tPipelineId=\\n\\tCommandName=\\n\\tCommandType=\\n\\tScriptName=\\n\\tCommandPath=\\n\\tCommandLine=\",\"Binary\":\"\"}}","Channel":"Windows PowerShell","Provider":"PowerShell","EventId":600,"EventRecordId":"867","ProcessId":0,"ThreadId":0,"Level":"Info","Keywords":"0x80000000000000","SourceFile":"D:\\benign_log_combined_latest_used_actually\\new_benign\\powershell_820.evtx","ExtraDataOffset":0,"HiddenRecord":false,"TimeCreated":"2024-10-03T19:53:42.1782509+00:00","RecordNumber":139}
{"PayloadData1":"HostApplication=C:\\Windows\\System32\\WindowsPowerShell\\v1.0\\powershell.exe\r","PayloadData2":"HostName=ConsoleHost\r","PayloadData3":"HostVersion=5.1.19041.2673\r","MapDescription":"Provider is Started","ChunkNumber":2,"Computer":"Server002","Payload":"{\"EventData\":{\"Data\":\"Environment, Started, \\tProviderName=Environment\\n\\tNewProviderState=Started\\n\\n\\tSequenceNumber=5\\n\\n\\tHostName=ConsoleHost\\n\\tHostVersion=5.1.19041.2673\\n\\tHostId=84f614d2-2144-436b-ac5d-0bdc43f37db1\\n\\tHostApplication=C:\\\\Windows\\\\System32\\\\WindowsPowerShell\\\\v1.0\\\\powershell.exe\\n\\tEngineVersion=\\n\\tRunspaceId=\\n\\tPipelineId=\\n\\tCommandName=\\n\\tCommandType=\\n\\tScriptName=\\n\\tCommandPath=\\n\\tCommandLine=\",\"Binary\":\"\"}}","Channel":"Windows PowerShell","Provider":"PowerShell","EventId":600,"EventRecordId":"868","ProcessId":0,"ThreadId":0,"Level":"Info","Keywords":"0x80000000000000","SourceFile":"D:\\benign_log_combined_latest_used_actually\\new_benign\\powershell_820.evtx","ExtraDataOffset":0,"HiddenRecord":false,"TimeCreated":"2024-10-03T19:53:42.2138890+00:00","RecordNumber":140}
{"PayloadData1":"HostApplication=C:\\Windows\\System32\\WindowsPowerShell\\v1.0\\powershell.exe\r","PayloadData2":"HostName=ConsoleHost\r","PayloadData3":"HostVersion=5.1.19041.2673\r","MapDescription":"Provider is Started","ChunkNumber":2,"Computer":"Server002","Payload":"{\"EventData\":{\"Data\":\"FileSystem, Started, \\tProviderName=FileSystem\\n\\tNewProviderState=Started\\n\\n\\tSequenceNumber=7\\n\\n\\tHostName=ConsoleHost\\n\\tHostVersion=5.1.19041.2673\\n\\tHostId=84f614d2-2144-436b-ac5d-0bdc43f37db1\\n\\tHostApplication=C:\\\\Windows\\\\System32\\\\WindowsPowerShell\\\\v1.0\\\\powershell.exe\\n\\tEngineVersion=\\n\\tRunspaceId=\\n\\tPipelineId=\\n\\tCommandName=\\n\\tCommandType=\\n\\tScriptName=\\n\\tCommandPath=\\n\\tCommandLine=\",\"Binary\":\"\"}}","Channel":"Windows PowerShell","Provider":"PowerShell","EventId":600,"EventRecordId":"869","ProcessId":0,"ThreadId":0,"Level":"Info","Keywords":"0x80000000000000","SourceFile":"D:\\benign_log_combined_latest_used_actually\\new_benign\\powershell_820.evtx","ExtraDataOffset":0,"HiddenRecord":false,"TimeCreated":"2024-10-03T19:53:42.2205034+00:00","RecordNumber":141}
{"PayloadData1":"HostApplication=C:\\Windows\\System32\\WindowsPowerShell\\v1.0\\powershell.exe\r","PayloadData2":"HostName=ConsoleHost\r","PayloadData3":"HostVersion=5.1.19041.2673\r","MapDescription":"Provider is Started","ChunkNumber":2,"Computer":"Server002","Payload":"{\"EventData\":{\"Data\":\"Function, Started, \\tProviderName=Function\\n\\tNewProviderState=Started\\n\\n\\tSequenceNumber=9\\n\\n\\tHostName=ConsoleHost\\n\\tHostVersion=5.1.19041.2673\\n\\tHostId=84f614d2-2144-436b-ac5d-0bdc43f37db1\\n\\tHostApplication=C:\\\\Windows\\\\System32\\\\WindowsPowerShell\\\\v1.0\\\\powershell.exe\\n\\tEngineVersion=\\n\\tRunspaceId=\\n\\tPipelineId=\\n\\tCommandName=\\n\\tCommandType=\\n\\tScriptName=\\n\\tCommandPath=\\n\\tCommandLine=\",\"Binary\":\"\"}}","Channel":"Windows PowerShell","Provider":"PowerShell","EventId":600,"EventRecordId":"870","ProcessId":0,"ThreadId":0,"Level":"Info","Keywords":"0x80000000000000","SourceFile":"D:\\benign_log_combined_latest_used_actually\\new_benign\\powershell_820.evtx","ExtraDataOffset":0,"HiddenRecord":false,"TimeCreated":"2024-10-03T19:53:42.2205034+00:00","RecordNumber":142}
{"PayloadData1":"HostApplication=C:\\Windows\\System32\\WindowsPowerShell\\v1.0\\powershell.exe\r","PayloadData2":"HostName=ConsoleHost\r","PayloadData3":"HostVersion=5.1.19041.2673\r","MapDescription":"Provider is Started","ChunkNumber":2,"Computer":"Server002","Payload":"{\"EventData\":{\"Data\":\"Variable, Started, \\tProviderName=Variable\\n\\tNewProviderState=Started\\n\\n\\tSequenceNumber=11\\n\\n\\tHostName=ConsoleHost\\n\\tHostVersion=5.1.19041.2673\\n\\tHostId=84f614d2-2144-436b-ac5d-0bdc43f37db1\\n\\tHostApplication=C:\\\\Windows\\\\System32\\\\WindowsPowerShell\\\\v1.0\\\\powershell.exe\\n\\tEngineVersion=\\n\\tRunspaceId=\\n\\tPipelineId=\\n\\tCommandName=\\n\\tCommandType=\\n\\tScriptName=\\n\\tCommandPath=\\n\\tCommandLine=\",\"Binary\":\"\"}}","Channel":"Windows PowerShell","Provider":"PowerShell","EventId":600,"EventRecordId":"871","ProcessId":0,"ThreadId":0,"Level":"Info","Keywords":"0x80000000000000","SourceFile":"D:\\benign_log_combined_latest_used_actually\\new_benign\\powershell_820.evtx","ExtraDataOffset":0,"HiddenRecord":false,"TimeCreated":"2024-10-03T19:53:42.2482291+00:00","RecordNumber":143}
{"PayloadData1":"HostApplication=C:\\Windows\\System32\\WindowsPowerShell\\v1.0\\powershell.exe\r","PayloadData2":"HostName=ConsoleHost\r","PayloadData3":"HostVersion=5.1.19041.2673\r","MapDescription":"Engine state is changed from None to Available","ChunkNumber":2,"Computer":"Server002","Payload":"{\"EventData\":{\"Data\":\"Available, None, \\tNewEngineState=Available\\n\\tPreviousEngineState=None\\n\\n\\tSequenceNumber=13\\n\\n\\tHostName=ConsoleHost\\n\\tHostVersion=5.1.19041.2673\\n\\tHostId=84f614d2-2144-436b-ac5d-0bdc43f37db1\\n\\tHostApplication=C:\\\\Windows\\\\System32\\\\WindowsPowerShell\\\\v1.0\\\\powershell.exe\\n\\tEngineVersion=5.1.19041.2673\\n\\tRunspaceId=bccbac07-f26c-46e1-87f1-2382e4751ce7\\n\\tPipelineId=\\n\\tCommandName=\\n\\tCommandType=\\n\\tScriptName=\\n\\tCommandPath=\\n\\tCommandLine=\",\"Binary\":\"\"}}","Channel":"Windows PowerShell","Provider":"PowerShell","EventId":400,"EventRecordId":"872","ProcessId":0,"ThreadId":0,"Level":"Info","Keywords":"0x80000000000000","SourceFile":"D:\\benign_log_combined_latest_used_actually\\new_benign\\powershell_820.evtx","ExtraDataOffset":0,"HiddenRecord":false,"TimeCreated":"2024-10-03T19:53:42.4481644+00:00","RecordNumber":144}
{"PayloadData1":"HostApplication=C:\\Windows\\System32\\WindowsPowerShell\\v1.0\\powershell_ise.exe C:\\Users\\admin_test\\Desktop\\test.ps1\r","PayloadData2":"HostName=Windows PowerShell ISE Host\r","PayloadData3":"HostVersion=5.1.19041.2673\r","MapDescription":"Provider is Started","ChunkNumber":2,"Computer":"Server002","Payload":"{\"EventData\":{\"Data\":\"Registry, Started, \\tProviderName=Registry\\n\\tNewProviderState=Started\\n\\n\\tSequenceNumber=1\\n\\n\\tHostName=Windows PowerShell ISE Host\\n\\tHostVersion=5.1.19041.2673\\n\\tHostId=24246766-eb79-4ac7-ada7-5cce2e047335\\n\\tHostApplication=C:\\\\Windows\\\\System32\\\\WindowsPowerShell\\\\v1.0\\\\powershell_ise.exe C:\\\\Users\\\\admin_test\\\\Desktop\\\\test.ps1\\n\\tEngineVersion=\\n\\tRunspaceId=\\n\\tPipelineId=\\n\\tCommandName=\\n\\tCommandType=\\n\\tScriptName=\\n\\tCommandPath=\\n\\tCommandLine=\",\"Binary\":\"\"}}","Channel":"Windows PowerShell","Provider":"PowerShell","EventId":600,"EventRecordId":"873","ProcessId":0,"ThreadId":0,"Level":"Info","Keywords":"0x80000000000000","SourceFile":"D:\\benign_log_combined_latest_used_actually\\new_benign\\powershell_820.evtx","ExtraDataOffset":0,"HiddenRecord":false,"TimeCreated":"2024-10-03T19:54:01.1624525+00:00","RecordNumber":145}
{"PayloadData1":"HostApplication=C:\\Windows\\System32\\WindowsPowerShell\\v1.0\\powershell_ise.exe C:\\Users\\admin_test\\Desktop\\test.ps1\r","PayloadData2":"HostName=Windows PowerShell ISE Host\r","PayloadData3":"HostVersion=5.1.19041.2673\r","MapDescription":"Provider is Started","ChunkNumber":2,"Computer":"Server002","Payload":"{\"EventData\":{\"Data\":\"Alias, Started, \\tProviderName=Alias\\n\\tNewProviderState=Started\\n\\n\\tSequenceNumber=3\\n\\n\\tHostName=Windows PowerShell ISE Host\\n\\tHostVersion=5.1.19041.2673\\n\\tHostId=24246766-eb79-4ac7-ada7-5cce2e047335\\n\\tHostApplication=C:\\\\Windows\\\\System32\\\\WindowsPowerShell\\\\v1.0\\\\powershell_ise.exe C:\\\\Users\\\\admin_test\\\\Desktop\\\\test.ps1\\n\\tEngineVersion=\\n\\tRunspaceId=\\n\\tPipelineId=\\n\\tCommandName=\\n\\tCommandType=\\n\\tScriptName=\\n\\tCommandPath=\\n\\tCommandLine=\",\"Binary\":\"\"}}","Channel":"Windows PowerShell","Provider":"PowerShell","EventId":600,"EventRecordId":"874","ProcessId":0,"ThreadId":0,"Level":"Info","Keywords":"0x80000000000000","SourceFile":"D:\\benign_log_combined_latest_used_actually\\new_benign\\powershell_820.evtx","ExtraDataOffset":0,"HiddenRecord":false,"TimeCreated":"2024-10-03T19:54:01.1646371+00:00","RecordNumber":146}
{"PayloadData1":"HostApplication=C:\\Windows\\System32\\WindowsPowerShell\\v1.0\\powershell_ise.exe C:\\Users\\admin_test\\Desktop\\test.ps1\r","PayloadData2":"HostName=Windows PowerShell ISE Host\r","PayloadData3":"HostVersion=5.1.19041.2673\r","MapDescription":"Provider is Started","ChunkNumber":2,"Computer":"Server002","Payload":"{\"EventData\":{\"Data\":\"Environment, Started, \\tProviderName=Environment\\n\\tNewProviderState=Started\\n\\n\\tSequenceNumber=5\\n\\n\\tHostName=Windows PowerShell ISE Host\\n\\tHostVersion=5.1.19041.2673\\n\\tHostId=24246766-eb79-4ac7-ada7-5cce2e047335\\n\\tHostApplication=C:\\\\Windows\\\\System32\\\\WindowsPowerShell\\\\v1.0\\\\powershell_ise.exe C:\\\\Users\\\\admin_test\\\\Desktop\\\\test.ps1\\n\\tEngineVersion=\\n\\tRunspaceId=\\n\\tPipelineId=\\n\\tCommandName=\\n\\tCommandType=\\n\\tScriptName=\\n\\tCommandPath=\\n\\tCommandLine=\",\"Binary\":\"\"}}","Channel":"Windows PowerShell","Provider":"PowerShell","EventId":600,"EventRecordId":"875","ProcessId":0,"ThreadId":0,"Level":"Info","Keywords":"0x80000000000000","SourceFile":"D:\\benign_log_combined_latest_used_actually\\new_benign\\powershell_820.evtx","ExtraDataOffset":0,"HiddenRecord":false,"TimeCreated":"2024-10-03T19:54:01.1646371+00:00","RecordNumber":147}
{"PayloadData1":"HostApplication=C:\\Windows\\System32\\WindowsPowerShell\\v1.0\\powershell_ise.exe C:\\Users\\admin_test\\Desktop\\test.ps1\r","PayloadData2":"HostName=Windows PowerShell ISE Host\r","PayloadData3":"HostVersion=5.1.19041.2673\r","MapDescription":"Provider is Started","ChunkNumber":2,"Computer":"Server002","Payload":"{\"EventData\":{\"Data\":\"FileSystem, Started, \\tProviderName=FileSystem\\n\\tNewProviderState=Started\\n\\n\\tSequenceNumber=7\\n\\n\\tHostName=Windows PowerShell ISE Host\\n\\tHostVersion=5.1.19041.2673\\n\\tHostId=24246766-eb79-4ac7-ada7-5cce2e047335\\n\\tHostApplication=C:\\\\Windows\\\\System32\\\\WindowsPowerShell\\\\v1.0\\\\powershell_ise.exe C:\\\\Users\\\\admin_test\\\\Desktop\\\\test.ps1\\n\\tEngineVersion=\\n\\tRunspaceId=\\n\\tPipelineId=\\n\\tCommandName=\\n\\tCommandType=\\n\\tScriptName=\\n\\tCommandPath=\\n\\tCommandLine=\",\"Binary\":\"\"}}","Channel":"Windows PowerShell","Provider":"PowerShell","EventId":600,"EventRecordId":"876","ProcessId":0,"ThreadId":0,"Level":"Info","Keywords":"0x80000000000000","SourceFile":"D:\\benign_log_combined_latest_used_actually\\new_benign\\powershell_820.evtx","ExtraDataOffset":0,"HiddenRecord":false,"TimeCreated":"2024-10-03T19:54:01.2089310+00:00","RecordNumber":148}
{"PayloadData1":"HostApplication=C:\\Windows\\System32\\WindowsPowerShell\\v1.0\\powershell_ise.exe C:\\Users\\admin_test\\Desktop\\test.ps1\r","PayloadData2":"HostName=Windows PowerShell ISE Host\r","PayloadData3":"HostVersion=5.1.19041.2673\r","MapDescription":"Provider is Started","ChunkNumber":2,"Computer":"Server002","Payload":"{\"EventData\":{\"Data\":\"Function, Started, \\tProviderName=Function\\n\\tNewProviderState=Started\\n\\n\\tSequenceNumber=9\\n\\n\\tHostName=Windows PowerShell ISE Host\\n\\tHostVersion=5.1.19041.2673\\n\\tHostId=24246766-eb79-4ac7-ada7-5cce2e047335\\n\\tHostApplication=C:\\\\Windows\\\\System32\\\\WindowsPowerShell\\\\v1.0\\\\powershell_ise.exe C:\\\\Users\\\\admin_test\\\\Desktop\\\\test.ps1\\n\\tEngineVersion=\\n\\tRunspaceId=\\n\\tPipelineId=\\n\\tCommandName=\\n\\tCommandType=\\n\\tScriptName=\\n\\tCommandPath=\\n\\tCommandLine=\",\"Binary\":\"\"}}","Channel":"Windows PowerShell","Provider":"PowerShell","EventId":600,"EventRecordId":"877","ProcessId":0,"ThreadId":0,"Level":"Info","Keywords":"0x80000000000000","SourceFile":"D:\\benign_log_combined_latest_used_actually\\new_benign\\powershell_820.evtx","ExtraDataOffset":0,"HiddenRecord":false,"TimeCreated":"2024-10-03T19:54:01.2131692+00:00","RecordNumber":149}
{"PayloadData1":"HostApplication=C:\\Windows\\System32\\WindowsPowerShell\\v1.0\\powershell_ise.exe C:\\Users\\admin_test\\Desktop\\test.ps1\r","PayloadData2":"HostName=Windows PowerShell ISE Host\r","PayloadData3":"HostVersion=5.1.19041.2673\r","MapDescription":"Provider is Started","ChunkNumber":2,"Computer":"Server002","Payload":"{\"EventData\":{\"Data\":\"Variable, Started, \\tProviderName=Variable\\n\\tNewProviderState=Started\\n\\n\\tSequenceNumber=11\\n\\n\\tHostName=Windows PowerShell ISE Host\\n\\tHostVersion=5.1.19041.2673\\n\\tHostId=24246766-eb79-4ac7-ada7-5cce2e047335\\n\\tHostApplication=C:\\\\Windows\\\\System32\\\\WindowsPowerShell\\\\v1.0\\\\powershell_ise.exe C:\\\\Users\\\\admin_test\\\\Desktop\\\\test.ps1\\n\\tEngineVersion=\\n\\tRunspaceId=\\n\\tPipelineId=\\n\\tCommandName=\\n\\tCommandType=\\n\\tScriptName=\\n\\tCommandPath=\\n\\tCommandLine=\",\"Binary\":\"\"}}","Channel":"Windows PowerShell","Provider":"PowerShell","EventId":600,"EventRecordId":"878","ProcessId":0,"ThreadId":0,"Level":"Info","Keywords":"0x80000000000000","SourceFile":"D:\\benign_log_combined_latest_used_actually\\new_benign\\powershell_820.evtx","ExtraDataOffset":0,"HiddenRecord":false,"TimeCreated":"2024-10-03T19:54:01.2149330+00:00","RecordNumber":150}
{"PayloadData1":"HostApplication=C:\\Windows\\System32\\WindowsPowerShell\\v1.0\\powershell_ise.exe C:\\Users\\admin_test\\Desktop\\test.ps1\r","PayloadData2":"HostName=Windows PowerShell ISE Host\r","PayloadData3":"HostVersion=5.1.19041.2673\r","MapDescription":"Engine state is changed from None to Available","ChunkNumber":2,"Computer":"Server002","Payload":"{\"EventData\":{\"Data\":\"Available, None, \\tNewEngineState=Available\\n\\tPreviousEngineState=None\\n\\n\\tSequenceNumber=13\\n\\n\\tHostName=Windows PowerShell ISE Host\\n\\tHostVersion=5.1.19041.2673\\n\\tHostId=24246766-eb79-4ac7-ada7-5cce2e047335\\n\\tHostApplication=C:\\\\Windows\\\\System32\\\\WindowsPowerShell\\\\v1.0\\\\powershell_ise.exe C:\\\\Users\\\\admin_test\\\\Desktop\\\\test.ps1\\n\\tEngineVersion=5.1.19041.2673\\n\\tRunspaceId=7b9db0f1-55ca-4d10-b05f-4a9395064fb2\\n\\tPipelineId=\\n\\tCommandName=\\n\\tCommandType=\\n\\tScriptName=\\n\\tCommandPath=\\n\\tCommandLine=\",\"Binary\":\"\"}}","Channel":"Windows PowerShell","Provider":"PowerShell","EventId":400,"EventRecordId":"879","ProcessId":0,"ThreadId":0,"Level":"Info","Keywords":"0x80000000000000","SourceFile":"D:\\benign_log_combined_latest_used_actually\\new_benign\\powershell_820.evtx","ExtraDataOffset":0,"HiddenRecord":false,"TimeCreated":"2024-10-03T19:54:01.3655928+00:00","RecordNumber":151}
{"PayloadData1":"HostApplication=C:\\Windows\\System32\\WindowsPowerShell\\v1.0\\powershell_ise.exe C:\\Users\\admin_test\\Desktop\\test.ps1\r","PayloadData2":"HostName=Windows PowerShell ISE Host\r","PayloadData3":"HostVersion=5.1.19041.2673\r","MapDescription":"Engine state is changed from Available to Stopped","ChunkNumber":2,"Computer":"Server002","Payload":"{\"EventData\":{\"Data\":\"Stopped, Available, \\tNewEngineState=Stopped\\n\\tPreviousEngineState=Available\\n\\n\\tSequenceNumber=15\\n\\n\\tHostName=Windows PowerShell ISE Host\\n\\tHostVersion=5.1.19041.2673\\n\\tHostId=24246766-eb79-4ac7-ada7-5cce2e047335\\n\\tHostApplication=C:\\\\Windows\\\\System32\\\\WindowsPowerShell\\\\v1.0\\\\powershell_ise.exe C:\\\\Users\\\\admin_test\\\\Desktop\\\\test.ps1\\n\\tEngineVersion=5.1.19041.2673\\n\\tRunspaceId=7b9db0f1-55ca-4d10-b05f-4a9395064fb2\\n\\tPipelineId=\\n\\tCommandName=\\n\\tCommandType=\\n\\tScriptName=\\n\\tCommandPath=\\n\\tCommandLine=\",\"Binary\":\"\"}}","Channel":"Windows PowerShell","Provider":"PowerShell","EventId":403,"EventRecordId":"880","ProcessId":0,"ThreadId":0,"Level":"Info","Keywords":"0x80000000000000","SourceFile":"D:\\benign_log_combined_latest_used_actually\\new_benign\\powershell_820.evtx","ExtraDataOffset":0,"HiddenRecord":false,"TimeCreated":"2024-10-03T19:54:16.0893635+00:00","RecordNumber":152}
{"PayloadData1":"HostApplication=C:\\Windows\\System32\\WindowsPowerShell\\v1.0\\powershell.exe -Command ~/Desktop/test.ps1\r","PayloadData2":"HostName=ConsoleHost\r","PayloadData3":"HostVersion=5.1.19041.2673\r","MapDescription":"Provider is Started","ChunkNumber":2,"Computer":"Server002","Payload":"{\"EventData\":{\"Data\":\"Registry, Started, \\tProviderName=Registry\\n\\tNewProviderState=Started\\n\\n\\tSequenceNumber=1\\n\\n\\tHostName=ConsoleHost\\n\\tHostVersion=5.1.19041.2673\\n\\tHostId=8489a2ed-03f4-42e2-8830-df6264a1b8bb\\n\\tHostApplication=C:\\\\Windows\\\\System32\\\\WindowsPowerShell\\\\v1.0\\\\powershell.exe -Command ~/Desktop/test.ps1\\n\\tEngineVersion=\\n\\tRunspaceId=\\n\\tPipelineId=\\n\\tCommandName=\\n\\tCommandType=\\n\\tScriptName=\\n\\tCommandPath=\\n\\tCommandLine=\",\"Binary\":\"\"}}","Channel":"Windows PowerShell","Provider":"PowerShell","EventId":600,"EventRecordId":"881","ProcessId":0,"ThreadId":0,"Level":"Info","Keywords":"0x80000000000000","SourceFile":"D:\\benign_log_combined_latest_used_actually\\new_benign\\powershell_820.evtx","ExtraDataOffset":0,"HiddenRecord":false,"TimeCreated":"2024-10-03T19:55:23.3009113+00:00","RecordNumber":153}
{"PayloadData1":"HostApplication=C:\\Windows\\System32\\WindowsPowerShell\\v1.0\\powershell.exe -Command ~/Desktop/test.ps1\r","PayloadData2":"HostName=ConsoleHost\r","PayloadData3":"HostVersion=5.1.19041.2673\r","MapDescription":"Provider is Started","ChunkNumber":2,"Computer":"Server002","Payload":"{\"EventData\":{\"Data\":\"Alias, Started, \\tProviderName=Alias\\n\\tNewProviderState=Started\\n\\n\\tSequenceNumber=3\\n\\n\\tHostName=ConsoleHost\\n\\tHostVersion=5.1.19041.2673\\n\\tHostId=8489a2ed-03f4-42e2-8830-df6264a1b8bb\\n\\tHostApplication=C:\\\\Windows\\\\System32\\\\WindowsPowerShell\\\\v1.0\\\\powershell.exe -Command ~/Desktop/test.ps1\\n\\tEngineVersion=\\n\\tRunspaceId=\\n\\tPipelineId=\\n\\tCommandName=\\n\\tCommandType=\\n\\tScriptName=\\n\\tCommandPath=\\n\\tCommandLine=\",\"Binary\":\"\"}}","Channel":"Windows PowerShell","Provider":"PowerShell","EventId":600,"EventRecordId":"882","ProcessId":0,"ThreadId":0,"Level":"Info","Keywords":"0x80000000000000","SourceFile":"D:\\benign_log_combined_latest_used_actually\\new_benign\\powershell_820.evtx","ExtraDataOffset":0,"HiddenRecord":false,"TimeCreated":"2024-10-03T19:55:23.3009113+00:00","RecordNumber":154}
{"PayloadData1":"HostApplication=C:\\Windows\\System32\\WindowsPowerShell\\v1.0\\powershell.exe -Command ~/Desktop/test.ps1\r","PayloadData2":"HostName=ConsoleHost\r","PayloadData3":"HostVersion=5.1.19041.2673\r","MapDescription":"Provider is Started","ChunkNumber":2,"Computer":"Server002","Payload":"{\"EventData\":{\"Data\":\"Environment, Started, \\tProviderName=Environment\\n\\tNewProviderState=Started\\n\\n\\tSequenceNumber=5\\n\\n\\tHostName=ConsoleHost\\n\\tHostVersion=5.1.19041.2673\\n\\tHostId=8489a2ed-03f4-42e2-8830-df6264a1b8bb\\n\\tHostApplication=C:\\\\Windows\\\\System32\\\\WindowsPowerShell\\\\v1.0\\\\powershell.exe -Command ~/Desktop/test.ps1\\n\\tEngineVersion=\\n\\tRunspaceId=\\n\\tPipelineId=\\n\\tCommandName=\\n\\tCommandType=\\n\\tScriptName=\\n\\tCommandPath=\\n\\tCommandLine=\",\"Binary\":\"\"}}","Channel":"Windows PowerShell","Provider":"PowerShell","EventId":600,"EventRecordId":"883","ProcessId":0,"ThreadId":0,"Level":"Info","Keywords":"0x80000000000000","SourceFile":"D:\\benign_log_combined_latest_used_actually\\new_benign\\powershell_820.evtx","ExtraDataOffset":0,"HiddenRecord":false,"TimeCreated":"2024-10-03T19:55:23.3009113+00:00","RecordNumber":155}
{"PayloadData1":"HostApplication=C:\\Windows\\System32\\WindowsPowerShell\\v1.0\\powershell.exe -Command ~/Desktop/test.ps1\r","PayloadData2":"HostName=ConsoleHost\r","PayloadData3":"HostVersion=5.1.19041.2673\r","MapDescription":"Provider is Started","ChunkNumber":2,"Computer":"Server002","Payload":"{\"EventData\":{\"Data\":\"FileSystem, Started, \\tProviderName=FileSystem\\n\\tNewProviderState=Started\\n\\n\\tSequenceNumber=7\\n\\n\\tHostName=ConsoleHost\\n\\tHostVersion=5.1.19041.2673\\n\\tHostId=8489a2ed-03f4-42e2-8830-df6264a1b8bb\\n\\tHostApplication=C:\\\\Windows\\\\System32\\\\WindowsPowerShell\\\\v1.0\\\\powershell.exe -Command ~/Desktop/test.ps1\\n\\tEngineVersion=\\n\\tRunspaceId=\\n\\tPipelineId=\\n\\tCommandName=\\n\\tCommandType=\\n\\tScriptName=\\n\\tCommandPath=\\n\\tCommandLine=\",\"Binary\":\"\"}}","Channel":"Windows PowerShell","Provider":"PowerShell","EventId":600,"EventRecordId":"884","ProcessId":0,"ThreadId":0,"Level":"Info","Keywords":"0x80000000000000","SourceFile":"D:\\benign_log_combined_latest_used_actually\\new_benign\\powershell_820.evtx","ExtraDataOffset":0,"HiddenRecord":false,"TimeCreated":"2024-10-03T19:55:23.3009113+00:00","RecordNumber":156}
{"PayloadData1":"HostApplication=C:\\Windows\\System32\\WindowsPowerShell\\v1.0\\powershell.exe -Command ~/Desktop/test.ps1\r","PayloadData2":"HostName=ConsoleHost\r","PayloadData3":"HostVersion=5.1.19041.2673\r","MapDescription":"Provider is Started","ChunkNumber":2,"Computer":"Server002","Payload":"{\"EventData\":{\"Data\":\"Function, Started, \\tProviderName=Function\\n\\tNewProviderState=Started\\n\\n\\tSequenceNumber=9\\n\\n\\tHostName=ConsoleHost\\n\\tHostVersion=5.1.19041.2673\\n\\tHostId=8489a2ed-03f4-42e2-8830-df6264a1b8bb\\n\\tHostApplication=C:\\\\Windows\\\\System32\\\\WindowsPowerShell\\\\v1.0\\\\powershell.exe -Command ~/Desktop/test.ps1\\n\\tEngineVersion=\\n\\tRunspaceId=\\n\\tPipelineId=\\n\\tCommandName=\\n\\tCommandType=\\n\\tScriptName=\\n\\tCommandPath=\\n\\tCommandLine=\",\"Binary\":\"\"}}","Channel":"Windows PowerShell","Provider":"PowerShell","EventId":600,"EventRecordId":"885","ProcessId":0,"ThreadId":0,"Level":"Info","Keywords":"0x80000000000000","SourceFile":"D:\\benign_log_combined_latest_used_actually\\new_benign\\powershell_820.evtx","ExtraDataOffset":0,"HiddenRecord":false,"TimeCreated":"2024-10-03T19:55:23.3009113+00:00","RecordNumber":157}
{"PayloadData1":"HostApplication=C:\\Windows\\System32\\WindowsPowerShell\\v1.0\\powershell.exe -Command ~/Desktop/test.ps1\r","PayloadData2":"HostName=ConsoleHost\r","PayloadData3":"HostVersion=5.1.19041.2673\r","MapDescription":"Provider is Started","ChunkNumber":2,"Computer":"Server002","Payload":"{\"EventData\":{\"Data\":\"Variable, Started, \\tProviderName=Variable\\n\\tNewProviderState=Started\\n\\n\\tSequenceNumber=11\\n\\n\\tHostName=ConsoleHost\\n\\tHostVersion=5.1.19041.2673\\n\\tHostId=8489a2ed-03f4-42e2-8830-df6264a1b8bb\\n\\tHostApplication=C:\\\\Windows\\\\System32\\\\WindowsPowerShell\\\\v1.0\\\\powershell.exe -Command ~/Desktop/test.ps1\\n\\tEngineVersion=\\n\\tRunspaceId=\\n\\tPipelineId=\\n\\tCommandName=\\n\\tCommandType=\\n\\tScriptName=\\n\\tCommandPath=\\n\\tCommandLine=\",\"Binary\":\"\"}}","Channel":"Windows PowerShell","Provider":"PowerShell","EventId":600,"EventRecordId":"886","ProcessId":0,"ThreadId":0,"Level":"Info","Keywords":"0x80000000000000","SourceFile":"D:\\benign_log_combined_latest_used_actually\\new_benign\\powershell_820.evtx","ExtraDataOffset":0,"HiddenRecord":false,"TimeCreated":"2024-10-03T19:55:23.3213547+00:00","RecordNumber":158}
{"PayloadData1":"HostApplication=C:\\Windows\\System32\\WindowsPowerShell\\v1.0\\powershell.exe -Command ~/Desktop/test.ps1\r","PayloadData2":"HostName=ConsoleHost\r","PayloadData3":"HostVersion=5.1.19041.2673\r","MapDescription":"Engine state is changed from None to Available","ChunkNumber":2,"Computer":"Server002","Payload":"{\"EventData\":{\"Data\":\"Available, None, \\tNewEngineState=Available\\n\\tPreviousEngineState=None\\n\\n\\tSequenceNumber=13\\n\\n\\tHostName=ConsoleHost\\n\\tHostVersion=5.1.19041.2673\\n\\tHostId=8489a2ed-03f4-42e2-8830-df6264a1b8bb\\n\\tHostApplication=C:\\\\Windows\\\\System32\\\\WindowsPowerShell\\\\v1.0\\\\powershell.exe -Command ~/Desktop/test.ps1\\n\\tEngineVersion=5.1.19041.2673\\n\\tRunspaceId=b98d4c53-3b3b-4293-8fc1-b61d94a0ba76\\n\\tPipelineId=\\n\\tCommandName=\\n\\tCommandType=\\n\\tScriptName=\\n\\tCommandPath=\\n\\tCommandLine=\",\"Binary\":\"\"}}","Channel":"Windows PowerShell","Provider":"PowerShell","EventId":400,"EventRecordId":"887","ProcessId":0,"ThreadId":0,"Level":"Info","Keywords":"0x80000000000000","SourceFile":"D:\\benign_log_combined_latest_used_actually\\new_benign\\powershell_820.evtx","ExtraDataOffset":0,"HiddenRecord":false,"TimeCreated":"2024-10-03T19:55:23.8415066+00:00","RecordNumber":159}
{"PayloadData1":"HostApplication=C:\\Windows\\System32\\WindowsPowerShell\\v1.0\\powershell.exe -Command ~/Desktop/test.ps1\r","PayloadData2":"HostName=ConsoleHost\r","PayloadData3":"HostVersion=5.1.19041.2673\r","MapDescription":"Engine state is changed from Available to Stopped","ChunkNumber":2,"Computer":"Server002","Payload":"{\"EventData\":{\"Data\":\"Stopped, Available, \\tNewEngineState=Stopped\\n\\tPreviousEngineState=Available\\n\\n\\tSequenceNumber=15\\n\\n\\tHostName=ConsoleHost\\n\\tHostVersion=5.1.19041.2673\\n\\tHostId=8489a2ed-03f4-42e2-8830-df6264a1b8bb\\n\\tHostApplication=C:\\\\Windows\\\\System32\\\\WindowsPowerShell\\\\v1.0\\\\powershell.exe -Command ~/Desktop/test.ps1\\n\\tEngineVersion=5.1.19041.2673\\n\\tRunspaceId=b98d4c53-3b3b-4293-8fc1-b61d94a0ba76\\n\\tPipelineId=\\n\\tCommandName=\\n\\tCommandType=\\n\\tScriptName=\\n\\tCommandPath=\\n\\tCommandLine=\",\"Binary\":\"\"}}","Channel":"Windows PowerShell","Provider":"PowerShell","EventId":403,"EventRecordId":"888","ProcessId":0,"ThreadId":0,"Level":"Info","Keywords":"0x80000000000000","SourceFile":"D:\\benign_log_combined_latest_used_actually\\new_benign\\powershell_820.evtx","ExtraDataOffset":0,"HiddenRecord":false,"TimeCreated":"2024-10-03T19:55:25.9731997+00:00","RecordNumber":160}
{"PayloadData1":"HostApplication=C:\\Windows\\System32\\WindowsPowerShell\\v1.0\\powershell.exe -Command $pass = ConvertTo-SecureString 123654AAaa.. -AsPlainText -Force\r","PayloadData2":"HostName=ConsoleHost\r","PayloadData3":"HostVersion=5.1.19041.2673\r","MapDescription":"Provider is Started","ChunkNumber":2,"Computer":"Server002","Payload":"{\"EventData\":{\"Data\":\"Registry, Started, \\tProviderName=Registry\\n\\tNewProviderState=Started\\n\\n\\tSequenceNumber=1\\n\\n\\tHostName=ConsoleHost\\n\\tHostVersion=5.1.19041.2673\\n\\tHostId=4ffc5ca3-c17f-4fc7-9acc-675644446699\\n\\tHostApplication=C:\\\\Windows\\\\System32\\\\WindowsPowerShell\\\\v1.0\\\\powershell.exe -Command $pass = ConvertTo-SecureString 123654AAaa.. -AsPlainText -Force\\n\\tEngineVersion=\\n\\tRunspaceId=\\n\\tPipelineId=\\n\\tCommandName=\\n\\tCommandType=\\n\\tScriptName=\\n\\tCommandPath=\\n\\tCommandLine=\",\"Binary\":\"\"}}","Channel":"Windows PowerShell","Provider":"PowerShell","EventId":600,"EventRecordId":"889","ProcessId":0,"ThreadId":0,"Level":"Info","Keywords":"0x80000000000000","SourceFile":"D:\\benign_log_combined_latest_used_actually\\new_benign\\powershell_820.evtx","ExtraDataOffset":0,"HiddenRecord":false,"TimeCreated":"2024-10-03T19:56:06.0318052+00:00","RecordNumber":161}
